Log file open, 06/01/17 09:31:04
LogInit:Display: Running engine for game: User_Interface
LogPlatformFile: Not using cached read wrapper
LogInit:Display: RandInit(85619854) SRandInit(85619854).
LogTaskGraph: Started task graph with 5 named threads and 8 total threads with 1 sets of task threads.
LogStats: Stats thread started at 0.079041
LogInit: Using libcurl 7.47.1
LogInit:  - built for x86_64-pc-win32
LogInit:  - supports SSL with OpenSSL/1.0.2g
LogInit:  - supports HTTP deflate (compression) using libz 1.2.8
LogInit:  - other features:
LogInit:      CURL_VERSION_SSL
LogInit:      CURL_VERSION_LIBZ
LogInit:      CURL_VERSION_IPV6
LogInit:      CURL_VERSION_ASYNCHDNS
LogInit:      CURL_VERSION_LARGEFILE
LogInit:      CURL_VERSION_IDN
LogInit:  CurlRequestOptions (configurable via config and command line):
LogInit:  - bVerifyPeer = false  - Libcurl will NOT verify peer certificate
LogInit:  - bUseHttpProxy = false  - Libcurl will NOT use HTTP proxy
LogInit:  - bDontReuseConnections = false  - Libcurl will reuse connections
LogInit:  - CertBundlePath = nullptr  - Libcurl will use whatever was configured at build time.
LogInit: Build: ++UE4+Release-4.15-CL-3348071
LogInit: Engine Version: 4.15.1-3348071+++UE4+Release-4.15
LogInit: Compatible Engine Version: 4.15.0-3299760+++UE4+Release-4.15
LogInit: Net CL: 3299760
LogDevObjectVersion: Number of dev versions registered: 14
LogDevObjectVersion:   Dev-Blueprints (B0D832E4-1F89-4F0D-ACCF-7EB736FD4AA2): 8
LogDevObjectVersion:   Dev-Build (E1C64328-A22C-4D53-A36C-8E866417BD8C): 0
LogDevObjectVersion:   Dev-Core (375EC13C-06E4-48FB-B500-84F0262A717E): 2
LogDevObjectVersion:   Dev-Editor (E4B068ED-F494-42E9-A231-DA0B2E46BB41): 14
LogDevObjectVersion:   Dev-Framework (CFFC743F-43B0-4480-9391-14DF171D2073): 22
LogDevObjectVersion:   Dev-Mobile (B02B49B5-BB20-44E9-A304-32B752E40360): 0
LogDevObjectVersion:   Dev-Networking (A4E4105C-59A1-49B5-A7C5-40C4547EDFEE): 0
LogDevObjectVersion:   Dev-Online (39C831C9-5AE6-47DC-9A44-9C173E1C8E7C): 0
LogDevObjectVersion:   Dev-Physics (78F01B33-EBEA-4F98-B9B4-84EACCB95AA2): 0
LogDevObjectVersion:   Dev-Platform (6631380F-2D4D-43E0-8009-CF276956A95A): 0
LogDevObjectVersion:   Dev-Rendering (12F88B9F-8875-4AFC-A67C-D90C383ABD29): 12
LogDevObjectVersion:   Dev-Sequencer (7B5AE74C-D270-4C10-A958-57980B212A5A): 3
LogDevObjectVersion:   Dev-VR (D7296918-1DD6-4BDD-9DE2-64A83CC13884): 0
LogDevObjectVersion:   Dev-LoadTimes (C2A15278-BFE7-4AFE-6C17-90FF531DF755): 1
LogInit: Compiled (64-bit): Mar 15 2017 16:52:47
LogInit: Compiled with Visual C++: 19.00.23026.00
LogInit: Build Configuration: Development
LogInit: Branch Name: ++UE4+Release-4.15
LogInit: Command line: 
LogInit: Base directory: C:/Program Files/Epic Games/UE_4.15/Engine/Binaries/Win64/
LogInit: Installed Engine Build: 1
LogInit: Presizing for max 8388607 objects, including 0 objects not considered by GC, pre-allocating 0 bytes for permanent pool.
LogInit: Object subsystem initialized
[2017.05.31-23.31.05:344][  0]LogInit: Selected Device Profile: [Windows]
[2017.05.31-23.31.05:344][  0]LogInit: Applying CVar settings loaded from the selected device profile: [Windows]
[2017.05.31-23.31.05:351][  0]LogInit: Computer: BN5PF42
[2017.05.31-23.31.05:351][  0]LogInit: User: E201426998
[2017.05.31-23.31.05:351][  0]LogInit: CPU Page size=65536, Cores=4
[2017.05.31-23.31.05:351][  0]LogInit: High frequency timer resolution =3.515625 MHz
[2017.05.31-23.31.05:351][  0]LogMemory: Memory total: Physical=15.9GB (16GB approx)
[2017.05.31-23.31.05:351][  0]LogMemory: Platform Memory Stats for Windows
[2017.05.31-23.31.05:351][  0]LogMemory: Process Physical Memory: 263.76 MB used, 263.76 MB peak
[2017.05.31-23.31.05:351][  0]LogMemory: Process Virtual Memory: 262.63 MB used, 262.63 MB peak
[2017.05.31-23.31.05:351][  0]LogMemory: Physical Memory: 6623.00 MB used,  9675.89 MB free, 16298.88 MB total
[2017.05.31-23.31.05:351][  0]LogMemory: Virtual Memory: 644.90 MB used,  9675.89 MB free, 134217728.00 MB total
[2017.05.31-23.31.05:425][  0]LogTextLocalizationManager: No specific translations for ('en-AU') exist, so ('en') translations will be used.
[2017.05.31-23.31.05:993][  0]LogD3D11RHI: D3D11 adapters:
[2017.05.31-23.31.06:003][  0]LogD3D11RHI:    0. 'AMD Radeon(TM) R9 270' (Feature Level 11_0)
[2017.05.31-23.31.06:003][  0]LogD3D11RHI:       2030/0/8149 MB DedicatedVideo/DedicatedSystem/SharedSystem, Outputs:1, VendorId:0x1002
[2017.05.31-23.31.06:007][  0]LogD3D11RHI:    1. 'Intel(R) HD Graphics 4600' (Feature Level 11_0)
[2017.05.31-23.31.06:007][  0]LogD3D11RHI:       112/0/2048 MB DedicatedVideo/DedicatedSystem/SharedSystem, Outputs:0, VendorId:0x8086
[2017.05.31-23.31.06:009][  0]LogD3D11RHI:    2. 'Microsoft Basic Render Driver' (Feature Level 11_0)
[2017.05.31-23.31.06:009][  0]LogD3D11RHI:       0/0/8149 MB DedicatedVideo/DedicatedSystem/SharedSystem, Outputs:0, VendorId:0x1414
[2017.05.31-23.31.06:009][  0]LogD3D11RHI: Chosen D3D11 Adapter: 0
[2017.05.31-23.31.06:013][  0]LogD3D11RHI: Creating new Direct3DDevice
[2017.05.31-23.31.06:013][  0]LogD3D11RHI:     GPU DeviceId: 0x6811 (for the marketing name, search the web for "GPU Device Id")
[2017.05.31-23.31.06:013][  0]LogWindows: EnumDisplayDevices:
[2017.05.31-23.31.06:013][  0]LogWindows:    0. 'AMD Radeon(TM) R9 270' (P:1 D:1)
[2017.05.31-23.31.06:013][  0]LogWindows:    1. 'AMD Radeon(TM) R9 270' (P:0 D:0)
[2017.05.31-23.31.06:013][  0]LogWindows:    2. 'AMD Radeon(TM) R9 270' (P:0 D:0)
[2017.05.31-23.31.06:013][  0]LogWindows:    3. 'AMD Radeon(TM) R9 270' (P:0 D:0)
[2017.05.31-23.31.06:013][  0]LogWindows:    4. 'AMD Radeon(TM) R9 270' (P:0 D:0)
[2017.05.31-23.31.06:014][  0]LogWindows:    5. 'AMD Radeon(TM) R9 270' (P:0 D:0)
[2017.05.31-23.31.06:014][  0]LogWindows:    6. 'Intel(R) HD Graphics 4600' (P:0 D:0)
[2017.05.31-23.31.06:014][  0]LogWindows:    7. 'Intel(R) HD Graphics 4600' (P:0 D:0)
[2017.05.31-23.31.06:014][  0]LogWindows:    8. 'Intel(R) HD Graphics 4600' (P:0 D:0)
[2017.05.31-23.31.06:014][  0]LogWindows: DebugString: PrimaryIsNotTheChoosenAdapter PrimaryIsNotTheChoosenAdapter PrimaryIsNotTheChoosenAdapter FoundDriverCount:6 
[2017.05.31-23.31.06:014][  0]LogD3D11RHI:     Adapter Name: AMD Radeon(TM) R9 270
[2017.05.31-23.31.06:014][  0]LogD3D11RHI:   Driver Version: Crimson 15.11 (internal:15.301.1701.0, unified:15.301.1701.0)
[2017.05.31-23.31.06:014][  0]LogD3D11RHI:      Driver Date: 1-13-2016
[2017.05.31-23.31.06:014][  0]LogRHI: Texture pool is 1361 MB (70% of 1945 MB)
[2017.05.31-23.31.06:057][  0]LogD3D11RHI: Async texture creation enabled
[2017.05.31-23.31.06:067][  0]LogD3D11RHI: GPU Timing Frequency: 27.000000 (Debug: 2 1)
[2017.05.31-23.31.06:068][  0]LogShaderCompilers: Guid format shader working directory is -6 characters bigger than the processId version (../../../../../../Users/E201426998/Desktop/User_Interface/Intermediate/Shaders/WorkingDirectory/4244/).
[2017.05.31-23.31.06:068][  0]LogShaderCompilers: Cleaned the shader compiler working directory 'C:/Users/E201426998/AppData/Local/Temp/UnrealShaderWorkingDir/3C04046944D49B937886A79282C7F5A0/'.
[2017.05.31-23.31.06:068][  0]LogShaderCompilers:Display: Using Local Shader Compiler.
[2017.05.31-23.31.07:071][  0]LogTemp:Display: Loaded TP AllDesktopTargetPlatform
[2017.05.31-23.31.07:126][  0]LogTemp:Display: Loaded TP MacClientTargetPlatform
[2017.05.31-23.31.07:181][  0]LogTemp:Display: Loaded TP MacNoEditorTargetPlatform
[2017.05.31-23.31.07:236][  0]LogTemp:Display: Loaded TP MacServerTargetPlatform
[2017.05.31-23.31.07:297][  0]LogTemp:Display: Loaded TP MacTargetPlatform
[2017.05.31-23.31.07:356][  0]LogTemp:Display: Loaded TP WindowsClientTargetPlatform
[2017.05.31-23.31.07:414][  0]LogTemp:Display: Loaded TP WindowsNoEditorTargetPlatform
[2017.05.31-23.31.07:468][  0]LogTemp:Display: Loaded TP WindowsServerTargetPlatform
[2017.05.31-23.31.07:513][  0]LogTemp:Display: Loaded TP WindowsTargetPlatform
[2017.05.31-23.31.07:567][  0]LogTemp:Display: Loaded TP AndroidTargetPlatform
[2017.05.31-23.31.07:620][  0]LogTemp:Display: Loaded TP Android_ASTCTargetPlatform
[2017.05.31-23.31.07:671][  0]LogTemp:Display: Loaded TP Android_ATCTargetPlatform
[2017.05.31-23.31.07:724][  0]LogTemp:Display: Loaded TP Android_DXTTargetPlatform
[2017.05.31-23.31.07:777][  0]LogTemp:Display: Loaded TP Android_ETC1TargetPlatform
[2017.05.31-23.31.07:830][  0]LogTemp:Display: Loaded TP Android_ETC2TargetPlatform
[2017.05.31-23.31.07:939][  0]LogTemp:Display: Loaded TP Android_MultiTargetPlatform
[2017.05.31-23.31.07:939][  0]LogTemp:Display: Loaded TP Android_PVRTCTargetPlatform
[2017.05.31-23.31.07:983][  0]LogTemp:Display: Loaded TP HTML5TargetPlatform
[2017.05.31-23.31.08:080][  0]LogTemp:Display: Loaded TP IOSTargetPlatform
[2017.05.31-23.31.08:114][  0]LogTemp:Display: Loaded TP TVOSTargetPlatform
[2017.05.31-23.31.08:174][  0]LogTemp:Display: Loaded TP LinuxClientTargetPlatform
[2017.05.31-23.31.08:233][  0]LogTemp:Display: Loaded TP LinuxNoEditorTargetPlatform
[2017.05.31-23.31.08:292][  0]LogTemp:Display: Loaded TP LinuxServerTargetPlatform
[2017.05.31-23.31.08:351][  0]LogTemp:Display: Loaded TP LinuxTargetPlatform
[2017.05.31-23.31.08:351][  0]LogTargetPlatformManager:Display: Building Assets For Windows
[2017.05.31-23.31.08:827][  0]LogDerivedDataCache:Display: Max Cache Size: 512 MB
[2017.05.31-23.31.08:875][  0]LogDerivedDataCache: Loaded boot cache 0.05s 50MB C:/Users/E201426998/AppData/Local/UnrealEngine/4.15/DerivedDataCache/Boot.ddc.
[2017.05.31-23.31.08:875][  0]LogDerivedDataCache:Display: Loaded Boot cache: C:/Users/E201426998/AppData/Local/UnrealEngine/4.15/DerivedDataCache/Boot.ddc
[2017.05.31-23.31.08:875][  0]LogDerivedDataCache: FDerivedDataBackendGraph:  Pak pak cache file ../../../../../../Users/E201426998/Desktop/User_Interface/DerivedDataCache/DDC.ddp not found, will not use a pak cache.
[2017.05.31-23.31.08:875][  0]LogDerivedDataCache: Unable to find inner node Pak for hierarchical cache Hierarchy.
[2017.05.31-23.31.08:875][  0]LogDerivedDataCache: FDerivedDataBackendGraph:  CompressedPak pak cache file ../../../../../../Users/E201426998/Desktop/User_Interface/DerivedDataCache/Compressed.ddp not found, will not use a pak cache.
[2017.05.31-23.31.08:875][  0]LogDerivedDataCache: Unable to find inner node CompressedPak for hierarchical cache Hierarchy.
[2017.05.31-23.31.08:892][  0]LogDerivedDataCache:Display: Pak cache opened for reading ../../../Engine/DerivedDataCache/Compressed.ddp.
[2017.05.31-23.31.08:904][  0]LogDerivedDataCache: Using Local data cache path C:/Users/E201426998/AppData/Local/UnrealEngine/Common/DerivedDataCache: Writable
[2017.05.31-23.31.08:912][  0]LogSlate: Using Freetype 2.6.0
[2017.05.31-23.31.08:912][  0]LogSlate: SlateFontCache - WITH_FREETYPE: 1, WITH_HARFBUZZ: 1
[2017.05.31-23.31.08:912][  0]LogSlate: SlateFontCache - WITH_FREETYPE: 1, WITH_HARFBUZZ: 1
[2017.05.31-23.31.09:164][  0]LogInit: Selected Device Profile: [Windows]
[2017.05.31-23.31.09:166][  0]LogContentStreaming: Texture pool size is 0.00 MB
[2017.05.31-23.31.09:366][  0]LogMeshUtilities: Using QuadricMeshReduction for automatic static mesh reduction
[2017.05.31-23.31.09:408][  0]LogSimplygon: Simplygon DLL not present - disabling.
[2017.05.31-23.31.09:456][  0]LogMeshUtilities: Using SimplygonSwarm for distributed automatic mesh merging
[2017.05.31-23.31.09:456][  0]LogMeshUtilities: No automatic skeletal mesh reduction module available
[2017.05.31-23.31.09:456][  0]LogMeshUtilities: No automatic mesh merging module available
[2017.05.31-23.31.09:979][  0]LogNetVersion: GetLocalNetworkVersion: CL: 3299760, ProjectName: user_interface, ProjectVersion: , EngineNetworkVersion: 2, GameNetworkVersion: 0, NetworkChecksum: 580496337
[2017.05.31-23.31.10:023][  0]LogAssetRegistry: FAssetRegistry took 0.0210 seconds to start up
[2017.05.31-23.31.10:076][  0]LogPackageLocalizationCache: Processed 3 localized package path(s) for 2 prioritized culture(s) in 0.024910 seconds
[2017.05.31-23.31.10:081][  0]LogUObjectArray: 32493 objects as part of root set at end of initial load.
[2017.05.31-23.31.10:081][  0]LogUObjectAllocator: 7077024 out of 0 bytes used by permanent object pool.
[2017.05.31-23.31.10:081][  0]LogUObjectArray: CloseDisregardForGC: 0/0 objects in disregard for GC pool
[2017.05.31-23.31.10:151][  0]LogInit: WinSock: version 1.1 (2.2), MaxSocks=32767, MaxUdp=65467
[2017.05.31-23.31.11:773][  0]LogTcpMessaging: Initializing TcpMessaging bridge
[2017.05.31-23.31.11:813][  0]LogUdpMessaging: Initializing bridge on interface 0.0.0.0:0 to multicast group 230.0.0.1:6666.
[2017.05.31-23.31.12:261][  0]LogMaterial: Uniform references updated for custom material expression Custom.
[2017.05.31-23.31.12:630][  0]SourceControl: Info Source control is disabled
[2017.05.31-23.31.12:673][  0]SourceControl: Info Source control is disabled
[2017.05.31-23.31.12:724][  0]SourceControl: Info Source control is disabled
[2017.05.31-23.31.12:777][  0]SourceControl: Info Source control is disabled
[2017.05.31-23.31.14:126][  0]LogEngine: Initializing Engine...
[2017.05.31-23.31.14:126][  0]LogHMD: Failed to initialize OpenVR with code 110
[2017.05.31-23.31.14:348][  0]LogAIModule: Creating AISystem for world Untitled
[2017.05.31-23.31.14:356][  0]LogInit: XAudio2 using 'Realtek Digital Output (Realtek Audio)' : 2 channels at 48 kHz using 16 bits per sample (channel mask 0x3)
[2017.05.31-23.31.14:370][  0]LogInit: FAudioDevice initialized.
[2017.05.31-23.31.14:393][  0]LogDerivedDataCache: Saved boot cache 0.02s 50MB C:/Users/E201426998/AppData/Local/UnrealEngine/4.15/DerivedDataCache/Boot.ddc.
[2017.05.31-23.31.14:399][  0]LogInit: Texture streaming: Enabled
[2017.05.31-23.31.14:498][  0]LogEngineSessionManager: EngineSessionManager initialized
[2017.05.31-23.31.14:585][  0]LogInit: Transaction tracking system initialized
[2017.05.31-23.31.14:946][  0]BlueprintLog: New page: Editor Load
[2017.05.31-23.31.15:897][  0]LocalizationService: Info Localization service is disabled
[2017.05.31-23.31.16:589][  0]LogConsoleResponse:Display: 
[2017.05.31-23.31.16:707][  0]LogCook:Display: Max memory allowance for cook 16384mb min free memory 0mb
[2017.05.31-23.31.16:707][  0]LogCook:Display: Mobile HDR setting 1
[2017.05.31-23.31.17:750][  0]LogFileCache: Scanning file cache for directory 'C:/Users/E201426998/Desktop/User_Interface/Content/' took 0.02s
[2017.05.31-23.31.17:797][  0]SourceControl: Info Source control is disabled
[2017.05.31-23.31.17:797][  0]Cmd: MAP LOAD FILE="../../../../../../Users/E201426998/Desktop/User_Interface/Content/FirstPersonBP/Maps/MenuMap.umap" TEMPLATE=0 SHOWPROGRESS=1 FEATURELEVEL=3
[2017.05.31-23.31.17:797][  0]LightingResults: New page: Lighting Build
[2017.05.31-23.31.17:838][  0]MapCheck: New page: Map Check
[2017.05.31-23.31.17:839][  0]LightingResults: New page: Lighting Build
[2017.05.31-23.31.17:908][  0]LogAIModule: Creating AISystem for world MenuMap
[2017.05.31-23.31.17:940][  0]LogEditorServer: Finished looking for orphan Actors (0.000 secs)
[2017.05.31-23.31.17:941][  0]Cmd: MAP CHECKDEP NOCLEARLOG
[2017.05.31-23.31.17:981][  0]MapCheck: Info Map check complete: 0 Error(s), 0 Warning(s), took 40.152ms to complete.
[2017.05.31-23.31.17:981][  0]LogFileHelpers: Loading map 'MenuMap' took 0.184
[2017.05.31-23.31.18:147][  0]LogCollectionManager: Loaded 0 collections in 0.001621 seconds
[2017.05.31-23.31.18:225][  0]LogFileCache: Scanning file cache for directory 'C:/Users/E201426998/Desktop/User_Interface/Saved/Collections/' took 0.01s
[2017.05.31-23.31.18:225][  0]LogFileCache: Scanning file cache for directory 'C:/Users/E201426998/Desktop/User_Interface/Content/Developers/E201426998/Collections/' took 0.01s
[2017.05.31-23.31.18:225][  0]LogFileCache: Scanning file cache for directory 'C:/Users/E201426998/Desktop/User_Interface/Content/Collections/' took 0.01s
[2017.05.31-23.31.18:225][  0]LogCollectionManager: Rebuilt the GUID cache for 0 collections in 0.000002 seconds
[2017.05.31-23.31.18:233][  0]LogContentBrowser: Native class hierarchy populated in 0.0077 seconds. Added 2245 classes and 453 folders.
[2017.05.31-23.31.18:235][  0]LogStats: UGameplayTagsManager::ConstructGameplayTagTree: Construct from data asset -  0.000 s
[2017.05.31-23.31.18:235][  0]LogStats: UGameplayTagsManager::ConstructGameplayTagTree: GameplayTagTreeChangedEvent.Broadcast -  0.000 s
[2017.05.31-23.31.18:299][  0]LogContentBrowser: Native class hierarchy updated for 'WidgetCarousel' in 0.0005 seconds. Added 0 classes and 0 folders.
[2017.05.31-23.31.18:340][  0]LogContentBrowser: Native class hierarchy updated for 'AddContentDialog' in 0.0005 seconds. Added 0 classes and 0 folders.
[2017.05.31-23.31.18:385][  0]LogContentBrowser: Native class hierarchy updated for 'SceneOutliner' in 0.0005 seconds. Added 1 classes and 2 folders.
[2017.05.31-23.31.18:470][  0]LogCrashTracker: Crashtracker disabled due to settings.
[2017.05.31-23.31.18:475][  0]LogUObjectGlobals:Warning: Failed to find object 'Class None.'
[2017.05.31-23.31.18:543][  0]LogContentBrowser: Native class hierarchy updated for 'HierarchicalLODOutliner' in 0.0005 seconds. Added 1 classes and 2 folders.
[2017.05.31-23.31.18:543][  0]LogLoad: (Engine Initialization) Total time: 15.04 seconds
[2017.05.31-23.31.18:543][  0]LogLoad: (Engine Initialization) Total Blueprint compile time: 0.08 seconds
[2017.05.31-23.31.18:543][  0]LogExternalProfiler: Found external profiler: VSPerf
[2017.05.31-23.31.18:543][  0]LogExternalProfiler: Using external profiler: VSPerf
[2017.05.31-23.31.18:883][  0]LogOcInput: OculusInput pre-init called
[2017.05.31-23.31.18:903][  0]LogContentStreaming: Texture pool size now 1000 MB
[2017.05.31-23.31.18:903][  0]LogSlate: Took 0.000172 seconds to synchronously load lazily loaded font '../../../Engine/Content/Slate/Fonts/Roboto-Regular.ttf' (155K)
[2017.05.31-23.31.18:907][  0]LogSlate: Took 0.000208 seconds to synchronously load lazily loaded font '../../../Engine/Content/Slate/Fonts/Roboto-Bold.ttf' (160K)
[2017.05.31-23.31.18:912][  0]LogSlate: Took 0.000149 seconds to synchronously load lazily loaded font '../../../Engine/Content/Editor/Slate/Fonts/FontAwesome.ttf' (139K)
[2017.05.31-23.31.19:017][  0]LogSlate: Took 0.000201 seconds to synchronously load lazily loaded font '../../../Engine/Content/Slate/Fonts/Roboto-Light.ttf' (159K)
[2017.05.31-23.31.19:060][  0]LogRenderer: Reallocating scene render targets to support 1228x576 NumSamples 1 (Frame:2).
[2017.05.31-23.31.19:302][  1]LogAssetRegistry: Asset discovery search completed in 9.3001 seconds
[2017.05.31-23.31.19:302][  1]LogCollectionManager: Rebuilt the object cache for 0 collections in 0.000004 seconds (found 0 objects)
[2017.05.31-23.31.19:302][  1]LogCollectionManager: Fixed up redirectors for 0 collections in 0.000015 seconds (updated 0 objects)
[2017.05.31-23.32.12:321][472]LogTemp: Repeting last play command: New Editor Window (PIE)
[2017.05.31-23.32.12:329][472]LogBlueprintUserMessages: Early PlayInEditor Detection: Level '/Game/FirstPersonBP/Maps/MenuMap.MenuMap:PersistentLevel' has LevelScriptBlueprint '/Game/FirstPersonBP/Maps/MenuMap.MenuMap:PersistentLevel.MenuMap' with GeneratedClass '/Game/FirstPersonBP/Maps/MenuMap.MenuMap_C' with ClassGeneratedBy '/Game/FirstPersonBP/Maps/MenuMap.MenuMap:PersistentLevel.MenuMap'
[2017.05.31-23.32.12:329][472]LogPlayLevel: PlayLevel: No blueprints needed recompiling
[2017.05.31-23.32.12:329][472]PIE: New page: PIE session: MenuMap (1 Jun 2017 7:32:12 pm)
[2017.05.31-23.32.12:329][472]LogPlayLevel: Creating play world package: /Game/FirstPersonBP/Maps/UEDPIE_0_MenuMap
[2017.05.31-23.32.12:331][472]LogPlayLevel: PIE: StaticDuplicateObject took: (0.001066s)
[2017.05.31-23.32.12:331][472]LogAIModule: Creating AISystem for world MenuMap
[2017.05.31-23.32.12:331][472]LogPlayLevel: PIE: World Init took: (0.000867s)
[2017.05.31-23.32.12:332][472]LogPlayLevel: PIE: Created PIE world by copying editor world from /Game/FirstPersonBP/Maps/MenuMap.MenuMap to /Game/FirstPersonBP/Maps/UEDPIE_0_MenuMap.MenuMap (0.002180s)
[2017.05.31-23.32.12:348][472]LogInit: XAudio2 using 'Realtek Digital Output (Realtek Audio)' : 2 channels at 48 kHz using 16 bits per sample (channel mask 0x3)
[2017.05.31-23.32.12:358][472]LogInit: FAudioDevice initialized.
[2017.05.31-23.32.12:405][472]LogLoad: Game class is 'FirstPersonGameMode_C'
[2017.05.31-23.32.12:408][472]LogWorld: Bringing World /Game/FirstPersonBP/Maps/UEDPIE_0_MenuMap.MenuMap up for play (max tick rate 0) at 2017.06.01-09.32.12
[2017.05.31-23.32.12:409][472]LogWorld: Bringing up level for play took: 0.001432
[2017.05.31-23.32.12:457][472]LogContentBrowser: Native class hierarchy updated for 'MovieSceneCapture' in 0.0005 seconds. Added 11 classes and 0 folders.
[2017.05.31-23.32.12:464][472]PIE: Info Play in editor start time for /Game/FirstPersonBP/Maps/UEDPIE_0_MenuMap -0.37
[2017.05.31-23.32.12:465][472]LogBlueprintUserMessages: Late PlayInEditor Detection: Level '/Game/FirstPersonBP/Maps/MenuMap.MenuMap:PersistentLevel' has LevelScriptBlueprint '/Game/FirstPersonBP/Maps/MenuMap.MenuMap:PersistentLevel.MenuMap' with GeneratedClass '/Game/FirstPersonBP/Maps/MenuMap.MenuMap_C' with ClassGeneratedBy '/Game/FirstPersonBP/Maps/MenuMap.MenuMap:PersistentLevel.MenuMap'
[2017.05.31-23.32.12:503][472]LogRenderer: Reallocating scene render targets to support 1292x756 NumSamples 1 (Frame:145).
[2017.05.31-23.32.17:003][  7]LogNet: Browse: /Game/FirstPersonBP/Maps/FirstPersonExampleMap
[2017.05.31-23.32.17:003][  7]LogLoad: LoadMap: /Game/FirstPersonBP/Maps/FirstPersonExampleMap
[2017.05.31-23.32.17:013][  7]Cmd: MEM
[2017.05.31-23.32.17:024][  7]LogMemory: Platform Memory Stats for Windows
[2017.05.31-23.32.17:024][  7]LogMemory: Process Physical Memory: 900.50 MB used, 910.92 MB peak
[2017.05.31-23.32.17:024][  7]LogMemory: Process Virtual Memory: 1196.07 MB used, 1353.68 MB peak
[2017.05.31-23.32.17:024][  7]LogMemory: Physical Memory: 7344.77 MB used,  8954.11 MB free, 16298.88 MB total
[2017.05.31-23.32.17:024][  7]LogMemory: Virtual Memory: 2015.68 MB used,  8954.11 MB free, 134217728.00 MB total
[2017.05.31-23.32.17:024][  7]LogMemory: 
[2017.05.31-23.32.17:024][  7]Allocator Stats for TBB: (not implemented)
[2017.05.31-23.32.18:070][  7]LogAIModule: Creating AISystem for world FirstPersonExampleMap
[2017.05.31-23.32.18:071][  7]LogLoad: Game class is 'FirstPersonGameMode_C'
[2017.05.31-23.32.18:076][  7]LogWorld: Bringing World /Game/FirstPersonBP/Maps/UEDPIE_0_FirstPersonExampleMap.FirstPersonExampleMap up for play (max tick rate 0) at 2017.06.01-09.32.18
[2017.05.31-23.32.18:077][  7]LogWorld: Bringing up level for play took: 0.005468
[2017.05.31-23.32.18:079][  7]LogLoad: Took 1.076028 seconds to LoadMap(/Game/FirstPersonBP/Maps/FirstPersonExampleMap)
[2017.05.31-23.32.20:060][189]LogBlueprintUserMessages: Early EndPlayMap Detection: Level '/Game/FirstPersonBP/Maps/MenuMap.MenuMap:PersistentLevel' has LevelScriptBlueprint '/Game/FirstPersonBP/Maps/MenuMap.MenuMap:PersistentLevel.MenuMap' with GeneratedClass '/Game/FirstPersonBP/Maps/MenuMap.MenuMap_C' with ClassGeneratedBy '/Game/FirstPersonBP/Maps/MenuMap.MenuMap:PersistentLevel.MenuMap'
[2017.05.31-23.32.20:098][189]LogBlueprintUserMessages: Late EndPlayMap Detection: Level '/Game/FirstPersonBP/Maps/MenuMap.MenuMap:PersistentLevel' has LevelScriptBlueprint '/Game/FirstPersonBP/Maps/MenuMap.MenuMap:PersistentLevel.MenuMap' with GeneratedClass '/Game/FirstPersonBP/Maps/MenuMap.MenuMap_C' with ClassGeneratedBy '/Game/FirstPersonBP/Maps/MenuMap.MenuMap:PersistentLevel.MenuMap'
[2017.05.31-23.32.23:355][574]LogTemp: Repeting last play command: New Editor Window (PIE)
[2017.05.31-23.32.23:363][574]LogBlueprintUserMessages: Early PlayInEditor Detection: Level '/Game/FirstPersonBP/Maps/MenuMap.MenuMap:PersistentLevel' has LevelScriptBlueprint '/Game/FirstPersonBP/Maps/MenuMap.MenuMap:PersistentLevel.MenuMap' with GeneratedClass '/Game/FirstPersonBP/Maps/MenuMap.MenuMap_C' with ClassGeneratedBy '/Game/FirstPersonBP/Maps/MenuMap.MenuMap:PersistentLevel.MenuMap'
[2017.05.31-23.32.23:363][574]LogPlayLevel: PlayLevel: No blueprints needed recompiling
[2017.05.31-23.32.23:363][574]PIE: New page: PIE session: MenuMap (1 Jun 2017 7:32:23 pm)
[2017.05.31-23.32.23:364][574]LogPlayLevel: Creating play world package: /Game/FirstPersonBP/Maps/UEDPIE_0_MenuMap
[2017.05.31-23.32.23:364][574]LogPlayLevel: PIE: StaticDuplicateObject took: (0.000878s)
[2017.05.31-23.32.23:365][574]LogAIModule: Creating AISystem for world MenuMap
[2017.05.31-23.32.23:365][574]LogPlayLevel: PIE: World Init took: (0.000496s)
[2017.05.31-23.32.23:365][574]LogPlayLevel: PIE: Created PIE world by copying editor world from /Game/FirstPersonBP/Maps/MenuMap.MenuMap to /Game/FirstPersonBP/Maps/UEDPIE_0_MenuMap.MenuMap (0.001533s)
[2017.05.31-23.32.23:375][574]LogInit: XAudio2 using 'Realtek Digital Output (Realtek Audio)' : 2 channels at 48 kHz using 16 bits per sample (channel mask 0x3)
[2017.05.31-23.32.23:386][574]LogInit: FAudioDevice initialized.
[2017.05.31-23.32.23:421][574]LogLoad: Game class is 'FirstPersonGameMode_C'
[2017.05.31-23.32.23:422][574]LogWorld: Bringing World /Game/FirstPersonBP/Maps/UEDPIE_0_MenuMap.MenuMap up for play (max tick rate 0) at 2017.06.01-09.32.23
[2017.05.31-23.32.23:423][574]LogWorld: Bringing up level for play took: 0.000969
[2017.05.31-23.32.23:428][574]PIE: Info Play in editor start time for /Game/FirstPersonBP/Maps/UEDPIE_0_MenuMap 0.594
[2017.05.31-23.32.23:428][574]LogBlueprintUserMessages: Late PlayInEditor Detection: Level '/Game/FirstPersonBP/Maps/MenuMap.MenuMap:PersistentLevel' has LevelScriptBlueprint '/Game/FirstPersonBP/Maps/MenuMap.MenuMap:PersistentLevel.MenuMap' with GeneratedClass '/Game/FirstPersonBP/Maps/MenuMap.MenuMap_C' with ClassGeneratedBy '/Game/FirstPersonBP/Maps/MenuMap.MenuMap:PersistentLevel.MenuMap'
[2017.05.31-23.32.25:516][819]Cmd: r.setRes 640x480
[2017.05.31-23.32.25:516][819]r.SetRes = "640x480"
[2017.05.31-23.32.26:467][927]Cmd: r.setRes 1920x1080
[2017.05.31-23.32.26:467][927]r.SetRes = "1920x1080"
[2017.05.31-23.32.26:498][927]LogRenderer: Reallocating scene render targets to support 1912x1048 NumSamples 1 (Frame:1603).
[2017.05.31-23.32.27:891][ 66]LogNet: Browse: /Game/FirstPersonBP/Maps/FirstPersonExampleMap
[2017.05.31-23.32.27:891][ 66]LogLoad: LoadMap: /Game/FirstPersonBP/Maps/FirstPersonExampleMap
[2017.05.31-23.32.27:907][ 66]Cmd: MEM
[2017.05.31-23.32.27:916][ 66]LogMemory: Platform Memory Stats for Windows
[2017.05.31-23.32.27:916][ 66]LogMemory: Process Physical Memory: 1319.00 MB used, 1356.78 MB peak
[2017.05.31-23.32.27:916][ 66]LogMemory: Process Virtual Memory: 2101.56 MB used, 2101.56 MB peak
[2017.05.31-23.32.27:916][ 66]LogMemory: Physical Memory: 7923.60 MB used,  8375.28 MB free, 16298.88 MB total
[2017.05.31-23.32.27:916][ 66]LogMemory: Virtual Memory: 2823.58 MB used,  8375.28 MB free, 134217728.00 MB total
[2017.05.31-23.32.27:916][ 66]LogMemory: 
[2017.05.31-23.32.27:916][ 66]Allocator Stats for TBB: (not implemented)
[2017.05.31-23.32.28:056][ 66]LogAIModule: Creating AISystem for world FirstPersonExampleMap
[2017.05.31-23.32.28:056][ 66]LogLoad: Game class is 'FirstPersonGameMode_C'
[2017.05.31-23.32.28:063][ 66]LogWorld: Bringing World /Game/FirstPersonBP/Maps/UEDPIE_0_FirstPersonExampleMap.FirstPersonExampleMap up for play (max tick rate 0) at 2017.06.01-09.32.28
[2017.05.31-23.32.28:063][ 66]LogWorld: Bringing up level for play took: 0.005249
[2017.05.31-23.32.28:064][ 66]LogLoad: Took 0.172969 seconds to LoadMap(/Game/FirstPersonBP/Maps/FirstPersonExampleMap)
[2017.05.31-23.32.42:379][ 13]LogNet: Browse: /Game/FirstPersonBP/Maps/MenuMap
[2017.05.31-23.32.42:379][ 13]LogLoad: LoadMap: /Game/FirstPersonBP/Maps/MenuMap
[2017.05.31-23.32.42:410][ 13]Cmd: MEM
[2017.05.31-23.32.42:418][ 13]LogMemory: Platform Memory Stats for Windows
[2017.05.31-23.32.42:418][ 13]LogMemory: Process Physical Memory: 1382.84 MB used, 1421.14 MB peak
[2017.05.31-23.32.42:418][ 13]LogMemory: Process Virtual Memory: 2031.04 MB used, 2147.47 MB peak
[2017.05.31-23.32.42:418][ 13]LogMemory: Physical Memory: 7740.04 MB used,  8558.85 MB free, 16298.88 MB total
[2017.05.31-23.32.42:418][ 13]LogMemory: Virtual Memory: 2844.56 MB used,  8558.85 MB free, 134217728.00 MB total
[2017.05.31-23.32.42:418][ 13]LogMemory: 
[2017.05.31-23.32.42:418][ 13]Allocator Stats for TBB: (not implemented)
[2017.05.31-23.32.42:418][ 13]LogPlayLevel: Creating play world package: /Game/FirstPersonBP/Maps/UEDPIE_0_MenuMap
[2017.05.31-23.32.42:419][ 13]LogPlayLevel: PIE: StaticDuplicateObject took: (0.000798s)
[2017.05.31-23.32.42:420][ 13]LogAIModule: Creating AISystem for world MenuMap
[2017.05.31-23.32.42:420][ 13]LogPlayLevel: PIE: World Init took: (0.000562s)
[2017.05.31-23.32.42:420][ 13]LogPlayLevel: PIE: Created PIE world by copying editor world from /Game/FirstPersonBP/Maps/MenuMap.MenuMap to /Game/FirstPersonBP/Maps/UEDPIE_0_MenuMap.MenuMap (0.001516s)
[2017.05.31-23.32.42:420][ 13]LogLoad: Game class is 'FirstPersonGameMode_C'
[2017.05.31-23.32.42:421][ 13]LogWorld: Bringing World /Game/FirstPersonBP/Maps/UEDPIE_0_MenuMap.MenuMap up for play (max tick rate 0) at 2017.06.01-09.32.42
[2017.05.31-23.32.42:422][ 13]LogWorld: Bringing up level for play took: 0.000623
[2017.05.31-23.32.42:422][ 13]LogGameMode: FindPlayerStart: PATHS NOT DEFINED or NO PLAYERSTART with positive rating
[2017.05.31-23.32.42:423][ 13]LogLoad: Took 0.044781 seconds to LoadMap(/Game/FirstPersonBP/Maps/UEDPIE_0_MenuMap)
[2017.05.31-23.32.43:564][111]LogBlueprintUserMessages: Early EndPlayMap Detection: Level '/Game/FirstPersonBP/Maps/MenuMap.MenuMap:PersistentLevel' has LevelScriptBlueprint '/Game/FirstPersonBP/Maps/MenuMap.MenuMap:PersistentLevel.MenuMap' with GeneratedClass '/Game/FirstPersonBP/Maps/MenuMap.MenuMap_C' with ClassGeneratedBy '/Game/FirstPersonBP/Maps/MenuMap.MenuMap:PersistentLevel.MenuMap'
[2017.05.31-23.32.43:602][111]LogBlueprintUserMessages: Late EndPlayMap Detection: Level '/Game/FirstPersonBP/Maps/MenuMap.MenuMap:PersistentLevel' has LevelScriptBlueprint '/Game/FirstPersonBP/Maps/MenuMap.MenuMap:PersistentLevel.MenuMap' with GeneratedClass '/Game/FirstPersonBP/Maps/MenuMap.MenuMap_C' with ClassGeneratedBy '/Game/FirstPersonBP/Maps/MenuMap.MenuMap:PersistentLevel.MenuMap'
[2017.05.31-23.42.55:068][142]LogTemp: Repeting last play command: New Editor Window (PIE)
[2017.05.31-23.42.55:077][142]LogBlueprintUserMessages: Early PlayInEditor Detection: Level '/Game/FirstPersonBP/Maps/MenuMap.MenuMap:PersistentLevel' has LevelScriptBlueprint '/Game/FirstPersonBP/Maps/MenuMap.MenuMap:PersistentLevel.MenuMap' with GeneratedClass '/Game/FirstPersonBP/Maps/MenuMap.MenuMap_C' with ClassGeneratedBy '/Game/FirstPersonBP/Maps/MenuMap.MenuMap:PersistentLevel.MenuMap'
[2017.05.31-23.42.55:077][142]LogPlayLevel: PlayLevel: No blueprints needed recompiling
[2017.05.31-23.42.55:077][142]PIE: New page: PIE session: MenuMap (1 Jun 2017 7:42:55 pm)
[2017.05.31-23.42.55:077][142]LogPlayLevel: Creating play world package: /Game/FirstPersonBP/Maps/UEDPIE_0_MenuMap
[2017.05.31-23.42.55:078][142]LogPlayLevel: PIE: StaticDuplicateObject took: (0.000999s)
[2017.05.31-23.42.55:078][142]LogAIModule: Creating AISystem for world MenuMap
[2017.05.31-23.42.55:079][142]LogPlayLevel: PIE: World Init took: (0.000716s)
[2017.05.31-23.42.55:079][142]LogPlayLevel: PIE: Created PIE world by copying editor world from /Game/FirstPersonBP/Maps/MenuMap.MenuMap to /Game/FirstPersonBP/Maps/UEDPIE_0_MenuMap.MenuMap (0.001917s)
[2017.05.31-23.42.55:094][142]LogInit: XAudio2 using 'Realtek Digital Output (Realtek Audio)' : 2 channels at 48 kHz using 16 bits per sample (channel mask 0x3)
[2017.05.31-23.42.55:106][142]LogInit: FAudioDevice initialized.
[2017.05.31-23.42.55:149][142]LogLoad: Game class is 'FirstPersonGameMode_C'
[2017.05.31-23.42.55:151][142]LogWorld: Bringing World /Game/FirstPersonBP/Maps/UEDPIE_0_MenuMap.MenuMap up for play (max tick rate 0) at 2017.06.01-09.42.55
[2017.05.31-23.42.55:151][142]LogWorld: Bringing up level for play took: 0.000709
[2017.05.31-23.42.55:155][142]PIE: Info Play in editor start time for /Game/FirstPersonBP/Maps/UEDPIE_0_MenuMap 0.326
[2017.05.31-23.42.55:156][142]LogBlueprintUserMessages: Late PlayInEditor Detection: Level '/Game/FirstPersonBP/Maps/MenuMap.MenuMap:PersistentLevel' has LevelScriptBlueprint '/Game/FirstPersonBP/Maps/MenuMap.MenuMap:PersistentLevel.MenuMap' with GeneratedClass '/Game/FirstPersonBP/Maps/MenuMap.MenuMap_C' with ClassGeneratedBy '/Game/FirstPersonBP/Maps/MenuMap.MenuMap:PersistentLevel.MenuMap'
[2017.05.31-23.42.56:501][297]LogNet: Browse: /Game/FirstPersonBP/Maps/FirstPersonExampleMap
[2017.05.31-23.42.56:501][297]LogLoad: LoadMap: /Game/FirstPersonBP/Maps/FirstPersonExampleMap
[2017.05.31-23.42.56:513][297]Cmd: MEM
[2017.05.31-23.42.56:520][297]LogMemory: Platform Memory Stats for Windows
[2017.05.31-23.42.56:520][297]LogMemory: Process Physical Memory: 1597.17 MB used, 1644.21 MB peak
[2017.05.31-23.42.56:520][297]LogMemory: Process Virtual Memory: 2136.14 MB used, 2214.99 MB peak
[2017.05.31-23.42.56:520][297]LogMemory: Physical Memory: 8142.88 MB used,  8156.00 MB free, 16298.88 MB total
[2017.05.31-23.42.56:520][297]LogMemory: Virtual Memory: 2954.93 MB used,  8156.00 MB free, 134217728.00 MB total
[2017.05.31-23.42.56:520][297]LogMemory: 
[2017.05.31-23.42.56:520][297]Allocator Stats for TBB: (not implemented)
[2017.05.31-23.42.56:613][297]LogAIModule: Creating AISystem for world FirstPersonExampleMap
[2017.05.31-23.42.56:614][297]LogLoad: Game class is 'FirstPersonGameMode_C'
[2017.05.31-23.42.56:621][297]LogWorld: Bringing World /Game/FirstPersonBP/Maps/UEDPIE_0_FirstPersonExampleMap.FirstPersonExampleMap up for play (max tick rate 0) at 2017.06.01-09.42.56
[2017.05.31-23.42.56:621][297]LogWorld: Bringing up level for play took: 0.006627
[2017.05.31-23.42.56:624][297]LogLoad: Took 0.123036 seconds to LoadMap(/Game/FirstPersonBP/Maps/FirstPersonExampleMap)
[2017.05.31-23.43.02:500][862]LogSpawn:Warning: SpawnActor failed because of collision at the spawn location [X=1424.090 Y=1693.869 Z=279.761] for [FirstPersonProjectile_C]
[2017.05.31-23.43.02:777][888]LogSpawn:Warning: SpawnActor failed because of collision at the spawn location [X=1367.690 Y=1632.570 Z=260.156] for [FirstPersonProjectile_C]
[2017.05.31-23.43.03:009][910]LogSpawn:Warning: SpawnActor failed because of collision at the spawn location [X=1319.040 Y=1588.174 Z=262.797] for [FirstPersonProjectile_C]
[2017.05.31-23.43.26:031][154]LogSpawn:Warning: SpawnActor failed because of collision at the spawn location [X=-1629.254 Y=1760.257 Z=265.816] for [FirstPersonProjectile_C]
[2017.05.31-23.43.26:232][173]LogSpawn:Warning: SpawnActor failed because of collision at the spawn location [X=-1615.732 Y=1729.892 Z=276.789] for [FirstPersonProjectile_C]
[2017.05.31-23.43.58:016][307]LogSpawn:Warning: SpawnActor failed because of collision at the spawn location [X=219.520 Y=-1669.874 Z=298.749] for [FirstPersonProjectile_C]
[2017.05.31-23.43.58:220][326]LogSpawn:Warning: SpawnActor failed because of collision at the spawn location [X=250.655 Y=-1619.841 Z=294.072] for [FirstPersonProjectile_C]
[2017.05.31-23.43.59:511][452]LogBlueprintUserMessages: Early EndPlayMap Detection: Level '/Game/FirstPersonBP/Maps/MenuMap.MenuMap:PersistentLevel' has LevelScriptBlueprint '/Game/FirstPersonBP/Maps/MenuMap.MenuMap:PersistentLevel.MenuMap' with GeneratedClass '/Game/FirstPersonBP/Maps/MenuMap.MenuMap_C' with ClassGeneratedBy '/Game/FirstPersonBP/Maps/MenuMap.MenuMap:PersistentLevel.MenuMap'
[2017.05.31-23.43.59:553][452]LogBlueprintUserMessages: Late EndPlayMap Detection: Level '/Game/FirstPersonBP/Maps/MenuMap.MenuMap:PersistentLevel' has LevelScriptBlueprint '/Game/FirstPersonBP/Maps/MenuMap.MenuMap:PersistentLevel.MenuMap' with GeneratedClass '/Game/FirstPersonBP/Maps/MenuMap.MenuMap_C' with ClassGeneratedBy '/Game/FirstPersonBP/Maps/MenuMap.MenuMap:PersistentLevel.MenuMap'
[2017.05.31-23.44.01:616][673]Cmd: QUIT_EDITOR
[2017.05.31-23.44.02:518][673]LogWindowsTextInputMethodSystem:Display: IME system now deactivated.
[2017.05.31-23.44.02:538][673]LogExit: Preparing to exit.
[2017.05.31-23.44.03:299][673]LogDirectoryWatcher: A directory notification for 'C:/Users/E201426998/Desktop/User_Interface/Content/' was aborted.
[2017.05.31-23.44.03:311][673]LogExit: Editor shut down
[2017.05.31-23.44.03:311][673]LogExit: Transaction tracking system shut down
[2017.05.31-23.44.03:417][673]LogObj: Freed 0b from 0 cluster array pools.
[2017.05.31-23.44.03:417][673]LogExit: Object subsystem successfully closed.
[2017.05.31-23.44.03:440][673]LogD3D11RHI: Shutdown
[2017.05.31-23.44.03:440][673]LogD3D11RHI: CleanupD3DDevice
[2017.05.31-23.44.03:535][673]LogD3D11RHI: ~FD3D11DynamicRHI
[2017.05.31-23.44.03:550][673]LogModuleManager: Shutting down and abandoning module MovieSceneCapture (500)
[2017.05.31-23.44.03:550][673]LogModuleManager: Shutting down and abandoning module HierarchicalLODOutliner (498)
[2017.05.31-23.44.03:550][673]LogModuleManager: Shutting down and abandoning module CrashTracker (496)
[2017.05.31-23.44.03:550][673]LogModuleManager: Shutting down and abandoning module SceneOutliner (494)
[2017.05.31-23.44.03:550][673]LogModuleManager: Shutting down and abandoning module AddContentDialog (492)
[2017.05.31-23.44.03:551][673]LogDirectoryWatcher: A directory notification for 'C:/Program Files/Epic Games/UE_4.15/FeaturePacks/' was aborted.
[2017.05.31-23.44.03:551][673]LogModuleManager: Shutting down and abandoning module WidgetCarousel (491)
[2017.05.31-23.44.03:551][673]LogModuleManager: Shutting down and abandoning module EditorWidgets (488)
[2017.05.31-23.44.03:551][673]LogModuleManager: Shutting down and abandoning module CollectionManager (486)
[2017.05.31-23.44.03:551][673]LogDirectoryWatcher: A directory notification for 'C:/Users/E201426998/Desktop/User_Interface/Content/Collections/' was aborted.
[2017.05.31-23.44.03:551][673]LogDirectoryWatcher: A directory notification for 'C:/Users/E201426998/Desktop/User_Interface/Content/Developers/E201426998/Collections/' was aborted.
[2017.05.31-23.44.03:551][673]LogDirectoryWatcher: A directory notification for 'C:/Users/E201426998/Desktop/User_Interface/Saved/Collections/' was aborted.
[2017.05.31-23.44.03:551][673]LogModuleManager: Shutting down and abandoning module StatsViewer (484)
[2017.05.31-23.44.03:551][673]LogModuleManager: Shutting down and abandoning module FoliageEdit (482)
[2017.05.31-23.44.03:552][673]LogModuleManager: Shutting down and abandoning module LandscapeEditor (480)
[2017.05.31-23.44.03:552][673]LogModuleManager: Shutting down and abandoning module SceneDepthPickerMode (478)
[2017.05.31-23.44.03:552][673]LogModuleManager: Shutting down and abandoning module ActorPickerMode (476)
[2017.05.31-23.44.03:552][673]LogModuleManager: Shutting down and abandoning module GeometryMode (474)
[2017.05.31-23.44.03:552][673]LogModuleManager: Shutting down and abandoning module TextureAlignMode (472)
[2017.05.31-23.44.03:552][673]LogModuleManager: Shutting down and abandoning module BspMode (470)
[2017.05.31-23.44.03:552][673]LogModuleManager: Shutting down and abandoning module HardwareSurvey (468)
[2017.05.31-23.44.03:552][673]LogModuleManager: Shutting down and abandoning module SequenceRecorderSections (466)
[2017.05.31-23.44.03:552][673]LogModuleManager: Shutting down and abandoning module AutomationWorker (464)
[2017.05.31-23.44.03:552][673]LogModuleManager: Shutting down and abandoning module MatineeToLevelSequence (462)
[2017.05.31-23.44.03:552][673]LogModuleManager: Shutting down and abandoning module LevelSequenceEditor (460)
[2017.05.31-23.44.03:552][673]LogModuleManager: Shutting down and abandoning module PlacementMode (459)
[2017.05.31-23.44.03:552][673]LogModuleManager: Shutting down and abandoning module WmfMediaFactory (456)
[2017.05.31-23.44.03:552][673]LogModuleManager: Shutting down and abandoning module WmfMediaEditor (454)
[2017.05.31-23.44.03:552][673]LogModuleManager: Shutting down and abandoning module MfMediaFactory (452)
[2017.05.31-23.44.03:552][673]LogModuleManager: Shutting down and abandoning module MfMediaEditor (450)
[2017.05.31-23.44.03:552][673]LogModuleManager: Shutting down and abandoning module AvfMediaFactory (448)
[2017.05.31-23.44.03:552][673]LogModuleManager: Shutting down and abandoning module AvfMediaEditor (446)
[2017.05.31-23.44.03:552][673]LogModuleManager: Shutting down and abandoning module AndroidMediaFactory (444)
[2017.05.31-23.44.03:552][673]LogModuleManager: Shutting down and abandoning module Media (443)
[2017.05.31-23.44.03:552][673]LogModuleManager: Shutting down and abandoning module AndroidMediaEditor (440)
[2017.05.31-23.44.03:552][673]LogModuleManager: Shutting down and abandoning module CharacterAI (438)
[2017.05.31-23.44.03:552][673]LogModuleManager: Shutting down and abandoning module AudioCapture (436)
[2017.05.31-23.44.03:552][673]LogModuleManager: Shutting down and abandoning module SequenceRecorder (435)
[2017.05.31-23.44.03:552][673]LogModuleManager: Shutting down and abandoning module SmartSnapping (432)
[2017.05.31-23.44.03:552][673]LogModuleManager: Shutting down and abandoning module SessionServices (430)
[2017.05.31-23.44.03:552][673]LogModuleManager: Shutting down and abandoning module ViewportSnapping (428)
[2017.05.31-23.44.03:552][673]LogModuleManager: Shutting down and abandoning module ViewportInteraction (426)
[2017.05.31-23.44.03:552][673]LogModuleManager: Shutting down and abandoning module LogVisualizer (424)
[2017.05.31-23.44.03:552][673]LogModuleManager: Shutting down and abandoning module IntroTutorials (422)
[2017.05.31-23.44.03:552][673]LogModuleManager: Shutting down and abandoning module GameProjectGeneration (421)
[2017.05.31-23.44.03:552][673]LogModuleManager: Shutting down and abandoning module EditorLiveStreaming (418)
[2017.05.31-23.44.03:552][673]LogModuleManager: Shutting down and abandoning module IOSPlatformEditor (416)
[2017.05.31-23.44.03:552][673]LogModuleManager: Shutting down and abandoning module HTML5PlatformEditor (414)
[2017.05.31-23.44.03:552][673]LogModuleManager: Shutting down and abandoning module AndroidPlatformEditor (412)
[2017.05.31-23.44.03:552][673]LogModuleManager: Shutting down and abandoning module AndroidDeviceDetection (411)
[2017.05.31-23.44.03:656][673]LogModuleManager: Shutting down and abandoning module IOSRuntimeSettings (408)
[2017.05.31-23.44.03:657][673]LogModuleManager: Shutting down and abandoning module AndroidRuntimeSettings (406)
[2017.05.31-23.44.03:657][673]LogModuleManager: Shutting down and abandoning module InputBindingEditor (404)
[2017.05.31-23.44.03:657][673]LogModuleManager: Shutting down and abandoning module NiagaraEditor (402)
[2017.05.31-23.44.03:657][673]LogModuleManager: Shutting down and abandoning module MergeActors (400)
[2017.05.31-23.44.03:657][673]LogModuleManager: Shutting down and abandoning module SizeMap (398)
[2017.05.31-23.44.03:657][673]LogModuleManager: Shutting down and abandoning module TreeMap (396)
[2017.05.31-23.44.03:657][673]LogModuleManager: Shutting down and abandoning module ReferenceViewer (394)
[2017.05.31-23.44.03:657][673]LogModuleManager: Shutting down and abandoning module LocalizationDashboard (392)
[2017.05.31-23.44.03:657][673]LogModuleManager: Shutting down and abandoning module LocalizationService (391)
[2017.05.31-23.44.03:657][673]LogModuleManager: Shutting down and abandoning module HardwareTargeting (388)
[2017.05.31-23.44.03:657][673]LogModuleManager: Shutting down and abandoning module DeviceProfileEditor (386)
[2017.05.31-23.44.03:657][673]LogModuleManager: Shutting down and abandoning module UndoHistory (384)
[2017.05.31-23.44.03:657][673]LogModuleManager: Shutting down and abandoning module UserFeedback (382)
[2017.05.31-23.44.03:657][673]LogModuleManager: Shutting down and abandoning module XmlParser (380)
[2017.05.31-23.44.03:657][673]LogModuleManager: Shutting down and abandoning module Blutility (378)
[2017.05.31-23.44.03:657][673]LogModuleManager: Shutting down and abandoning module ProjectSettingsViewer (376)
[2017.05.31-23.44.03:657][673]LogModuleManager: Shutting down and abandoning module ProjectTargetPlatformEditor (375)
[2017.05.31-23.44.03:657][673]LogModuleManager: Shutting down and abandoning module EditorSettingsViewer (372)
[2017.05.31-23.44.03:657][673]LogModuleManager: Shutting down and abandoning module SettingsEditor (370)
[2017.05.31-23.44.03:657][673]LogModuleManager: Shutting down and abandoning module ProjectLauncher (368)
[2017.05.31-23.44.03:657][673]LogModuleManager: Shutting down and abandoning module SessionFrontend (366)
[2017.05.31-23.44.03:657][673]LogModuleManager: Shutting down and abandoning module ProfilerClient (364)
[2017.05.31-23.44.03:657][673]LogModuleManager: Shutting down and abandoning module DeviceManager (362)
[2017.05.31-23.44.03:657][673]LogModuleManager: Shutting down and abandoning module TargetDeviceServices (361)
[2017.05.31-23.44.03:710][673]LogModuleManager: Shutting down and abandoning module AutomationController (358)
[2017.05.31-23.44.03:710][673]LogModuleManager: Shutting down and abandoning module AutomationWindow (356)
[2017.05.31-23.44.03:710][673]LogModuleManager: Shutting down and abandoning module Layers (354)
[2017.05.31-23.44.03:710][673]LogModuleManager: Shutting down and abandoning module ComponentVisualizers (352)
[2017.05.31-23.44.03:710][673]LogModuleManager: Shutting down and abandoning module DetailCustomizations (350)
[2017.05.31-23.44.03:710][673]LogModuleManager: Shutting down and abandoning module PackagesDialog (348)
[2017.05.31-23.44.03:710][673]LogModuleManager: Shutting down and abandoning module Persona (346)
[2017.05.31-23.44.03:710][673]LogModuleManager: Shutting down and abandoning module AnimGraph (345)
[2017.05.31-23.44.03:710][673]LogModuleManager: Shutting down and abandoning module Kismet (342)
[2017.05.31-23.44.03:711][673]LogModuleManager: Shutting down and abandoning module GraphEditor (340)
[2017.05.31-23.44.03:711][673]LogModuleManager: Shutting down and abandoning module ClassViewer (338)
[2017.05.31-23.44.03:711][673]LogModuleManager: Shutting down and abandoning module Toolbox (336)
[2017.05.31-23.44.03:711][673]LogModuleManager: Shutting down and abandoning module ModuleUI (334)
[2017.05.31-23.44.03:711][673]LogModuleManager: Shutting down and abandoning module MovieSceneTools (332)
[2017.05.31-23.44.03:711][673]LogModuleManager: Shutting down and abandoning module OutputLog (330)
[2017.05.31-23.44.03:711][673]LogModuleManager: Shutting down and abandoning module GammaUI (328)
[2017.05.31-23.44.03:711][673]LogModuleManager: Shutting down and abandoning module Documentation (326)
[2017.05.31-23.44.03:711][673]LogModuleManager: Shutting down and abandoning module Niagara (324)
[2017.05.31-23.44.03:711][673]LogModuleManager: Shutting down and abandoning module StreamingPauseRendering (322)
[2017.05.31-23.44.03:711][673]LogModuleManager: Shutting down and abandoning module AnalyticsET (320)
[2017.05.31-23.44.03:711][673]LogModuleManager: Shutting down and abandoning module PortalServices (318)
[2017.05.31-23.44.03:711][673]LogModuleManager: Shutting down and abandoning module PortalRpc (316)
[2017.05.31-23.44.03:711][673]LogModuleManager: Shutting down and abandoning module MessagingRpc (314)
[2017.05.31-23.44.03:711][673]LogModuleManager: Shutting down and abandoning module AIModule (312)
[2017.05.31-23.44.03:711][673]LogModuleManager: Shutting down and abandoning module GameplayDebugger (311)
[2017.05.31-23.44.03:711][673]LogModuleManager: Shutting down and abandoning module AITestSuite (309)
[2017.05.31-23.44.03:711][673]LogModuleManager: Shutting down and abandoning module ProfilerService (306)
[2017.05.31-23.44.03:745][673]LogModuleManager: Shutting down and abandoning module TaskGraph (304)
[2017.05.31-23.44.03:746][673]LogModuleManager: Shutting down and abandoning module SteamVRController (302)
[2017.05.31-23.44.03:746][673]LogModuleManager: Shutting down and abandoning module SteamVR (300)
[2017.05.31-23.44.03:746][673]LogModuleManager: Shutting down and abandoning module ProceduralMeshComponentEditor (298)
[2017.05.31-23.44.03:746][673]LogModuleManager: Shutting down and abandoning module ProceduralMeshComponent (296)
[2017.05.31-23.44.03:746][673]LogModuleManager: Shutting down and abandoning module OculusLibrary (294)
[2017.05.31-23.44.03:746][673]LogModuleManager: Shutting down and abandoning module OculusInput (292)
[2017.05.31-23.44.03:746][673]LogModuleManager: Shutting down and abandoning module MobilePatchingUtils (290)
[2017.05.31-23.44.03:746][673]LogModuleManager: Shutting down and abandoning module CustomMeshComponent (288)
[2017.05.31-23.44.03:746][673]LogModuleManager: Shutting down and abandoning module CableComponent (286)
[2017.05.31-23.44.03:746][673]LogModuleManager: Shutting down and abandoning module ArchVisCharacter (284)
[2017.05.31-23.44.03:746][673]LogModuleManager: Shutting down and abandoning module MediaPlayerEditor (280)
[2017.05.31-23.44.03:746][673]LogModuleManager: Shutting down and abandoning module HTML5Networking (278)
[2017.05.31-23.44.03:746][673]LogModuleManager: Shutting down and abandoning module AlembicImporter (276)
[2017.05.31-23.44.03:746][673]LogModuleManager: Shutting down and abandoning module AlembicLibrary (275)
[2017.05.31-23.44.03:746][673]LogModuleManager: Shutting down and abandoning module GeometryCache (274)
[2017.05.31-23.44.03:746][673]LogModuleManager: Shutting down and abandoning module GeometryCacheEd (273)
[2017.05.31-23.44.03:746][673]LogModuleManager: Shutting down and abandoning module SuperSearchEditor (268)
[2017.05.31-23.44.03:746][673]LogModuleManager: Shutting down and abandoning module SuperSearch (267)
[2017.05.31-23.44.03:746][673]LogModuleManager: Shutting down and abandoning module SpeedTreeImporter (264)
[2017.05.31-23.44.03:746][673]LogModuleManager: Shutting down and abandoning module PluginBrowser (262)
[2017.05.31-23.44.03:746][673]LogModuleManager: Shutting down and abandoning module MobileLauncherProfileWizard (260)
[2017.05.31-23.44.03:746][673]LogModuleManager: Shutting down and abandoning module EpicSurvey (258)
[2017.05.31-23.44.03:746][673]LogModuleManager: Shutting down and abandoning module VisualStudioSourceCodeAccess (256)
[2017.05.31-23.44.03:746][673]LogModuleManager: Shutting down and abandoning module DesktopPlatform (255)
[2017.05.31-23.44.03:746][673]LogModuleManager: Shutting down and abandoning module UObjectPlugin (252)
[2017.05.31-23.44.03:746][673]LogModuleManager: Shutting down and abandoning module SubversionSourceControl (250)
[2017.05.31-23.44.03:746][673]LogModuleManager: Shutting down and abandoning module PerforceSourceControl (248)
[2017.05.31-23.44.03:746][673]LogModuleManager: Shutting down and abandoning module GitSourceControl (246)
[2017.05.31-23.44.03:746][673]LogModuleManager: Shutting down and abandoning module SourceControl (245)
[2017.05.31-23.44.03:746][673]LogModuleManager: Shutting down and abandoning module LightPropagationVolumeEditor (242)
[2017.05.31-23.44.03:746][673]LogModuleManager: Shutting down and abandoning module PaperTiledImporter (240)
[2017.05.31-23.44.03:746][673]LogModuleManager: Shutting down and abandoning module PaperSpriteSheetImporter (238)
[2017.05.31-23.44.03:746][673]LogModuleManager: Shutting down and abandoning module Paper2DEditor (236)
[2017.05.31-23.44.03:746][673]LogModuleManager: Shutting down and abandoning module MeshPaint (235)
[2017.05.31-23.44.03:746][673]LogModuleManager: Shutting down and abandoning module LevelEditor (233)
[2017.05.31-23.44.03:747][673]LogModuleManager: Shutting down and abandoning module PixelInspectorModule (232)
[2017.05.31-23.44.03:747][673]LogModuleManager: Shutting down and abandoning module MainFrame (230)
[2017.05.31-23.44.03:747][673]LogModuleManager: Shutting down and abandoning module HotReload (229)
[2017.05.31-23.44.03:747][673]LogModuleManager: Shutting down and abandoning module ContentBrowser (225)
[2017.05.31-23.44.03:748][673]LogModuleManager: Shutting down and abandoning module PhysXVehiclesEditor (222)
[2017.05.31-23.44.03:748][673]LogModuleManager: Shutting down and abandoning module PhysXVehicles (220)
[2017.05.31-23.44.03:748][673]LogModuleManager: Shutting down and abandoning module LocationServicesBPLibrary (218)
[2017.05.31-23.44.03:748][673]LogModuleManager: Shutting down and abandoning module UdpMessaging (216)
[2017.05.31-23.44.03:849][673]LogModuleManager: Shutting down and abandoning module TcpMessaging (214)
[2017.05.31-23.44.04:152][673]LogModuleManager: Shutting down and abandoning module GameplayTagsEditor (212)
[2017.05.31-23.44.04:152][673]LogModuleManager: Shutting down and abandoning module FacialAnimationEditor (210)
[2017.05.31-23.44.04:152][673]LogModuleManager: Shutting down and abandoning module FacialAnimation (208)
[2017.05.31-23.44.04:152][673]LogModuleManager: Shutting down and abandoning module LightPropagationVolumeRuntime (206)
[2017.05.31-23.44.04:152][673]LogModuleManager: Shutting down and abandoning module Paper2D (204)
[2017.05.31-23.44.04:152][673]LogModuleManager: Shutting down and abandoning module WindowsMoviePlayer (202)
[2017.05.31-23.44.04:152][673]LogModuleManager: Shutting down and abandoning module WmfMedia (200)
[2017.05.31-23.44.04:152][673]LogModuleManager: Shutting down and abandoning module MfMedia (198)
[2017.05.31-23.44.04:152][673]LogModuleManager: Shutting down and abandoning module MediaAssets (196)
[2017.05.31-23.44.04:152][673]LogModuleManager: Shutting down and abandoning module GameLiveStreaming (194)
[2017.05.31-23.44.04:152][673]LogModuleManager: Shutting down and abandoning module VREditor (192)
[2017.05.31-23.44.04:152][673]LogModuleManager: Shutting down and abandoning module GameplayTasksEditor (190)
[2017.05.31-23.44.04:152][673]LogModuleManager: Shutting down and abandoning module BehaviorTreeEditor (188)
[2017.05.31-23.44.04:152][673]LogModuleManager: Shutting down and abandoning module FunctionalTesting (186)
[2017.05.31-23.44.04:152][673]LogModuleManager: Shutting down and abandoning module CollisionAnalyzer (184)
[2017.05.31-23.44.04:152][673]LogModuleManager: Shutting down and abandoning module UMG (182)
[2017.05.31-23.44.04:152][673]LogModuleManager: Shutting down and abandoning module UMGEditor (181)
[2017.05.31-23.44.04:152][673]LogModuleManager: Shutting down and abandoning module Sequencer (180)
[2017.05.31-23.44.04:153][673]LogModuleManager: Shutting down and abandoning module AssetTools (178)
[2017.05.31-23.44.04:153][673]LogModuleManager: Shutting down and abandoning module MessageLog (177)
[2017.05.31-23.44.04:153][673]LogModuleManager: Shutting down and abandoning module WorkspaceMenuStructure (176)
[2017.05.31-23.44.04:153][673]LogModuleManager: Shutting down and abandoning module SlateReflector (170)
[2017.05.31-23.44.04:153][673]LogModuleManager: Shutting down and abandoning module Slate (168)
[2017.05.31-23.44.04:153][673]LogModuleManager: Shutting down and abandoning module EditorStyle (166)
[2017.05.31-23.44.04:155][673]LogModuleManager: Shutting down and abandoning module SourceCodeAccess (164)
[2017.05.31-23.44.04:155][673]LogModuleManager: Shutting down and abandoning module HeadMountedDisplay (162)
[2017.05.31-23.44.04:155][673]LogModuleManager: Shutting down and abandoning module XAudio2 (160)
[2017.05.31-23.44.04:155][673]LogModuleManager: Shutting down and abandoning module Networking (158)
[2017.05.31-23.44.04:155][673]LogModuleManager: Shutting down and abandoning module Core (154)
[2017.05.31-23.44.04:155][673]LogModuleManager: Shutting down and abandoning module AssetRegistry (152)
[2017.05.31-23.44.04:283][673]LogDirectoryWatcher: A directory notification for '../../../Engine/Content/' was aborted.
[2017.05.31-23.44.04:283][673]LogDirectoryWatcher: A directory notification for '../../../../../../Users/E201426998/Desktop/User_Interface/Content/' was aborted.
[2017.05.31-23.44.04:283][673]LogDirectoryWatcher: A directory notification for '../../../Engine/Plugins/2D/Paper2D/Content/' was aborted.
[2017.05.31-23.44.04:283][673]LogModuleManager: Shutting down and abandoning module DirectoryWatcher (151)
[2017.05.31-23.44.04:283][673]LogModuleManager: Shutting down and abandoning module KismetCompiler (148)
[2017.05.31-23.44.04:283][673]LogModuleManager: Shutting down and abandoning module PhysXFormats (146)
[2017.05.31-23.44.04:283][673]LogModuleManager: Shutting down and abandoning module MeshUtilities (144)
[2017.05.31-23.44.04:283][673]LogModuleManager: Shutting down and abandoning module SimplygonSwarm (143)
[2017.05.31-23.44.04:283][673]LogModuleManager: Shutting down and abandoning module SimplygonMeshReduction (141)
[2017.05.31-23.44.04:283][673]LogModuleManager: Shutting down and abandoning module QuadricMeshReduction (139)
[2017.05.31-23.44.04:283][673]LogModuleManager: Shutting down and abandoning module PropertyEditor (137)
[2017.05.31-23.44.04:283][673]LogModuleManager: Shutting down and abandoning module DerivedDataCache (134)
[2017.05.31-23.44.04:355][673]LogDerivedDataCache: Shutdown
[2017.05.31-23.44.04:355][673]LogModuleManager: Shutting down and abandoning module TargetPlatform (132)
[2017.05.31-23.44.04:355][673]LogModuleManager: Shutting down and abandoning module VulkanShaderFormat (131)
[2017.05.31-23.44.04:355][673]LogModuleManager: Shutting down and abandoning module ShaderFormatOpenGL (129)
[2017.05.31-23.44.04:355][673]LogModuleManager: Shutting down and abandoning module ShaderFormatD3D (127)
[2017.05.31-23.44.04:355][673]LogModuleManager: Shutting down and abandoning module MetalShaderFormat (125)
[2017.05.31-23.44.04:355][673]LogModuleManager: Shutting down and abandoning module TextureFormatUncompressed (123)
[2017.05.31-23.44.04:355][673]LogModuleManager: Shutting down and abandoning module TextureFormatPVR (121)
[2017.05.31-23.44.04:355][673]LogModuleManager: Shutting down and abandoning module TextureFormatDXT (119)
[2017.05.31-23.44.04:355][673]LogModuleManager: Shutting down and abandoning module TextureFormatIntelISPCTexComp (117)
[2017.05.31-23.44.04:355][673]LogModuleManager: Shutting down and abandoning module TextureFormatASTC (115)
[2017.05.31-23.44.04:355][673]LogModuleManager: Shutting down and abandoning module ImageWrapper (114)
[2017.05.31-23.44.04:355][673]LogModuleManager: Shutting down and abandoning module TextureFormatAndroid (111)
[2017.05.31-23.44.04:355][673]LogModuleManager: Shutting down and abandoning module AudioFormatOpus (109)
[2017.05.31-23.44.04:355][673]LogModuleManager: Shutting down and abandoning module AudioFormatOgg (107)
[2017.05.31-23.44.04:355][673]LogModuleManager: Shutting down and abandoning module AudioFormatADPCM (105)
[2017.05.31-23.44.04:355][673]LogModuleManager: Shutting down and abandoning module LinuxTargetPlatform (103)
[2017.05.31-23.44.04:355][673]LogModuleManager: Shutting down and abandoning module LinuxServerTargetPlatform (101)
[2017.05.31-23.44.04:355][673]LogModuleManager: Shutting down and abandoning module LinuxNoEditorTargetPlatform (99)
[2017.05.31-23.44.04:355][673]LogModuleManager: Shutting down and abandoning module LinuxClientTargetPlatform (97)
[2017.05.31-23.44.04:355][673]LogModuleManager: Shutting down and abandoning module TVOSTargetPlatform (95)
[2017.05.31-23.44.04:355][673]LogModuleManager: Shutting down and abandoning module Messaging (93)
[2017.05.31-23.44.04:355][673]LogModuleManager: Shutting down and abandoning module IOSTargetPlatform (91)
[2017.05.31-23.44.04:355][673]LogModuleManager: Shutting down and abandoning module HTML5TargetPlatform (89)
[2017.05.31-23.44.04:355][673]LogModuleManager: Shutting down and abandoning module Android_PVRTCTargetPlatform (87)
[2017.05.31-23.44.04:355][673]LogModuleManager: Shutting down and abandoning module Android_MultiTargetPlatform (85)
[2017.05.31-23.44.04:355][673]LogModuleManager: Shutting down and abandoning module Android_ETC2TargetPlatform (83)
[2017.05.31-23.44.04:355][673]LogModuleManager: Shutting down and abandoning module Android_ETC1TargetPlatform (81)
[2017.05.31-23.44.04:355][673]LogModuleManager: Shutting down and abandoning module Android_DXTTargetPlatform (79)
[2017.05.31-23.44.04:355][673]LogModuleManager: Shutting down and abandoning module Android_ATCTargetPlatform (77)
[2017.05.31-23.44.04:355][673]LogModuleManager: Shutting down and abandoning module Android_ASTCTargetPlatform (75)
[2017.05.31-23.44.04:355][673]LogModuleManager: Shutting down and abandoning module AndroidTargetPlatform (73)
[2017.05.31-23.44.04:355][673]LogModuleManager: Shutting down and abandoning module WindowsTargetPlatform (71)
[2017.05.31-23.44.04:355][673]LogModuleManager: Shutting down and abandoning module WindowsServerTargetPlatform (69)
[2017.05.31-23.44.04:355][673]LogModuleManager: Shutting down and abandoning module WindowsNoEditorTargetPlatform (67)
[2017.05.31-23.44.04:355][673]LogModuleManager: Shutting down and abandoning module WindowsClientTargetPlatform (65)
[2017.05.31-23.44.04:355][673]LogModuleManager: Shutting down and abandoning module MacTargetPlatform (63)
[2017.05.31-23.44.04:355][673]LogModuleManager: Shutting down and abandoning module MacServerTargetPlatform (61)
[2017.05.31-23.44.04:355][673]LogModuleManager: Shutting down and abandoning module MacNoEditorTargetPlatform (59)
[2017.05.31-23.44.04:355][673]LogModuleManager: Shutting down and abandoning module MacClientTargetPlatform (57)
[2017.05.31-23.44.04:355][673]LogModuleManager: Shutting down and abandoning module AllDesktopTargetPlatform (55)
[2017.05.31-23.44.04:355][673]LogModuleManager: Shutting down and abandoning module InputCore (52)
[2017.05.31-23.44.04:355][673]LogModuleManager: Shutting down and abandoning module Settings (50)
[2017.05.31-23.44.04:355][673]LogModuleManager: Shutting down and abandoning module OculusRift (48)
[2017.05.31-23.44.04:355][673]LogModuleManager: Shutting down and abandoning module GearVR (46)
[2017.05.31-23.44.04:355][673]LogModuleManager: Shutting down and abandoning module ExampleDeviceProfileSelector (44)
[2017.05.31-23.44.04:355][673]LogModuleManager: Shutting down and abandoning module OnlineBlueprintSupport (42)
[2017.05.31-23.44.04:356][673]LogModuleManager: Shutting down and abandoning module OnlineSubsystem (38)
[2017.05.31-23.44.04:356][673]LogOnline:Display: Unloading online subsystem: NULL
[2017.05.31-23.44.04:356][673]LogModuleManager: Shutting down and abandoning module XMPP (37)
[2017.05.31-23.44.04:356][673]LogModuleManager: Shutting down and abandoning module HTTP (35)
[2017.05.31-23.44.04:356][673]LogHttp:Display: Http module shutting down, but needs to wait on 1 outstanding Http requests:
[2017.05.31-23.44.04:356][673]LogHttp:Display: 	verb=[POST] url=[https://datarouter.ol.epicgames.com/datarouter/api/v1/public/data?SessionID=%7B7CEFC2FC-41B1-4053-1AC6-0D8CC1D00939%7D&AppID=UEEditor.Rocket.Release&AppVersion=4.15.1-3348071%2B%2B%2BUE4%2BRelease-4.15&UserID=03f5b9084c8592a9ad5e2ca9333d2e39%7C%7Cdc9af54f-e49b-4e07-9b8b-d8015680417c&AppEnvironment=datacollector-binary&UploadType=eteventstream] status=Processing
[2017.05.31-23.44.04:375][673]LogModuleManager: Shutting down and abandoning module SSL (34)
[2017.05.31-23.44.04:376][673]LogModuleManager: Shutting down and abandoning module AudioEditor (30)
[2017.05.31-23.44.04:376][673]LogModuleManager: Shutting down and abandoning module TextureCompressor (28)
[2017.05.31-23.44.04:376][673]LogModuleManager: Shutting down and abandoning module ShaderCore (26)
[2017.05.31-23.44.04:376][673]LogModuleManager: Shutting down and abandoning module Landscape (24)
[2017.05.31-23.44.04:376][673]LogModuleManager: Shutting down and abandoning module SlateRHIRenderer (22)
[2017.05.31-23.44.04:377][673]LogModuleManager: Shutting down and abandoning module OpenGLDrv (20)
[2017.05.31-23.44.04:377][673]LogModuleManager: Shutting down and abandoning module D3D11RHI (18)
[2017.05.31-23.44.04:377][673]LogModuleManager: Shutting down and abandoning module AnimGraphRuntime (16)
[2017.05.31-23.44.04:377][673]LogModuleManager: Shutting down and abandoning module Renderer (14)
[2017.05.31-23.44.04:377][673]LogModuleManager: Shutting down and abandoning module Engine (12)
[2017.05.31-23.44.04:377][673]LogModuleManager: Shutting down and abandoning module CoreUObject (10)
[2017.05.31-23.44.04:377][673]LogModuleManager: Shutting down and abandoning module NetworkFile (8)
[2017.05.31-23.44.04:377][673]LogModuleManager: Shutting down and abandoning module StreamingFile (6)
[2017.05.31-23.44.04:377][673]LogModuleManager: Shutting down and abandoning module SandboxFile (4)
[2017.05.31-23.44.04:377][673]LogModuleManager: Shutting down and abandoning module PakFile (2)
[2017.05.31-23.44.04:378][673]LogExit: Exiting.
[2017.05.31-23.44.04:380][673]Log file closed, 06/01/17 09:44:04
