Log file open, 05/29/17 12:18:44
LogInit:Display: Running engine for game: User_Interface
LogPlatformFile: Not using cached read wrapper
LogInit:Display: RandInit(371237391) SRandInit(371237391).
LogTaskGraph: Started task graph with 5 named threads and 8 total threads with 1 sets of task threads.
LogStats: Stats thread started at 0.078192
LogInit: Using libcurl 7.47.1
LogInit:  - built for x86_64-pc-win32
LogInit:  - supports SSL with OpenSSL/1.0.2g
LogInit:  - supports HTTP deflate (compression) using libz 1.2.8
LogInit:  - other features:
LogInit:      CURL_VERSION_SSL
LogInit:      CURL_VERSION_LIBZ
LogInit:      CURL_VERSION_IPV6
LogInit:      CURL_VERSION_ASYNCHDNS
LogInit:      CURL_VERSION_LARGEFILE
LogInit:      CURL_VERSION_IDN
LogInit:  CurlRequestOptions (configurable via config and command line):
LogInit:  - bVerifyPeer = false  - Libcurl will NOT verify peer certificate
LogInit:  - bUseHttpProxy = false  - Libcurl will NOT use HTTP proxy
LogInit:  - bDontReuseConnections = false  - Libcurl will reuse connections
LogInit:  - CertBundlePath = nullptr  - Libcurl will use whatever was configured at build time.
LogInit: Build: ++UE4+Release-4.15-CL-3348071
LogInit: Engine Version: 4.15.1-3348071+++UE4+Release-4.15
LogInit: Compatible Engine Version: 4.15.0-3299760+++UE4+Release-4.15
LogInit: Net CL: 3299760
LogDevObjectVersion: Number of dev versions registered: 14
LogDevObjectVersion:   Dev-Blueprints (B0D832E4-1F89-4F0D-ACCF-7EB736FD4AA2): 8
LogDevObjectVersion:   Dev-Build (E1C64328-A22C-4D53-A36C-8E866417BD8C): 0
LogDevObjectVersion:   Dev-Core (375EC13C-06E4-48FB-B500-84F0262A717E): 2
LogDevObjectVersion:   Dev-Editor (E4B068ED-F494-42E9-A231-DA0B2E46BB41): 14
LogDevObjectVersion:   Dev-Framework (CFFC743F-43B0-4480-9391-14DF171D2073): 22
LogDevObjectVersion:   Dev-Mobile (B02B49B5-BB20-44E9-A304-32B752E40360): 0
LogDevObjectVersion:   Dev-Networking (A4E4105C-59A1-49B5-A7C5-40C4547EDFEE): 0
LogDevObjectVersion:   Dev-Online (39C831C9-5AE6-47DC-9A44-9C173E1C8E7C): 0
LogDevObjectVersion:   Dev-Physics (78F01B33-EBEA-4F98-B9B4-84EACCB95AA2): 0
LogDevObjectVersion:   Dev-Platform (6631380F-2D4D-43E0-8009-CF276956A95A): 0
LogDevObjectVersion:   Dev-Rendering (12F88B9F-8875-4AFC-A67C-D90C383ABD29): 12
LogDevObjectVersion:   Dev-Sequencer (7B5AE74C-D270-4C10-A958-57980B212A5A): 3
LogDevObjectVersion:   Dev-VR (D7296918-1DD6-4BDD-9DE2-64A83CC13884): 0
LogDevObjectVersion:   Dev-LoadTimes (C2A15278-BFE7-4AFE-6C17-90FF531DF755): 1
LogInit: Compiled (64-bit): Mar 15 2017 16:52:47
LogInit: Compiled with Visual C++: 19.00.23026.00
LogInit: Build Configuration: Development
LogInit: Branch Name: ++UE4+Release-4.15
LogInit: Command line: 
LogInit: Base directory: C:/Program Files/Epic Games/UE_4.15/Engine/Binaries/Win64/
LogInit: Installed Engine Build: 1
LogInit: Presizing for max 8388607 objects, including 0 objects not considered by GC, pre-allocating 0 bytes for permanent pool.
LogInit: Object subsystem initialized
[2017.05.29-02.18.45:329][  0]LogInit: Selected Device Profile: [Windows]
[2017.05.29-02.18.45:329][  0]LogInit: Applying CVar settings loaded from the selected device profile: [Windows]
[2017.05.29-02.18.45:335][  0]LogInit: Computer: BN5PF42
[2017.05.29-02.18.45:335][  0]LogInit: User: E201426998
[2017.05.29-02.18.45:335][  0]LogInit: CPU Page size=65536, Cores=4
[2017.05.29-02.18.45:335][  0]LogInit: High frequency timer resolution =3.515625 MHz
[2017.05.29-02.18.45:335][  0]LogMemory: Memory total: Physical=15.9GB (16GB approx)
[2017.05.29-02.18.45:335][  0]LogMemory: Platform Memory Stats for Windows
[2017.05.29-02.18.45:335][  0]LogMemory: Process Physical Memory: 263.78 MB used, 263.78 MB peak
[2017.05.29-02.18.45:335][  0]LogMemory: Process Virtual Memory: 262.60 MB used, 262.60 MB peak
[2017.05.29-02.18.45:335][  0]LogMemory: Physical Memory: 4499.89 MB used,  11798.99 MB free, 16298.88 MB total
[2017.05.29-02.18.45:335][  0]LogMemory: Virtual Memory: 644.90 MB used,  11798.99 MB free, 134217728.00 MB total
[2017.05.29-02.18.45:407][  0]LogTextLocalizationManager: No specific translations for ('en-AU') exist, so ('en') translations will be used.
[2017.05.29-02.18.45:935][  0]LogD3D11RHI: D3D11 adapters:
[2017.05.29-02.18.45:944][  0]LogD3D11RHI:    0. 'AMD Radeon(TM) R9 270' (Feature Level 11_0)
[2017.05.29-02.18.45:944][  0]LogD3D11RHI:       2030/0/8149 MB DedicatedVideo/DedicatedSystem/SharedSystem, Outputs:1, VendorId:0x1002
[2017.05.29-02.18.45:950][  0]LogD3D11RHI:    1. 'Intel(R) HD Graphics 4600' (Feature Level 11_0)
[2017.05.29-02.18.45:950][  0]LogD3D11RHI:       112/0/2048 MB DedicatedVideo/DedicatedSystem/SharedSystem, Outputs:0, VendorId:0x8086
[2017.05.29-02.18.45:951][  0]LogD3D11RHI:    2. 'Microsoft Basic Render Driver' (Feature Level 11_0)
[2017.05.29-02.18.45:951][  0]LogD3D11RHI:       0/0/8149 MB DedicatedVideo/DedicatedSystem/SharedSystem, Outputs:0, VendorId:0x1414
[2017.05.29-02.18.45:951][  0]LogD3D11RHI: Chosen D3D11 Adapter: 0
[2017.05.29-02.18.45:955][  0]LogD3D11RHI: Creating new Direct3DDevice
[2017.05.29-02.18.45:955][  0]LogD3D11RHI:     GPU DeviceId: 0x6811 (for the marketing name, search the web for "GPU Device Id")
[2017.05.29-02.18.45:955][  0]LogWindows: EnumDisplayDevices:
[2017.05.29-02.18.45:955][  0]LogWindows:    0. 'AMD Radeon(TM) R9 270' (P:1 D:1)
[2017.05.29-02.18.45:955][  0]LogWindows:    1. 'AMD Radeon(TM) R9 270' (P:0 D:0)
[2017.05.29-02.18.45:956][  0]LogWindows:    2. 'AMD Radeon(TM) R9 270' (P:0 D:0)
[2017.05.29-02.18.45:956][  0]LogWindows:    3. 'AMD Radeon(TM) R9 270' (P:0 D:0)
[2017.05.29-02.18.45:956][  0]LogWindows:    4. 'AMD Radeon(TM) R9 270' (P:0 D:0)
[2017.05.29-02.18.45:956][  0]LogWindows:    5. 'AMD Radeon(TM) R9 270' (P:0 D:0)
[2017.05.29-02.18.45:956][  0]LogWindows:    6. 'Intel(R) HD Graphics 4600' (P:0 D:0)
[2017.05.29-02.18.45:956][  0]LogWindows:    7. 'Intel(R) HD Graphics 4600' (P:0 D:0)
[2017.05.29-02.18.45:957][  0]LogWindows:    8. 'Intel(R) HD Graphics 4600' (P:0 D:0)
[2017.05.29-02.18.45:957][  0]LogWindows: DebugString: PrimaryIsNotTheChoosenAdapter PrimaryIsNotTheChoosenAdapter PrimaryIsNotTheChoosenAdapter FoundDriverCount:6 
[2017.05.29-02.18.45:957][  0]LogD3D11RHI:     Adapter Name: AMD Radeon(TM) R9 270
[2017.05.29-02.18.45:957][  0]LogD3D11RHI:   Driver Version: Crimson 15.11 (internal:15.301.1701.0, unified:15.301.1701.0)
[2017.05.29-02.18.45:957][  0]LogD3D11RHI:      Driver Date: 1-13-2016
[2017.05.29-02.18.45:957][  0]LogRHI: Texture pool is 1361 MB (70% of 1945 MB)
[2017.05.29-02.18.46:026][  0]LogD3D11RHI: Async texture creation enabled
[2017.05.29-02.18.46:037][  0]LogD3D11RHI: GPU Timing Frequency: 27.000000 (Debug: 2 1)
[2017.05.29-02.18.46:038][  0]LogShaderCompilers: Guid format shader working directory is -7 characters bigger than the processId version (../../../../../../Users/E201426998/Desktop/User_Interface/Intermediate/Shaders/WorkingDirectory/10704/).
[2017.05.29-02.18.46:038][  0]LogShaderCompilers: Cleaned the shader compiler working directory 'C:/Users/E201426998/AppData/Local/Temp/UnrealShaderWorkingDir/D2C5BF6F4ED49D1371EB3DA840A34966/'.
[2017.05.29-02.18.46:038][  0]LogShaderCompilers:Display: Using Local Shader Compiler.
[2017.05.29-02.18.46:940][  0]LogTemp:Display: Loaded TP AllDesktopTargetPlatform
[2017.05.29-02.18.46:991][  0]LogTemp:Display: Loaded TP MacClientTargetPlatform
[2017.05.29-02.18.47:041][  0]LogTemp:Display: Loaded TP MacNoEditorTargetPlatform
[2017.05.29-02.18.47:091][  0]LogTemp:Display: Loaded TP MacServerTargetPlatform
[2017.05.29-02.18.47:141][  0]LogTemp:Display: Loaded TP MacTargetPlatform
[2017.05.29-02.18.47:192][  0]LogTemp:Display: Loaded TP WindowsClientTargetPlatform
[2017.05.29-02.18.47:241][  0]LogTemp:Display: Loaded TP WindowsNoEditorTargetPlatform
[2017.05.29-02.18.47:291][  0]LogTemp:Display: Loaded TP WindowsServerTargetPlatform
[2017.05.29-02.18.47:333][  0]LogTemp:Display: Loaded TP WindowsTargetPlatform
[2017.05.29-02.18.47:382][  0]LogTemp:Display: Loaded TP AndroidTargetPlatform
[2017.05.29-02.18.47:431][  0]LogTemp:Display: Loaded TP Android_ASTCTargetPlatform
[2017.05.29-02.18.47:479][  0]LogTemp:Display: Loaded TP Android_ATCTargetPlatform
[2017.05.29-02.18.47:528][  0]LogTemp:Display: Loaded TP Android_DXTTargetPlatform
[2017.05.29-02.18.47:579][  0]LogTemp:Display: Loaded TP Android_ETC1TargetPlatform
[2017.05.29-02.18.47:629][  0]LogTemp:Display: Loaded TP Android_ETC2TargetPlatform
[2017.05.29-02.18.47:728][  0]LogTemp:Display: Loaded TP Android_MultiTargetPlatform
[2017.05.29-02.18.47:728][  0]LogTemp:Display: Loaded TP Android_PVRTCTargetPlatform
[2017.05.29-02.18.47:763][  0]LogTemp:Display: Loaded TP HTML5TargetPlatform
[2017.05.29-02.18.47:855][  0]LogTemp:Display: Loaded TP IOSTargetPlatform
[2017.05.29-02.18.47:887][  0]LogTemp:Display: Loaded TP TVOSTargetPlatform
[2017.05.29-02.18.47:936][  0]LogTemp:Display: Loaded TP LinuxClientTargetPlatform
[2017.05.29-02.18.47:985][  0]LogTemp:Display: Loaded TP LinuxNoEditorTargetPlatform
[2017.05.29-02.18.48:035][  0]LogTemp:Display: Loaded TP LinuxServerTargetPlatform
[2017.05.29-02.18.48:084][  0]LogTemp:Display: Loaded TP LinuxTargetPlatform
[2017.05.29-02.18.48:084][  0]LogTargetPlatformManager:Display: Building Assets For Windows
[2017.05.29-02.18.48:489][  0]LogDerivedDataCache:Display: Max Cache Size: 512 MB
[2017.05.29-02.18.48:532][  0]LogDerivedDataCache: Loaded boot cache 0.04s 50MB C:/Users/E201426998/AppData/Local/UnrealEngine/4.15/DerivedDataCache/Boot.ddc.
[2017.05.29-02.18.48:532][  0]LogDerivedDataCache:Display: Loaded Boot cache: C:/Users/E201426998/AppData/Local/UnrealEngine/4.15/DerivedDataCache/Boot.ddc
[2017.05.29-02.18.48:532][  0]LogDerivedDataCache: FDerivedDataBackendGraph:  Pak pak cache file ../../../../../../Users/E201426998/Desktop/User_Interface/DerivedDataCache/DDC.ddp not found, will not use a pak cache.
[2017.05.29-02.18.48:532][  0]LogDerivedDataCache: Unable to find inner node Pak for hierarchical cache Hierarchy.
[2017.05.29-02.18.48:532][  0]LogDerivedDataCache: FDerivedDataBackendGraph:  CompressedPak pak cache file ../../../../../../Users/E201426998/Desktop/User_Interface/DerivedDataCache/Compressed.ddp not found, will not use a pak cache.
[2017.05.29-02.18.48:532][  0]LogDerivedDataCache: Unable to find inner node CompressedPak for hierarchical cache Hierarchy.
[2017.05.29-02.18.48:547][  0]LogDerivedDataCache:Display: Pak cache opened for reading ../../../Engine/DerivedDataCache/Compressed.ddp.
[2017.05.29-02.18.48:559][  0]LogDerivedDataCache: Using Local data cache path C:/Users/E201426998/AppData/Local/UnrealEngine/Common/DerivedDataCache: Writable
[2017.05.29-02.18.48:566][  0]LogSlate: Using Freetype 2.6.0
[2017.05.29-02.18.48:567][  0]LogSlate: SlateFontCache - WITH_FREETYPE: 1, WITH_HARFBUZZ: 1
[2017.05.29-02.18.48:567][  0]LogSlate: SlateFontCache - WITH_FREETYPE: 1, WITH_HARFBUZZ: 1
[2017.05.29-02.18.48:791][  0]LogInit: Selected Device Profile: [Windows]
[2017.05.29-02.18.48:793][  0]LogContentStreaming: Texture pool size is 0.00 MB
[2017.05.29-02.18.48:985][  0]LogMeshUtilities: Using QuadricMeshReduction for automatic static mesh reduction
[2017.05.29-02.18.49:025][  0]LogSimplygon: Simplygon DLL not present - disabling.
[2017.05.29-02.18.49:069][  0]LogMeshUtilities: Using SimplygonSwarm for distributed automatic mesh merging
[2017.05.29-02.18.49:069][  0]LogMeshUtilities: No automatic skeletal mesh reduction module available
[2017.05.29-02.18.49:069][  0]LogMeshUtilities: No automatic mesh merging module available
[2017.05.29-02.18.49:530][  0]LogNetVersion: GetLocalNetworkVersion: CL: 3299760, ProjectName: user_interface, ProjectVersion: , EngineNetworkVersion: 2, GameNetworkVersion: 0, NetworkChecksum: 580496337
[2017.05.29-02.18.49:575][  0]LogAssetRegistry: FAssetRegistry took 0.0219 seconds to start up
[2017.05.29-02.18.49:633][  0]LogPackageLocalizationCache: Processed 3 localized package path(s) for 2 prioritized culture(s) in 0.034626 seconds
[2017.05.29-02.18.49:638][  0]LogUObjectArray: 32493 objects as part of root set at end of initial load.
[2017.05.29-02.18.49:638][  0]LogUObjectAllocator: 7077024 out of 0 bytes used by permanent object pool.
[2017.05.29-02.18.49:638][  0]LogUObjectArray: CloseDisregardForGC: 0/0 objects in disregard for GC pool
[2017.05.29-02.18.49:703][  0]LogInit: WinSock: version 1.1 (2.2), MaxSocks=32767, MaxUdp=65467
[2017.05.29-02.18.51:248][  0]LogTcpMessaging: Initializing TcpMessaging bridge
[2017.05.29-02.18.51:287][  0]LogUdpMessaging: Initializing bridge on interface 0.0.0.0:0 to multicast group 230.0.0.1:6666.
[2017.05.29-02.18.51:728][  0]LogMaterial: Uniform references updated for custom material expression Custom.
[2017.05.29-02.18.52:092][  0]SourceControl: Info Source control is disabled
[2017.05.29-02.18.52:133][  0]SourceControl: Info Source control is disabled
[2017.05.29-02.18.52:179][  0]SourceControl: Info Source control is disabled
[2017.05.29-02.18.52:226][  0]SourceControl: Info Source control is disabled
[2017.05.29-02.18.53:469][  0]LogEngine: Initializing Engine...
[2017.05.29-02.18.53:469][  0]LogHMD: Failed to initialize OpenVR with code 110
[2017.05.29-02.18.53:676][  0]LogAIModule: Creating AISystem for world Untitled
[2017.05.29-02.18.53:682][  0]LogInit: XAudio2 using 'Realtek Digital Output (Realtek Audio)' : 2 channels at 48 kHz using 16 bits per sample (channel mask 0x3)
[2017.05.29-02.18.53:709][  0]LogInit: FAudioDevice initialized.
[2017.05.29-02.18.53:733][  0]LogDerivedDataCache: Saved boot cache 0.02s 50MB C:/Users/E201426998/AppData/Local/UnrealEngine/4.15/DerivedDataCache/Boot.ddc.
[2017.05.29-02.18.53:736][  0]LogInit: Texture streaming: Enabled
[2017.05.29-02.18.53:830][  0]LogEngineSessionManager: EngineSessionManager initialized
[2017.05.29-02.18.53:913][  0]LogInit: Transaction tracking system initialized
[2017.05.29-02.18.54:250][  0]BlueprintLog: New page: Editor Load
[2017.05.29-02.18.55:111][  0]LocalizationService: Info Localization service is disabled
[2017.05.29-02.18.55:754][  0]LogConsoleResponse:Display: 
[2017.05.29-02.18.55:872][  0]LogCook:Display: Max memory allowance for cook 16384mb min free memory 0mb
[2017.05.29-02.18.55:872][  0]LogCook:Display: Mobile HDR setting 1
[2017.05.29-02.18.56:133][  0]LogFileCache: Scanning file cache for directory 'C:/Users/E201426998/Desktop/User_Interface/Content/' took 0.02s
[2017.05.29-02.18.56:853][  0]SourceControl: Info Source control is disabled
[2017.05.29-02.18.56:853][  0]Cmd: MAP LOAD FILE="../../../../../../Users/E201426998/Desktop/User_Interface/Content/FirstPersonBP/Maps/MenuMap.umap" TEMPLATE=0 SHOWPROGRESS=1 FEATURELEVEL=3
[2017.05.29-02.18.56:853][  0]LightingResults: New page: Lighting Build
[2017.05.29-02.18.56:891][  0]MapCheck: New page: Map Check
[2017.05.29-02.18.56:891][  0]LightingResults: New page: Lighting Build
[2017.05.29-02.18.57:051][  0]LogTexture:Display: Building textures: ExampleBackground (AutoDXT, 1920X1080) - 45 MB total VRAM
[2017.05.29-02.18.58:874][  0]LogAIModule: Creating AISystem for world MenuMap
[2017.05.29-02.18.58:905][  0]LogEditorServer: Finished looking for orphan Actors (0.000 secs)
[2017.05.29-02.18.58:905][  0]Cmd: MAP CHECKDEP NOCLEARLOG
[2017.05.29-02.18.58:942][  0]MapCheck: Info Map check complete: 0 Error(s), 0 Warning(s), took 36.615ms to complete.
[2017.05.29-02.18.58:942][  0]LogFileHelpers: Loading map 'MenuMap' took 2.089
[2017.05.29-02.18.58:993][  0]LogWindowsTextInputMethodSystem:Display: IME system now deactivated.
[2017.05.29-02.18.59:093][  0]LogCollectionManager: Loaded 0 collections in 0.001574 seconds
[2017.05.29-02.18.59:168][  0]LogFileCache: Scanning file cache for directory 'C:/Users/E201426998/Desktop/User_Interface/Saved/Collections/' took 0.01s
[2017.05.29-02.18.59:168][  0]LogFileCache: Scanning file cache for directory 'C:/Users/E201426998/Desktop/User_Interface/Content/Developers/E201426998/Collections/' took 0.01s
[2017.05.29-02.18.59:168][  0]LogFileCache: Scanning file cache for directory 'C:/Users/E201426998/Desktop/User_Interface/Content/Collections/' took 0.01s
[2017.05.29-02.18.59:168][  0]LogCollectionManager: Rebuilt the GUID cache for 0 collections in 0.000001 seconds
[2017.05.29-02.18.59:175][  0]LogContentBrowser: Native class hierarchy populated in 0.0071 seconds. Added 2245 classes and 453 folders.
[2017.05.29-02.18.59:178][  0]LogStats: UGameplayTagsManager::ConstructGameplayTagTree: Construct from data asset -  0.000 s
[2017.05.29-02.18.59:178][  0]LogStats: UGameplayTagsManager::ConstructGameplayTagTree: GameplayTagTreeChangedEvent.Broadcast -  0.000 s
[2017.05.29-02.18.59:238][  0]LogContentBrowser: Native class hierarchy updated for 'WidgetCarousel' in 0.0005 seconds. Added 0 classes and 0 folders.
[2017.05.29-02.18.59:277][  0]LogContentBrowser: Native class hierarchy updated for 'AddContentDialog' in 0.0004 seconds. Added 0 classes and 0 folders.
[2017.05.29-02.18.59:318][  0]LogContentBrowser: Native class hierarchy updated for 'SceneOutliner' in 0.0004 seconds. Added 1 classes and 2 folders.
[2017.05.29-02.18.59:401][  0]LogCrashTracker: Crashtracker disabled due to settings.
[2017.05.29-02.18.59:406][  0]LogUObjectGlobals:Warning: Failed to find object 'Class None.'
[2017.05.29-02.18.59:469][  0]LogContentBrowser: Native class hierarchy updated for 'HierarchicalLODOutliner' in 0.0005 seconds. Added 1 classes and 2 folders.
[2017.05.29-02.18.59:469][  0]LogLoad: (Engine Initialization) Total time: 15.78 seconds
[2017.05.29-02.18.59:469][  0]LogLoad: (Engine Initialization) Total Blueprint compile time: 0.07 seconds
[2017.05.29-02.18.59:469][  0]LogExternalProfiler: Found external profiler: VSPerf
[2017.05.29-02.18.59:469][  0]LogExternalProfiler: Using external profiler: VSPerf
[2017.05.29-02.18.59:479][  0]LogOcInput: OculusInput pre-init called
[2017.05.29-02.18.59:499][  0]LogContentStreaming: Texture pool size now 1000 MB
[2017.05.29-02.18.59:500][  0]LogSlate: Took 0.000218 seconds to synchronously load lazily loaded font '../../../Engine/Content/Slate/Fonts/Roboto-Regular.ttf' (155K)
[2017.05.29-02.18.59:503][  0]LogSlate: Took 0.000212 seconds to synchronously load lazily loaded font '../../../Engine/Content/Slate/Fonts/Roboto-Bold.ttf' (160K)
[2017.05.29-02.18.59:507][  0]LogSlate: Took 0.000147 seconds to synchronously load lazily loaded font '../../../Engine/Content/Editor/Slate/Fonts/FontAwesome.ttf' (139K)
[2017.05.29-02.18.59:605][  0]LogSlate: Took 0.000825 seconds to synchronously load lazily loaded font '../../../Engine/Content/Slate/Fonts/Roboto-Light.ttf' (159K)
[2017.05.29-02.18.59:646][  0]LogRenderer: Reallocating scene render targets to support 1228x576 NumSamples 1 (Frame:2).
[2017.05.29-02.18.59:875][  1]LogAssetRegistry: Asset discovery search completed in 10.3220 seconds
[2017.05.29-02.18.59:875][  1]LogCollectionManager: Rebuilt the object cache for 0 collections in 0.000018 seconds (found 0 objects)
[2017.05.29-02.18.59:875][  1]LogCollectionManager: Fixed up redirectors for 0 collections in 0.000030 seconds (updated 0 objects)
[2017.05.29-02.19.00:493][ 69]LogSlate: Took 0.000229 seconds to synchronously load lazily loaded font '../../../Engine/Content/Slate/Fonts/Roboto-Light.ttf' (159K)
[2017.05.29-02.19.03:313][404]LogTemp: Repeting last play command: New Editor Window (PIE)
[2017.05.29-02.19.03:321][404]LogBlueprintUserMessages: Early PlayInEditor Detection: Level '/Game/FirstPersonBP/Maps/MenuMap.MenuMap:PersistentLevel' has LevelScriptBlueprint '/Game/FirstPersonBP/Maps/MenuMap.MenuMap:PersistentLevel.MenuMap' with GeneratedClass '/Game/FirstPersonBP/Maps/MenuMap.MenuMap_C' with ClassGeneratedBy '/Game/FirstPersonBP/Maps/MenuMap.MenuMap:PersistentLevel.MenuMap'
[2017.05.29-02.19.03:321][404]LogPlayLevel: PlayLevel: No blueprints needed recompiling
[2017.05.29-02.19.03:322][404]PIE: New page: PIE session: MenuMap (29 May 2017 10:19:03 pm)
[2017.05.29-02.19.03:322][404]LogPlayLevel: Creating play world package: /Game/FirstPersonBP/Maps/UEDPIE_0_MenuMap
[2017.05.29-02.19.03:322][404]LogPlayLevel: PIE: StaticDuplicateObject took: (0.000792s)
[2017.05.29-02.19.03:323][404]LogAIModule: Creating AISystem for world MenuMap
[2017.05.29-02.19.03:323][404]LogPlayLevel: PIE: World Init took: (0.000516s)
[2017.05.29-02.19.03:323][404]LogPlayLevel: PIE: Created PIE world by copying editor world from /Game/FirstPersonBP/Maps/MenuMap.MenuMap to /Game/FirstPersonBP/Maps/UEDPIE_0_MenuMap.MenuMap (0.001466s)
[2017.05.29-02.19.03:333][404]LogInit: XAudio2 using 'Realtek Digital Output (Realtek Audio)' : 2 channels at 48 kHz using 16 bits per sample (channel mask 0x3)
[2017.05.29-02.19.03:343][404]LogInit: FAudioDevice initialized.
[2017.05.29-02.19.03:396][404]LogLoad: Game class is 'FirstPersonGameMode_C'
[2017.05.29-02.19.03:399][404]LogWorld: Bringing World /Game/FirstPersonBP/Maps/UEDPIE_0_MenuMap.MenuMap up for play (max tick rate 0) at 2017.05.29-12.19.03
[2017.05.29-02.19.03:399][404]LogWorld: Bringing up level for play took: 0.000970
[2017.05.29-02.19.03:439][404]LogContentBrowser: Native class hierarchy updated for 'MovieSceneCapture' in 0.0006 seconds. Added 11 classes and 0 folders.
[2017.05.29-02.19.03:444][404]PIE: Info Play in editor start time for /Game/FirstPersonBP/Maps/UEDPIE_0_MenuMap 1.029
[2017.05.29-02.19.03:444][404]LogBlueprintUserMessages: Late PlayInEditor Detection: Level '/Game/FirstPersonBP/Maps/MenuMap.MenuMap:PersistentLevel' has LevelScriptBlueprint '/Game/FirstPersonBP/Maps/MenuMap.MenuMap:PersistentLevel.MenuMap' with GeneratedClass '/Game/FirstPersonBP/Maps/MenuMap.MenuMap_C' with ClassGeneratedBy '/Game/FirstPersonBP/Maps/MenuMap.MenuMap:PersistentLevel.MenuMap'
[2017.05.29-02.19.03:470][404]LogRenderer: Reallocating scene render targets to support 1292x756 NumSamples 1 (Frame:401).
[2017.05.29-02.19.05:732][668]Cmd: r.setRes 1920x1080
[2017.05.29-02.19.05:732][668]r.SetRes = "1920x1080"
[2017.05.29-02.19.05:766][668]LogRenderer: Reallocating scene render targets to support 1912x1048 NumSamples 1 (Frame:667).
[2017.05.29-02.19.07:567][842]LogNet: Browse: /Game/FirstPersonBP/Maps/FirstPersonExampleMap
[2017.05.29-02.19.07:567][842]LogLoad: LoadMap: /Game/FirstPersonBP/Maps/FirstPersonExampleMap
[2017.05.29-02.19.07:583][842]Cmd: MEM
[2017.05.29-02.19.07:592][842]LogMemory: Platform Memory Stats for Windows
[2017.05.29-02.19.07:592][842]LogMemory: Process Physical Memory: 955.13 MB used, 960.32 MB peak
[2017.05.29-02.19.07:592][842]LogMemory: Process Virtual Memory: 1532.54 MB used, 1536.65 MB peak
[2017.05.29-02.19.07:592][842]LogMemory: Physical Memory: 5272.74 MB used,  11026.14 MB free, 16298.88 MB total
[2017.05.29-02.19.07:592][842]LogMemory: Virtual Memory: 2264.90 MB used,  11026.14 MB free, 134217728.00 MB total
[2017.05.29-02.19.07:592][842]LogMemory: 
[2017.05.29-02.19.07:592][842]Allocator Stats for TBB: (not implemented)
[2017.05.29-02.19.09:778][842]LogAIModule: Creating AISystem for world FirstPersonExampleMap
[2017.05.29-02.19.09:779][842]LogLoad: Game class is 'FirstPersonGameMode_C'
[2017.05.29-02.19.09:797][842]LogWorld: Bringing World /Game/FirstPersonBP/Maps/UEDPIE_0_FirstPersonExampleMap.FirstPersonExampleMap up for play (max tick rate 0) at 2017.05.29-12.19.09
[2017.05.29-02.19.09:798][842]LogWorld: Bringing up level for play took: 0.018040
[2017.05.29-02.19.09:800][842]LogLoad: Took 2.232432 seconds to LoadMap(/Game/FirstPersonBP/Maps/FirstPersonExampleMap)
[2017.05.29-02.19.29:117][ 84]LogSpawn:Warning: SpawnActor failed because of collision at the spawn location [X=-1511.668 Y=-484.580 Z=323.541] for [FirstPersonProjectile_C]
[2017.05.29-02.19.38:131][664]LogSpawn:Warning: SpawnActor failed because of collision at the spawn location [X=942.129 Y=-1685.486 Z=386.743] for [FirstPersonProjectile_C]
[2017.05.29-02.19.38:310][675]LogSpawn:Warning: SpawnActor failed because of collision at the spawn location [X=959.192 Y=-1708.201 Z=371.751] for [FirstPersonProjectile_C]
[2017.05.29-02.19.38:521][688]LogSpawn:Warning: SpawnActor failed because of collision at the spawn location [X=964.708 Y=-1775.811 Z=361.278] for [FirstPersonProjectile_C]
[2017.05.29-02.19.51:177][531]LogBlueprintUserMessages: Early EndPlayMap Detection: Level '/Game/FirstPersonBP/Maps/MenuMap.MenuMap:PersistentLevel' has LevelScriptBlueprint '/Game/FirstPersonBP/Maps/MenuMap.MenuMap:PersistentLevel.MenuMap' with GeneratedClass '/Game/FirstPersonBP/Maps/MenuMap.MenuMap_C' with ClassGeneratedBy '/Game/FirstPersonBP/Maps/MenuMap.MenuMap:PersistentLevel.MenuMap'
[2017.05.29-02.19.51:225][531]LogBlueprintUserMessages: Late EndPlayMap Detection: Level '/Game/FirstPersonBP/Maps/MenuMap.MenuMap:PersistentLevel' has LevelScriptBlueprint '/Game/FirstPersonBP/Maps/MenuMap.MenuMap:PersistentLevel.MenuMap' with GeneratedClass '/Game/FirstPersonBP/Maps/MenuMap.MenuMap_C' with ClassGeneratedBy '/Game/FirstPersonBP/Maps/MenuMap.MenuMap:PersistentLevel.MenuMap'
[2017.05.29-02.19.52:686][693]LogWindowsTextInputMethodSystem:Display: IME system now deactivated.
[2017.05.29-02.19.52:844][694]Cmd: QUIT_EDITOR
[2017.05.29-02.19.53:117][694]LogExit: Preparing to exit.
[2017.05.29-02.19.53:457][694]LogDirectoryWatcher: A directory notification for 'C:/Users/E201426998/Desktop/User_Interface/Content/' was aborted.
[2017.05.29-02.19.53:468][694]LogExit: Editor shut down
[2017.05.29-02.19.53:468][694]LogExit: Transaction tracking system shut down
[2017.05.29-02.19.53:549][694]LogObj: Freed 0b from 0 cluster array pools.
[2017.05.29-02.19.53:549][694]LogExit: Object subsystem successfully closed.
[2017.05.29-02.19.53:611][694]LogD3D11RHI: Shutdown
[2017.05.29-02.19.53:611][694]LogD3D11RHI: CleanupD3DDevice
[2017.05.29-02.19.53:855][694]LogD3D11RHI: ~FD3D11DynamicRHI
[2017.05.29-02.19.53:872][694]LogModuleManager: Shutting down and abandoning module MovieSceneCapture (500)
[2017.05.29-02.19.53:872][694]LogModuleManager: Shutting down and abandoning module HierarchicalLODOutliner (498)
[2017.05.29-02.19.53:872][694]LogModuleManager: Shutting down and abandoning module CrashTracker (496)
[2017.05.29-02.19.53:872][694]LogModuleManager: Shutting down and abandoning module SceneOutliner (494)
[2017.05.29-02.19.53:872][694]LogModuleManager: Shutting down and abandoning module AddContentDialog (492)
[2017.05.29-02.19.53:872][694]LogDirectoryWatcher: A directory notification for 'C:/Program Files/Epic Games/UE_4.15/FeaturePacks/' was aborted.
[2017.05.29-02.19.53:893][694]LogModuleManager: Shutting down and abandoning module WidgetCarousel (491)
[2017.05.29-02.19.53:893][694]LogModuleManager: Shutting down and abandoning module EditorWidgets (488)
[2017.05.29-02.19.53:893][694]LogModuleManager: Shutting down and abandoning module CollectionManager (486)
[2017.05.29-02.19.53:893][694]LogDirectoryWatcher: A directory notification for 'C:/Users/E201426998/Desktop/User_Interface/Content/Collections/' was aborted.
[2017.05.29-02.19.53:893][694]LogDirectoryWatcher: A directory notification for 'C:/Users/E201426998/Desktop/User_Interface/Content/Developers/E201426998/Collections/' was aborted.
[2017.05.29-02.19.53:893][694]LogDirectoryWatcher: A directory notification for 'C:/Users/E201426998/Desktop/User_Interface/Saved/Collections/' was aborted.
[2017.05.29-02.19.53:893][694]LogModuleManager: Shutting down and abandoning module StatsViewer (484)
[2017.05.29-02.19.53:893][694]LogModuleManager: Shutting down and abandoning module FoliageEdit (482)
[2017.05.29-02.19.53:893][694]LogModuleManager: Shutting down and abandoning module LandscapeEditor (480)
[2017.05.29-02.19.53:893][694]LogModuleManager: Shutting down and abandoning module SceneDepthPickerMode (478)
[2017.05.29-02.19.53:893][694]LogModuleManager: Shutting down and abandoning module ActorPickerMode (476)
[2017.05.29-02.19.53:893][694]LogModuleManager: Shutting down and abandoning module GeometryMode (474)
[2017.05.29-02.19.53:893][694]LogModuleManager: Shutting down and abandoning module TextureAlignMode (472)
[2017.05.29-02.19.53:893][694]LogModuleManager: Shutting down and abandoning module BspMode (470)
[2017.05.29-02.19.53:893][694]LogModuleManager: Shutting down and abandoning module HardwareSurvey (468)
[2017.05.29-02.19.53:893][694]LogModuleManager: Shutting down and abandoning module SequenceRecorderSections (466)
[2017.05.29-02.19.53:894][694]LogModuleManager: Shutting down and abandoning module AutomationWorker (464)
[2017.05.29-02.19.53:894][694]LogModuleManager: Shutting down and abandoning module MatineeToLevelSequence (462)
[2017.05.29-02.19.53:894][694]LogModuleManager: Shutting down and abandoning module LevelSequenceEditor (460)
[2017.05.29-02.19.53:894][694]LogModuleManager: Shutting down and abandoning module PlacementMode (459)
[2017.05.29-02.19.53:894][694]LogModuleManager: Shutting down and abandoning module WmfMediaFactory (456)
[2017.05.29-02.19.53:894][694]LogModuleManager: Shutting down and abandoning module WmfMediaEditor (454)
[2017.05.29-02.19.53:894][694]LogModuleManager: Shutting down and abandoning module MfMediaFactory (452)
[2017.05.29-02.19.53:894][694]LogModuleManager: Shutting down and abandoning module MfMediaEditor (450)
[2017.05.29-02.19.53:894][694]LogModuleManager: Shutting down and abandoning module AvfMediaFactory (448)
[2017.05.29-02.19.53:894][694]LogModuleManager: Shutting down and abandoning module AvfMediaEditor (446)
[2017.05.29-02.19.53:894][694]LogModuleManager: Shutting down and abandoning module AndroidMediaFactory (444)
[2017.05.29-02.19.53:894][694]LogModuleManager: Shutting down and abandoning module Media (443)
[2017.05.29-02.19.53:894][694]LogModuleManager: Shutting down and abandoning module AndroidMediaEditor (440)
[2017.05.29-02.19.53:894][694]LogModuleManager: Shutting down and abandoning module CharacterAI (438)
[2017.05.29-02.19.53:894][694]LogModuleManager: Shutting down and abandoning module AudioCapture (436)
[2017.05.29-02.19.53:894][694]LogModuleManager: Shutting down and abandoning module SequenceRecorder (435)
[2017.05.29-02.19.53:894][694]LogModuleManager: Shutting down and abandoning module SmartSnapping (432)
[2017.05.29-02.19.53:894][694]LogModuleManager: Shutting down and abandoning module SessionServices (430)
[2017.05.29-02.19.53:894][694]LogModuleManager: Shutting down and abandoning module ViewportSnapping (428)
[2017.05.29-02.19.53:894][694]LogModuleManager: Shutting down and abandoning module ViewportInteraction (426)
[2017.05.29-02.19.53:894][694]LogModuleManager: Shutting down and abandoning module LogVisualizer (424)
[2017.05.29-02.19.53:894][694]LogModuleManager: Shutting down and abandoning module IntroTutorials (422)
[2017.05.29-02.19.53:894][694]LogModuleManager: Shutting down and abandoning module GameProjectGeneration (421)
[2017.05.29-02.19.53:894][694]LogModuleManager: Shutting down and abandoning module EditorLiveStreaming (418)
[2017.05.29-02.19.53:894][694]LogModuleManager: Shutting down and abandoning module IOSPlatformEditor (416)
[2017.05.29-02.19.53:894][694]LogModuleManager: Shutting down and abandoning module HTML5PlatformEditor (414)
[2017.05.29-02.19.53:894][694]LogModuleManager: Shutting down and abandoning module AndroidPlatformEditor (412)
[2017.05.29-02.19.53:894][694]LogModuleManager: Shutting down and abandoning module AndroidDeviceDetection (411)
[2017.05.29-02.19.54:493][694]LogModuleManager: Shutting down and abandoning module IOSRuntimeSettings (408)
[2017.05.29-02.19.54:493][694]LogModuleManager: Shutting down and abandoning module AndroidRuntimeSettings (406)
[2017.05.29-02.19.54:493][694]LogModuleManager: Shutting down and abandoning module InputBindingEditor (404)
[2017.05.29-02.19.54:493][694]LogModuleManager: Shutting down and abandoning module NiagaraEditor (402)
[2017.05.29-02.19.54:493][694]LogModuleManager: Shutting down and abandoning module MergeActors (400)
[2017.05.29-02.19.54:493][694]LogModuleManager: Shutting down and abandoning module SizeMap (398)
[2017.05.29-02.19.54:493][694]LogModuleManager: Shutting down and abandoning module TreeMap (396)
[2017.05.29-02.19.54:493][694]LogModuleManager: Shutting down and abandoning module ReferenceViewer (394)
[2017.05.29-02.19.54:493][694]LogModuleManager: Shutting down and abandoning module LocalizationDashboard (392)
[2017.05.29-02.19.54:493][694]LogModuleManager: Shutting down and abandoning module LocalizationService (391)
[2017.05.29-02.19.54:493][694]LogModuleManager: Shutting down and abandoning module HardwareTargeting (388)
[2017.05.29-02.19.54:493][694]LogModuleManager: Shutting down and abandoning module DeviceProfileEditor (386)
[2017.05.29-02.19.54:493][694]LogModuleManager: Shutting down and abandoning module UndoHistory (384)
[2017.05.29-02.19.54:493][694]LogModuleManager: Shutting down and abandoning module UserFeedback (382)
[2017.05.29-02.19.54:493][694]LogModuleManager: Shutting down and abandoning module XmlParser (380)
[2017.05.29-02.19.54:493][694]LogModuleManager: Shutting down and abandoning module Blutility (378)
[2017.05.29-02.19.54:493][694]LogModuleManager: Shutting down and abandoning module ProjectSettingsViewer (376)
[2017.05.29-02.19.54:493][694]LogModuleManager: Shutting down and abandoning module ProjectTargetPlatformEditor (375)
[2017.05.29-02.19.54:493][694]LogModuleManager: Shutting down and abandoning module EditorSettingsViewer (372)
[2017.05.29-02.19.54:493][694]LogModuleManager: Shutting down and abandoning module SettingsEditor (370)
[2017.05.29-02.19.54:494][694]LogModuleManager: Shutting down and abandoning module ProjectLauncher (368)
[2017.05.29-02.19.54:494][694]LogModuleManager: Shutting down and abandoning module SessionFrontend (366)
[2017.05.29-02.19.54:494][694]LogModuleManager: Shutting down and abandoning module ProfilerClient (364)
[2017.05.29-02.19.54:494][694]LogModuleManager: Shutting down and abandoning module DeviceManager (362)
[2017.05.29-02.19.54:494][694]LogModuleManager: Shutting down and abandoning module TargetDeviceServices (361)
[2017.05.29-02.19.54:548][694]LogModuleManager: Shutting down and abandoning module AutomationController (358)
[2017.05.29-02.19.54:548][694]LogModuleManager: Shutting down and abandoning module AutomationWindow (356)
[2017.05.29-02.19.54:548][694]LogModuleManager: Shutting down and abandoning module Layers (354)
[2017.05.29-02.19.54:548][694]LogModuleManager: Shutting down and abandoning module ComponentVisualizers (352)
[2017.05.29-02.19.54:548][694]LogModuleManager: Shutting down and abandoning module DetailCustomizations (350)
[2017.05.29-02.19.54:548][694]LogModuleManager: Shutting down and abandoning module PackagesDialog (348)
[2017.05.29-02.19.54:548][694]LogModuleManager: Shutting down and abandoning module Persona (346)
[2017.05.29-02.19.54:548][694]LogModuleManager: Shutting down and abandoning module AnimGraph (345)
[2017.05.29-02.19.54:548][694]LogModuleManager: Shutting down and abandoning module Kismet (342)
[2017.05.29-02.19.54:548][694]LogModuleManager: Shutting down and abandoning module GraphEditor (340)
[2017.05.29-02.19.54:548][694]LogModuleManager: Shutting down and abandoning module ClassViewer (338)
[2017.05.29-02.19.54:548][694]LogModuleManager: Shutting down and abandoning module Toolbox (336)
[2017.05.29-02.19.54:548][694]LogModuleManager: Shutting down and abandoning module ModuleUI (334)
[2017.05.29-02.19.54:548][694]LogModuleManager: Shutting down and abandoning module MovieSceneTools (332)
[2017.05.29-02.19.54:548][694]LogModuleManager: Shutting down and abandoning module OutputLog (330)
[2017.05.29-02.19.54:548][694]LogModuleManager: Shutting down and abandoning module GammaUI (328)
[2017.05.29-02.19.54:548][694]LogModuleManager: Shutting down and abandoning module Documentation (326)
[2017.05.29-02.19.54:548][694]LogModuleManager: Shutting down and abandoning module Niagara (324)
[2017.05.29-02.19.54:548][694]LogModuleManager: Shutting down and abandoning module StreamingPauseRendering (322)
[2017.05.29-02.19.54:549][694]LogModuleManager: Shutting down and abandoning module AnalyticsET (320)
[2017.05.29-02.19.54:549][694]LogModuleManager: Shutting down and abandoning module PortalServices (318)
[2017.05.29-02.19.54:549][694]LogModuleManager: Shutting down and abandoning module PortalRpc (316)
[2017.05.29-02.19.54:549][694]LogModuleManager: Shutting down and abandoning module MessagingRpc (314)
[2017.05.29-02.19.54:549][694]LogModuleManager: Shutting down and abandoning module AIModule (312)
[2017.05.29-02.19.54:549][694]LogModuleManager: Shutting down and abandoning module GameplayDebugger (311)
[2017.05.29-02.19.54:549][694]LogModuleManager: Shutting down and abandoning module AITestSuite (309)
[2017.05.29-02.19.54:549][694]LogModuleManager: Shutting down and abandoning module ProfilerService (306)
[2017.05.29-02.19.54:761][694]LogModuleManager: Shutting down and abandoning module TaskGraph (304)
[2017.05.29-02.19.54:761][694]LogModuleManager: Shutting down and abandoning module SteamVRController (302)
[2017.05.29-02.19.54:761][694]LogModuleManager: Shutting down and abandoning module SteamVR (300)
[2017.05.29-02.19.54:761][694]LogModuleManager: Shutting down and abandoning module ProceduralMeshComponentEditor (298)
[2017.05.29-02.19.54:761][694]LogModuleManager: Shutting down and abandoning module ProceduralMeshComponent (296)
[2017.05.29-02.19.54:761][694]LogModuleManager: Shutting down and abandoning module OculusLibrary (294)
[2017.05.29-02.19.54:761][694]LogModuleManager: Shutting down and abandoning module OculusInput (292)
[2017.05.29-02.19.54:761][694]LogModuleManager: Shutting down and abandoning module MobilePatchingUtils (290)
[2017.05.29-02.19.54:761][694]LogModuleManager: Shutting down and abandoning module CustomMeshComponent (288)
[2017.05.29-02.19.54:761][694]LogModuleManager: Shutting down and abandoning module CableComponent (286)
[2017.05.29-02.19.54:761][694]LogModuleManager: Shutting down and abandoning module ArchVisCharacter (284)
[2017.05.29-02.19.54:761][694]LogModuleManager: Shutting down and abandoning module MediaPlayerEditor (280)
[2017.05.29-02.19.54:761][694]LogModuleManager: Shutting down and abandoning module HTML5Networking (278)
[2017.05.29-02.19.54:761][694]LogModuleManager: Shutting down and abandoning module AlembicImporter (276)
[2017.05.29-02.19.54:761][694]LogModuleManager: Shutting down and abandoning module AlembicLibrary (275)
[2017.05.29-02.19.54:761][694]LogModuleManager: Shutting down and abandoning module GeometryCache (274)
[2017.05.29-02.19.54:761][694]LogModuleManager: Shutting down and abandoning module GeometryCacheEd (273)
[2017.05.29-02.19.54:761][694]LogModuleManager: Shutting down and abandoning module SuperSearchEditor (268)
[2017.05.29-02.19.54:761][694]LogModuleManager: Shutting down and abandoning module SuperSearch (267)
[2017.05.29-02.19.54:761][694]LogModuleManager: Shutting down and abandoning module SpeedTreeImporter (264)
[2017.05.29-02.19.54:761][694]LogModuleManager: Shutting down and abandoning module PluginBrowser (262)
[2017.05.29-02.19.54:761][694]LogModuleManager: Shutting down and abandoning module MobileLauncherProfileWizard (260)
[2017.05.29-02.19.54:761][694]LogModuleManager: Shutting down and abandoning module EpicSurvey (258)
[2017.05.29-02.19.54:761][694]LogModuleManager: Shutting down and abandoning module VisualStudioSourceCodeAccess (256)
[2017.05.29-02.19.54:761][694]LogModuleManager: Shutting down and abandoning module DesktopPlatform (255)
[2017.05.29-02.19.54:761][694]LogModuleManager: Shutting down and abandoning module UObjectPlugin (252)
[2017.05.29-02.19.54:761][694]LogModuleManager: Shutting down and abandoning module SubversionSourceControl (250)
[2017.05.29-02.19.54:761][694]LogModuleManager: Shutting down and abandoning module PerforceSourceControl (248)
[2017.05.29-02.19.54:761][694]LogModuleManager: Shutting down and abandoning module GitSourceControl (246)
[2017.05.29-02.19.54:761][694]LogModuleManager: Shutting down and abandoning module SourceControl (245)
[2017.05.29-02.19.54:761][694]LogModuleManager: Shutting down and abandoning module LightPropagationVolumeEditor (242)
[2017.05.29-02.19.54:761][694]LogModuleManager: Shutting down and abandoning module PaperTiledImporter (240)
[2017.05.29-02.19.54:761][694]LogModuleManager: Shutting down and abandoning module PaperSpriteSheetImporter (238)
[2017.05.29-02.19.54:761][694]LogModuleManager: Shutting down and abandoning module Paper2DEditor (236)
[2017.05.29-02.19.54:762][694]LogModuleManager: Shutting down and abandoning module MeshPaint (235)
[2017.05.29-02.19.54:762][694]LogModuleManager: Shutting down and abandoning module LevelEditor (233)
[2017.05.29-02.19.54:762][694]LogModuleManager: Shutting down and abandoning module PixelInspectorModule (232)
[2017.05.29-02.19.54:762][694]LogModuleManager: Shutting down and abandoning module MainFrame (230)
[2017.05.29-02.19.54:762][694]LogModuleManager: Shutting down and abandoning module HotReload (229)
[2017.05.29-02.19.54:763][694]LogModuleManager: Shutting down and abandoning module ContentBrowser (225)
[2017.05.29-02.19.54:763][694]LogModuleManager: Shutting down and abandoning module PhysXVehiclesEditor (222)
[2017.05.29-02.19.54:763][694]LogModuleManager: Shutting down and abandoning module PhysXVehicles (220)
[2017.05.29-02.19.54:763][694]LogModuleManager: Shutting down and abandoning module LocationServicesBPLibrary (218)
[2017.05.29-02.19.54:763][694]LogModuleManager: Shutting down and abandoning module UdpMessaging (216)
[2017.05.29-02.19.54:865][694]LogModuleManager: Shutting down and abandoning module TcpMessaging (214)
[2017.05.29-02.19.54:965][694]LogModuleManager: Shutting down and abandoning module GameplayTagsEditor (212)
[2017.05.29-02.19.54:965][694]LogModuleManager: Shutting down and abandoning module FacialAnimationEditor (210)
[2017.05.29-02.19.54:965][694]LogModuleManager: Shutting down and abandoning module FacialAnimation (208)
[2017.05.29-02.19.54:965][694]LogModuleManager: Shutting down and abandoning module LightPropagationVolumeRuntime (206)
[2017.05.29-02.19.54:965][694]LogModuleManager: Shutting down and abandoning module Paper2D (204)
[2017.05.29-02.19.54:965][694]LogModuleManager: Shutting down and abandoning module WindowsMoviePlayer (202)
[2017.05.29-02.19.54:965][694]LogModuleManager: Shutting down and abandoning module WmfMedia (200)
[2017.05.29-02.19.54:966][694]LogModuleManager: Shutting down and abandoning module MfMedia (198)
[2017.05.29-02.19.54:966][694]LogModuleManager: Shutting down and abandoning module MediaAssets (196)
[2017.05.29-02.19.54:966][694]LogModuleManager: Shutting down and abandoning module GameLiveStreaming (194)
[2017.05.29-02.19.54:966][694]LogModuleManager: Shutting down and abandoning module VREditor (192)
[2017.05.29-02.19.54:966][694]LogModuleManager: Shutting down and abandoning module GameplayTasksEditor (190)
[2017.05.29-02.19.54:966][694]LogModuleManager: Shutting down and abandoning module BehaviorTreeEditor (188)
[2017.05.29-02.19.54:966][694]LogModuleManager: Shutting down and abandoning module FunctionalTesting (186)
[2017.05.29-02.19.54:966][694]LogModuleManager: Shutting down and abandoning module CollisionAnalyzer (184)
[2017.05.29-02.19.54:966][694]LogModuleManager: Shutting down and abandoning module UMG (182)
[2017.05.29-02.19.54:966][694]LogModuleManager: Shutting down and abandoning module UMGEditor (181)
[2017.05.29-02.19.54:966][694]LogModuleManager: Shutting down and abandoning module Sequencer (180)
[2017.05.29-02.19.54:966][694]LogModuleManager: Shutting down and abandoning module AssetTools (178)
[2017.05.29-02.19.54:966][694]LogModuleManager: Shutting down and abandoning module MessageLog (177)
[2017.05.29-02.19.54:966][694]LogModuleManager: Shutting down and abandoning module WorkspaceMenuStructure (176)
[2017.05.29-02.19.54:966][694]LogModuleManager: Shutting down and abandoning module SlateReflector (170)
[2017.05.29-02.19.54:966][694]LogModuleManager: Shutting down and abandoning module Slate (168)
[2017.05.29-02.19.54:966][694]LogModuleManager: Shutting down and abandoning module EditorStyle (166)
[2017.05.29-02.19.54:968][694]LogModuleManager: Shutting down and abandoning module SourceCodeAccess (164)
[2017.05.29-02.19.54:968][694]LogModuleManager: Shutting down and abandoning module HeadMountedDisplay (162)
[2017.05.29-02.19.54:968][694]LogModuleManager: Shutting down and abandoning module XAudio2 (160)
[2017.05.29-02.19.54:968][694]LogModuleManager: Shutting down and abandoning module Networking (158)
[2017.05.29-02.19.54:968][694]LogModuleManager: Shutting down and abandoning module Core (154)
[2017.05.29-02.19.54:968][694]LogModuleManager: Shutting down and abandoning module AssetRegistry (152)
[2017.05.29-02.19.55:140][694]LogDirectoryWatcher: A directory notification for '../../../Engine/Content/' was aborted.
[2017.05.29-02.19.55:140][694]LogDirectoryWatcher: A directory notification for '../../../../../../Users/E201426998/Desktop/User_Interface/Content/' was aborted.
[2017.05.29-02.19.55:140][694]LogDirectoryWatcher: A directory notification for '../../../Engine/Plugins/2D/Paper2D/Content/' was aborted.
[2017.05.29-02.19.55:140][694]LogModuleManager: Shutting down and abandoning module DirectoryWatcher (151)
[2017.05.29-02.19.55:140][694]LogModuleManager: Shutting down and abandoning module KismetCompiler (148)
[2017.05.29-02.19.55:140][694]LogModuleManager: Shutting down and abandoning module PhysXFormats (146)
[2017.05.29-02.19.55:140][694]LogModuleManager: Shutting down and abandoning module MeshUtilities (144)
[2017.05.29-02.19.55:140][694]LogModuleManager: Shutting down and abandoning module SimplygonSwarm (143)
[2017.05.29-02.19.55:140][694]LogModuleManager: Shutting down and abandoning module SimplygonMeshReduction (141)
[2017.05.29-02.19.55:141][694]LogModuleManager: Shutting down and abandoning module QuadricMeshReduction (139)
[2017.05.29-02.19.55:141][694]LogModuleManager: Shutting down and abandoning module PropertyEditor (137)
[2017.05.29-02.19.55:141][694]LogModuleManager: Shutting down and abandoning module DerivedDataCache (134)
[2017.05.29-02.19.55:602][694]LogDerivedDataCache: Shutdown
[2017.05.29-02.19.55:602][694]LogModuleManager: Shutting down and abandoning module TargetPlatform (132)
[2017.05.29-02.19.55:602][694]LogModuleManager: Shutting down and abandoning module VulkanShaderFormat (131)
[2017.05.29-02.19.55:602][694]LogModuleManager: Shutting down and abandoning module ShaderFormatOpenGL (129)
[2017.05.29-02.19.55:602][694]LogModuleManager: Shutting down and abandoning module ShaderFormatD3D (127)
[2017.05.29-02.19.55:602][694]LogModuleManager: Shutting down and abandoning module MetalShaderFormat (125)
[2017.05.29-02.19.55:602][694]LogModuleManager: Shutting down and abandoning module TextureFormatUncompressed (123)
[2017.05.29-02.19.55:602][694]LogModuleManager: Shutting down and abandoning module TextureFormatPVR (121)
[2017.05.29-02.19.55:602][694]LogModuleManager: Shutting down and abandoning module TextureFormatDXT (119)
[2017.05.29-02.19.55:602][694]LogModuleManager: Shutting down and abandoning module TextureFormatIntelISPCTexComp (117)
[2017.05.29-02.19.55:603][694]LogModuleManager: Shutting down and abandoning module TextureFormatASTC (115)
[2017.05.29-02.19.55:603][694]LogModuleManager: Shutting down and abandoning module ImageWrapper (114)
[2017.05.29-02.19.55:603][694]LogModuleManager: Shutting down and abandoning module TextureFormatAndroid (111)
[2017.05.29-02.19.55:603][694]LogModuleManager: Shutting down and abandoning module AudioFormatOpus (109)
[2017.05.29-02.19.55:603][694]LogModuleManager: Shutting down and abandoning module AudioFormatOgg (107)
[2017.05.29-02.19.55:603][694]LogModuleManager: Shutting down and abandoning module AudioFormatADPCM (105)
[2017.05.29-02.19.55:603][694]LogModuleManager: Shutting down and abandoning module LinuxTargetPlatform (103)
[2017.05.29-02.19.55:603][694]LogModuleManager: Shutting down and abandoning module LinuxServerTargetPlatform (101)
[2017.05.29-02.19.55:603][694]LogModuleManager: Shutting down and abandoning module LinuxNoEditorTargetPlatform (99)
[2017.05.29-02.19.55:603][694]LogModuleManager: Shutting down and abandoning module LinuxClientTargetPlatform (97)
[2017.05.29-02.19.55:603][694]LogModuleManager: Shutting down and abandoning module TVOSTargetPlatform (95)
[2017.05.29-02.19.55:603][694]LogModuleManager: Shutting down and abandoning module Messaging (93)
[2017.05.29-02.19.55:603][694]LogModuleManager: Shutting down and abandoning module IOSTargetPlatform (91)
[2017.05.29-02.19.55:603][694]LogModuleManager: Shutting down and abandoning module HTML5TargetPlatform (89)
[2017.05.29-02.19.55:603][694]LogModuleManager: Shutting down and abandoning module Android_PVRTCTargetPlatform (87)
[2017.05.29-02.19.55:603][694]LogModuleManager: Shutting down and abandoning module Android_MultiTargetPlatform (85)
[2017.05.29-02.19.55:603][694]LogModuleManager: Shutting down and abandoning module Android_ETC2TargetPlatform (83)
[2017.05.29-02.19.55:603][694]LogModuleManager: Shutting down and abandoning module Android_ETC1TargetPlatform (81)
[2017.05.29-02.19.55:603][694]LogModuleManager: Shutting down and abandoning module Android_DXTTargetPlatform (79)
[2017.05.29-02.19.55:603][694]LogModuleManager: Shutting down and abandoning module Android_ATCTargetPlatform (77)
[2017.05.29-02.19.55:603][694]LogModuleManager: Shutting down and abandoning module Android_ASTCTargetPlatform (75)
[2017.05.29-02.19.55:603][694]LogModuleManager: Shutting down and abandoning module AndroidTargetPlatform (73)
[2017.05.29-02.19.55:603][694]LogModuleManager: Shutting down and abandoning module WindowsTargetPlatform (71)
[2017.05.29-02.19.55:603][694]LogModuleManager: Shutting down and abandoning module WindowsServerTargetPlatform (69)
[2017.05.29-02.19.55:603][694]LogModuleManager: Shutting down and abandoning module WindowsNoEditorTargetPlatform (67)
[2017.05.29-02.19.55:603][694]LogModuleManager: Shutting down and abandoning module WindowsClientTargetPlatform (65)
[2017.05.29-02.19.55:603][694]LogModuleManager: Shutting down and abandoning module MacTargetPlatform (63)
[2017.05.29-02.19.55:603][694]LogModuleManager: Shutting down and abandoning module MacServerTargetPlatform (61)
[2017.05.29-02.19.55:603][694]LogModuleManager: Shutting down and abandoning module MacNoEditorTargetPlatform (59)
[2017.05.29-02.19.55:603][694]LogModuleManager: Shutting down and abandoning module MacClientTargetPlatform (57)
[2017.05.29-02.19.55:603][694]LogModuleManager: Shutting down and abandoning module AllDesktopTargetPlatform (55)
[2017.05.29-02.19.55:603][694]LogModuleManager: Shutting down and abandoning module InputCore (52)
[2017.05.29-02.19.55:603][694]LogModuleManager: Shutting down and abandoning module Settings (50)
[2017.05.29-02.19.55:603][694]LogModuleManager: Shutting down and abandoning module OculusRift (48)
[2017.05.29-02.19.55:603][694]LogModuleManager: Shutting down and abandoning module GearVR (46)
[2017.05.29-02.19.55:603][694]LogModuleManager: Shutting down and abandoning module ExampleDeviceProfileSelector (44)
[2017.05.29-02.19.55:603][694]LogModuleManager: Shutting down and abandoning module OnlineBlueprintSupport (42)
[2017.05.29-02.19.55:603][694]LogModuleManager: Shutting down and abandoning module OnlineSubsystem (38)
[2017.05.29-02.19.55:603][694]LogOnline:Display: Unloading online subsystem: NULL
[2017.05.29-02.19.55:603][694]LogModuleManager: Shutting down and abandoning module XMPP (37)
[2017.05.29-02.19.55:603][694]LogModuleManager: Shutting down and abandoning module HTTP (35)
[2017.05.29-02.19.55:603][694]LogHttp:Display: Http module shutting down, but needs to wait on 1 outstanding Http requests:
[2017.05.29-02.19.55:603][694]LogHttp:Display: 	verb=[POST] url=[https://datarouter.ol.epicgames.com/datarouter/api/v1/public/data?SessionID=%7B9DF29876-484D-C574-0AA7-31B12758886D%7D&AppID=UEEditor.Rocket.Release&AppVersion=4.15.1-3348071%2B%2B%2BUE4%2BRelease-4.15&UserID=03f5b9084c8592a9ad5e2ca9333d2e39%7C%7Cdc9af54f-e49b-4e07-9b8b-d8015680417c&AppEnvironment=datacollector-binary&UploadType=eteventstream] status=Processing
[2017.05.29-02.19.55:617][694]LogModuleManager: Shutting down and abandoning module SSL (34)
[2017.05.29-02.19.55:618][694]LogModuleManager: Shutting down and abandoning module AudioEditor (30)
[2017.05.29-02.19.55:618][694]LogModuleManager: Shutting down and abandoning module TextureCompressor (28)
[2017.05.29-02.19.55:618][694]LogModuleManager: Shutting down and abandoning module ShaderCore (26)
[2017.05.29-02.19.55:618][694]LogModuleManager: Shutting down and abandoning module Landscape (24)
[2017.05.29-02.19.55:618][694]LogModuleManager: Shutting down and abandoning module SlateRHIRenderer (22)
[2017.05.29-02.19.55:619][694]LogModuleManager: Shutting down and abandoning module OpenGLDrv (20)
[2017.05.29-02.19.55:619][694]LogModuleManager: Shutting down and abandoning module D3D11RHI (18)
[2017.05.29-02.19.55:619][694]LogModuleManager: Shutting down and abandoning module AnimGraphRuntime (16)
[2017.05.29-02.19.55:619][694]LogModuleManager: Shutting down and abandoning module Renderer (14)
[2017.05.29-02.19.55:619][694]LogModuleManager: Shutting down and abandoning module Engine (12)
[2017.05.29-02.19.55:619][694]LogModuleManager: Shutting down and abandoning module CoreUObject (10)
[2017.05.29-02.19.55:619][694]LogModuleManager: Shutting down and abandoning module NetworkFile (8)
[2017.05.29-02.19.55:619][694]LogModuleManager: Shutting down and abandoning module StreamingFile (6)
[2017.05.29-02.19.55:619][694]LogModuleManager: Shutting down and abandoning module SandboxFile (4)
[2017.05.29-02.19.55:619][694]LogModuleManager: Shutting down and abandoning module PakFile (2)
[2017.05.29-02.19.55:620][694]LogExit: Exiting.
[2017.05.29-02.19.55:622][694]Log file closed, 05/29/17 12:19:55
