Log file open, 06/01/17 10:59:57
LogInit:Display: Running engine for game: AIProject
LogPlatformFile: Not using cached read wrapper
LogInit:Display: RandInit(-1165292672) SRandInit(-1165292672).
LogTaskGraph: Started task graph with 5 named threads and 8 total threads with 1 sets of task threads.
LogStats: Stats thread started at 0.084732
LogInit: Using libcurl 7.47.1
LogInit:  - built for x86_64-pc-win32
LogInit:  - supports SSL with OpenSSL/1.0.2g
LogInit:  - supports HTTP deflate (compression) using libz 1.2.8
LogInit:  - other features:
LogInit:      CURL_VERSION_SSL
LogInit:      CURL_VERSION_LIBZ
LogInit:      CURL_VERSION_IPV6
LogInit:      CURL_VERSION_ASYNCHDNS
LogInit:      CURL_VERSION_LARGEFILE
LogInit:      CURL_VERSION_IDN
LogInit:  CurlRequestOptions (configurable via config and command line):
LogInit:  - bVerifyPeer = false  - Libcurl will NOT verify peer certificate
LogInit:  - bUseHttpProxy = false  - Libcurl will NOT use HTTP proxy
LogInit:  - bDontReuseConnections = false  - Libcurl will reuse connections
LogInit:  - CertBundlePath = nullptr  - Libcurl will use whatever was configured at build time.
LogInit: Build: ++UE4+Release-4.15-CL-3348071
LogInit: Engine Version: 4.15.1-3348071+++UE4+Release-4.15
LogInit: Compatible Engine Version: 4.15.0-3299760+++UE4+Release-4.15
LogInit: Net CL: 3299760
LogDevObjectVersion: Number of dev versions registered: 14
LogDevObjectVersion:   Dev-Blueprints (B0D832E4-1F89-4F0D-ACCF-7EB736FD4AA2): 8
LogDevObjectVersion:   Dev-Build (E1C64328-A22C-4D53-A36C-8E866417BD8C): 0
LogDevObjectVersion:   Dev-Core (375EC13C-06E4-48FB-B500-84F0262A717E): 2
LogDevObjectVersion:   Dev-Editor (E4B068ED-F494-42E9-A231-DA0B2E46BB41): 14
LogDevObjectVersion:   Dev-Framework (CFFC743F-43B0-4480-9391-14DF171D2073): 22
LogDevObjectVersion:   Dev-Mobile (B02B49B5-BB20-44E9-A304-32B752E40360): 0
LogDevObjectVersion:   Dev-Networking (A4E4105C-59A1-49B5-A7C5-40C4547EDFEE): 0
LogDevObjectVersion:   Dev-Online (39C831C9-5AE6-47DC-9A44-9C173E1C8E7C): 0
LogDevObjectVersion:   Dev-Physics (78F01B33-EBEA-4F98-B9B4-84EACCB95AA2): 0
LogDevObjectVersion:   Dev-Platform (6631380F-2D4D-43E0-8009-CF276956A95A): 0
LogDevObjectVersion:   Dev-Rendering (12F88B9F-8875-4AFC-A67C-D90C383ABD29): 12
LogDevObjectVersion:   Dev-Sequencer (7B5AE74C-D270-4C10-A958-57980B212A5A): 3
LogDevObjectVersion:   Dev-VR (D7296918-1DD6-4BDD-9DE2-64A83CC13884): 0
LogDevObjectVersion:   Dev-LoadTimes (C2A15278-BFE7-4AFE-6C17-90FF531DF755): 1
LogInit: Compiled (64-bit): Mar 15 2017 16:52:47
LogInit: Compiled with Visual C++: 19.00.23026.00
LogInit: Build Configuration: Development
LogInit: Branch Name: ++UE4+Release-4.15
LogInit: Command line: -EpicPortal 
LogInit: Base directory: C:/Program Files/Epic Games/UE_4.15/Engine/Binaries/Win64/
LogInit: Installed Engine Build: 1
LogInit: Presizing for max 8388607 objects, including 0 objects not considered by GC, pre-allocating 0 bytes for permanent pool.
LogInit: Object subsystem initialized
[2017.06.01-00.59.58:314][  0]LogInit: Selected Device Profile: [Windows]
[2017.06.01-00.59.58:314][  0]LogInit: Applying CVar settings loaded from the selected device profile: [Windows]
[2017.06.01-00.59.58:340][  0]LogInit: Computer: 9P4VF42
[2017.06.01-00.59.58:340][  0]LogInit: User: H201426501
[2017.06.01-00.59.58:340][  0]LogInit: CPU Page size=65536, Cores=4
[2017.06.01-00.59.58:340][  0]LogInit: High frequency timer resolution =3.515637 MHz
[2017.06.01-00.59.58:340][  0]LogMemory: Memory total: Physical=15.9GB (16GB approx)
[2017.06.01-00.59.58:340][  0]LogMemory: Platform Memory Stats for Windows
[2017.06.01-00.59.58:340][  0]LogMemory: Process Physical Memory: 265.95 MB used, 265.95 MB peak
[2017.06.01-00.59.58:340][  0]LogMemory: Process Virtual Memory: 262.84 MB used, 262.84 MB peak
[2017.06.01-00.59.58:340][  0]LogMemory: Physical Memory: 4759.26 MB used,  11539.62 MB free, 16298.88 MB total
[2017.06.01-00.59.58:340][  0]LogMemory: Virtual Memory: 672.91 MB used,  11539.62 MB free, 134217728.00 MB total
[2017.06.01-00.59.58:418][  0]LogTextLocalizationManager: No specific translations for ('en-AU') exist, so ('en') translations will be used.
[2017.06.01-00.59.59:043][  0]LogD3D11RHI: D3D11 adapters:
[2017.06.01-00.59.59:052][  0]LogD3D11RHI:    0. 'AMD Radeon(TM) R9 270' (Feature Level 11_0)
[2017.06.01-00.59.59:052][  0]LogD3D11RHI:       2030/0/8149 MB DedicatedVideo/DedicatedSystem/SharedSystem, Outputs:1, VendorId:0x1002
[2017.06.01-00.59.59:057][  0]LogD3D11RHI:    1. 'Intel(R) HD Graphics 4600' (Feature Level 11_0)
[2017.06.01-00.59.59:057][  0]LogD3D11RHI:       112/0/2048 MB DedicatedVideo/DedicatedSystem/SharedSystem, Outputs:0, VendorId:0x8086
[2017.06.01-00.59.59:059][  0]LogD3D11RHI:    2. 'Microsoft Basic Render Driver' (Feature Level 11_0)
[2017.06.01-00.59.59:059][  0]LogD3D11RHI:       0/0/8149 MB DedicatedVideo/DedicatedSystem/SharedSystem, Outputs:0, VendorId:0x1414
[2017.06.01-00.59.59:059][  0]LogD3D11RHI: Chosen D3D11 Adapter: 0
[2017.06.01-00.59.59:063][  0]LogD3D11RHI: Creating new Direct3DDevice
[2017.06.01-00.59.59:063][  0]LogD3D11RHI:     GPU DeviceId: 0x6811 (for the marketing name, search the web for "GPU Device Id")
[2017.06.01-00.59.59:063][  0]LogWindows: EnumDisplayDevices:
[2017.06.01-00.59.59:063][  0]LogWindows:    0. 'AMD Radeon(TM) R9 270' (P:1 D:1)
[2017.06.01-00.59.59:064][  0]LogWindows:    1. 'AMD Radeon(TM) R9 270' (P:0 D:0)
[2017.06.01-00.59.59:064][  0]LogWindows:    2. 'AMD Radeon(TM) R9 270' (P:0 D:0)
[2017.06.01-00.59.59:064][  0]LogWindows:    3. 'AMD Radeon(TM) R9 270' (P:0 D:0)
[2017.06.01-00.59.59:064][  0]LogWindows:    4. 'AMD Radeon(TM) R9 270' (P:0 D:0)
[2017.06.01-00.59.59:064][  0]LogWindows:    5. 'AMD Radeon(TM) R9 270' (P:0 D:0)
[2017.06.01-00.59.59:065][  0]LogWindows:    6. 'Intel(R) HD Graphics 4600' (P:0 D:0)
[2017.06.01-00.59.59:065][  0]LogWindows:    7. 'Intel(R) HD Graphics 4600' (P:0 D:0)
[2017.06.01-00.59.59:065][  0]LogWindows:    8. 'Intel(R) HD Graphics 4600' (P:0 D:0)
[2017.06.01-00.59.59:065][  0]LogWindows: DebugString: PrimaryIsNotTheChoosenAdapter PrimaryIsNotTheChoosenAdapter PrimaryIsNotTheChoosenAdapter FoundDriverCount:6 
[2017.06.01-00.59.59:065][  0]LogD3D11RHI:     Adapter Name: AMD Radeon(TM) R9 270
[2017.06.01-00.59.59:065][  0]LogD3D11RHI:   Driver Version: Crimson 15.11 (internal:15.301.1701.0, unified:15.301.1701.0)
[2017.06.01-00.59.59:065][  0]LogD3D11RHI:      Driver Date: 1-13-2016
[2017.06.01-00.59.59:065][  0]LogRHI: Texture pool is 1361 MB (70% of 1945 MB)
[2017.06.01-00.59.59:105][  0]LogD3D11RHI: Async texture creation enabled
[2017.06.01-00.59.59:118][  0]LogD3D11RHI: GPU Timing Frequency: 27.000000 (Debug: 2 1)
[2017.06.01-00.59.59:119][  0]LogShaderCompilers: Guid format shader working directory is -3 characters bigger than the processId version (../../../../../../Users/h201426501/Desktop/AIProject2/Intermediate/Shaders/WorkingDirectory/13052/).
[2017.06.01-00.59.59:119][  0]LogShaderCompilers: Cleaned the shader compiler working directory 'C:/Users/h201426501/AppData/Local/Temp/UnrealShaderWorkingDir/E872C58C481F562E25D434B330944E09/'.
[2017.06.01-00.59.59:119][  0]LogShaderCompilers:Display: Using Local Shader Compiler.
[2017.06.01-01.00.00:185][  0]LogTemp:Display: Loaded TP AllDesktopTargetPlatform
[2017.06.01-01.00.00:242][  0]LogTemp:Display: Loaded TP MacClientTargetPlatform
[2017.06.01-01.00.00:300][  0]LogTemp:Display: Loaded TP MacNoEditorTargetPlatform
[2017.06.01-01.00.00:358][  0]LogTemp:Display: Loaded TP MacServerTargetPlatform
[2017.06.01-01.00.00:420][  0]LogTemp:Display: Loaded TP MacTargetPlatform
[2017.06.01-01.00.00:479][  0]LogTemp:Display: Loaded TP WindowsClientTargetPlatform
[2017.06.01-01.00.00:539][  0]LogTemp:Display: Loaded TP WindowsNoEditorTargetPlatform
[2017.06.01-01.00.00:598][  0]LogTemp:Display: Loaded TP WindowsServerTargetPlatform
[2017.06.01-01.00.00:647][  0]LogTemp:Display: Loaded TP WindowsTargetPlatform
[2017.06.01-01.00.00:702][  0]LogTemp:Display: Loaded TP AndroidTargetPlatform
[2017.06.01-01.00.00:760][  0]LogTemp:Display: Loaded TP Android_ASTCTargetPlatform
[2017.06.01-01.00.00:814][  0]LogTemp:Display: Loaded TP Android_ATCTargetPlatform
[2017.06.01-01.00.00:872][  0]LogTemp:Display: Loaded TP Android_DXTTargetPlatform
[2017.06.01-01.00.00:928][  0]LogTemp:Display: Loaded TP Android_ETC1TargetPlatform
[2017.06.01-01.00.00:984][  0]LogTemp:Display: Loaded TP Android_ETC2TargetPlatform
[2017.06.01-01.00.01:099][  0]LogTemp:Display: Loaded TP Android_MultiTargetPlatform
[2017.06.01-01.00.01:099][  0]LogTemp:Display: Loaded TP Android_PVRTCTargetPlatform
[2017.06.01-01.00.01:141][  0]LogTemp:Display: Loaded TP HTML5TargetPlatform
[2017.06.01-01.00.01:236][  0]LogTemp:Display: Loaded TP IOSTargetPlatform
[2017.06.01-01.00.01:271][  0]LogTemp:Display: Loaded TP TVOSTargetPlatform
[2017.06.01-01.00.01:327][  0]LogTemp:Display: Loaded TP LinuxClientTargetPlatform
[2017.06.01-01.00.01:385][  0]LogTemp:Display: Loaded TP LinuxNoEditorTargetPlatform
[2017.06.01-01.00.01:442][  0]LogTemp:Display: Loaded TP LinuxServerTargetPlatform
[2017.06.01-01.00.01:499][  0]LogTemp:Display: Loaded TP LinuxTargetPlatform
[2017.06.01-01.00.01:499][  0]LogTargetPlatformManager:Display: Building Assets For Windows
[2017.06.01-01.00.01:947][  0]LogDerivedDataCache:Display: Max Cache Size: 512 MB
[2017.06.01-01.00.01:998][  0]LogDerivedDataCache: Loaded boot cache 0.05s 50MB C:/Users/h201426501/AppData/Local/UnrealEngine/4.15/DerivedDataCache/Boot.ddc.
[2017.06.01-01.00.01:998][  0]LogDerivedDataCache:Display: Loaded Boot cache: C:/Users/h201426501/AppData/Local/UnrealEngine/4.15/DerivedDataCache/Boot.ddc
[2017.06.01-01.00.01:998][  0]LogDerivedDataCache: FDerivedDataBackendGraph:  Pak pak cache file ../../../../../../Users/h201426501/Desktop/AIProject2/DerivedDataCache/DDC.ddp not found, will not use a pak cache.
[2017.06.01-01.00.01:998][  0]LogDerivedDataCache: Unable to find inner node Pak for hierarchical cache Hierarchy.
[2017.06.01-01.00.01:998][  0]LogDerivedDataCache: FDerivedDataBackendGraph:  CompressedPak pak cache file ../../../../../../Users/h201426501/Desktop/AIProject2/DerivedDataCache/Compressed.ddp not found, will not use a pak cache.
[2017.06.01-01.00.01:998][  0]LogDerivedDataCache: Unable to find inner node CompressedPak for hierarchical cache Hierarchy.
[2017.06.01-01.00.02:015][  0]LogDerivedDataCache:Display: Pak cache opened for reading ../../../Engine/DerivedDataCache/Compressed.ddp.
[2017.06.01-01.00.02:028][  0]LogDerivedDataCache: Using Local data cache path C:/Users/h201426501/AppData/Local/UnrealEngine/Common/DerivedDataCache: Writable
[2017.06.01-01.00.02:038][  0]LogSlate: Using Freetype 2.6.0
[2017.06.01-01.00.02:038][  0]LogSlate: SlateFontCache - WITH_FREETYPE: 1, WITH_HARFBUZZ: 1
[2017.06.01-01.00.02:038][  0]LogSlate: SlateFontCache - WITH_FREETYPE: 1, WITH_HARFBUZZ: 1
[2017.06.01-01.00.02:377][  0]LogInit: Selected Device Profile: [Windows]
[2017.06.01-01.00.02:380][  0]LogContentStreaming: Texture pool size is 0.00 MB
[2017.06.01-01.00.02:638][  0]LogMeshUtilities: Using QuadricMeshReduction for automatic static mesh reduction
[2017.06.01-01.00.02:690][  0]LogSimplygon: Simplygon DLL not present - disabling.
[2017.06.01-01.00.02:754][  0]LogMeshUtilities: Using SimplygonSwarm for distributed automatic mesh merging
[2017.06.01-01.00.02:754][  0]LogMeshUtilities: No automatic skeletal mesh reduction module available
[2017.06.01-01.00.02:754][  0]LogMeshUtilities: No automatic mesh merging module available
[2017.06.01-01.00.03:369][  0]LogNetVersion: GetLocalNetworkVersion: CL: 3299760, ProjectName: aiproject, ProjectVersion: , EngineNetworkVersion: 2, GameNetworkVersion: 0, NetworkChecksum: 553217066
[2017.06.01-01.00.03:421][  0]LogAssetRegistry: FAssetRegistry took 0.0216 seconds to start up
[2017.06.01-01.00.03:490][  0]LogPackageLocalizationCache: Processed 3 localized package path(s) for 2 prioritized culture(s) in 0.039305 seconds
[2017.06.01-01.00.03:497][  0]LogUObjectArray: 32493 objects as part of root set at end of initial load.
[2017.06.01-01.00.03:497][  0]LogUObjectAllocator: 7077032 out of 0 bytes used by permanent object pool.
[2017.06.01-01.00.03:497][  0]LogUObjectArray: CloseDisregardForGC: 0/0 objects in disregard for GC pool
[2017.06.01-01.00.03:588][  0]LogInit: WinSock: version 1.1 (2.2), MaxSocks=32767, MaxUdp=65467
[2017.06.01-01.00.05:783][  0]LogTcpMessaging: Initializing TcpMessaging bridge
[2017.06.01-01.00.05:838][  0]LogUdpMessaging: Initializing bridge on interface 0.0.0.0:0 to multicast group 230.0.0.1:6666.
[2017.06.01-01.00.06:481][  0]LogMaterial: Uniform references updated for custom material expression Custom.
[2017.06.01-01.00.06:989][  0]SourceControl: Info Source control is disabled
[2017.06.01-01.00.06:990][  0]SourceControl: Info Source control is disabled
[2017.06.01-01.00.07:059][  0]SourceControl: Info Source control is disabled
[2017.06.01-01.00.07:130][  0]SourceControl: Info Source control is disabled
[2017.06.01-01.00.08:946][  0]LogEngine: Initializing Engine...
[2017.06.01-01.00.08:947][  0]LogHMD: Failed to initialize OpenVR with code 110
[2017.06.01-01.00.09:306][  0]LogAIModule: Creating AISystem for world Untitled
[2017.06.01-01.00.09:315][  0]LogInit: XAudio2 using 'Realtek Digital Output (Realtek Audio)' : 2 channels at 48 kHz using 16 bits per sample (channel mask 0x3)
[2017.06.01-01.00.09:352][  0]LogInit: FAudioDevice initialized.
[2017.06.01-01.00.09:378][  0]LogDerivedDataCache: Saved boot cache 0.03s 50MB C:/Users/h201426501/AppData/Local/UnrealEngine/4.15/DerivedDataCache/Boot.ddc.
[2017.06.01-01.00.09:388][  0]LogInit: Texture streaming: Enabled
[2017.06.01-01.00.09:522][  0]LogEngineSessionManager: EngineSessionManager initialized
[2017.06.01-01.00.09:655][  0]LogInit: Transaction tracking system initialized
[2017.06.01-01.00.10:149][  0]BlueprintLog: New page: Editor Load
[2017.06.01-01.00.11:419][  0]LocalizationService: Info Localization service is disabled
[2017.06.01-01.00.12:394][  0]LogConsoleResponse:Display: 
[2017.06.01-01.00.12:565][  0]LogCook:Display: Max memory allowance for cook 16384mb min free memory 0mb
[2017.06.01-01.00.12:565][  0]LogCook:Display: Mobile HDR setting 1
[2017.06.01-01.00.13:499][  0]LogFileCache: Scanning file cache for directory 'C:/Users/h201426501/Desktop/AIProject2/Content/' took 0.03s
[2017.06.01-01.00.14:158][  0]SourceControl: Info Source control is disabled
[2017.06.01-01.00.14:158][  0]Cmd: MAP LOAD FILE="../../../../../../Users/h201426501/Desktop/AIProject2/Content/FirstPersonBP/Maps/SubBasement.umap" TEMPLATE=0 SHOWPROGRESS=1 FEATURELEVEL=3
[2017.06.01-01.00.14:158][  0]LightingResults: New page: Lighting Build
[2017.06.01-01.00.14:216][  0]MapCheck: New page: Map Check
[2017.06.01-01.00.14:216][  0]LightingResults: New page: Lighting Build
[2017.06.01-01.00.15:314][  0]LogAIModule: Creating AISystem for world SubBasement
[2017.06.01-01.00.15:392][  0]LogMaterial:Warning: Material /Engine/VREditor/LaserPointer/LaserPointerMaterial.LaserPointerMaterial needed to have new flag set bUsedWithSkeletalMesh !
[2017.06.01-01.00.15:449][  0]LogMaterial: Missing cached shader map for material LaserPointerMaterial, compiling. 
[2017.06.01-01.00.15:451][  0]LogTemp:Display: Added material ShaderMap 0x000001C22483CF00 with Material 0x000001C20D8CD900 to ShaderMapsBeingCompiled
[2017.06.01-01.00.15:495][  0]LogTemp:Display: Kicking off shader compilation for LaserPointerMaterial, GameThreadShaderMap 0x000001C22483CF00
[2017.06.01-01.00.15:495][  0]MapCheck:Warning: Warning LaserPointerMaterial Material /Engine/VREditor/LaserPointer/LaserPointerMaterial.LaserPointerMaterial was missing the usage flag bUsedWithSkeletalMesh. If the material asset is not re-saved, it may not render correctly when run outside the editor. Fix
[2017.06.01-01.00.15:499][  0]LogMaterial: Missing cached shader map for material LaserPointerMaterial, compiling. 
[2017.06.01-01.00.15:501][  0]LogTemp:Display: Added material ShaderMap 0x000001C22D13A780 with Material 0x000001C20D894E80 to ShaderMapsBeingCompiled
[2017.06.01-01.00.15:585][  0]LogTemp:Display: Kicking off shader compilation for LaserPointerMaterial, GameThreadShaderMap 0x000001C22D13A780
[2017.06.01-01.00.15:585][  0]LogMaterial: 0.09 seconds spent updating 1 materials, 1 interfaces, 0 instances, 1 with static permutations.
[2017.06.01-01.00.15:707][  0]LogEditorServer: Finished looking for orphan Actors (0.000 secs)
[2017.06.01-01.00.15:726][  0]Cmd: MAP CHECKDEP NOCLEARLOG
[2017.06.01-01.00.15:914][  0]MapCheck: Info Map check complete: 0 Error(s), 1 Warning(s), took 188.001ms to complete.
[2017.06.01-01.00.15:931][  0]LogFileHelpers: Loading map 'SubBasement' took 1.773
[2017.06.01-01.00.15:989][  0]LogWindowsTextInputMethodSystem:Display: IME system now deactivated.
[2017.06.01-01.00.16:333][  0]LogCollectionManager: Loaded 0 collections in 0.005154 seconds
[2017.06.01-01.00.16:532][  0]LogFileCache: Scanning file cache for directory 'C:/Users/h201426501/Desktop/AIProject2/Saved/Collections/' took 0.01s
[2017.06.01-01.00.16:532][  0]LogFileCache: Scanning file cache for directory 'C:/Users/h201426501/Desktop/AIProject2/Content/Developers/H201426501/Collections/' took 0.01s
[2017.06.01-01.00.16:532][  0]LogFileCache: Scanning file cache for directory 'C:/Users/h201426501/Desktop/AIProject2/Content/Collections/' took 0.01s
[2017.06.01-01.00.16:532][  0]LogCollectionManager: Rebuilt the GUID cache for 0 collections in 0.000003 seconds
[2017.06.01-01.00.16:558][  0]LogContentBrowser: Native class hierarchy populated in 0.0258 seconds. Added 2245 classes and 453 folders.
[2017.06.01-01.00.16:569][  0]LogStats: UGameplayTagsManager::ConstructGameplayTagTree: Construct from data asset -  0.000 s
[2017.06.01-01.00.16:569][  0]LogStats: UGameplayTagsManager::ConstructGameplayTagTree: GameplayTagTreeChangedEvent.Broadcast -  0.000 s
[2017.06.01-01.00.16:801][  0]LogContentBrowser: Native class hierarchy updated for 'WidgetCarousel' in 0.0013 seconds. Added 0 classes and 0 folders.
[2017.06.01-01.00.16:931][  0]LogContentBrowser: Native class hierarchy updated for 'AddContentDialog' in 0.0013 seconds. Added 0 classes and 0 folders.
[2017.06.01-01.00.17:101][  0]LogContentBrowser: Native class hierarchy updated for 'SceneOutliner' in 0.0015 seconds. Added 1 classes and 2 folders.
[2017.06.01-01.00.17:263][  0]LogCrashTracker: Crashtracker disabled due to settings.
[2017.06.01-01.00.17:274][  0]LogUObjectGlobals:Warning: Failed to find object 'Class None.'
[2017.06.01-01.00.17:445][  0]LogContentBrowser: Native class hierarchy updated for 'HierarchicalLODOutliner' in 0.0013 seconds. Added 1 classes and 2 folders.
[2017.06.01-01.00.17:445][  0]LogLoad: (Engine Initialization) Total time: 23.12 seconds
[2017.06.01-01.00.17:445][  0]LogLoad: (Engine Initialization) Total Blueprint compile time: 0.17 seconds
[2017.06.01-01.00.17:445][  0]LogExternalProfiler: Found external profiler: VSPerf
[2017.06.01-01.00.17:445][  0]LogExternalProfiler: Using external profiler: VSPerf
[2017.06.01-01.00.17:456][  0]LogOcInput: OculusInput pre-init called
[2017.06.01-01.00.17:494][  0]LogContentStreaming: Texture pool size now 1000 MB
[2017.06.01-01.00.17:497][  0]LogSlate: Took 0.000530 seconds to synchronously load lazily loaded font '../../../Engine/Content/Slate/Fonts/Roboto-Bold.ttf' (160K)
[2017.06.01-01.00.17:504][  0]LogSlate: Took 0.000559 seconds to synchronously load lazily loaded font '../../../Engine/Content/Slate/Fonts/Roboto-Regular.ttf' (155K)
[2017.06.01-01.00.17:524][  0]LogSlate: Took 0.000566 seconds to synchronously load lazily loaded font '../../../Engine/Content/Editor/Slate/Fonts/FontAwesome.ttf' (139K)
[2017.06.01-01.00.17:805][  0]LogSlate: Took 0.000437 seconds to synchronously load lazily loaded font '../../../Engine/Content/Slate/Fonts/Roboto-Light.ttf' (159K)
[2017.06.01-01.00.17:900][  0]LogRenderer: Reallocating scene render targets to support 1208x576 NumSamples 1 (Frame:2).
[2017.06.01-01.00.18:320][  1]LogFileCache: Retrieving MD5 hashes for directory 'C:/Users/h201426501/Desktop/AIProject2/Content/' took 0.85s
[2017.06.01-01.00.18:884][  4]LogAssetRegistry: Asset discovery search completed in 15.4848 seconds
[2017.06.01-01.00.18:884][  4]LogCollectionManager: Rebuilt the object cache for 0 collections in 0.000011 seconds (found 0 objects)
[2017.06.01-01.00.18:884][  4]LogCollectionManager: Fixed up redirectors for 0 collections in 0.000045 seconds (updated 0 objects)
[2017.06.01-01.00.21:777][198]LogTemp:Display: Finished compile of shader map 0x000001C22483CF00
[2017.06.01-01.00.21:777][198]LogTemp:Display: Shader map LaserPointerMaterial complete, GameThreadShaderMap 0x000001C22483CF00, marking material LaserPointerMaterial as finished
[2017.06.01-01.00.21:777][198]LogTemp:Display: Marking material as finished 0x000001C20D8CD900
[2017.06.01-01.00.23:207][298]LogTemp: Repeting last play command: New Editor Window (PIE)
[2017.06.01-01.00.23:239][298]LogBlueprintUserMessages: Early PlayInEditor Detection: Level '/Game/FirstPersonBP/Maps/SubBasement.SubBasement:PersistentLevel' has LevelScriptBlueprint '/Game/FirstPersonBP/Maps/SubBasement.SubBasement:PersistentLevel.SubBasement' with GeneratedClass '/Game/FirstPersonBP/Maps/SubBasement.SubBasement_C' with ClassGeneratedBy '/Game/FirstPersonBP/Maps/SubBasement.SubBasement:PersistentLevel.SubBasement'
[2017.06.01-01.00.23:239][298]LogPlayLevel: PlayLevel: No blueprints needed recompiling
[2017.06.01-01.00.23:239][298]PIE: New page: PIE session: SubBasement (1 Jun 2017 9:00:23 pm)
[2017.06.01-01.00.23:239][298]LogPlayLevel: Creating play world package: /Game/FirstPersonBP/Maps/UEDPIE_0_SubBasement
[2017.06.01-01.00.23:744][298]LogPlayLevel: PIE: StaticDuplicateObject took: (0.504632s)
[2017.06.01-01.00.23:746][298]LogAIModule: Creating AISystem for world SubBasement
[2017.06.01-01.00.23:746][298]LogPlayLevel: PIE: World Init took: (0.002033s)
[2017.06.01-01.00.23:748][298]LogPlayLevel: PIE: Created PIE world by copying editor world from /Game/FirstPersonBP/Maps/SubBasement.SubBasement to /Game/FirstPersonBP/Maps/UEDPIE_0_SubBasement.SubBasement (0.508530s)
[2017.06.01-01.00.23:791][298]LogInit: XAudio2 using 'Realtek Digital Output (Realtek Audio)' : 2 channels at 48 kHz using 16 bits per sample (channel mask 0x3)
[2017.06.01-01.00.23:817][298]LogInit: FAudioDevice initialized.
[2017.06.01-01.00.23:977][298]LogLinker:Warning: Can't find file '/Game/MilitaryWeapDark/FX/P_Impact_Stone_Medium_01'
[2017.06.01-01.00.23:977][298]LogLinker:Warning: Can't find file for asset '/Game/MilitaryWeapDark/FX/P_Impact_Stone_Medium_01' while loading ../../../../../../Users/h201426501/Desktop/AIProject2/Content/FirstPersonBPIronbelly/Blueprints/FirstPersonProjectileIronbelly.uasset.
[2017.06.01-01.00.23:977][298]LoadErrors:Error: Error /Game/FirstPersonBPIronbelly/Blueprints/FirstPersonProjectileIronbelly : Can't find file for asset. /Game/MilitaryWeapDark/FX/P_Impact_Stone_Medium_01
[2017.06.01-01.00.23:977][298]LogLinker:Warning: Can't find file '/Game/MilitaryWeapDark/FX/P_Impact_Stone_Medium_01'
[2017.06.01-01.00.23:977][298]LogLinker:Warning: Can't find file for asset '/Game/MilitaryWeapDark/FX/P_Impact_Stone_Medium_01' while loading ../../../../../../Users/h201426501/Desktop/AIProject2/Content/FirstPersonBPIronbelly/Blueprints/FirstPersonProjectileIronbelly.uasset.
[2017.06.01-01.00.23:979][298]LogLinker:Warning: Can't find file '/Game/MilitaryWeapDark/FX/P_Impact_Stone_Medium_01'
[2017.06.01-01.00.23:980][298]LogLinker:Warning: Can't find file for asset '/Game/MilitaryWeapDark/FX/P_Impact_Stone_Medium_01' while loading ../../../../../../Users/h201426501/Desktop/AIProject2/Content/FirstPersonBPIronbelly/Arms/FPSArms_Skeleton_AnimBlueprint_5PST.uasset.
[2017.06.01-01.00.23:980][298]LoadErrors:Error: Error /Game/FirstPersonBPIronbelly/Arms/FPSArms_Skeleton_AnimBlueprint_5PST : Can't find file for asset. /Game/MilitaryWeapDark/FX/P_Impact_Stone_Medium_01
[2017.06.01-01.00.23:980][298]LogLinker:Warning: Can't find file '/Game/MilitaryWeapDark/FX/P_Impact_Stone_Medium_01'
[2017.06.01-01.00.23:980][298]LogLinker:Warning: Can't find file for asset '/Game/MilitaryWeapDark/FX/P_Impact_Stone_Medium_01' while loading ../../../../../../Users/h201426501/Desktop/AIProject2/Content/FirstPersonBPIronbelly/Arms/FPSArms_Skeleton_AnimBlueprint_5PST.uasset.
[2017.06.01-01.00.23:983][298]LogLinker:Warning: Can't find file '/Game/MilitaryWeapDark/FX/P_Impact_Stone_Medium_01'
[2017.06.01-01.00.23:983][298]LoadErrors: Info Failed to load /Game/MilitaryWeapDark/FX/P_Impact_Stone_Medium_01.P_Impact_Stone_Medium_01 Referenced by K2Node_CallFunction_22
[2017.06.01-01.00.23:983][298]LogLinker:Warning: Can't find file for asset '/Game/MilitaryWeapDark/FX/P_Impact_Stone_Medium_01' while loading ../../../../../../Users/h201426501/Desktop/AIProject2/Content/FirstPersonBPIronbelly/Arms/FPSArms_Skeleton_AnimBlueprint_5PST.uasset.
[2017.06.01-01.00.24:028][298]LogLinker:Warning: Can't find file '/Game/IBWP3DPistol5Pack/Weapons/Magnum/Magnum_Skeleton_AnimBlueprint'
[2017.06.01-01.00.24:028][298]LoadErrors: Info Failed to load /Game/IBWP3DPistol5Pack/Weapons/Magnum/Magnum_Skeleton_AnimBlueprint.Magnum_Skeleton_AnimBlueprint_C Referenced by FP_Gun_GEN_VARIABLE
[2017.06.01-01.00.24:028][298]LogLinker:Warning: Can't find file for asset '/Game/IBWP3DPistol5Pack/Weapons/Magnum/Magnum_Skeleton_AnimBlueprint' while loading ../../../../../../Users/h201426501/Desktop/AIProject2/Content/FirstPersonBPIronbelly/Arms/FPSArms_Skeleton_AnimBlueprint_5PST.uasset.
[2017.06.01-01.00.24:029][298]LoadErrors:Error: Error /Game/FirstPersonBPIronbelly/Arms/FPSArms_Skeleton_AnimBlueprint_5PST : Can't find file for asset. /Game/IBWP3DPistol5Pack/Weapons/Magnum/Magnum_Skeleton_AnimBlueprint
[2017.06.01-01.00.24:029][298]LogLinker:Warning: Can't find file '/Game/IBWP3DPistol5Pack/Weapons/Magnum/Magnum_Skeleton_AnimBlueprint'
[2017.06.01-01.00.24:029][298]LogLinker:Warning: Can't find file for asset '/Game/IBWP3DPistol5Pack/Weapons/Magnum/Magnum_Skeleton_AnimBlueprint' while loading ../../../../../../Users/h201426501/Desktop/AIProject2/Content/FirstPersonBPIronbelly/Arms/FPSArms_Skeleton_AnimBlueprint_5PST.uasset.
[2017.06.01-01.00.24:030][298]LogLinker:Warning: Can't find file '/Game/IBWP3DPistol5Pack/Weapons/Magnum/SK_Magnum'
[2017.06.01-01.00.24:030][298]LoadErrors: Info Failed to load /Game/IBWP3DPistol5Pack/Weapons/Magnum/SK_Magnum.SK_Magnum Referenced by FP_Gun_GEN_VARIABLE
[2017.06.01-01.00.24:030][298]LogLinker:Warning: Can't find file for asset '/Game/IBWP3DPistol5Pack/Weapons/Magnum/SK_Magnum' while loading ../../../../../../Users/h201426501/Desktop/AIProject2/Content/FirstPersonBPIronbelly/Arms/FPSArms_Skeleton_AnimBlueprint_5PST.uasset.
[2017.06.01-01.00.24:030][298]LoadErrors:Error: Error /Game/FirstPersonBPIronbelly/Arms/FPSArms_Skeleton_AnimBlueprint_5PST : Can't find file for asset. /Game/IBWP3DPistol5Pack/Weapons/Magnum/SK_Magnum
[2017.06.01-01.00.24:277][298]LogLinker:Warning: Can't find file '/Game/IBWP3DPistol5Pack/Weapons/Magnum/Magnum_Skeleton_AnimBlueprint'
[2017.06.01-01.00.24:277][298]LogLinker:Warning: Can't find file for asset '/Game/IBWP3DPistol5Pack/Weapons/Magnum/Magnum_Skeleton_AnimBlueprint' while loading ../../../../../../Users/h201426501/Desktop/AIProject2/Content/FirstPersonBPIronbelly/Arms/FPSArms_Skeleton_AnimBlueprint_5PST.uasset.
[2017.06.01-01.00.24:278][298]LogLinker:Warning: Can't find file '/Game/IBWP3DPistol5Pack/Weapons/TT/TT_Skeleton_AnimBlueprint'
[2017.06.01-01.00.24:278][298]LogLinker:Warning: Can't find file for asset '/Game/IBWP3DPistol5Pack/Weapons/TT/TT_Skeleton_AnimBlueprint' while loading ../../../../../../Users/h201426501/Desktop/AIProject2/Content/FirstPersonBPIronbelly/Arms/FPSArms_Skeleton_AnimBlueprint_5PST.uasset.
[2017.06.01-01.00.24:278][298]LoadErrors:Error: Error /Game/FirstPersonBPIronbelly/Arms/FPSArms_Skeleton_AnimBlueprint_5PST : Can't find file for asset. /Game/IBWP3DPistol5Pack/Weapons/TT/TT_Skeleton_AnimBlueprint
[2017.06.01-01.00.24:395][298]LogLinker:Warning: Can't find file '/Game/IBWP3DPistol5Pack/Weapons/Magnum/Animations/ANIM_44_Magnum_Fire_Montage'
[2017.06.01-01.00.24:395][298]LogLinker:Warning: Can't find file for asset '/Game/IBWP3DPistol5Pack/Weapons/Magnum/Animations/ANIM_44_Magnum_Fire_Montage' while loading ../../../../../../Users/h201426501/Desktop/AIProject2/Content/FirstPersonBPIronbelly/Arms/FPSArms_Skeleton_AnimBlueprint_5PST.uasset.
[2017.06.01-01.00.24:395][298]LoadErrors:Error: Error /Game/FirstPersonBPIronbelly/Arms/FPSArms_Skeleton_AnimBlueprint_5PST : Can't find file for asset. /Game/IBWP3DPistol5Pack/Weapons/Magnum/Animations/ANIM_44_Magnum_Fire_Montage
[2017.06.01-01.00.24:395][298]LogLinker:Warning: Can't find file '/Game/IBWP3DPistol5Pack/Weapons/Magnum/Animations/ANIM_44_Magnum_Reload_Montage'
[2017.06.01-01.00.24:395][298]LogLinker:Warning: Can't find file for asset '/Game/IBWP3DPistol5Pack/Weapons/Magnum/Animations/ANIM_44_Magnum_Reload_Montage' while loading ../../../../../../Users/h201426501/Desktop/AIProject2/Content/FirstPersonBPIronbelly/Arms/FPSArms_Skeleton_AnimBlueprint_5PST.uasset.
[2017.06.01-01.00.24:395][298]LoadErrors:Error: Error /Game/FirstPersonBPIronbelly/Arms/FPSArms_Skeleton_AnimBlueprint_5PST : Can't find file for asset. /Game/IBWP3DPistol5Pack/Weapons/Magnum/Animations/ANIM_44_Magnum_Reload_Montage
[2017.06.01-01.00.24:395][298]LogLinker:Warning: Can't find file '/Game/IBWP3DPistol5Pack/Weapons/TT/Animation/ANIM_TT_Fire_Montage'
[2017.06.01-01.00.24:396][298]LogLinker:Warning: Can't find file for asset '/Game/IBWP3DPistol5Pack/Weapons/TT/Animation/ANIM_TT_Fire_Montage' while loading ../../../../../../Users/h201426501/Desktop/AIProject2/Content/FirstPersonBPIronbelly/Arms/FPSArms_Skeleton_AnimBlueprint_5PST.uasset.
[2017.06.01-01.00.24:396][298]LoadErrors:Error: Error /Game/FirstPersonBPIronbelly/Arms/FPSArms_Skeleton_AnimBlueprint_5PST : Can't find file for asset. /Game/IBWP3DPistol5Pack/Weapons/TT/Animation/ANIM_TT_Fire_Montage
[2017.06.01-01.00.24:396][298]LogLinker:Warning: Can't find file '/Game/IBWP3DPistol5Pack/Weapons/TT/Animation/ANIM_TT_Reload_Montage'
[2017.06.01-01.00.24:396][298]LogLinker:Warning: Can't find file for asset '/Game/IBWP3DPistol5Pack/Weapons/TT/Animation/ANIM_TT_Reload_Montage' while loading ../../../../../../Users/h201426501/Desktop/AIProject2/Content/FirstPersonBPIronbelly/Arms/FPSArms_Skeleton_AnimBlueprint_5PST.uasset.
[2017.06.01-01.00.24:396][298]LoadErrors:Error: Error /Game/FirstPersonBPIronbelly/Arms/FPSArms_Skeleton_AnimBlueprint_5PST : Can't find file for asset. /Game/IBWP3DPistol5Pack/Weapons/TT/Animation/ANIM_TT_Reload_Montage
[2017.06.01-01.00.24:424][298]LogLinker:Warning: Can't find file '/Game/IBWP3DPistol5Pack/Weapons/Magnum/Textures/44_Magnum_AO'
[2017.06.01-01.00.24:424][298]LogLinker:Warning: Can't find file for asset '/Game/IBWP3DPistol5Pack/Weapons/Magnum/Textures/44_Magnum_AO' while loading ../../../../../../Users/h201426501/Desktop/AIProject2/Content/FirstPersonBPIronbelly/MasterMaterial/WeaponMaster.uasset.
[2017.06.01-01.00.24:424][298]LoadErrors:Error: Error /Game/FirstPersonBPIronbelly/MasterMaterial/WeaponMaster : Can't find file for asset. /Game/IBWP3DPistol5Pack/Weapons/Magnum/Textures/44_Magnum_AO
[2017.06.01-01.00.24:424][298]LogLinker:Warning: Can't find file '/Game/IBWP3DPistol5Pack/Weapons/Magnum/Textures/44_Magnum_COL'
[2017.06.01-01.00.24:424][298]LogLinker:Warning: Can't find file for asset '/Game/IBWP3DPistol5Pack/Weapons/Magnum/Textures/44_Magnum_COL' while loading ../../../../../../Users/h201426501/Desktop/AIProject2/Content/FirstPersonBPIronbelly/MasterMaterial/WeaponMaster.uasset.
[2017.06.01-01.00.24:424][298]LoadErrors:Error: Error /Game/FirstPersonBPIronbelly/MasterMaterial/WeaponMaster : Can't find file for asset. /Game/IBWP3DPistol5Pack/Weapons/Magnum/Textures/44_Magnum_COL
[2017.06.01-01.00.24:425][298]LogLinker:Warning: Can't find file '/Game/IBWP3DPistol5Pack/Weapons/Magnum/Textures/44_Magnum_MET'
[2017.06.01-01.00.24:425][298]LogLinker:Warning: Can't find file for asset '/Game/IBWP3DPistol5Pack/Weapons/Magnum/Textures/44_Magnum_MET' while loading ../../../../../../Users/h201426501/Desktop/AIProject2/Content/FirstPersonBPIronbelly/MasterMaterial/WeaponMaster.uasset.
[2017.06.01-01.00.24:425][298]LoadErrors:Error: Error /Game/FirstPersonBPIronbelly/MasterMaterial/WeaponMaster : Can't find file for asset. /Game/IBWP3DPistol5Pack/Weapons/Magnum/Textures/44_Magnum_MET
[2017.06.01-01.00.24:425][298]LogLinker:Warning: Can't find file '/Game/IBWP3DPistol5Pack/Weapons/Magnum/Textures/44_Magnum_NRM'
[2017.06.01-01.00.24:425][298]LogLinker:Warning: Can't find file for asset '/Game/IBWP3DPistol5Pack/Weapons/Magnum/Textures/44_Magnum_NRM' while loading ../../../../../../Users/h201426501/Desktop/AIProject2/Content/FirstPersonBPIronbelly/MasterMaterial/WeaponMaster.uasset.
[2017.06.01-01.00.24:426][298]LoadErrors:Error: Error /Game/FirstPersonBPIronbelly/MasterMaterial/WeaponMaster : Can't find file for asset. /Game/IBWP3DPistol5Pack/Weapons/Magnum/Textures/44_Magnum_NRM
[2017.06.01-01.00.24:426][298]LogLinker:Warning: Can't find file '/Game/IBWP3DPistol5Pack/Weapons/Magnum/Textures/44_Magnum_RGS'
[2017.06.01-01.00.24:426][298]LogLinker:Warning: Can't find file for asset '/Game/IBWP3DPistol5Pack/Weapons/Magnum/Textures/44_Magnum_RGS' while loading ../../../../../../Users/h201426501/Desktop/AIProject2/Content/FirstPersonBPIronbelly/MasterMaterial/WeaponMaster.uasset.
[2017.06.01-01.00.24:426][298]LoadErrors:Error: Error /Game/FirstPersonBPIronbelly/MasterMaterial/WeaponMaster : Can't find file for asset. /Game/IBWP3DPistol5Pack/Weapons/Magnum/Textures/44_Magnum_RGS
[2017.06.01-01.00.24:427][298]LogLinker:Warning: Can't find file '/Game/IBWP3DPistol5Pack/Weapons/Magnum/Textures/44_Magnum_AO'
[2017.06.01-01.00.24:427][298]LogLinker:Warning: Can't find file for asset '/Game/IBWP3DPistol5Pack/Weapons/Magnum/Textures/44_Magnum_AO' while loading ../../../../../../Users/h201426501/Desktop/AIProject2/Content/FirstPersonBPIronbelly/MasterMaterial/WeaponMaster.uasset.
[2017.06.01-01.00.24:427][298]LogLinker:Warning: Can't find file '/Game/IBWP3DPistol5Pack/Weapons/Magnum/Textures/44_Magnum_COL'
[2017.06.01-01.00.24:427][298]LogLinker:Warning: Can't find file for asset '/Game/IBWP3DPistol5Pack/Weapons/Magnum/Textures/44_Magnum_COL' while loading ../../../../../../Users/h201426501/Desktop/AIProject2/Content/FirstPersonBPIronbelly/MasterMaterial/WeaponMaster.uasset.
[2017.06.01-01.00.24:428][298]LogLinker:Warning: Can't find file '/Game/IBWP3DPistol5Pack/Weapons/Magnum/Textures/44_Magnum_MET'
[2017.06.01-01.00.24:428][298]LogLinker:Warning: Can't find file for asset '/Game/IBWP3DPistol5Pack/Weapons/Magnum/Textures/44_Magnum_MET' while loading ../../../../../../Users/h201426501/Desktop/AIProject2/Content/FirstPersonBPIronbelly/MasterMaterial/WeaponMaster.uasset.
[2017.06.01-01.00.24:428][298]LogLinker:Warning: Can't find file '/Game/IBWP3DPistol5Pack/Weapons/Magnum/Textures/44_Magnum_NRM'
[2017.06.01-01.00.24:429][298]LogLinker:Warning: Can't find file for asset '/Game/IBWP3DPistol5Pack/Weapons/Magnum/Textures/44_Magnum_NRM' while loading ../../../../../../Users/h201426501/Desktop/AIProject2/Content/FirstPersonBPIronbelly/MasterMaterial/WeaponMaster.uasset.
[2017.06.01-01.00.24:429][298]LogLinker:Warning: Can't find file '/Game/IBWP3DPistol5Pack/Weapons/Magnum/Textures/44_Magnum_RGS'
[2017.06.01-01.00.24:429][298]LogLinker:Warning: Can't find file for asset '/Game/IBWP3DPistol5Pack/Weapons/Magnum/Textures/44_Magnum_RGS' while loading ../../../../../../Users/h201426501/Desktop/AIProject2/Content/FirstPersonBPIronbelly/MasterMaterial/WeaponMaster.uasset.
[2017.06.01-01.00.24:456][298]LogLinker:Warning: Can't find file '/Game/IBWP3DPistol5Pack/Weapons/G18/Textures/G18_COL'
[2017.06.01-01.00.24:456][298]LogLinker:Warning: Can't find file for asset '/Game/IBWP3DPistol5Pack/Weapons/G18/Textures/G18_COL' while loading ../../../../../../Users/h201426501/Desktop/AIProject2/Content/IBWP3DPistol5Pack/Weapons/G18/Material/MAT_G18.uasset.
[2017.06.01-01.00.24:456][298]LoadErrors:Error: Error /Game/IBWP3DPistol5Pack/Weapons/G18/Material/MAT_G18 : Can't find file for asset. /Game/IBWP3DPistol5Pack/Weapons/G18/Textures/G18_COL
[2017.06.01-01.00.24:456][298]LogLinker:Warning: Can't find file '/Game/IBWP3DPistol5Pack/Weapons/G18/Textures/G18_MET'
[2017.06.01-01.00.24:456][298]LogLinker:Warning: Can't find file for asset '/Game/IBWP3DPistol5Pack/Weapons/G18/Textures/G18_MET' while loading ../../../../../../Users/h201426501/Desktop/AIProject2/Content/IBWP3DPistol5Pack/Weapons/G18/Material/MAT_G18.uasset.
[2017.06.01-01.00.24:457][298]LoadErrors:Error: Error /Game/IBWP3DPistol5Pack/Weapons/G18/Material/MAT_G18 : Can't find file for asset. /Game/IBWP3DPistol5Pack/Weapons/G18/Textures/G18_MET
[2017.06.01-01.00.24:457][298]LogLinker:Warning: Can't find file '/Game/IBWP3DPistol5Pack/Weapons/G18/Textures/G18_NRM'
[2017.06.01-01.00.24:457][298]LogLinker:Warning: Can't find file for asset '/Game/IBWP3DPistol5Pack/Weapons/G18/Textures/G18_NRM' while loading ../../../../../../Users/h201426501/Desktop/AIProject2/Content/IBWP3DPistol5Pack/Weapons/G18/Material/MAT_G18.uasset.
[2017.06.01-01.00.24:457][298]LoadErrors:Error: Error /Game/IBWP3DPistol5Pack/Weapons/G18/Material/MAT_G18 : Can't find file for asset. /Game/IBWP3DPistol5Pack/Weapons/G18/Textures/G18_NRM
[2017.06.01-01.00.24:457][298]LogLinker:Warning: Can't find file '/Game/IBWP3DPistol5Pack/Weapons/G18/Textures/G18_RGS'
[2017.06.01-01.00.24:458][298]LogLinker:Warning: Can't find file for asset '/Game/IBWP3DPistol5Pack/Weapons/G18/Textures/G18_RGS' while loading ../../../../../../Users/h201426501/Desktop/AIProject2/Content/IBWP3DPistol5Pack/Weapons/G18/Material/MAT_G18.uasset.
[2017.06.01-01.00.24:458][298]LoadErrors:Error: Error /Game/IBWP3DPistol5Pack/Weapons/G18/Material/MAT_G18 : Can't find file for asset. /Game/IBWP3DPistol5Pack/Weapons/G18/Textures/G18_RGS
[2017.06.01-01.00.24:458][298]LogLinker:Warning: Can't find file '/Game/IBWP3DPistol5Pack/Weapons/G18/Textures/G18_COL'
[2017.06.01-01.00.24:458][298]LogLinker:Warning: Can't find file for asset '/Game/IBWP3DPistol5Pack/Weapons/G18/Textures/G18_COL' while loading ../../../../../../Users/h201426501/Desktop/AIProject2/Content/IBWP3DPistol5Pack/Weapons/G18/Material/MAT_G18.uasset.
[2017.06.01-01.00.24:458][298]LogLinker:Warning: Can't find file '/Game/IBWP3DPistol5Pack/Weapons/G18/Textures/G18_MET'
[2017.06.01-01.00.24:459][298]LogLinker:Warning: Can't find file for asset '/Game/IBWP3DPistol5Pack/Weapons/G18/Textures/G18_MET' while loading ../../../../../../Users/h201426501/Desktop/AIProject2/Content/IBWP3DPistol5Pack/Weapons/G18/Material/MAT_G18.uasset.
[2017.06.01-01.00.24:459][298]LogLinker:Warning: Can't find file '/Game/IBWP3DPistol5Pack/Weapons/G18/Textures/G18_NRM'
[2017.06.01-01.00.24:459][298]LogLinker:Warning: Can't find file for asset '/Game/IBWP3DPistol5Pack/Weapons/G18/Textures/G18_NRM' while loading ../../../../../../Users/h201426501/Desktop/AIProject2/Content/IBWP3DPistol5Pack/Weapons/G18/Material/MAT_G18.uasset.
[2017.06.01-01.00.24:459][298]LogLinker:Warning: Can't find file '/Game/IBWP3DPistol5Pack/Weapons/G18/Textures/G18_RGS'
[2017.06.01-01.00.24:460][298]LogLinker:Warning: Can't find file for asset '/Game/IBWP3DPistol5Pack/Weapons/G18/Textures/G18_RGS' while loading ../../../../../../Users/h201426501/Desktop/AIProject2/Content/IBWP3DPistol5Pack/Weapons/G18/Material/MAT_G18.uasset.
[2017.06.01-01.00.24:461][298]LogLinker:Warning: Can't find file '/Game/IBWP3DPistol5Pack/Weapons/Magnum/Animations/ANIM_44_Magnum_Fire_Montage'
[2017.06.01-01.00.24:462][298]LogLinker:Warning: Can't find file for asset '/Game/IBWP3DPistol5Pack/Weapons/Magnum/Animations/ANIM_44_Magnum_Fire_Montage' while loading ../../../../../../Users/h201426501/Desktop/AIProject2/Content/FirstPersonBPIronbelly/Arms/FPSArms_Skeleton_AnimBlueprint_5PST.uasset.
[2017.06.01-01.00.24:462][298]LogLinker:Warning: Can't find file '/Game/IBWP3DPistol5Pack/Weapons/Magnum/Animations/ANIM_44_Magnum_Reload_Montage'
[2017.06.01-01.00.24:462][298]LogLinker:Warning: Can't find file for asset '/Game/IBWP3DPistol5Pack/Weapons/Magnum/Animations/ANIM_44_Magnum_Reload_Montage' while loading ../../../../../../Users/h201426501/Desktop/AIProject2/Content/FirstPersonBPIronbelly/Arms/FPSArms_Skeleton_AnimBlueprint_5PST.uasset.
[2017.06.01-01.00.24:462][298]LogLinker:Warning: Can't find file '/Game/IBWP3DPistol5Pack/Weapons/Magnum/Magnum_Skeleton_AnimBlueprint'
[2017.06.01-01.00.24:462][298]LogLinker:Warning: Can't find file for asset '/Game/IBWP3DPistol5Pack/Weapons/Magnum/Magnum_Skeleton_AnimBlueprint' while loading ../../../../../../Users/h201426501/Desktop/AIProject2/Content/FirstPersonBPIronbelly/Arms/FPSArms_Skeleton_AnimBlueprint_5PST.uasset.
[2017.06.01-01.00.24:463][298]LogLinker:Warning: Can't find file '/Game/IBWP3DPistol5Pack/Weapons/Magnum/SK_Magnum'
[2017.06.01-01.00.24:463][298]LogLinker:Warning: Can't find file for asset '/Game/IBWP3DPistol5Pack/Weapons/Magnum/SK_Magnum' while loading ../../../../../../Users/h201426501/Desktop/AIProject2/Content/FirstPersonBPIronbelly/Arms/FPSArms_Skeleton_AnimBlueprint_5PST.uasset.
[2017.06.01-01.00.24:463][298]LogLinker:Warning: Can't find file '/Game/IBWP3DPistol5Pack/Weapons/TT/Animation/ANIM_TT_Fire_Montage'
[2017.06.01-01.00.24:463][298]LogLinker:Warning: Can't find file for asset '/Game/IBWP3DPistol5Pack/Weapons/TT/Animation/ANIM_TT_Fire_Montage' while loading ../../../../../../Users/h201426501/Desktop/AIProject2/Content/FirstPersonBPIronbelly/Arms/FPSArms_Skeleton_AnimBlueprint_5PST.uasset.
[2017.06.01-01.00.24:463][298]LogLinker:Warning: Can't find file '/Game/IBWP3DPistol5Pack/Weapons/TT/Animation/ANIM_TT_Reload_Montage'
[2017.06.01-01.00.24:463][298]LogLinker:Warning: Can't find file for asset '/Game/IBWP3DPistol5Pack/Weapons/TT/Animation/ANIM_TT_Reload_Montage' while loading ../../../../../../Users/h201426501/Desktop/AIProject2/Content/FirstPersonBPIronbelly/Arms/FPSArms_Skeleton_AnimBlueprint_5PST.uasset.
[2017.06.01-01.00.24:464][298]LogLinker:Warning: Can't find file '/Game/IBWP3DPistol5Pack/Weapons/TT/SK_TT'
[2017.06.01-01.00.24:464][298]LogLinker:Warning: Can't find file for asset '/Game/IBWP3DPistol5Pack/Weapons/TT/SK_TT' while loading ../../../../../../Users/h201426501/Desktop/AIProject2/Content/FirstPersonBPIronbelly/Arms/FPSArms_Skeleton_AnimBlueprint_5PST.uasset.
[2017.06.01-01.00.24:464][298]LoadErrors:Error: Error /Game/FirstPersonBPIronbelly/Arms/FPSArms_Skeleton_AnimBlueprint_5PST : Can't find file for asset. /Game/IBWP3DPistol5Pack/Weapons/TT/SK_TT
[2017.06.01-01.00.24:464][298]LogLinker:Warning: Can't find file '/Game/IBWP3DPistol5Pack/Weapons/TT/TT_Skeleton_AnimBlueprint'
[2017.06.01-01.00.24:464][298]LogLinker:Warning: Can't find file for asset '/Game/IBWP3DPistol5Pack/Weapons/TT/TT_Skeleton_AnimBlueprint' while loading ../../../../../../Users/h201426501/Desktop/AIProject2/Content/FirstPersonBPIronbelly/Arms/FPSArms_Skeleton_AnimBlueprint_5PST.uasset.
[2017.06.01-01.00.24:465][298]LogLinker:Warning: Can't find file '/Game/IBWP3DPistol5Pack/Weapons/Magnum/SK_Magnum'
[2017.06.01-01.00.24:466][298]LogLinker:Warning: Can't find file for asset '/Game/IBWP3DPistol5Pack/Weapons/Magnum/SK_Magnum' while loading ../../../../../../Users/h201426501/Desktop/AIProject2/Content/FirstPersonBPIronbelly/Arms/FPSArms_Skeleton_AnimBlueprint_5PST.uasset.
[2017.06.01-01.00.24:466][298]LogLinker:Warning: Can't find file '/Game/IBWP3DPistol5Pack/Weapons/TT/SK_TT'
[2017.06.01-01.00.24:466][298]LogLinker:Warning: Can't find file for asset '/Game/IBWP3DPistol5Pack/Weapons/TT/SK_TT' while loading ../../../../../../Users/h201426501/Desktop/AIProject2/Content/FirstPersonBPIronbelly/Arms/FPSArms_Skeleton_AnimBlueprint_5PST.uasset.
[2017.06.01-01.00.24:467][298]LogLinker:Warning: Can't find file '/Game/IBWP3DPistol5Pack/Weapons/Magnum/Animations/ANIM_44_Magnum_Fire_Montage'
[2017.06.01-01.00.24:467][298]LoadErrors: Info Failed to load /Game/IBWP3DPistol5Pack/Weapons/Magnum/Animations/ANIM_44_Magnum_Fire_Montage.ANIM_44_Magnum_Fire_Montage Referenced by Default__FirstPersonCharacterIronbelly_Pistol5Pack_C
[2017.06.01-01.00.24:467][298]LogLinker:Warning: Can't find file for asset '/Game/IBWP3DPistol5Pack/Weapons/Magnum/Animations/ANIM_44_Magnum_Fire_Montage' while loading ../../../../../../Users/h201426501/Desktop/AIProject2/Content/FirstPersonBPIronbelly/Arms/FPSArms_Skeleton_AnimBlueprint_5PST.uasset.
[2017.06.01-01.00.24:468][298]LogLinker:Warning: Can't find file '/Game/IBWP3DPistol5Pack/Weapons/TT/Animation/ANIM_TT_Fire_Montage'
[2017.06.01-01.00.24:468][298]LoadErrors: Info Failed to load /Game/IBWP3DPistol5Pack/Weapons/TT/Animation/ANIM_TT_Fire_Montage.ANIM_TT_Fire_Montage Referenced by Default__FirstPersonCharacterIronbelly_Pistol5Pack_C
[2017.06.01-01.00.24:468][298]LogLinker:Warning: Can't find file for asset '/Game/IBWP3DPistol5Pack/Weapons/TT/Animation/ANIM_TT_Fire_Montage' while loading ../../../../../../Users/h201426501/Desktop/AIProject2/Content/FirstPersonBPIronbelly/Arms/FPSArms_Skeleton_AnimBlueprint_5PST.uasset.
[2017.06.01-01.00.24:469][298]LogLinker:Warning: Can't find file '/Game/IBWP3DPistol5Pack/Weapons/Magnum/Animations/ANIM_44_Magnum_Reload_Montage'
[2017.06.01-01.00.24:469][298]LoadErrors: Info Failed to load /Game/IBWP3DPistol5Pack/Weapons/Magnum/Animations/ANIM_44_Magnum_Reload_Montage.ANIM_44_Magnum_Reload_Montage Referenced by Default__FirstPersonCharacterIronbelly_Pistol5Pack_C
[2017.06.01-01.00.24:469][298]LogLinker:Warning: Can't find file for asset '/Game/IBWP3DPistol5Pack/Weapons/Magnum/Animations/ANIM_44_Magnum_Reload_Montage' while loading ../../../../../../Users/h201426501/Desktop/AIProject2/Content/FirstPersonBPIronbelly/Arms/FPSArms_Skeleton_AnimBlueprint_5PST.uasset.
[2017.06.01-01.00.24:469][298]LogLinker:Warning: Can't find file '/Game/IBWP3DPistol5Pack/Weapons/TT/Animation/ANIM_TT_Reload_Montage'
[2017.06.01-01.00.24:470][298]LoadErrors: Info Failed to load /Game/IBWP3DPistol5Pack/Weapons/TT/Animation/ANIM_TT_Reload_Montage.ANIM_TT_Reload_Montage Referenced by Default__FirstPersonCharacterIronbelly_Pistol5Pack_C
[2017.06.01-01.00.24:470][298]LogLinker:Warning: Can't find file for asset '/Game/IBWP3DPistol5Pack/Weapons/TT/Animation/ANIM_TT_Reload_Montage' while loading ../../../../../../Users/h201426501/Desktop/AIProject2/Content/FirstPersonBPIronbelly/Arms/FPSArms_Skeleton_AnimBlueprint_5PST.uasset.
[2017.06.01-01.00.24:487][298]LogLinker:Warning: Can't find file '/Game/IBWP3DPistol5Pack/Weapons/Magnum/SK_Magnum'
[2017.06.01-01.00.24:487][298]LoadErrors: Info Failed to load /Game/IBWP3DPistol5Pack/Weapons/Magnum/SK_Magnum.SK_Magnum Referenced by K2Node_CallFunction_3555
[2017.06.01-01.00.24:488][298]LogLinker:Warning: Can't find file for asset '/Game/IBWP3DPistol5Pack/Weapons/Magnum/SK_Magnum' while loading ../../../../../../Users/h201426501/Desktop/AIProject2/Content/FirstPersonBPIronbelly/Arms/FPSArms_Skeleton_AnimBlueprint_5PST.uasset.
[2017.06.01-01.00.24:488][298]LogLinker:Warning: Can't find file '/Game/IBWP3DPistol5Pack/Weapons/TT/SK_TT'
[2017.06.01-01.00.24:488][298]LoadErrors: Info Failed to load /Game/IBWP3DPistol5Pack/Weapons/TT/SK_TT.SK_TT Referenced by K2Node_CallFunction_2464
[2017.06.01-01.00.24:489][298]LogLinker:Warning: Can't find file for asset '/Game/IBWP3DPistol5Pack/Weapons/TT/SK_TT' while loading ../../../../../../Users/h201426501/Desktop/AIProject2/Content/FirstPersonBPIronbelly/Arms/FPSArms_Skeleton_AnimBlueprint_5PST.uasset.
[2017.06.01-01.00.24:490][298]LogLinker:Warning: Can't find file '/Game/IBWP3DPistol5Pack/Weapons/Magnum/Magnum_Skeleton_AnimBlueprint'
[2017.06.01-01.00.24:490][298]LoadErrors: Info Failed to load /Game/IBWP3DPistol5Pack/Weapons/Magnum/Magnum_Skeleton_AnimBlueprint.Magnum_Skeleton_AnimBlueprint_C Referenced by K2Node_CallFunction_5983
[2017.06.01-01.00.24:490][298]LogLinker:Warning: Can't find file for asset '/Game/IBWP3DPistol5Pack/Weapons/Magnum/Magnum_Skeleton_AnimBlueprint' while loading ../../../../../../Users/h201426501/Desktop/AIProject2/Content/FirstPersonBPIronbelly/Arms/FPSArms_Skeleton_AnimBlueprint_5PST.uasset.
[2017.06.01-01.00.24:490][298]LogLinker:Warning: Can't find file '/Game/IBWP3DPistol5Pack/Weapons/TT/TT_Skeleton_AnimBlueprint'
[2017.06.01-01.00.24:491][298]LoadErrors: Info Failed to load /Game/IBWP3DPistol5Pack/Weapons/TT/TT_Skeleton_AnimBlueprint.TT_Skeleton_AnimBlueprint_C Referenced by K2Node_CallFunction_2463
[2017.06.01-01.00.24:491][298]LogLinker:Warning: Can't find file for asset '/Game/IBWP3DPistol5Pack/Weapons/TT/TT_Skeleton_AnimBlueprint' while loading ../../../../../../Users/h201426501/Desktop/AIProject2/Content/FirstPersonBPIronbelly/Arms/FPSArms_Skeleton_AnimBlueprint_5PST.uasset.
[2017.06.01-01.00.24:818][298]LogLinker:Warning: Can't find file '/Game/IBWP3DPistol5Pack/Weapons/Magnum/Magnum_Skeleton_AnimBlueprint'
[2017.06.01-01.00.24:818][298]LogLinker:Warning: Can't find file for asset '/Game/IBWP3DPistol5Pack/Weapons/Magnum/Magnum_Skeleton_AnimBlueprint' while loading ../../../../../../Users/h201426501/Desktop/AIProject2/Content/FirstPersonBPIronbelly/Blueprints/FirstPersonCharacterIronbelly_Pistol5Pack.uasset.
[2017.06.01-01.00.24:818][298]LoadErrors:Error: Error /Game/FirstPersonBPIronbelly/Blueprints/FirstPersonCharacterIronbelly_Pistol5Pack : Can't find file for asset. /Game/IBWP3DPistol5Pack/Weapons/Magnum/Magnum_Skeleton_AnimBlueprint
[2017.06.01-01.00.24:818][298]LogLinker:Warning: Can't find file '/Game/IBWP3DPistol5Pack/Weapons/TT/TT_Skeleton_AnimBlueprint'
[2017.06.01-01.00.24:818][298]LogLinker:Warning: Can't find file for asset '/Game/IBWP3DPistol5Pack/Weapons/TT/TT_Skeleton_AnimBlueprint' while loading ../../../../../../Users/h201426501/Desktop/AIProject2/Content/FirstPersonBPIronbelly/Blueprints/FirstPersonCharacterIronbelly_Pistol5Pack.uasset.
[2017.06.01-01.00.24:819][298]LoadErrors:Error: Error /Game/FirstPersonBPIronbelly/Blueprints/FirstPersonCharacterIronbelly_Pistol5Pack : Can't find file for asset. /Game/IBWP3DPistol5Pack/Weapons/TT/TT_Skeleton_AnimBlueprint
[2017.06.01-01.00.24:819][298]LogLinker:Warning: Can't find file '/Game/IBWP3DPistol5Pack/Weapons/Magnum/Animations/ANIM_44_Magnum_Fire_Montage'
[2017.06.01-01.00.24:819][298]LogLinker:Warning: Can't find file for asset '/Game/IBWP3DPistol5Pack/Weapons/Magnum/Animations/ANIM_44_Magnum_Fire_Montage' while loading ../../../../../../Users/h201426501/Desktop/AIProject2/Content/FirstPersonBPIronbelly/Blueprints/FirstPersonCharacterIronbelly_Pistol5Pack.uasset.
[2017.06.01-01.00.24:820][298]LoadErrors:Error: Error /Game/FirstPersonBPIronbelly/Blueprints/FirstPersonCharacterIronbelly_Pistol5Pack : Can't find file for asset. /Game/IBWP3DPistol5Pack/Weapons/Magnum/Animations/ANIM_44_Magnum_Fire_Montage
[2017.06.01-01.00.24:820][298]LogLinker:Warning: Can't find file '/Game/IBWP3DPistol5Pack/Weapons/Magnum/Animations/ANIM_44_Magnum_Reload_Montage'
[2017.06.01-01.00.24:820][298]LogLinker:Warning: Can't find file for asset '/Game/IBWP3DPistol5Pack/Weapons/Magnum/Animations/ANIM_44_Magnum_Reload_Montage' while loading ../../../../../../Users/h201426501/Desktop/AIProject2/Content/FirstPersonBPIronbelly/Blueprints/FirstPersonCharacterIronbelly_Pistol5Pack.uasset.
[2017.06.01-01.00.24:820][298]LoadErrors:Error: Error /Game/FirstPersonBPIronbelly/Blueprints/FirstPersonCharacterIronbelly_Pistol5Pack : Can't find file for asset. /Game/IBWP3DPistol5Pack/Weapons/Magnum/Animations/ANIM_44_Magnum_Reload_Montage
[2017.06.01-01.00.24:821][298]LogLinker:Warning: Can't find file '/Game/IBWP3DPistol5Pack/Weapons/TT/Animation/ANIM_TT_Fire_Montage'
[2017.06.01-01.00.24:821][298]LogLinker:Warning: Can't find file for asset '/Game/IBWP3DPistol5Pack/Weapons/TT/Animation/ANIM_TT_Fire_Montage' while loading ../../../../../../Users/h201426501/Desktop/AIProject2/Content/FirstPersonBPIronbelly/Blueprints/FirstPersonCharacterIronbelly_Pistol5Pack.uasset.
[2017.06.01-01.00.24:821][298]LoadErrors:Error: Error /Game/FirstPersonBPIronbelly/Blueprints/FirstPersonCharacterIronbelly_Pistol5Pack : Can't find file for asset. /Game/IBWP3DPistol5Pack/Weapons/TT/Animation/ANIM_TT_Fire_Montage
[2017.06.01-01.00.24:821][298]LogLinker:Warning: Can't find file '/Game/IBWP3DPistol5Pack/Weapons/TT/Animation/ANIM_TT_Reload_Montage'
[2017.06.01-01.00.24:822][298]LogLinker:Warning: Can't find file for asset '/Game/IBWP3DPistol5Pack/Weapons/TT/Animation/ANIM_TT_Reload_Montage' while loading ../../../../../../Users/h201426501/Desktop/AIProject2/Content/FirstPersonBPIronbelly/Blueprints/FirstPersonCharacterIronbelly_Pistol5Pack.uasset.
[2017.06.01-01.00.24:822][298]LoadErrors:Error: Error /Game/FirstPersonBPIronbelly/Blueprints/FirstPersonCharacterIronbelly_Pistol5Pack : Can't find file for asset. /Game/IBWP3DPistol5Pack/Weapons/TT/Animation/ANIM_TT_Reload_Montage
[2017.06.01-01.00.24:835][298]LogLinker:Warning: Can't find file '/Game/IBWP3DPistol5Pack/Weapons/Magnum/Animations/ANIM_44_Magnum_Fire_Montage'
[2017.06.01-01.00.24:836][298]LogLinker:Warning: Can't find file for asset '/Game/IBWP3DPistol5Pack/Weapons/Magnum/Animations/ANIM_44_Magnum_Fire_Montage' while loading ../../../../../../Users/h201426501/Desktop/AIProject2/Content/FirstPersonBPIronbelly/Blueprints/FirstPersonCharacterIronbelly_Pistol5Pack.uasset.
[2017.06.01-01.00.24:836][298]LogLinker:Warning: Can't find file '/Game/IBWP3DPistol5Pack/Weapons/Magnum/Animations/ANIM_44_Magnum_Reload_Montage'
[2017.06.01-01.00.24:836][298]LogLinker:Warning: Can't find file for asset '/Game/IBWP3DPistol5Pack/Weapons/Magnum/Animations/ANIM_44_Magnum_Reload_Montage' while loading ../../../../../../Users/h201426501/Desktop/AIProject2/Content/FirstPersonBPIronbelly/Blueprints/FirstPersonCharacterIronbelly_Pistol5Pack.uasset.
[2017.06.01-01.00.24:836][298]LogLinker:Warning: Can't find file '/Game/IBWP3DPistol5Pack/Weapons/Magnum/Magnum_Skeleton_AnimBlueprint'
[2017.06.01-01.00.24:836][298]LogLinker:Warning: Can't find file for asset '/Game/IBWP3DPistol5Pack/Weapons/Magnum/Magnum_Skeleton_AnimBlueprint' while loading ../../../../../../Users/h201426501/Desktop/AIProject2/Content/FirstPersonBPIronbelly/Blueprints/FirstPersonCharacterIronbelly_Pistol5Pack.uasset.
[2017.06.01-01.00.24:837][298]LogLinker:Warning: Can't find file '/Game/IBWP3DPistol5Pack/Weapons/Magnum/SK_Magnum'
[2017.06.01-01.00.24:837][298]LogLinker:Warning: Can't find file for asset '/Game/IBWP3DPistol5Pack/Weapons/Magnum/SK_Magnum' while loading ../../../../../../Users/h201426501/Desktop/AIProject2/Content/FirstPersonBPIronbelly/Blueprints/FirstPersonCharacterIronbelly_Pistol5Pack.uasset.
[2017.06.01-01.00.24:837][298]LoadErrors:Error: Error /Game/FirstPersonBPIronbelly/Blueprints/FirstPersonCharacterIronbelly_Pistol5Pack : Can't find file for asset. /Game/IBWP3DPistol5Pack/Weapons/Magnum/SK_Magnum
[2017.06.01-01.00.24:837][298]LogLinker:Warning: Can't find file '/Game/IBWP3DPistol5Pack/Weapons/TT/Animation/ANIM_TT_Fire_Montage'
[2017.06.01-01.00.24:837][298]LogLinker:Warning: Can't find file for asset '/Game/IBWP3DPistol5Pack/Weapons/TT/Animation/ANIM_TT_Fire_Montage' while loading ../../../../../../Users/h201426501/Desktop/AIProject2/Content/FirstPersonBPIronbelly/Blueprints/FirstPersonCharacterIronbelly_Pistol5Pack.uasset.
[2017.06.01-01.00.24:838][298]LogLinker:Warning: Can't find file '/Game/IBWP3DPistol5Pack/Weapons/TT/Animation/ANIM_TT_Reload_Montage'
[2017.06.01-01.00.24:838][298]LogLinker:Warning: Can't find file for asset '/Game/IBWP3DPistol5Pack/Weapons/TT/Animation/ANIM_TT_Reload_Montage' while loading ../../../../../../Users/h201426501/Desktop/AIProject2/Content/FirstPersonBPIronbelly/Blueprints/FirstPersonCharacterIronbelly_Pistol5Pack.uasset.
[2017.06.01-01.00.24:838][298]LogLinker:Warning: Can't find file '/Game/IBWP3DPistol5Pack/Weapons/TT/SK_TT'
[2017.06.01-01.00.24:838][298]LogLinker:Warning: Can't find file for asset '/Game/IBWP3DPistol5Pack/Weapons/TT/SK_TT' while loading ../../../../../../Users/h201426501/Desktop/AIProject2/Content/FirstPersonBPIronbelly/Blueprints/FirstPersonCharacterIronbelly_Pistol5Pack.uasset.
[2017.06.01-01.00.24:838][298]LoadErrors:Error: Error /Game/FirstPersonBPIronbelly/Blueprints/FirstPersonCharacterIronbelly_Pistol5Pack : Can't find file for asset. /Game/IBWP3DPistol5Pack/Weapons/TT/SK_TT
[2017.06.01-01.00.24:839][298]LogLinker:Warning: Can't find file '/Game/IBWP3DPistol5Pack/Weapons/TT/TT_Skeleton_AnimBlueprint'
[2017.06.01-01.00.24:839][298]LogLinker:Warning: Can't find file for asset '/Game/IBWP3DPistol5Pack/Weapons/TT/TT_Skeleton_AnimBlueprint' while loading ../../../../../../Users/h201426501/Desktop/AIProject2/Content/FirstPersonBPIronbelly/Blueprints/FirstPersonCharacterIronbelly_Pistol5Pack.uasset.
[2017.06.01-01.00.24:840][298]LogLinker:Warning: Can't find file '/Game/IBWP3DPistol5Pack/Weapons/Magnum/SK_Magnum'
[2017.06.01-01.00.24:840][298]LogLinker:Warning: Can't find file for asset '/Game/IBWP3DPistol5Pack/Weapons/Magnum/SK_Magnum' while loading ../../../../../../Users/h201426501/Desktop/AIProject2/Content/FirstPersonBPIronbelly/Blueprints/FirstPersonCharacterIronbelly_Pistol5Pack.uasset.
[2017.06.01-01.00.24:841][298]LogLinker:Warning: Can't find file '/Game/IBWP3DPistol5Pack/Weapons/TT/SK_TT'
[2017.06.01-01.00.24:841][298]LogLinker:Warning: Can't find file for asset '/Game/IBWP3DPistol5Pack/Weapons/TT/SK_TT' while loading ../../../../../../Users/h201426501/Desktop/AIProject2/Content/FirstPersonBPIronbelly/Blueprints/FirstPersonCharacterIronbelly_Pistol5Pack.uasset.
[2017.06.01-01.00.24:932][298]LogLinker:Warning: Can't find file '/Game/IBWP3DPistol5Pack/Weapons/G18/Textures/G18_COL'
[2017.06.01-01.00.24:932][298]LoadErrors: Info Failed to load /Game/IBWP3DPistol5Pack/Weapons/G18/Textures/G18_COL.G18_COL Referenced by MAT_G18
[2017.06.01-01.00.24:932][298]LogLinker:Warning: Can't find file for asset '/Game/IBWP3DPistol5Pack/Weapons/G18/Textures/G18_COL' while loading NULL.
[2017.06.01-01.00.24:933][298]LogLinker:Warning: Can't find file '/Game/IBWP3DPistol5Pack/Weapons/G18/Textures/G18_MET'
[2017.06.01-01.00.24:933][298]LoadErrors: Info Failed to load /Game/IBWP3DPistol5Pack/Weapons/G18/Textures/G18_MET.G18_MET Referenced by MAT_G18
[2017.06.01-01.00.24:933][298]LogLinker:Warning: Can't find file for asset '/Game/IBWP3DPistol5Pack/Weapons/G18/Textures/G18_MET' while loading NULL.
[2017.06.01-01.00.24:934][298]LogLinker:Warning: Can't find file '/Game/IBWP3DPistol5Pack/Weapons/G18/Textures/G18_NRM'
[2017.06.01-01.00.24:934][298]LoadErrors: Info Failed to load /Game/IBWP3DPistol5Pack/Weapons/G18/Textures/G18_NRM.G18_NRM Referenced by MAT_G18
[2017.06.01-01.00.24:934][298]LogLinker:Warning: Can't find file for asset '/Game/IBWP3DPistol5Pack/Weapons/G18/Textures/G18_NRM' while loading NULL.
[2017.06.01-01.00.24:934][298]LogLinker:Warning: Can't find file '/Game/IBWP3DPistol5Pack/Weapons/G18/Textures/G18_RGS'
[2017.06.01-01.00.24:935][298]LoadErrors: Info Failed to load /Game/IBWP3DPistol5Pack/Weapons/G18/Textures/G18_RGS.G18_RGS Referenced by MAT_G18
[2017.06.01-01.00.24:935][298]LogLinker:Warning: Can't find file for asset '/Game/IBWP3DPistol5Pack/Weapons/G18/Textures/G18_RGS' while loading NULL.
[2017.06.01-01.00.24:967][298]LogLinker:Warning: Can't find file '/Game/IBWP3DPistol5Pack/Weapons/Magnum/Textures/44_Magnum_COL'
[2017.06.01-01.00.24:967][298]LoadErrors: Info Failed to load /Game/IBWP3DPistol5Pack/Weapons/Magnum/Textures/44_Magnum_COL.44_Magnum_COL Referenced by MaterialExpressionTextureSampleParameter2D_0
[2017.06.01-01.00.24:968][298]LogLinker:Warning: Can't find file for asset '/Game/IBWP3DPistol5Pack/Weapons/Magnum/Textures/44_Magnum_COL' while loading NULL.
[2017.06.01-01.00.24:968][298]LogLinker:Warning: Can't find file '/Game/IBWP3DPistol5Pack/Weapons/Magnum/Textures/44_Magnum_RGS'
[2017.06.01-01.00.24:969][298]LoadErrors: Info Failed to load /Game/IBWP3DPistol5Pack/Weapons/Magnum/Textures/44_Magnum_RGS.44_Magnum_RGS Referenced by MaterialExpressionTextureSampleParameter2D_4
[2017.06.01-01.00.24:969][298]LogLinker:Warning: Can't find file for asset '/Game/IBWP3DPistol5Pack/Weapons/Magnum/Textures/44_Magnum_RGS' while loading NULL.
[2017.06.01-01.00.24:969][298]LogLinker:Warning: Can't find file '/Game/IBWP3DPistol5Pack/Weapons/Magnum/Textures/44_Magnum_NRM'
[2017.06.01-01.00.24:970][298]LoadErrors: Info Failed to load /Game/IBWP3DPistol5Pack/Weapons/Magnum/Textures/44_Magnum_NRM.44_Magnum_NRM Referenced by MaterialExpressionTextureSampleParameter2D_5
[2017.06.01-01.00.24:970][298]LogLinker:Warning: Can't find file for asset '/Game/IBWP3DPistol5Pack/Weapons/Magnum/Textures/44_Magnum_NRM' while loading NULL.
[2017.06.01-01.00.24:970][298]LogLinker:Warning: Can't find file '/Game/IBWP3DPistol5Pack/Weapons/Magnum/Textures/44_Magnum_AO'
[2017.06.01-01.00.24:971][298]LoadErrors: Info Failed to load /Game/IBWP3DPistol5Pack/Weapons/Magnum/Textures/44_Magnum_AO.44_Magnum_AO Referenced by MaterialExpressionTextureSampleParameter2D_6
[2017.06.01-01.00.24:971][298]LogLinker:Warning: Can't find file for asset '/Game/IBWP3DPistol5Pack/Weapons/Magnum/Textures/44_Magnum_AO' while loading NULL.
[2017.06.01-01.00.24:972][298]LogLinker:Warning: Can't find file '/Game/IBWP3DPistol5Pack/Weapons/Magnum/Textures/44_Magnum_MET'
[2017.06.01-01.00.24:972][298]LoadErrors: Info Failed to load /Game/IBWP3DPistol5Pack/Weapons/Magnum/Textures/44_Magnum_MET.44_Magnum_MET Referenced by MaterialExpressionTextureSampleParameter2D_8
[2017.06.01-01.00.24:972][298]LogLinker:Warning: Can't find file for asset '/Game/IBWP3DPistol5Pack/Weapons/Magnum/Textures/44_Magnum_MET' while loading NULL.
[2017.06.01-01.00.25:040][298]LoadErrors: Info The Animation  ANIM_DesertEagle_Idle needs resave.
[2017.06.01-01.00.25:082][298]LogMaterial: Missing cached shader map for material WeaponMaster, compiling. 
[2017.06.01-01.00.25:083][298]LogMaterial:Warning: Failed to compile Material /Game/FirstPersonBPIronbelly/MasterMaterial/WeaponMaster.WeaponMaster for platform PCD3D_SM5, Default Material will be used in game.
[2017.06.01-01.00.25:083][298]LogMaterial:Warning: 	(Node TextureSampleParameter2D) Param2D> Requires Texture2D
[2017.06.01-01.00.25:096][298]LogMaterial: Missing cached shader map for material WeaponMaster, compiling. 
[2017.06.01-01.00.25:097][298]LogMaterial:Warning: Failed to compile Material Instance /Game/IBWP3DPistol5Pack/Weapons/DesertEagle/Materials/MAT_DesertEagle.MAT_DesertEagle with Base WeaponMaster for platform PCD3D_SM5, Default Material will be used in game.
[2017.06.01-01.00.25:097][298]LogMaterial:Warning: 	(Node TextureSampleParameter2D) Param2D> Requires Texture2D
[2017.06.01-01.00.25:130][298]LoadErrors: Info The Animation  ANIM_DesertEagle_Fire needs resave.
[2017.06.01-01.00.25:362][298]LogLoad: Game class is 'FirstPersonGameModeIronbelly_C'
[2017.06.01-01.00.25:465][298]LogWorld: Bringing World /Game/FirstPersonBP/Maps/UEDPIE_0_SubBasement.SubBasement up for play (max tick rate 0) at 2017.06.01-11.00.25
[2017.06.01-01.00.25:470][298]LogWorld: Bringing up level for play took: 0.105568
[2017.06.01-01.00.25:610][298]LogContentBrowser: Native class hierarchy updated for 'MovieSceneCapture' in 0.0014 seconds. Added 11 classes and 0 folders.
[2017.06.01-01.00.25:610][298]LogGameMode:Display: Match State Changed from EnteringMap to WaitingToStart
[2017.06.01-01.00.25:610][298]LogGameState: Match State Changed from EnteringMap to WaitingToStart
[2017.06.01-01.00.25:610][298]LogGameMode:Display: Match State Changed from WaitingToStart to InProgress
[2017.06.01-01.00.25:612][298]LogSkeletalMesh: USkeletalMeshComponent::InitArticulated : Could not find root physics body: Mesh2P
[2017.06.01-01.00.25:617][298]LogGameState: Match State Changed from WaitingToStart to InProgress
[2017.06.01-01.00.25:626][298]PIE: Info Play in editor start time for /Game/FirstPersonBP/Maps/UEDPIE_0_SubBasement 1.44
[2017.06.01-01.00.25:628][298]LogBlueprintUserMessages: Late PlayInEditor Detection: Level '/Game/FirstPersonBP/Maps/SubBasement.SubBasement:PersistentLevel' has LevelScriptBlueprint '/Game/FirstPersonBP/Maps/SubBasement.SubBasement:PersistentLevel.SubBasement' with GeneratedClass '/Game/FirstPersonBP/Maps/SubBasement.SubBasement_C' with ClassGeneratedBy '/Game/FirstPersonBP/Maps/SubBasement.SubBasement:PersistentLevel.SubBasement'
[2017.06.01-01.00.25:748][298]LogRenderer: Reallocating scene render targets to support 1292x756 NumSamples 1 (Frame:233).
[2017.06.01-01.00.26:738][330]LogTemp:Display: Finished compile of shader map 0x000001C22D13A780
[2017.06.01-01.00.26:738][330]LogTemp:Display: Shader map LaserPointerMaterial complete, GameThreadShaderMap 0x000001C22D13A780, marking material LaserPointerMaterial as finished
[2017.06.01-01.00.26:738][330]LogTemp:Display: Marking material as finished 0x000001C20D894E80
[2017.06.01-01.00.41:404][936]LogBlueprintUserMessages: Early EndPlayMap Detection: Level '/Game/FirstPersonBP/Maps/SubBasement.SubBasement:PersistentLevel' has LevelScriptBlueprint '/Game/FirstPersonBP/Maps/SubBasement.SubBasement:PersistentLevel.SubBasement' with GeneratedClass '/Game/FirstPersonBP/Maps/SubBasement.SubBasement_C' with ClassGeneratedBy '/Game/FirstPersonBP/Maps/SubBasement.SubBasement:PersistentLevel.SubBasement'
[2017.06.01-01.00.41:455][936]LogBlueprintUserMessages: Late EndPlayMap Detection: Level '/Game/FirstPersonBP/Maps/SubBasement.SubBasement:PersistentLevel' has LevelScriptBlueprint '/Game/FirstPersonBP/Maps/SubBasement.SubBasement:PersistentLevel.SubBasement' with GeneratedClass '/Game/FirstPersonBP/Maps/SubBasement.SubBasement_C' with ClassGeneratedBy '/Game/FirstPersonBP/Maps/SubBasement.SubBasement:PersistentLevel.SubBasement'
[2017.06.01-01.00.42:855][942]LogEditorViewport: Clicking on Actor (LMB): EnemyAI_C (EnemyAI)
[2017.06.01-01.00.50:548][596]LogSlate: Took 0.000133 seconds to synchronously load lazily loaded font '../../../Engine/Content/Slate/Fonts/Roboto-Light.ttf' (159K)
[2017.06.01-01.00.50:688][596]LogContentBrowser: Native class hierarchy updated for 'SkeletonEditor' in 0.0006 seconds. Added 1 classes and 2 folders.
[2017.06.01-01.00.51:023][596]LogActorComponent: RegisterComponentWithWorld: (/Engine/Transient.World_5:PersistentLevel.Actor_0.DebugSkelMeshComponent_0) Already registered. Aborting.
[2017.06.01-01.00.51:146][596]LogSkeletalMesh: USkeletalMeshComponent::InitArticulated : Bodies already created (/Engine/Transient.World_5:PersistentLevel.Actor_0.DebugSkelMeshComponent_0) - call TermArticulated first.
[2017.06.01-01.00.51:318][596]LogSlate: Took 0.017229 seconds to synchronously load lazily loaded font '../../../Engine/Content/Editor/Slate/Fonts/Roboto-Italic.ttf' (157K)
[2017.06.01-01.00.51:401][597]LogRenderer: Reallocating scene render targets to support 1292x888 NumSamples 1 (Frame:1932).
[2017.06.01-01.00.54:159][801]LogActorComponent: RegisterComponentWithWorld: (/Engine/Transient.World_7:PersistentLevel.Actor_1.DebugSkelMeshComponent_1) Already registered. Aborting.
[2017.06.01-01.00.54:194][801]LogSkeletalMesh: USkeletalMeshComponent::InitArticulated : Bodies already created (/Engine/Transient.World_7:PersistentLevel.Actor_1.DebugSkelMeshComponent_1) - call TermArticulated first.
[2017.06.01-01.01.16:617][820]Cmd: OBJ SAVEPACKAGE PACKAGE="/Game/Characters/Guido/Guido_Skeleton" FILE="../../../../../../Users/h201426501/Desktop/AIProject2/Content/Characters/Guido/Guido_Skeleton.uasset" SILENT=true
[2017.06.01-01.01.16:654][820]LogSavePackage: Save=5.40ms
[2017.06.01-01.01.16:654][820]LogSavePackage: Moving '../../../../../../Users/h201426501/Desktop/AIProject2/Saved/Guido_SkeletonCE594B504F1F46C54D268F9CA7B3EB86.tmp' to '../../../../../../Users/h201426501/Desktop/AIProject2/Content/Characters/Guido/Guido_Skeleton.uasset'
[2017.06.01-01.01.16:660][820]LogSavePackage:Display: Finished SavePackage ../../../../../../Users/h201426501/Desktop/AIProject2/Content/Characters/Guido/Guido_Skeleton.uasset
[2017.06.01-01.01.19:711][  2]LogWindowsTextInputMethodSystem:Display: IME system now deactivated.
[2017.06.01-01.01.19:918][  3]Cmd: QUIT_EDITOR
[2017.06.01-01.01.20:443][  3]LogExit: Preparing to exit.
[2017.06.01-01.01.20:987][  3]LogDirectoryWatcher: A directory notification for 'C:/Users/h201426501/Desktop/AIProject2/Content/' was aborted.
[2017.06.01-01.01.21:025][  3]LogExit: Editor shut down
[2017.06.01-01.01.21:025][  3]LogExit: Transaction tracking system shut down
[2017.06.01-01.01.21:089][  3]LogObj: Freed 0b from 0 cluster array pools.
[2017.06.01-01.01.21:089][  3]LogExit: Object subsystem successfully closed.
[2017.06.01-01.01.21:112][  3]LogD3D11RHI: Shutdown
[2017.06.01-01.01.21:112][  3]LogD3D11RHI: CleanupD3DDevice
[2017.06.01-01.01.21:257][  3]LogD3D11RHI: ~FD3D11DynamicRHI
[2017.06.01-01.01.21:273][  3]LogModuleManager: Shutting down and abandoning module SkeletonEditor (504)
[2017.06.01-01.01.21:273][  3]LogModuleManager: Shutting down and abandoning module SkeletalMeshEditor (502)
[2017.06.01-01.01.21:273][  3]LogModuleManager: Shutting down and abandoning module MovieSceneCapture (500)
[2017.06.01-01.01.21:273][  3]LogModuleManager: Shutting down and abandoning module HierarchicalLODOutliner (498)
[2017.06.01-01.01.21:273][  3]LogModuleManager: Shutting down and abandoning module CrashTracker (496)
[2017.06.01-01.01.21:273][  3]LogModuleManager: Shutting down and abandoning module SceneOutliner (494)
[2017.06.01-01.01.21:273][  3]LogModuleManager: Shutting down and abandoning module AddContentDialog (492)
[2017.06.01-01.01.21:273][  3]LogDirectoryWatcher: A directory notification for 'C:/Program Files/Epic Games/UE_4.15/FeaturePacks/' was aborted.
[2017.06.01-01.01.21:274][  3]LogModuleManager: Shutting down and abandoning module WidgetCarousel (491)
[2017.06.01-01.01.21:274][  3]LogModuleManager: Shutting down and abandoning module EditorWidgets (488)
[2017.06.01-01.01.21:274][  3]LogModuleManager: Shutting down and abandoning module CollectionManager (486)
[2017.06.01-01.01.21:274][  3]LogDirectoryWatcher: A directory notification for 'C:/Users/h201426501/Desktop/AIProject2/Content/Collections/' was aborted.
[2017.06.01-01.01.21:274][  3]LogDirectoryWatcher: A directory notification for 'C:/Users/h201426501/Desktop/AIProject2/Content/Developers/H201426501/Collections/' was aborted.
[2017.06.01-01.01.21:274][  3]LogDirectoryWatcher: A directory notification for 'C:/Users/h201426501/Desktop/AIProject2/Saved/Collections/' was aborted.
[2017.06.01-01.01.21:274][  3]LogModuleManager: Shutting down and abandoning module StatsViewer (484)
[2017.06.01-01.01.21:274][  3]LogModuleManager: Shutting down and abandoning module FoliageEdit (482)
[2017.06.01-01.01.21:274][  3]LogModuleManager: Shutting down and abandoning module LandscapeEditor (480)
[2017.06.01-01.01.21:274][  3]LogModuleManager: Shutting down and abandoning module SceneDepthPickerMode (478)
[2017.06.01-01.01.21:274][  3]LogModuleManager: Shutting down and abandoning module ActorPickerMode (476)
[2017.06.01-01.01.21:274][  3]LogModuleManager: Shutting down and abandoning module GeometryMode (474)
[2017.06.01-01.01.21:274][  3]LogModuleManager: Shutting down and abandoning module TextureAlignMode (472)
[2017.06.01-01.01.21:274][  3]LogModuleManager: Shutting down and abandoning module BspMode (470)
[2017.06.01-01.01.21:274][  3]LogModuleManager: Shutting down and abandoning module HardwareSurvey (468)
[2017.06.01-01.01.21:274][  3]LogModuleManager: Shutting down and abandoning module SequenceRecorderSections (466)
[2017.06.01-01.01.21:274][  3]LogModuleManager: Shutting down and abandoning module AutomationWorker (464)
[2017.06.01-01.01.21:274][  3]LogModuleManager: Shutting down and abandoning module MatineeToLevelSequence (462)
[2017.06.01-01.01.21:274][  3]LogModuleManager: Shutting down and abandoning module LevelSequenceEditor (460)
[2017.06.01-01.01.21:274][  3]LogModuleManager: Shutting down and abandoning module PlacementMode (459)
[2017.06.01-01.01.21:274][  3]LogModuleManager: Shutting down and abandoning module WmfMediaFactory (456)
[2017.06.01-01.01.21:274][  3]LogModuleManager: Shutting down and abandoning module WmfMediaEditor (454)
[2017.06.01-01.01.21:274][  3]LogModuleManager: Shutting down and abandoning module MfMediaFactory (452)
[2017.06.01-01.01.21:274][  3]LogModuleManager: Shutting down and abandoning module MfMediaEditor (450)
[2017.06.01-01.01.21:274][  3]LogModuleManager: Shutting down and abandoning module AvfMediaFactory (448)
[2017.06.01-01.01.21:275][  3]LogModuleManager: Shutting down and abandoning module AvfMediaEditor (446)
[2017.06.01-01.01.21:275][  3]LogModuleManager: Shutting down and abandoning module AndroidMediaFactory (444)
[2017.06.01-01.01.21:275][  3]LogModuleManager: Shutting down and abandoning module Media (443)
[2017.06.01-01.01.21:275][  3]LogModuleManager: Shutting down and abandoning module AndroidMediaEditor (440)
[2017.06.01-01.01.21:275][  3]LogModuleManager: Shutting down and abandoning module CharacterAI (438)
[2017.06.01-01.01.21:275][  3]LogModuleManager: Shutting down and abandoning module AudioCapture (436)
[2017.06.01-01.01.21:275][  3]LogModuleManager: Shutting down and abandoning module SequenceRecorder (435)
[2017.06.01-01.01.21:275][  3]LogModuleManager: Shutting down and abandoning module SmartSnapping (432)
[2017.06.01-01.01.21:275][  3]LogModuleManager: Shutting down and abandoning module SessionServices (430)
[2017.06.01-01.01.21:275][  3]LogModuleManager: Shutting down and abandoning module ViewportSnapping (428)
[2017.06.01-01.01.21:275][  3]LogModuleManager: Shutting down and abandoning module ViewportInteraction (426)
[2017.06.01-01.01.21:275][  3]LogModuleManager: Shutting down and abandoning module LogVisualizer (424)
[2017.06.01-01.01.21:275][  3]LogModuleManager: Shutting down and abandoning module IntroTutorials (422)
[2017.06.01-01.01.21:275][  3]LogModuleManager: Shutting down and abandoning module GameProjectGeneration (421)
[2017.06.01-01.01.21:275][  3]LogModuleManager: Shutting down and abandoning module EditorLiveStreaming (418)
[2017.06.01-01.01.21:275][  3]LogModuleManager: Shutting down and abandoning module IOSPlatformEditor (416)
[2017.06.01-01.01.21:275][  3]LogModuleManager: Shutting down and abandoning module HTML5PlatformEditor (414)
[2017.06.01-01.01.21:275][  3]LogModuleManager: Shutting down and abandoning module AndroidPlatformEditor (412)
[2017.06.01-01.01.21:275][  3]LogModuleManager: Shutting down and abandoning module AndroidDeviceDetection (411)
[2017.06.01-01.01.21:979][  3]LogModuleManager: Shutting down and abandoning module IOSRuntimeSettings (408)
[2017.06.01-01.01.21:979][  3]LogModuleManager: Shutting down and abandoning module AndroidRuntimeSettings (406)
[2017.06.01-01.01.21:979][  3]LogModuleManager: Shutting down and abandoning module InputBindingEditor (404)
[2017.06.01-01.01.21:979][  3]LogModuleManager: Shutting down and abandoning module NiagaraEditor (402)
[2017.06.01-01.01.21:979][  3]LogModuleManager: Shutting down and abandoning module MergeActors (400)
[2017.06.01-01.01.21:979][  3]LogModuleManager: Shutting down and abandoning module SizeMap (398)
[2017.06.01-01.01.21:979][  3]LogModuleManager: Shutting down and abandoning module TreeMap (396)
[2017.06.01-01.01.21:979][  3]LogModuleManager: Shutting down and abandoning module ReferenceViewer (394)
[2017.06.01-01.01.21:979][  3]LogModuleManager: Shutting down and abandoning module LocalizationDashboard (392)
[2017.06.01-01.01.21:979][  3]LogModuleManager: Shutting down and abandoning module LocalizationService (391)
[2017.06.01-01.01.21:979][  3]LogModuleManager: Shutting down and abandoning module HardwareTargeting (388)
[2017.06.01-01.01.21:979][  3]LogModuleManager: Shutting down and abandoning module DeviceProfileEditor (386)
[2017.06.01-01.01.21:979][  3]LogModuleManager: Shutting down and abandoning module UndoHistory (384)
[2017.06.01-01.01.21:979][  3]LogModuleManager: Shutting down and abandoning module UserFeedback (382)
[2017.06.01-01.01.21:979][  3]LogModuleManager: Shutting down and abandoning module XmlParser (380)
[2017.06.01-01.01.21:979][  3]LogModuleManager: Shutting down and abandoning module Blutility (378)
[2017.06.01-01.01.21:979][  3]LogModuleManager: Shutting down and abandoning module ProjectSettingsViewer (376)
[2017.06.01-01.01.21:979][  3]LogModuleManager: Shutting down and abandoning module ProjectTargetPlatformEditor (375)
[2017.06.01-01.01.21:979][  3]LogModuleManager: Shutting down and abandoning module EditorSettingsViewer (372)
[2017.06.01-01.01.21:979][  3]LogModuleManager: Shutting down and abandoning module SettingsEditor (370)
[2017.06.01-01.01.21:979][  3]LogModuleManager: Shutting down and abandoning module ProjectLauncher (368)
[2017.06.01-01.01.21:979][  3]LogModuleManager: Shutting down and abandoning module SessionFrontend (366)
[2017.06.01-01.01.21:979][  3]LogModuleManager: Shutting down and abandoning module ProfilerClient (364)
[2017.06.01-01.01.21:979][  3]LogModuleManager: Shutting down and abandoning module DeviceManager (362)
[2017.06.01-01.01.21:979][  3]LogModuleManager: Shutting down and abandoning module TargetDeviceServices (361)
[2017.06.01-01.01.22:033][  3]LogModuleManager: Shutting down and abandoning module AutomationController (358)
[2017.06.01-01.01.22:033][  3]LogModuleManager: Shutting down and abandoning module AutomationWindow (356)
[2017.06.01-01.01.22:033][  3]LogModuleManager: Shutting down and abandoning module Layers (354)
[2017.06.01-01.01.22:033][  3]LogModuleManager: Shutting down and abandoning module ComponentVisualizers (352)
[2017.06.01-01.01.22:033][  3]LogModuleManager: Shutting down and abandoning module DetailCustomizations (350)
[2017.06.01-01.01.22:033][  3]LogModuleManager: Shutting down and abandoning module PackagesDialog (348)
[2017.06.01-01.01.22:033][  3]LogModuleManager: Shutting down and abandoning module Persona (346)
[2017.06.01-01.01.22:033][  3]LogModuleManager: Shutting down and abandoning module AnimGraph (345)
[2017.06.01-01.01.22:033][  3]LogModuleManager: Shutting down and abandoning module Kismet (342)
[2017.06.01-01.01.22:034][  3]LogModuleManager: Shutting down and abandoning module GraphEditor (340)
[2017.06.01-01.01.22:034][  3]LogModuleManager: Shutting down and abandoning module ClassViewer (338)
[2017.06.01-01.01.22:034][  3]LogModuleManager: Shutting down and abandoning module Toolbox (336)
[2017.06.01-01.01.22:034][  3]LogModuleManager: Shutting down and abandoning module ModuleUI (334)
[2017.06.01-01.01.22:034][  3]LogModuleManager: Shutting down and abandoning module MovieSceneTools (332)
[2017.06.01-01.01.22:034][  3]LogModuleManager: Shutting down and abandoning module OutputLog (330)
[2017.06.01-01.01.22:034][  3]LogModuleManager: Shutting down and abandoning module GammaUI (328)
[2017.06.01-01.01.22:034][  3]LogModuleManager: Shutting down and abandoning module Documentation (326)
[2017.06.01-01.01.22:034][  3]LogModuleManager: Shutting down and abandoning module Niagara (324)
[2017.06.01-01.01.22:034][  3]LogModuleManager: Shutting down and abandoning module StreamingPauseRendering (322)
[2017.06.01-01.01.22:034][  3]LogModuleManager: Shutting down and abandoning module AnalyticsET (320)
[2017.06.01-01.01.22:034][  3]LogModuleManager: Shutting down and abandoning module PortalServices (318)
[2017.06.01-01.01.22:034][  3]LogModuleManager: Shutting down and abandoning module PortalRpc (316)
[2017.06.01-01.01.22:034][  3]LogModuleManager: Shutting down and abandoning module MessagingRpc (314)
[2017.06.01-01.01.22:034][  3]LogModuleManager: Shutting down and abandoning module AIModule (312)
[2017.06.01-01.01.22:034][  3]LogModuleManager: Shutting down and abandoning module GameplayDebugger (311)
[2017.06.01-01.01.22:034][  3]LogModuleManager: Shutting down and abandoning module AITestSuite (309)
[2017.06.01-01.01.22:034][  3]LogModuleManager: Shutting down and abandoning module ProfilerService (306)
[2017.06.01-01.01.22:239][  3]LogModuleManager: Shutting down and abandoning module TaskGraph (304)
[2017.06.01-01.01.22:239][  3]LogModuleManager: Shutting down and abandoning module SteamVRController (302)
[2017.06.01-01.01.22:239][  3]LogModuleManager: Shutting down and abandoning module SteamVR (300)
[2017.06.01-01.01.22:239][  3]LogModuleManager: Shutting down and abandoning module ProceduralMeshComponentEditor (298)
[2017.06.01-01.01.22:239][  3]LogModuleManager: Shutting down and abandoning module ProceduralMeshComponent (296)
[2017.06.01-01.01.22:239][  3]LogModuleManager: Shutting down and abandoning module OculusLibrary (294)
[2017.06.01-01.01.22:239][  3]LogModuleManager: Shutting down and abandoning module OculusInput (292)
[2017.06.01-01.01.22:239][  3]LogModuleManager: Shutting down and abandoning module MobilePatchingUtils (290)
[2017.06.01-01.01.22:239][  3]LogModuleManager: Shutting down and abandoning module CustomMeshComponent (288)
[2017.06.01-01.01.22:239][  3]LogModuleManager: Shutting down and abandoning module CableComponent (286)
[2017.06.01-01.01.22:239][  3]LogModuleManager: Shutting down and abandoning module ArchVisCharacter (284)
[2017.06.01-01.01.22:239][  3]LogModuleManager: Shutting down and abandoning module MediaPlayerEditor (280)
[2017.06.01-01.01.22:239][  3]LogModuleManager: Shutting down and abandoning module HTML5Networking (278)
[2017.06.01-01.01.22:239][  3]LogModuleManager: Shutting down and abandoning module AlembicImporter (276)
[2017.06.01-01.01.22:239][  3]LogModuleManager: Shutting down and abandoning module AlembicLibrary (275)
[2017.06.01-01.01.22:239][  3]LogModuleManager: Shutting down and abandoning module GeometryCache (274)
[2017.06.01-01.01.22:239][  3]LogModuleManager: Shutting down and abandoning module GeometryCacheEd (273)
[2017.06.01-01.01.22:239][  3]LogModuleManager: Shutting down and abandoning module SuperSearchEditor (268)
[2017.06.01-01.01.22:239][  3]LogModuleManager: Shutting down and abandoning module SuperSearch (267)
[2017.06.01-01.01.22:239][  3]LogModuleManager: Shutting down and abandoning module SpeedTreeImporter (264)
[2017.06.01-01.01.22:239][  3]LogModuleManager: Shutting down and abandoning module PluginBrowser (262)
[2017.06.01-01.01.22:239][  3]LogModuleManager: Shutting down and abandoning module MobileLauncherProfileWizard (260)
[2017.06.01-01.01.22:239][  3]LogModuleManager: Shutting down and abandoning module EpicSurvey (258)
[2017.06.01-01.01.22:239][  3]LogModuleManager: Shutting down and abandoning module VisualStudioSourceCodeAccess (256)
[2017.06.01-01.01.22:239][  3]LogModuleManager: Shutting down and abandoning module DesktopPlatform (255)
[2017.06.01-01.01.22:239][  3]LogModuleManager: Shutting down and abandoning module UObjectPlugin (252)
[2017.06.01-01.01.22:239][  3]LogModuleManager: Shutting down and abandoning module SubversionSourceControl (250)
[2017.06.01-01.01.22:239][  3]LogModuleManager: Shutting down and abandoning module PerforceSourceControl (248)
[2017.06.01-01.01.22:239][  3]LogModuleManager: Shutting down and abandoning module GitSourceControl (246)
[2017.06.01-01.01.22:239][  3]LogModuleManager: Shutting down and abandoning module SourceControl (245)
[2017.06.01-01.01.22:239][  3]LogModuleManager: Shutting down and abandoning module LightPropagationVolumeEditor (242)
[2017.06.01-01.01.22:239][  3]LogModuleManager: Shutting down and abandoning module PaperTiledImporter (240)
[2017.06.01-01.01.22:239][  3]LogModuleManager: Shutting down and abandoning module PaperSpriteSheetImporter (238)
[2017.06.01-01.01.22:239][  3]LogModuleManager: Shutting down and abandoning module Paper2DEditor (236)
[2017.06.01-01.01.22:239][  3]LogModuleManager: Shutting down and abandoning module MeshPaint (235)
[2017.06.01-01.01.22:239][  3]LogModuleManager: Shutting down and abandoning module LevelEditor (233)
[2017.06.01-01.01.22:240][  3]LogModuleManager: Shutting down and abandoning module PixelInspectorModule (232)
[2017.06.01-01.01.22:240][  3]LogModuleManager: Shutting down and abandoning module MainFrame (230)
[2017.06.01-01.01.22:240][  3]LogModuleManager: Shutting down and abandoning module HotReload (229)
[2017.06.01-01.01.22:240][  3]LogModuleManager: Shutting down and abandoning module ContentBrowser (225)
[2017.06.01-01.01.22:241][  3]LogModuleManager: Shutting down and abandoning module PhysXVehiclesEditor (222)
[2017.06.01-01.01.22:241][  3]LogModuleManager: Shutting down and abandoning module PhysXVehicles (220)
[2017.06.01-01.01.22:241][  3]LogModuleManager: Shutting down and abandoning module LocationServicesBPLibrary (218)
[2017.06.01-01.01.22:241][  3]LogModuleManager: Shutting down and abandoning module UdpMessaging (216)
[2017.06.01-01.01.22:341][  3]LogModuleManager: Shutting down and abandoning module TcpMessaging (214)
[2017.06.01-01.01.22:441][  3]LogModuleManager: Shutting down and abandoning module GameplayTagsEditor (212)
[2017.06.01-01.01.22:441][  3]LogModuleManager: Shutting down and abandoning module FacialAnimationEditor (210)
[2017.06.01-01.01.22:441][  3]LogModuleManager: Shutting down and abandoning module FacialAnimation (208)
[2017.06.01-01.01.22:441][  3]LogModuleManager: Shutting down and abandoning module LightPropagationVolumeRuntime (206)
[2017.06.01-01.01.22:441][  3]LogModuleManager: Shutting down and abandoning module Paper2D (204)
[2017.06.01-01.01.22:441][  3]LogModuleManager: Shutting down and abandoning module WindowsMoviePlayer (202)
[2017.06.01-01.01.22:441][  3]LogModuleManager: Shutting down and abandoning module WmfMedia (200)
[2017.06.01-01.01.22:441][  3]LogModuleManager: Shutting down and abandoning module MfMedia (198)
[2017.06.01-01.01.22:441][  3]LogModuleManager: Shutting down and abandoning module MediaAssets (196)
[2017.06.01-01.01.22:441][  3]LogModuleManager: Shutting down and abandoning module GameLiveStreaming (194)
[2017.06.01-01.01.22:441][  3]LogModuleManager: Shutting down and abandoning module VREditor (192)
[2017.06.01-01.01.22:441][  3]LogModuleManager: Shutting down and abandoning module GameplayTasksEditor (190)
[2017.06.01-01.01.22:441][  3]LogModuleManager: Shutting down and abandoning module BehaviorTreeEditor (188)
[2017.06.01-01.01.22:441][  3]LogModuleManager: Shutting down and abandoning module FunctionalTesting (186)
[2017.06.01-01.01.22:441][  3]LogModuleManager: Shutting down and abandoning module CollisionAnalyzer (184)
[2017.06.01-01.01.22:441][  3]LogModuleManager: Shutting down and abandoning module UMG (182)
[2017.06.01-01.01.22:442][  3]LogModuleManager: Shutting down and abandoning module UMGEditor (181)
[2017.06.01-01.01.22:442][  3]LogModuleManager: Shutting down and abandoning module Sequencer (180)
[2017.06.01-01.01.22:442][  3]LogModuleManager: Shutting down and abandoning module AssetTools (178)
[2017.06.01-01.01.22:442][  3]LogModuleManager: Shutting down and abandoning module MessageLog (177)
[2017.06.01-01.01.22:442][  3]LogModuleManager: Shutting down and abandoning module WorkspaceMenuStructure (176)
[2017.06.01-01.01.22:442][  3]LogModuleManager: Shutting down and abandoning module SlateReflector (170)
[2017.06.01-01.01.22:442][  3]LogModuleManager: Shutting down and abandoning module Slate (168)
[2017.06.01-01.01.22:442][  3]LogModuleManager: Shutting down and abandoning module EditorStyle (166)
[2017.06.01-01.01.22:444][  3]LogModuleManager: Shutting down and abandoning module SourceCodeAccess (164)
[2017.06.01-01.01.22:444][  3]LogModuleManager: Shutting down and abandoning module HeadMountedDisplay (162)
[2017.06.01-01.01.22:444][  3]LogModuleManager: Shutting down and abandoning module XAudio2 (160)
[2017.06.01-01.01.22:444][  3]LogModuleManager: Shutting down and abandoning module Networking (158)
[2017.06.01-01.01.22:444][  3]LogModuleManager: Shutting down and abandoning module Core (154)
[2017.06.01-01.01.22:444][  3]LogModuleManager: Shutting down and abandoning module AssetRegistry (152)
[2017.06.01-01.01.22:620][  3]LogDirectoryWatcher: A directory notification for '../../../Engine/Content/' was aborted.
[2017.06.01-01.01.22:620][  3]LogDirectoryWatcher: A directory notification for '../../../../../../Users/h201426501/Desktop/AIProject2/Content/' was aborted.
[2017.06.01-01.01.22:620][  3]LogDirectoryWatcher: A directory notification for '../../../Engine/Plugins/2D/Paper2D/Content/' was aborted.
[2017.06.01-01.01.22:620][  3]LogModuleManager: Shutting down and abandoning module DirectoryWatcher (151)
[2017.06.01-01.01.22:620][  3]LogModuleManager: Shutting down and abandoning module KismetCompiler (148)
[2017.06.01-01.01.22:620][  3]LogModuleManager: Shutting down and abandoning module PhysXFormats (146)
[2017.06.01-01.01.22:620][  3]LogModuleManager: Shutting down and abandoning module MeshUtilities (144)
[2017.06.01-01.01.22:620][  3]LogModuleManager: Shutting down and abandoning module SimplygonSwarm (143)
[2017.06.01-01.01.22:620][  3]LogModuleManager: Shutting down and abandoning module SimplygonMeshReduction (141)
[2017.06.01-01.01.22:620][  3]LogModuleManager: Shutting down and abandoning module QuadricMeshReduction (139)
[2017.06.01-01.01.22:620][  3]LogModuleManager: Shutting down and abandoning module PropertyEditor (137)
[2017.06.01-01.01.22:620][  3]LogModuleManager: Shutting down and abandoning module DerivedDataCache (134)
[2017.06.01-01.01.23:082][  3]LogDerivedDataCache: Shutdown
[2017.06.01-01.01.23:082][  3]LogModuleManager: Shutting down and abandoning module TargetPlatform (132)
[2017.06.01-01.01.23:082][  3]LogModuleManager: Shutting down and abandoning module VulkanShaderFormat (131)
[2017.06.01-01.01.23:082][  3]LogModuleManager: Shutting down and abandoning module ShaderFormatOpenGL (129)
[2017.06.01-01.01.23:082][  3]LogModuleManager: Shutting down and abandoning module ShaderFormatD3D (127)
[2017.06.01-01.01.23:082][  3]LogModuleManager: Shutting down and abandoning module MetalShaderFormat (125)
[2017.06.01-01.01.23:082][  3]LogModuleManager: Shutting down and abandoning module TextureFormatUncompressed (123)
[2017.06.01-01.01.23:082][  3]LogModuleManager: Shutting down and abandoning module TextureFormatPVR (121)
[2017.06.01-01.01.23:082][  3]LogModuleManager: Shutting down and abandoning module TextureFormatDXT (119)
[2017.06.01-01.01.23:082][  3]LogModuleManager: Shutting down and abandoning module TextureFormatIntelISPCTexComp (117)
[2017.06.01-01.01.23:082][  3]LogModuleManager: Shutting down and abandoning module TextureFormatASTC (115)
[2017.06.01-01.01.23:082][  3]LogModuleManager: Shutting down and abandoning module ImageWrapper (114)
[2017.06.01-01.01.23:082][  3]LogModuleManager: Shutting down and abandoning module TextureFormatAndroid (111)
[2017.06.01-01.01.23:082][  3]LogModuleManager: Shutting down and abandoning module AudioFormatOpus (109)
[2017.06.01-01.01.23:082][  3]LogModuleManager: Shutting down and abandoning module AudioFormatOgg (107)
[2017.06.01-01.01.23:082][  3]LogModuleManager: Shutting down and abandoning module AudioFormatADPCM (105)
[2017.06.01-01.01.23:082][  3]LogModuleManager: Shutting down and abandoning module LinuxTargetPlatform (103)
[2017.06.01-01.01.23:082][  3]LogModuleManager: Shutting down and abandoning module LinuxServerTargetPlatform (101)
[2017.06.01-01.01.23:082][  3]LogModuleManager: Shutting down and abandoning module LinuxNoEditorTargetPlatform (99)
[2017.06.01-01.01.23:082][  3]LogModuleManager: Shutting down and abandoning module LinuxClientTargetPlatform (97)
[2017.06.01-01.01.23:082][  3]LogModuleManager: Shutting down and abandoning module TVOSTargetPlatform (95)
[2017.06.01-01.01.23:082][  3]LogModuleManager: Shutting down and abandoning module Messaging (93)
[2017.06.01-01.01.23:082][  3]LogModuleManager: Shutting down and abandoning module IOSTargetPlatform (91)
[2017.06.01-01.01.23:082][  3]LogModuleManager: Shutting down and abandoning module HTML5TargetPlatform (89)
[2017.06.01-01.01.23:082][  3]LogModuleManager: Shutting down and abandoning module Android_PVRTCTargetPlatform (87)
[2017.06.01-01.01.23:082][  3]LogModuleManager: Shutting down and abandoning module Android_MultiTargetPlatform (85)
[2017.06.01-01.01.23:082][  3]LogModuleManager: Shutting down and abandoning module Android_ETC2TargetPlatform (83)
[2017.06.01-01.01.23:082][  3]LogModuleManager: Shutting down and abandoning module Android_ETC1TargetPlatform (81)
[2017.06.01-01.01.23:082][  3]LogModuleManager: Shutting down and abandoning module Android_DXTTargetPlatform (79)
[2017.06.01-01.01.23:082][  3]LogModuleManager: Shutting down and abandoning module Android_ATCTargetPlatform (77)
[2017.06.01-01.01.23:082][  3]LogModuleManager: Shutting down and abandoning module Android_ASTCTargetPlatform (75)
[2017.06.01-01.01.23:082][  3]LogModuleManager: Shutting down and abandoning module AndroidTargetPlatform (73)
[2017.06.01-01.01.23:082][  3]LogModuleManager: Shutting down and abandoning module WindowsTargetPlatform (71)
[2017.06.01-01.01.23:082][  3]LogModuleManager: Shutting down and abandoning module WindowsServerTargetPlatform (69)
[2017.06.01-01.01.23:082][  3]LogModuleManager: Shutting down and abandoning module WindowsNoEditorTargetPlatform (67)
[2017.06.01-01.01.23:082][  3]LogModuleManager: Shutting down and abandoning module WindowsClientTargetPlatform (65)
[2017.06.01-01.01.23:082][  3]LogModuleManager: Shutting down and abandoning module MacTargetPlatform (63)
[2017.06.01-01.01.23:082][  3]LogModuleManager: Shutting down and abandoning module MacServerTargetPlatform (61)
[2017.06.01-01.01.23:082][  3]LogModuleManager: Shutting down and abandoning module MacNoEditorTargetPlatform (59)
[2017.06.01-01.01.23:082][  3]LogModuleManager: Shutting down and abandoning module MacClientTargetPlatform (57)
[2017.06.01-01.01.23:082][  3]LogModuleManager: Shutting down and abandoning module AllDesktopTargetPlatform (55)
[2017.06.01-01.01.23:082][  3]LogModuleManager: Shutting down and abandoning module InputCore (52)
[2017.06.01-01.01.23:082][  3]LogModuleManager: Shutting down and abandoning module Settings (50)
[2017.06.01-01.01.23:082][  3]LogModuleManager: Shutting down and abandoning module OculusRift (48)
[2017.06.01-01.01.23:082][  3]LogModuleManager: Shutting down and abandoning module GearVR (46)
[2017.06.01-01.01.23:082][  3]LogModuleManager: Shutting down and abandoning module ExampleDeviceProfileSelector (44)
[2017.06.01-01.01.23:082][  3]LogModuleManager: Shutting down and abandoning module OnlineBlueprintSupport (42)
[2017.06.01-01.01.23:082][  3]LogModuleManager: Shutting down and abandoning module OnlineSubsystem (38)
[2017.06.01-01.01.23:083][  3]LogOnline:Display: Unloading online subsystem: NULL
[2017.06.01-01.01.23:083][  3]LogModuleManager: Shutting down and abandoning module XMPP (37)
[2017.06.01-01.01.23:083][  3]LogModuleManager: Shutting down and abandoning module HTTP (35)
[2017.06.01-01.01.23:083][  3]LogHttp:Display: Http module shutting down, but needs to wait on 1 outstanding Http requests:
[2017.06.01-01.01.23:083][  3]LogHttp:Display: 	verb=[POST] url=[https://datarouter.ol.epicgames.com/datarouter/api/v1/public/data?SessionID=%7B8EFC6555-4CF0-68D2-6D93-92BE8A1D2FA4%7D&AppID=UEEditor.Rocket.Release&AppVersion=4.15.1-3348071%2B%2B%2BUE4%2BRelease-4.15&UserID=25b6f6e14ed13960a62347b5d0dc14c4%7C%7C693bc53e-80cc-46c6-83ab-975c28f5e9e0&AppEnvironment=datacollector-binary&UploadType=eteventstream] status=Processing
[2017.06.01-01.01.23:090][  3]LogModuleManager: Shutting down and abandoning module SSL (34)
[2017.06.01-01.01.23:091][  3]LogModuleManager: Shutting down and abandoning module AudioEditor (30)
[2017.06.01-01.01.23:091][  3]LogModuleManager: Shutting down and abandoning module TextureCompressor (28)
[2017.06.01-01.01.23:091][  3]LogModuleManager: Shutting down and abandoning module ShaderCore (26)
[2017.06.01-01.01.23:091][  3]LogModuleManager: Shutting down and abandoning module Landscape (24)
[2017.06.01-01.01.23:091][  3]LogModuleManager: Shutting down and abandoning module SlateRHIRenderer (22)
[2017.06.01-01.01.23:092][  3]LogModuleManager: Shutting down and abandoning module OpenGLDrv (20)
[2017.06.01-01.01.23:092][  3]LogModuleManager: Shutting down and abandoning module D3D11RHI (18)
[2017.06.01-01.01.23:092][  3]LogModuleManager: Shutting down and abandoning module AnimGraphRuntime (16)
[2017.06.01-01.01.23:092][  3]LogModuleManager: Shutting down and abandoning module Renderer (14)
[2017.06.01-01.01.23:092][  3]LogModuleManager: Shutting down and abandoning module Engine (12)
[2017.06.01-01.01.23:092][  3]LogModuleManager: Shutting down and abandoning module CoreUObject (10)
[2017.06.01-01.01.23:092][  3]LogModuleManager: Shutting down and abandoning module NetworkFile (8)
[2017.06.01-01.01.23:092][  3]LogModuleManager: Shutting down and abandoning module StreamingFile (6)
[2017.06.01-01.01.23:092][  3]LogModuleManager: Shutting down and abandoning module SandboxFile (4)
[2017.06.01-01.01.23:092][  3]LogModuleManager: Shutting down and abandoning module PakFile (2)
[2017.06.01-01.01.23:094][  3]LogExit: Exiting.
[2017.06.01-01.01.23:106][  3]Log file closed, 06/01/17 11:01:23
