Log file open, 06/02/17 07:54:03
LogInit:Display: Running engine for game: AIProject
LogPlatformFile: Not using cached read wrapper
LogInit:Display: RandInit(-1816498958) SRandInit(-1816498957).
LogTaskGraph: Started task graph with 5 named threads and 8 total threads with 1 sets of task threads.
LogStats: Stats thread started at 0.609365
LogPluginManager: Loaded Plugin Paper2D, From C:/Program Files/Epic Games/UE_4.13/Engine/Plugins/2D/Paper2D/Paper2D.uplugin
LogPluginManager: Loaded Plugin LightPropagationVolume, From C:/Program Files/Epic Games/UE_4.13/Engine/Plugins/Blendables/LightPropagationVolume/LightPropagationVolume.uplugin
LogPluginManager: Loaded Plugin BlankPlugin, From C:/Program Files/Epic Games/UE_4.13/Engine/Plugins/Developer/BlankPlugin/BlankPlugin.uplugin
LogPluginManager: Loaded Plugin CodeLiteSourceCodeAccess, From C:/Program Files/Epic Games/UE_4.13/Engine/Plugins/Developer/CodeLiteSourceCodeAccess/CodeLiteSourceCodeAccess.uplugin
LogPluginManager: Loaded Plugin GitSourceControl, From C:/Program Files/Epic Games/UE_4.13/Engine/Plugins/Developer/GitSourceControl/GitSourceControl.uplugin
LogPluginManager: Loaded Plugin KDevelopSourceCodeAccess, From C:/Program Files/Epic Games/UE_4.13/Engine/Plugins/Developer/KDevelopSourceCodeAccess/KDevelopSourceCodeAccess.uplugin
LogPluginManager: Loaded Plugin NullSourceCodeAccess, From C:/Program Files/Epic Games/UE_4.13/Engine/Plugins/Developer/NullSourceCodeAccess/NullSourceCodeAccess.uplugin
LogPluginManager: Loaded Plugin OneSkyLocalizationService, From C:/Program Files/Epic Games/UE_4.13/Engine/Plugins/Developer/OneSkyLocalizationService/OneSkyLocalizationService.uplugin
LogPluginManager: Loaded Plugin PerforceSourceControl, From C:/Program Files/Epic Games/UE_4.13/Engine/Plugins/Developer/PerforceSourceControl/PerforceSourceControl.uplugin
LogPluginManager: Loaded Plugin SubversionSourceControl, From C:/Program Files/Epic Games/UE_4.13/Engine/Plugins/Developer/SubversionSourceControl/SubversionSourceControl.uplugin
LogPluginManager: Loaded Plugin UObjectPlugin, From C:/Program Files/Epic Games/UE_4.13/Engine/Plugins/Developer/UObjectPlugin/UObjectPlugin.uplugin
LogPluginManager: Loaded Plugin VisualStudioSourceCodeAccess, From C:/Program Files/Epic Games/UE_4.13/Engine/Plugins/Developer/VisualStudioSourceCodeAccess/VisualStudioSourceCodeAccess.uplugin
LogPluginManager: Loaded Plugin XCodeSourceCodeAccess, From C:/Program Files/Epic Games/UE_4.13/Engine/Plugins/Developer/XCodeSourceCodeAccess/XCodeSourceCodeAccess.uplugin
LogPluginManager: Loaded Plugin EpicSurvey, From C:/Program Files/Epic Games/UE_4.13/Engine/Plugins/Editor/EpicSurvey/EpicSurvey.uplugin
LogPluginManager: Loaded Plugin MacGraphicsSwitching, From C:/Program Files/Epic Games/UE_4.13/Engine/Plugins/Editor/MacGraphicsSwitching/MacGraphicsSwitching.uplugin
LogPluginManager: Loaded Plugin MobileLauncherProfileWizard, From C:/Program Files/Epic Games/UE_4.13/Engine/Plugins/Editor/MobileLauncherProfileWizard/MobileLauncherProfileWizard.uplugin
LogPluginManager: Loaded Plugin PluginBrowser, From C:/Program Files/Epic Games/UE_4.13/Engine/Plugins/Editor/PluginBrowser/PluginBrowser.uplugin
LogPluginManager: Loaded Plugin SpeedTreeImporter, From C:/Program Files/Epic Games/UE_4.13/Engine/Plugins/Editor/SpeedTreeImporter/SpeedTreeImporter.uplugin
LogPluginManager: Loaded Plugin SuperSearchEditor, From C:/Program Files/Epic Games/UE_4.13/Engine/Plugins/Editor/SuperSearchEditor/SuperSearchEditor.uplugin
LogPluginManager: Loaded Plugin AlembicImporter, From C:/Program Files/Epic Games/UE_4.13/Engine/Plugins/Experimental/AlembicImporter/AlembicImporter.uplugin
LogPluginManager: Loaded Plugin BlueprintStats, From C:/Program Files/Epic Games/UE_4.13/Engine/Plugins/Experimental/BlueprintStats/BlueprintStats.uplugin
LogPluginManager: Loaded Plugin CharacterAI, From C:/Program Files/Epic Games/UE_4.13/Engine/Plugins/Experimental/CharacterAI/CharacterAI.uplugin
LogPluginManager: Loaded Plugin CodeEditor, From C:/Program Files/Epic Games/UE_4.13/Engine/Plugins/Experimental/CodeEditor/CodeEditor.uplugin
LogPluginManager: Loaded Plugin CodeView, From C:/Program Files/Epic Games/UE_4.13/Engine/Plugins/Experimental/CodeView/CodeView.uplugin
LogPluginManager: Loaded Plugin HTML5Networking, From C:/Program Files/Epic Games/UE_4.13/Engine/Plugins/Experimental/HTML5Networking/HTML5Networking.uplugin
LogPluginManager: Loaded Plugin LiveEditor, From C:/Program Files/Epic Games/UE_4.13/Engine/Plugins/Experimental/LiveEditor/LiveEditor.uplugin
LogPluginManager: Loaded Plugin OSVR, From C:/Program Files/Epic Games/UE_4.13/Engine/Plugins/Experimental/OSVR/OSVR.uplugin
LogPluginManager: Loaded Plugin Phya, From C:/Program Files/Epic Games/UE_4.13/Engine/Plugins/Experimental/Phya/Phya.uplugin
LogPluginManager: Loaded Plugin SignificanceManager, From C:/Program Files/Epic Games/UE_4.13/Engine/Plugins/Experimental/SignificanceManager/SignificanceManager.uplugin
LogPluginManager: Loaded Plugin SimpleHMD, From C:/Program Files/Epic Games/UE_4.13/Engine/Plugins/Experimental/SimpleHMD/SimpleHMD.uplugin
LogPluginManager: Loaded Plugin StereoPanorama, From C:/Program Files/Epic Games/UE_4.13/Engine/Plugins/Experimental/StereoPanorama/StereoPanorama.uplugin
LogPluginManager: Loaded Plugin StructBox, From C:/Program Files/Epic Games/UE_4.13/Engine/Plugins/Experimental/StructBox/StructBox.uplugin
LogPluginManager: Loaded Plugin AndroidMedia, From C:/Program Files/Epic Games/UE_4.13/Engine/Plugins/Media/AndroidMedia/AndroidMedia.uplugin
LogPluginManager: Loaded Plugin AvfMedia, From C:/Program Files/Epic Games/UE_4.13/Engine/Plugins/Media/AvfMedia/AvfMedia.uplugin
LogPluginManager: Loaded Plugin MediaPlayerEditor, From C:/Program Files/Epic Games/UE_4.13/Engine/Plugins/Media/MediaPlayerEditor/MediaPlayerEditor.uplugin
LogPluginManager: Loaded Plugin WmfMedia, From C:/Program Files/Epic Games/UE_4.13/Engine/Plugins/Media/WmfMedia/WmfMedia.uplugin
LogPluginManager: Loaded Plugin MessagingDebugger, From C:/Program Files/Epic Games/UE_4.13/Engine/Plugins/Messaging/MessagingDebugger/MessagingDebugger.uplugin
LogPluginManager: Loaded Plugin TcpMessaging, From C:/Program Files/Epic Games/UE_4.13/Engine/Plugins/Messaging/TcpMessaging/TcpMessaging.uplugin
LogPluginManager: Loaded Plugin UdpMessaging, From C:/Program Files/Epic Games/UE_4.13/Engine/Plugins/Messaging/UdpMessaging/UdpMessaging.uplugin
LogPluginManager: Loaded Plugin LevelSequenceEditor, From C:/Program Files/Epic Games/UE_4.13/Engine/Plugins/MovieScene/LevelSequenceEditor/LevelSequenceEditor.uplugin
LogPluginManager: Loaded Plugin MatineeToLevelSequence, From C:/Program Files/Epic Games/UE_4.13/Engine/Plugins/MovieScene/MatineeToLevelSequence/MatineeToLevelSequence.uplugin
LogPluginManager: Loaded Plugin NetcodeUnitTest, From C:/Program Files/Epic Games/UE_4.13/Engine/Plugins/NetcodeUnitTest/NetcodeUnitTest/NetcodeUnitTest.uplugin
LogPluginManager: Loaded Plugin NUTUnrealEngine4, From C:/Program Files/Epic Games/UE_4.13/Engine/Plugins/NetcodeUnitTest/NUTUnrealEngine4/NUTUnrealEngine4.uplugin
LogPluginManager: Loaded Plugin OnlineSubsystemGooglePlay, From C:/Program Files/Epic Games/UE_4.13/Engine/Plugins/Online/Android/OnlineSubsystemGooglePlay/OnlineSubsystemGooglePlay.uplugin
LogPluginManager: Loaded Plugin OnlineSubsystemIOS, From C:/Program Files/Epic Games/UE_4.13/Engine/Plugins/Online/IOS/OnlineSubsystemIOS/OnlineSubsystemIOS.uplugin
LogPluginManager: Loaded Plugin OnlineFramework, From C:/Program Files/Epic Games/UE_4.13/Engine/Plugins/Online/OnlineFramework/OnlineFramework.uplugin
LogPluginManager: Loaded Plugin OnlineSubsystem, From C:/Program Files/Epic Games/UE_4.13/Engine/Plugins/Online/OnlineSubsystem/OnlineSubsystem.uplugin
LogPluginManager: Loaded Plugin OnlineSubsystemAmazon, From C:/Program Files/Epic Games/UE_4.13/Engine/Plugins/Online/OnlineSubsystemAmazon/OnlineSubsystemAmazon.uplugin
LogPluginManager: Loaded Plugin OnlineSubsystemFacebook, From C:/Program Files/Epic Games/UE_4.13/Engine/Plugins/Online/OnlineSubsystemFacebook/OnlineSubsystemFacebook.uplugin
LogPluginManager: Loaded Plugin OnlineSubsystemNull, From C:/Program Files/Epic Games/UE_4.13/Engine/Plugins/Online/OnlineSubsystemNull/OnlineSubsystemNull.uplugin
LogPluginManager: Loaded Plugin OnlineSubsystemOculus, From C:/Program Files/Epic Games/UE_4.13/Engine/Plugins/Online/OnlineSubsystemOculus/OnlineSubsystemOculus.uplugin
LogPluginManager: Loaded Plugin OnlineSubsystemSteam, From C:/Program Files/Epic Games/UE_4.13/Engine/Plugins/Online/OnlineSubsystemSteam/OnlineSubsystemSteam.uplugin
LogPluginManager: Loaded Plugin OnlineSubsystemUtils, From C:/Program Files/Epic Games/UE_4.13/Engine/Plugins/Online/OnlineSubsystemUtils/OnlineSubsystemUtils.uplugin
LogPluginManager: Loaded Plugin IOSTapJoy, From C:/Program Files/Epic Games/UE_4.13/Engine/Plugins/Runtime/Advertising/IOSTapJoy/IOSTapJoy.uplugin
LogPluginManager: Loaded Plugin AnalyticsBlueprintLibrary, From C:/Program Files/Epic Games/UE_4.13/Engine/Plugins/Runtime/Analytics/AnalyticsBlueprintLibrary/AnalyticsBlueprintLibrary.uplugin
LogPluginManager: Loaded Plugin AnalyticsMulticast, From C:/Program Files/Epic Games/UE_4.13/Engine/Plugins/Runtime/Analytics/AnalyticsMulticast/AnalyticsMulticast.uplugin
LogPluginManager: Loaded Plugin Apsalar, From C:/Program Files/Epic Games/UE_4.13/Engine/Plugins/Runtime/Analytics/Apsalar/Apsalar.uplugin
LogPluginManager: Loaded Plugin FileLogging, From C:/Program Files/Epic Games/UE_4.13/Engine/Plugins/Runtime/Analytics/FileLogging/FileLogging.uplugin
LogPluginManager: Loaded Plugin Flurry, From C:/Program Files/Epic Games/UE_4.13/Engine/Plugins/Runtime/Analytics/Flurry/Flurry.uplugin
LogPluginManager: Loaded Plugin AndroidDeviceProfileSelector, From C:/Program Files/Epic Games/UE_4.13/Engine/Plugins/Runtime/AndroidDeviceProfileSelector/AndroidDeviceProfileSelector.uplugin
LogPluginManager: Loaded Plugin AndroidMoviePlayer, From C:/Program Files/Epic Games/UE_4.13/Engine/Plugins/Runtime/AndroidMoviePlayer/AndroidMoviePlayer.uplugin
LogPluginManager: Loaded Plugin AppleMoviePlayer, From C:/Program Files/Epic Games/UE_4.13/Engine/Plugins/Runtime/AppleMoviePlayer/AppleMoviePlayer.uplugin
LogPluginManager: Loaded Plugin ArchVisCharacter, From C:/Program Files/Epic Games/UE_4.13/Engine/Plugins/Runtime/ArchVisCharacter/ArchVisCharacter.uplugin
LogPluginManager: Loaded Plugin CableComponent, From C:/Program Files/Epic Games/UE_4.13/Engine/Plugins/Runtime/CableComponent/CableComponent.uplugin
LogPluginManager: Loaded Plugin CustomMeshComponent, From C:/Program Files/Epic Games/UE_4.13/Engine/Plugins/Runtime/CustomMeshComponent/CustomMeshComponent.uplugin
LogPluginManager: Loaded Plugin ExampleDeviceProfileSelector, From C:/Program Files/Epic Games/UE_4.13/Engine/Plugins/Runtime/ExampleDeviceProfileSelector/ExampleDeviceProfileSelector.uplugin
LogPluginManager: Loaded Plugin GearVR, From C:/Program Files/Epic Games/UE_4.13/Engine/Plugins/Runtime/GearVR/GearVR.uplugin
LogPluginManager: Loaded Plugin GoogleVRController, From C:/Program Files/Epic Games/UE_4.13/Engine/Plugins/Runtime/GoogleVR/GoogleVRController/GoogleVRController.uplugin
LogPluginManager: Loaded Plugin GoogleVRHMD, From C:/Program Files/Epic Games/UE_4.13/Engine/Plugins/Runtime/GoogleVR/GoogleVRHMD/GoogleVRHMD.uplugin
LogPluginManager: Loaded Plugin IOSDeviceProfileSelector, From C:/Program Files/Epic Games/UE_4.13/Engine/Plugins/Runtime/IOSDeviceProfileSelector/IOSDeviceProfileSelector.uplugin
LogPluginManager: Loaded Plugin LeapMotion, From C:/Program Files/Epic Games/UE_4.13/Engine/Plugins/Runtime/LeapMotion/LeapMotion.uplugin
LogPluginManager: Loaded Plugin LinuxDeviceProfileSelector, From C:/Program Files/Epic Games/UE_4.13/Engine/Plugins/Runtime/LinuxDeviceProfileSelector/LinuxDeviceProfileSelector.uplugin
LogPluginManager: Loaded Plugin LiveEditorListenServer, From C:/Program Files/Epic Games/UE_4.13/Engine/Plugins/Runtime/LiveEditorListenServer/LiveEditorListenServer.uplugin
LogPluginManager: Loaded Plugin OculusAudio, From C:/Program Files/Epic Games/UE_4.13/Engine/Plugins/Runtime/OculusAudio/OculusAudio.uplugin
LogPluginManager: Loaded Plugin OculusInput, From C:/Program Files/Epic Games/UE_4.13/Engine/Plugins/Runtime/OculusInput/OculusInput.uplugin
LogPluginManager: Loaded Plugin OculusLibrary, From C:/Program Files/Epic Games/UE_4.13/Engine/Plugins/Runtime/OculusLibrary/OculusLibrary.uplugin
LogPluginManager: Loaded Plugin OculusRift, From C:/Program Files/Epic Games/UE_4.13/Engine/Plugins/Runtime/OculusRift/OculusRift.uplugin
LogPluginManager: Loaded Plugin Oodle, From C:/Program Files/Epic Games/UE_4.13/Engine/Plugins/Runtime/PacketHandlers/CompressionComponents/Oodle/Oodle.uplugin
LogPluginManager: Loaded Plugin ProceduralMeshComponent, From C:/Program Files/Epic Games/UE_4.13/Engine/Plugins/Runtime/ProceduralMeshComponent/ProceduralMeshComponent.uplugin
LogPluginManager: Loaded Plugin SoundMod, From C:/Program Files/Epic Games/UE_4.13/Engine/Plugins/Runtime/SoundMod/SoundMod.uplugin
LogPluginManager: Loaded Plugin SoundVisualizations, From C:/Program Files/Epic Games/UE_4.13/Engine/Plugins/Runtime/SoundVisualizations/SoundVisualizations.uplugin
LogPluginManager: Loaded Plugin SteamController, From C:/Program Files/Epic Games/UE_4.13/Engine/Plugins/Runtime/Steam/SteamController/SteamController.uplugin
LogPluginManager: Loaded Plugin SteamVR, From C:/Program Files/Epic Games/UE_4.13/Engine/Plugins/Runtime/Steam/SteamVR/SteamVR.uplugin
LogPluginManager: Loaded Plugin WebBrowserWidget, From C:/Program Files/Epic Games/UE_4.13/Engine/Plugins/Runtime/WebBrowserWidget/WebBrowserWidget.uplugin
LogPluginManager: Loaded Plugin WindowsDeviceProfileSelector, From C:/Program Files/Epic Games/UE_4.13/Engine/Plugins/Runtime/WindowsDeviceProfileSelector/WindowsDeviceProfileSelector.uplugin
LogPluginManager: Loaded Plugin WindowsMoviePlayer, From C:/Program Files/Epic Games/UE_4.13/Engine/Plugins/Runtime/WindowsMoviePlayer/WindowsMoviePlayer.uplugin
LogPluginManager: Loaded Plugin ScriptPlugin, From C:/Program Files/Epic Games/UE_4.13/Engine/Plugins/ScriptPlugin/ScriptPlugin.uplugin
LogPluginManager: Loaded Plugin SlateRemote, From C:/Program Files/Epic Games/UE_4.13/Engine/Plugins/Slate/SlateRemote/SlateRemote.uplugin
LogInit: Using libcurl 7.47.1
LogInit:  - built for x86_64-pc-win32
LogInit:  - supports SSL with WinSSL
LogInit:  - other features:
LogInit:      CURL_VERSION_SSL
LogInit:      CURL_VERSION_IPV6
LogInit:      CURL_VERSION_ASYNCHDNS
LogInit:      CURL_VERSION_LARGEFILE
LogInit:      CURL_VERSION_IDN
LogInit:  CurlRequestOptions (configurable via config and command line):
LogInit:  - bVerifyPeer = false  - Libcurl will NOT verify peer certificate
LogInit:  - bUseHttpProxy = false  - Libcurl will NOT use HTTP proxy
LogInit:  - bDontReuseConnections = false  - Libcurl will reuse connections
LogInit:  - CertBundlePath = nullptr  - Libcurl will use whatever was configured at build time.
LogInit: Build: ++UE4+Release-4.13-CL-3172292
LogInit: Engine Version: 4.13.2-3172292+++UE4+Release-4.13
LogInit: Compatible Engine Version: 4.13.0-3106830+++UE4+Release-4.13
LogInit: Net CL: 3172292
LogDevObjectVersion: Number of dev versions registered: 13
LogDevObjectVersion:   Dev-Blueprints (B0D832E4-1F89-4F0D-ACCF-7EB736FD4AA2): 5
LogDevObjectVersion:   Dev-Build (E1C64328-A22C-4D53-A36C-8E866417BD8C): 0
LogDevObjectVersion:   Dev-Core (375EC13C-06E4-48FB-B500-84F0262A717E): 1
LogDevObjectVersion:   Dev-Editor (E4B068ED-F494-42E9-A231-DA0B2E46BB41): 6
LogDevObjectVersion:   Dev-Framework (CFFC743F-43B0-4480-9391-14DF171D2073): 12
LogDevObjectVersion:   Dev-Mobile (B02B49B5-BB20-44E9-A304-32B752E40360): 0
LogDevObjectVersion:   Dev-Networking (A4E4105C-59A1-49B5-A7C5-40C4547EDFEE): 0
LogDevObjectVersion:   Dev-Online (39C831C9-5AE6-47DC-9A44-9C173E1C8E7C): 0
LogDevObjectVersion:   Dev-Physics (78F01B33-EBEA-4F98-B9B4-84EACCB95AA2): 0
LogDevObjectVersion:   Dev-Platform (6631380F-2D4D-43E0-8009-CF276956A95A): 0
LogDevObjectVersion:   Dev-Rendering (12F88B9F-8875-4AFC-A67C-D90C383ABD29): 4
LogDevObjectVersion:   Dev-Sequencer (7B5AE74C-D270-4C10-A958-57980B212A5A): 0
LogDevObjectVersion:   Dev-VR (D7296918-1DD6-4BDD-9DE2-64A83CC13884): 0
LogInit: Compiled (64-bit): Oct 24 2016 14:29:06
LogInit: Compiled with Visual C++: 19.00.23026.00
LogInit: Build Configuration: Development
LogInit: Branch Name: ++UE4+Release-4.13
LogInit: Command line:  
LogInit: Base directory: C:/Program Files/Epic Games/UE_4.13/Engine/Binaries/Win64/
LogInit: Installed Engine Build: 1
LogInit: Presizing for max 8388607 objects, including 0 objects not considered by GC, pre-allocating 0 bytes for permanent pool.
LogInit: Object subsystem initialized
[2017.06.01-21.54.03:932][  0]LogInit: Selected Device Profile: [Windows]
[2017.06.01-21.54.03:932][  0]LogInit: Applying CVar settings loaded from the selected device profile: [Windows]
[2017.06.01-21.54.04:103][  0]LogInit: Computer: CS9MF42
[2017.06.01-21.54.04:103][  0]LogInit: User: webbj
[2017.06.01-21.54.04:103][  0]LogInit: CPU Page size=65536, Cores=4
[2017.06.01-21.54.04:103][  0]LogInit: High frequency timer resolution =3.515643 MHz
[2017.06.01-21.54.04:103][  0]LogMemory: Memory total: Physical=15.9GB (16GB approx)
[2017.06.01-21.54.04:103][  0]LogMemory: Platform Memory Stats for Windows
[2017.06.01-21.54.04:103][  0]LogMemory: Process Physical Memory: 259.82 MB used, 259.82 MB peak
[2017.06.01-21.54.04:103][  0]LogMemory: Process Virtual Memory: 260.29 MB used, 260.29 MB peak
[2017.06.01-21.54.04:103][  0]LogMemory: Physical Memory: 4671.26 MB used, 16298.88 MB total
[2017.06.01-21.54.04:103][  0]LogMemory: Virtual Memory: 652.23 MB used, 134217728.00 MB total
[2017.06.01-21.54.04:752][  0]LogTextLocalizationManager: No specific translations for ('en-AU') exist, so ('en') translations will be used.
[2017.06.01-21.54.07:691][  0]LogD3D11RHI: D3D11 adapters:
[2017.06.01-21.54.07:744][  0]LogD3D11RHI:    0. 'AMD Radeon(TM) R9 270' (Feature Level 11_0)
[2017.06.01-21.54.07:744][  0]LogD3D11RHI:       2030/0/8149 MB DedicatedVideo/DedicatedSystem/SharedSystem, Outputs:1, VendorId:0x1002
[2017.06.01-21.54.07:878][  0]LogD3D11RHI:    1. 'Intel(R) HD Graphics 4600' (Feature Level 11_0)
[2017.06.01-21.54.07:878][  0]LogD3D11RHI:       112/0/2048 MB DedicatedVideo/DedicatedSystem/SharedSystem, Outputs:0, VendorId:0x8086
[2017.06.01-21.54.07:880][  0]LogD3D11RHI:    2. 'Microsoft Basic Render Driver' (Feature Level 11_0)
[2017.06.01-21.54.07:880][  0]LogD3D11RHI:       0/0/8149 MB DedicatedVideo/DedicatedSystem/SharedSystem, Outputs:0, VendorId:0x1414
[2017.06.01-21.54.07:880][  0]LogD3D11RHI: Chosen D3D11 Adapter: 0
[2017.06.01-21.54.07:884][  0]LogD3D11RHI: Creating new Direct3DDevice
[2017.06.01-21.54.07:884][  0]LogD3D11RHI:     GPU DeviceId: 0x6811 (for the marketing name, search the web for "GPU Device Id")
[2017.06.01-21.54.07:884][  0]LogWindows: EnumDisplayDevices:
[2017.06.01-21.54.07:885][  0]LogWindows:    0. 'AMD Radeon(TM) R9 270' (P:1 D:1)
[2017.06.01-21.54.07:885][  0]LogWindows:    1. 'AMD Radeon(TM) R9 270' (P:0 D:0)
[2017.06.01-21.54.07:885][  0]LogWindows:    2. 'AMD Radeon(TM) R9 270' (P:0 D:0)
[2017.06.01-21.54.07:885][  0]LogWindows:    3. 'AMD Radeon(TM) R9 270' (P:0 D:0)
[2017.06.01-21.54.07:885][  0]LogWindows:    4. 'AMD Radeon(TM) R9 270' (P:0 D:0)
[2017.06.01-21.54.07:885][  0]LogWindows:    5. 'AMD Radeon(TM) R9 270' (P:0 D:0)
[2017.06.01-21.54.07:886][  0]LogWindows:    6. 'Intel(R) HD Graphics 4600' (P:0 D:0)
[2017.06.01-21.54.07:886][  0]LogWindows:    7. 'Intel(R) HD Graphics 4600' (P:0 D:0)
[2017.06.01-21.54.07:886][  0]LogWindows:    8. 'Intel(R) HD Graphics 4600' (P:0 D:0)
[2017.06.01-21.54.07:886][  0]LogWindows: DebugString: PrimaryIsNotTheChoosenAdapter PrimaryIsNotTheChoosenAdapter PrimaryIsNotTheChoosenAdapter FoundDriverCount:6 
[2017.06.01-21.54.07:886][  0]LogD3D11RHI:     Adapter Name: AMD Radeon(TM) R9 270
[2017.06.01-21.54.07:886][  0]LogD3D11RHI:   Driver Version: Crimson 15.11 (internal:15.301.1701.0, unified:15.301.1701.0)
[2017.06.01-21.54.07:886][  0]LogD3D11RHI:      Driver Date: 1-13-2016
[2017.06.01-21.54.07:886][  0]LogRHI: Texture pool is 1361 MB (70% of 1945 MB)
[2017.06.01-21.54.07:892][  0]LogD3D11RHI: Async texture creation enabled
[2017.06.01-21.54.08:034][  0]LogD3D11RHI: GPU Timing Frequency: 27.000000 (Debug: 2 1)
[2017.06.01-21.54.08:082][  0]LogShaderCompilers: Guid format shader working directory is -43 characters bigger than the processId version (D:/Assessment Submissions/2017  ICA40511 - Cert IV in Prog-T2 - AI/Alex HULL/Assesment 1/Intermediate/Shaders/WorkingDirectory/22228/).
[2017.06.01-21.54.08:082][  0]LogShaderCompilers: Cleaned the shader compiler working directory 'C:/Users/webbj/AppData/Local/Temp/UnrealShaderWorkingDir/C4D393E94AEBF4CB9E006480482FBCD8/'.
[2017.06.01-21.54.08:091][  0]LogShaderCompilers:Display: Using Local Shader Compiler.
[2017.06.01-21.54.11:217][  0]LogTemp:Display: Loaded TP AllDesktopTargetPlatform
[2017.06.01-21.54.11:225][  0]LogTemp:Display: Loaded TP WindowsClientTargetPlatform
[2017.06.01-21.54.11:232][  0]LogTemp:Display: Loaded TP WindowsNoEditorTargetPlatform
[2017.06.01-21.54.11:238][  0]LogTemp:Display: Loaded TP WindowsServerTargetPlatform
[2017.06.01-21.54.11:245][  0]LogTemp:Display: Loaded TP WindowsTargetPlatform
[2017.06.01-21.54.11:262][  0]LogTemp:Display: Loaded TP AndroidTargetPlatform
[2017.06.01-21.54.11:267][  0]LogTemp:Display: Loaded TP Android_ASTCTargetPlatform
[2017.06.01-21.54.11:273][  0]LogTemp:Display: Loaded TP Android_ATCTargetPlatform
[2017.06.01-21.54.11:278][  0]LogTemp:Display: Loaded TP Android_DXTTargetPlatform
[2017.06.01-21.54.11:284][  0]LogTemp:Display: Loaded TP Android_ETC1TargetPlatform
[2017.06.01-21.54.11:289][  0]LogTemp:Display: Loaded TP Android_ETC2TargetPlatform
[2017.06.01-21.54.11:301][  0]LogTemp:Display: Loaded TP Android_MultiTargetPlatform
[2017.06.01-21.54.11:301][  0]LogTemp:Display: Loaded TP Android_PVRTCTargetPlatform
[2017.06.01-21.54.11:302][  0]LogTemp:Display: Loaded TP HTML5TargetPlatform
[2017.06.01-21.54.11:370][  0]LogTemp:Display: Loaded TP IOSTargetPlatform
[2017.06.01-21.54.11:377][  0]LogTemp:Display: Loaded TP TVOSTargetPlatform
[2017.06.01-21.54.11:382][  0]LogTemp:Display: Loaded TP LinuxClientTargetPlatform
[2017.06.01-21.54.11:388][  0]LogTemp:Display: Loaded TP LinuxNoEditorTargetPlatform
[2017.06.01-21.54.11:395][  0]LogTemp:Display: Loaded TP LinuxServerTargetPlatform
[2017.06.01-21.54.11:420][  0]LogTemp:Display: Loaded TP LinuxTargetPlatform
[2017.06.01-21.54.11:420][  0]LogTargetPlatformManager:Display: Building Assets For Windows
[2017.06.01-21.54.12:796][  0]LogDerivedDataCache:Display: Max Cache Size: 512 MB
[2017.06.01-21.54.12:796][  0]LogDerivedDataCache:Display: Starting with empty Boot cache
[2017.06.01-21.54.12:797][  0]LogDerivedDataCache: FDerivedDataBackendGraph:  Pak pak cache file D:/Assessment Submissions/2017  ICA40511 - Cert IV in Prog-T2 - AI/Alex HULL/Assesment 1/DerivedDataCache/DDC.ddp not found, will not use a pak cache.
[2017.06.01-21.54.12:797][  0]LogDerivedDataCache: Unable to find inner node Pak for hierarchical cache Hierarchy.
[2017.06.01-21.54.12:797][  0]LogDerivedDataCache: FDerivedDataBackendGraph:  CompressedPak pak cache file D:/Assessment Submissions/2017  ICA40511 - Cert IV in Prog-T2 - AI/Alex HULL/Assesment 1/DerivedDataCache/Compressed.ddp not found, will not use a pak cache.
[2017.06.01-21.54.12:797][  0]LogDerivedDataCache: Unable to find inner node CompressedPak for hierarchical cache Hierarchy.
[2017.06.01-21.54.12:899][  0]LogDerivedDataCache:Display: Pak cache opened for reading ../../../Engine/DerivedDataCache/Compressed.ddp.
[2017.06.01-21.54.12:912][  0]LogDerivedDataCache: Using Local data cache path C:/Users/webbj/AppData/Local/UnrealEngine/Common/DerivedDataCache: Writable
[2017.06.01-21.54.21:038][  0]LogInit: Selected Device Profile: [Windows]
[2017.06.01-21.54.21:066][  0]LogTexture:Display: Building textures: T_Default_Material_Grid_M (AutoDXT)
[2017.06.01-21.54.21:237][  0]LogContentStreaming: Texture pool size is 0.00 MB
[2017.06.01-21.54.21:247][  0]LogTexture:Display: Building textures: T_Default_Material_Grid_N (BC5)
[2017.06.01-21.54.21:476][  0]LogTexture:Display: Building textures: DefaultDiffuse (AutoDXT)
[2017.06.01-21.54.22:059][  0]LogMeshUtilities: No automatic mesh reduction module available
[2017.06.01-21.54.22:059][  0]LogMeshUtilities: No automatic mesh merging module available
[2017.06.01-21.54.22:059][  0]LogMeshUtilities: No distributed automatic mesh merging module available
[2017.06.01-21.54.22:540][  0]LogTexture:Display: Building textures: MatineeCam_D (AutoDXT)
[2017.06.01-21.54.22:895][  0]LogTexture:Display: Building textures: AICON-Red (AutoDXT)
[2017.06.01-21.54.22:908][  0]LogTexture:Display: Building textures: AICON-Green (AutoDXT)
[2017.06.01-21.54.23:312][  0]LogMaterial: Uniform references updated for custom material expression Custom.
[2017.06.01-21.54.23:313][  0]LogTexture:Display: Building textures: DefaultTexture (DXT1)
[2017.06.01-21.54.23:326][  0]LogTexture:Display: Building textures: WhiteSquareTexture (AutoDXT)
[2017.06.01-21.54.23:531][  0]LogTexture:Display: Building textures: S_Actor (BGRA8)
[2017.06.01-21.54.23:545][  0]LogTexture:Display: Building textures: S_LevelSequence (BGRA8)
[2017.06.01-21.54.23:629][  0]LogTexture:Display: Building textures: EpicQuadPanorama_CC+EV1 (RGBA16F)
[2017.06.01-21.54.29:277][  0]LogTexture:Display: Building textures: RGBTable16x1_AssetViewer (BGRA8)
[2017.06.01-21.54.29:402][  0]LogTexture:Display: Building textures: Bad (BGRA8)
[2017.06.01-21.54.29:651][  0]LogTexture:Display: Building textures: Default (BGRA8)
[2017.06.01-21.54.29:675][  0]LogTexture:Display: Building textures: VR-Basic (BGRA8)
[2017.06.01-21.54.29:907][  0]LogTexture:Display: Building textures: Grid (AutoDXT)
[2017.06.01-21.54.29:999][  0]LogTexture:Display: Building textures: DaylightAmbientCubemap (RGBA16F)
[2017.06.01-21.54.36:244][  0]LogTexture:Display: Building textures: PSysThumbnail_NoImage (AutoDXT)
[2017.06.01-21.54.36:262][  0]LogTexture:Display: Building textures: PSysThumbnail_OOD (AutoDXT)
[2017.06.01-21.54.36:321][  0]LogTexture:Display: Building textures: S_DecalActorIcon (AutoDXT)
[2017.06.01-21.54.36:500][  0]LogTexture:Display: Building textures: S_Terrain (BGRA8)
[2017.06.01-21.54.36:804][  0]LogTexture:Display: Building textures: T_EditorHelp (AutoDXT)
[2017.06.01-21.54.37:279][  0]LogTexture:Display: Building textures: flipbook (AutoDXT)
[2017.06.01-21.54.37:313][  0]LogTexture:Display: Building textures: S_Emitter (BGRA8)
[2017.06.01-21.54.37:353][  0]LogTexture:Display: Building textures: S_ExpoHeightFog (BGRA8)
[2017.06.01-21.54.37:366][  0]LogTexture:Display: Building textures: S_NavP (BGRA8)
[2017.06.01-21.54.37:414][  0]LogTexture:Display: Building textures: S_Player (BGRA8)
[2017.06.01-21.54.37:441][  0]LogTexture:Display: Building textures: SkyLight (BGRA8)
[2017.06.01-21.54.37:490][  0]LogTexture:Display: Building textures: S_WindDirectional (AutoDXT)
[2017.06.01-21.54.38:060][  0]LogTexture:Display: Building textures: S_LightDirectional (BGRA8)
[2017.06.01-21.54.38:075][  0]LogTexture:Display: Building textures: S_LightDirectionalMove (BGRA8)
[2017.06.01-21.54.38:089][  0]LogTexture:Display: Building textures: S_LightPoint (BGRA8)
[2017.06.01-21.54.38:107][  0]LogTexture:Display: Building textures: S_LightPointMove (BGRA8)
[2017.06.01-21.54.38:129][  0]LogTexture:Display: Building textures: S_LightSpot (BGRA8)
[2017.06.01-21.54.38:143][  0]LogTexture:Display: Building textures: S_LightSpotMove (BGRA8)
[2017.06.01-21.54.38:170][  0]LogTexture:Display: Building textures: S_PortalActorIcon2 (AutoDXT)
[2017.06.01-21.54.38:225][  0]LogTexture:Display: Building textures: MatInstActSprite (BGRA8)
[2017.06.01-21.54.38:239][  0]LogTexture:Display: Building textures: SceneManager (BGRA8)
[2017.06.01-21.54.38:296][  0]LogTexture:Display: Building textures: S_NavLink (AutoDXT)
[2017.06.01-21.54.38:337][  0]LogTexture:Display: Building textures: S_Note (BGRA8)
[2017.06.01-21.54.38:448][  0]LogTexture:Display: Building textures: S_ReflActorIcon (AutoDXT)
[2017.06.01-21.54.38:503][  0]LogTexture:Display: Building textures: S_Thruster (BGRA8)
[2017.06.01-21.54.38:535][  0]LogTexture:Display: Building textures: S_RadForce (BGRA8)
[2017.06.01-21.54.38:579][  0]LogTexture:Display: Building textures: TargetIcon (BGRA8)
[2017.06.01-21.54.38:625][  0]LogTexture:Display: Building textures: RobotoDistanceField_PageA (G8)
[2017.06.01-21.54.38:746][  0]LogTexture:Display: Building textures: S_TextRenderActorIcon (AutoDXT)
[2017.06.01-21.54.38:888][  0]LogTexture:Display: Building textures: S_Trigger (BGRA8)
[2017.06.01-21.54.38:922][  0]LogTexture:Display: Building textures: S_VectorFieldVol (BGRA8)
[2017.06.01-21.54.39:057][  0]LogTexture:Display: Building textures: GradientTexture0 (BGRA8)
[2017.06.01-21.54.39:090][  0]LogTexture:Display: Building textures: Black (AutoDXT)
[2017.06.01-21.54.39:215][  0]LogTexture:Display: Building textures: MAT_Groups_Float (AutoDXT)
[2017.06.01-21.54.39:225][  0]LogTexture:Display: Building textures: MAT_Groups_Director (AutoDXT)
[2017.06.01-21.54.39:228][  0]LogTexture:Display: Building textures: MAT_Groups_Event (AutoDXT)
[2017.06.01-21.54.39:238][  0]LogTexture:Display: Building textures: MAT_Groups_Anim (AutoDXT)
[2017.06.01-21.54.39:240][  0]LogTexture:Display: Building textures: MAT_Groups_Fade (AutoDXT)
[2017.06.01-21.54.39:243][  0]LogTexture:Display: Building textures: MAT_Groups_Move (AutoDXT)
[2017.06.01-21.54.39:246][  0]LogTexture:Display: Building textures: MAT_Groups_Slomo (AutoDXT)
[2017.06.01-21.54.39:248][  0]LogTexture:Display: Building textures: MAT_ColorTrack (AutoDXT)
[2017.06.01-21.54.39:251][  0]LogTexture:Display: Building textures: MAT_Groups_Toggle (AutoDXT)
[2017.06.01-21.54.39:253][  0]LogTexture:Display: Building textures: MAT_Groups_AudioMaster (AutoDXT)
[2017.06.01-21.54.39:256][  0]LogTexture:Display: Building textures: MAT_Groups_Sound (AutoDXT)
[2017.06.01-21.54.39:258][  0]LogTexture:Display: Building textures: MAT_Groups_Vector (AutoDXT)
[2017.06.01-21.54.39:260][  0]LogTexture:Display: Building textures: MAT_Groups_Visibility (AutoDXT)
[2017.06.01-21.54.39:300][  0]LogTexture:Display: Building textures: DefaultTextureCube (DXT1)
[2017.06.01-21.54.39:749][  0]LogNetVersion: GetLocalNetworkVersion: CL: 3106830, ProjectName: aiproject, ProjectVersion: , EngineNetworkVersion: 1, GameNetworkVersion: 0, NetworkChecksum: 2793090285
[2017.06.01-21.54.39:986][  0]LogAssetRegistry: FAssetRegistry took 0.0232 seconds to start up
[2017.06.01-21.54.40:172][  0]LogPackageLocalizationCache: Processed 3 localized package path(s) for 2 prioritized culture(s) in 0.081745 seconds
[2017.06.01-21.54.40:193][  0]LogUObjectArray: 29778 objects as part of root set at end of initial load.
[2017.06.01-21.54.40:193][  0]LogUObjectAllocator: 6125456 out of 0 bytes used by permanent object pool.
[2017.06.01-21.54.40:193][  0]LogUObjectArray: CloseDisregardForGC: 0/0 objects in disregard for GC pool
[2017.06.01-21.54.40:198][  0]LogInit: WinSock: version 1.1 (2.2), MaxSocks=32767, MaxUdp=65467
[2017.06.01-21.54.46:447][  0]LogTexture:Display: Building textures: S_FTest (AutoDXT)
[2017.06.01-21.54.47:464][  0]LogTexture:Display: Building textures: VR_LaserPower_01 (AutoDXT)
[2017.06.01-21.54.48:366][  0]LogTexture:Display: Building textures: UE4_Logo (AutoDXT)
[2017.06.01-21.54.48:930][  0]LogTexture:Display: Building textures: GizmoText_RobotoDistanceField_PageA (G8)
[2017.06.01-21.54.49:659][  0]LogTexture:Display: Building textures: SimpleGrid (AutoDXT)
[2017.06.01-21.54.50:486][  0]LogSlate: SlateFontCache - WITH_FREETYPE: 1, WITH_HARFBUZZ: 1
[2017.06.01-21.54.50:486][  0]LogSlate: SlateFontCache - WITH_FREETYPE: 1, WITH_HARFBUZZ: 1
[2017.06.01-21.55.16:525][  0]LogTexture:Display: Building textures: DummySpriteTexture (AutoDXT)
[2017.06.01-21.55.16:711][  0]LogTcpMessaging: Initializing TcpMessaging bridge
[2017.06.01-21.55.16:732][  0]LogUdpMessaging: Initializing bridge on interface 0.0.0.0:0 to multicast group 230.0.0.1:6666.
[2017.06.01-21.55.17:654][  0]LogTexture:Display: Building textures: MiniFont (AutoDXT)
[2017.06.01-21.55.18:076][  0]SourceControl: Info Source control is disabled
[2017.06.01-21.55.18:202][  0]SourceControl: Info Source control is disabled
[2017.06.01-21.55.18:264][  0]SourceControl: Info Source control is disabled
[2017.06.01-21.55.18:323][  0]SourceControl: Info Source control is disabled
[2017.06.01-21.55.19:818][  0]LogEngine: Initializing Engine...
[2017.06.01-21.55.19:834][  0]LogHMD: Failed to initialize OpenVR with code 110
[2017.06.01-21.55.19:900][  0]LogTexture:Display: Building textures: DefaultWhiteGrid (AutoDXT)
[2017.06.01-21.55.20:034][  0]LogTexture:Display: Building textures: InvalidLightmapSettings (AutoDXT)
[2017.06.01-21.55.20:086][  0]LogTexture:Display: Building textures: HeatmapGradient (BGRA8)
[2017.06.01-21.55.20:095][  0]LogTexture:Display: Building textures: PreviewShadowIndicator (BGRA8)
[2017.06.01-21.55.20:112][  0]LogTexture:Display: Building textures: BSPVertex (AutoDXT)
[2017.06.01-21.55.20:113][  0]LogTexture:Display: Building textures: Good64x64TilingNoiseHighFreq (G8)
[2017.06.01-21.55.20:114][  0]LogTexture:Display: Building textures: DefaultBokeh (BGRA8)
[2017.06.01-21.55.20:116][  0]LogTexture:Display: Building textures: PreintegratedSkinBRDF (BGRA8)
[2017.06.01-21.55.20:120][  0]LogTexture:Display: Building textures: WeightMapPlaceholderTexture (BGRA8)
[2017.06.01-21.55.20:561][  0]LogAIModule: Creating AISystem for world Untitled
[2017.06.01-21.55.20:666][  0]LogInit: XAudio2 using 'Realtek Digital Output (Realtek Audio)' : 2 channels at 48 kHz using 16 bits per sample (channel mask 0x3)
[2017.06.01-21.55.20:721][  0]LogInit: FAudioDevice initialized.
[2017.06.01-21.55.20:750][  0]LogDerivedDataCache: Saved boot cache 0.03s 76MB C:/Users/webbj/AppData/Local/UnrealEngine/4.13/DerivedDataCache/Boot.ddc.
[2017.06.01-21.55.20:758][  0]LogInit: Texture streaming: Enabled
[2017.06.01-21.55.20:913][  0]LogWindowsTextInputMethodSystem:Display: IME system now deactivated.
[2017.06.01-21.55.21:369][  0]LogInit: Transaction tracking system initialized
[2017.06.01-21.55.24:316][  0]BlueprintLog: New page: Editor Load
[2017.06.01-21.55.25:570][  0]LocalizationService: Info Localization service is disabled
[2017.06.01-21.55.27:229][  0]LogConsoleResponse:Display: 
[2017.06.01-21.55.27:636][  0]LogTexture:Display: Building textures: Cross (AutoDXT)
[2017.06.01-21.55.27:651][  0]LogTexture:Display: Building textures: Tick (AutoDXT)
[2017.06.01-21.55.27:656][  0]LogTexture:Display: Building textures: WidgetGridVertexColorMaterial (AutoDXT)
[2017.06.01-21.55.27:793][  0]LogTexture:Display: Building textures: CASC_None (AutoDXT)
[2017.06.01-21.55.27:793][  0]LogTexture:Display: Building textures: CASC_Cross (AutoDXT)
[2017.06.01-21.55.27:823][  0]LogTexture:Display: Building textures: Texture2D_28 (AutoDXT)
[2017.06.01-21.55.27:831][  0]LogTexture:Display: Building textures: S_KBSJoint (BGRA8)
[2017.06.01-21.55.27:834][  0]LogTexture:Display: Building textures: S_KHinge (BGRA8)
[2017.06.01-21.55.27:836][  0]LogTexture:Display: Building textures: S_KPrismatic (BGRA8)
[2017.06.01-21.55.27:840][  0]LogTexture:Display: Building textures: S_LightError (BGRA8)
[2017.06.01-21.55.27:846][  0]LogTexture:Display: Building textures: T_Loft_Spline (AutoDXT)
[2017.06.01-21.55.28:190][  0]LogTexture:Display: Building textures: DefaultNormal (BC5)
[2017.06.01-21.55.28:269][  0]LogTexture:Display: Building textures: Grid_N (BC5)
[2017.06.01-21.55.28:789][  0]LogTexture:Display: Building textures: PaperDiffuse (AutoDXT)
[2017.06.01-21.55.28:945][  0]LogTexture:Display: Building textures: PaperNormal (BC5)
[2017.06.01-21.55.28:965][  0]LogTexture:Display: Building textures: Texture2D_28 (AutoDXT)
[2017.06.01-21.55.28:972][  0]LogTexture:Display: Building textures: Texture2D_29 (AutoDXT)
[2017.06.01-21.55.28:977][  0]LogTexture:Display: Building textures: StreamingPauseIcon (AutoDXT)
[2017.06.01-21.55.29:184][  0]LogFileCache: Scanning file cache for directory 'D:/Assessment Submissions/2017  ICA40511 - Cert IV in Prog-T2 - AI/Alex HULL/Assesment 1/Content/' took 0.07s
[2017.06.01-21.55.29:184][  0]LogCook:Display: Max memory allowance for cook 16384mb min free memory 0mb
[2017.06.01-21.55.29:184][  0]LogCook:Display: Mobile HDR setting 1
[2017.06.01-21.55.30:119][  0]LogTexture:Display: Building textures: Countdown (AutoDXT)
[2017.06.01-21.55.30:124][  0]LogTexture:Display: Building textures: RecordingIndicator (AutoDXT)
[2017.06.01-21.55.31:367][  0]LogTexture:Display: Building textures: DefaultAlphaTexture (BGRA8)
[2017.06.01-21.55.32:019][  0]SourceControl: Info Source control is disabled
[2017.06.01-21.55.32:128][  0]Cmd: MAP LOAD FILE="D:/Assessment Submissions/2017  ICA40511 - Cert IV in Prog-T2 - AI/Alex HULL/Assesment 1/Content/FirstPersonBP/Maps/SubBasement.umap" TEMPLATE=0 SHOWPROGRESS=1 FEATURELEVEL=3
[2017.06.01-21.59.51:694][  0]LogWindowsTextInputMethodSystem:Display: IME system now deactivated.
[2017.06.01-21.59.51:864][  0]LightingResults: New page: Lighting Build
[2017.06.01-21.59.52:006][  0]MapCheck: New page: Map Check
[2017.06.01-21.59.52:006][  0]LightingResults: New page: Lighting Build
[2017.06.01-21.59.52:273][  0]LogAIModule: Creating AISystem for world Untitled
[2017.06.01-21.59.52:287][  0]LoadErrors: New page: New Map
[2017.06.01-21.59.53:069][  0]LogWindowsTextInputMethodSystem:Display: IME system now deactivated.
[2017.06.01-21.59.53:681][  0]LogCollectionManager: Loaded 0 collections in 0.001588 seconds
[2017.06.01-21.59.53:782][  0]LogFileCache: Scanning file cache for directory 'D:/Assessment Submissions/2017  ICA40511 - Cert IV in Prog-T2 - AI/Alex HULL/Assesment 1/Saved/Collections/' took 0.01s
[2017.06.01-21.59.53:782][  0]LogFileCache: Scanning file cache for directory 'D:/Assessment Submissions/2017  ICA40511 - Cert IV in Prog-T2 - AI/Alex HULL/Assesment 1/Content/Developers/webbj/Collections/' took 0.01s
[2017.06.01-21.59.53:782][  0]LogFileCache: Scanning file cache for directory 'D:/Assessment Submissions/2017  ICA40511 - Cert IV in Prog-T2 - AI/Alex HULL/Assesment 1/Content/Collections/' took 0.01s
[2017.06.01-21.59.53:782][  0]LogCollectionManager: Rebuilt the GUID cache for 0 collections in 0.000002 seconds
[2017.06.01-21.59.53:812][  0]LogContentBrowser: Native class hierarchy populated in 0.0290 seconds. Added 2141 classes and 415 folders.
[2017.06.01-21.59.53:883][  0]LogStats: UGameplayTagsManager::ConstructGameplayTagTree: Construct from data asset -  0.000 s
[2017.06.01-21.59.53:883][  0]LogStats: UGameplayTagsManager::ConstructGameplayTagTree: GameplayTagTreeChangedEvent.Broadcast -  0.000 s
[2017.06.01-21.59.53:884][  0]LogContentBrowser: Native class hierarchy updated for 'GameplayTags' in 0.0005 seconds. Added 12 classes and 0 folders.
[2017.06.01-21.59.53:906][  0]LogContentBrowser: Native class hierarchy updated for 'WidgetCarousel' in 0.0004 seconds. Added 0 classes and 0 folders.
[2017.06.01-21.59.54:640][  0]LogContentBrowser: Native class hierarchy updated for 'AddContentDialog' in 0.0004 seconds. Added 0 classes and 0 folders.
[2017.06.01-21.59.54:678][  0]LogContentBrowser: Native class hierarchy updated for 'SceneOutliner' in 0.0004 seconds. Added 1 classes and 2 folders.
[2017.06.01-21.59.54:823][  0]LogCrashTracker: Crashtracker disabled due to settings.
[2017.06.01-21.59.54:912][  0]LogTexture:Display: Building textures: Blueprint_64x (BGRA8)
[2017.06.01-21.59.54:914][  0]LogTexture:Display: Building textures: icon_Editor_Preferences_General_40x (BGRA8)
[2017.06.01-21.59.54:915][  0]LogTexture:Display: Building textures: Paper2DSprite_TutorialIcon (BGRA8)
[2017.06.01-21.59.54:916][  0]LogTexture:Display: Building textures: icon_ShowSkeletalMeshes_40x (BGRA8)
[2017.06.01-21.59.54:917][  0]LogTexture:Display: Building textures: Landscape (BGRA8)
[2017.06.01-21.59.54:926][  0]LogTexture:Display: Building textures: Foliage (BGRA8)
[2017.06.01-21.59.55:089][  0]LogContentBrowser: Native class hierarchy updated for 'HierarchicalLODOutliner' in 0.0005 seconds. Added 1 classes and 2 folders.
[2017.06.01-21.59.55:089][  0]LogLoad: (Engine Initialization) Total time: 359.08 seconds
[2017.06.01-21.59.55:089][  0]LogLoad: (Engine Initialization) Total Blueprint compile time: 0.34 seconds
[2017.06.01-21.59.55:095][  0]LogExternalProfiler: Found external profiler: VSPerf
[2017.06.01-21.59.55:095][  0]LogExternalProfiler: Using external profiler: VSPerf
[2017.06.01-21.59.55:176][  0]LogOcInput: OculusInput pre-init called
[2017.06.01-21.59.55:334][  0]LogContentStreaming: Texture pool size now 1000 MB
[2017.06.01-21.59.55:391][  0]LogTexture:Display: Building textures: icon_tab_Levels_40x (BGRA8)
[2017.06.01-21.59.55:573][  0]LogTexture:Display: Building textures: LevelGrid1DStripes (BGRA8)
[2017.06.01-21.59.55:736][  0]LogRenderer: Reallocating scene render targets to support 1208x576 (Frame:2).
[2017.06.01-21.59.56:368][  1]LogFileCache: Retrieving MD5 hashes for directory 'D:/Assessment Submissions/2017  ICA40511 - Cert IV in Prog-T2 - AI/Alex HULL/Assesment 1/Content/' took 1.18s
[2017.06.01-21.59.58:164][  6]LogAssetRegistry: Asset discovery search completed in 318.2019 seconds
[2017.06.01-21.59.58:164][  6]LogCollectionManager: Rebuilt the object cache for 0 collections in 0.000001 seconds (found 0 objects)
[2017.06.01-21.59.58:164][  6]LogCollectionManager: Fixed up redirectors for 0 collections in 0.000017 seconds (updated 0 objects)
[2017.06.01-22.00.00:164][149]LogWindowsTextInputMethodSystem:Display: IME system now deactivated.
[2017.06.01-22.00.00:960][150]Cmd: QUIT_EDITOR
[2017.06.01-22.00.01:376][150]LogExit: Preparing to exit.
[2017.06.01-22.00.03:276][150]LogExit: Editor shut down
[2017.06.01-22.00.03:276][150]LogExit: Transaction tracking system shut down
[2017.06.01-22.00.04:753][150]LogObj: Freed 0b from 0 cluster array pools.
[2017.06.01-22.00.04:753][150]LogExit: Object subsystem successfully closed.
[2017.06.01-22.00.04:908][150]LogD3D11RHI: Shutdown
[2017.06.01-22.00.04:908][150]LogD3D11RHI: CleanupD3DDevice
[2017.06.01-22.00.05:010][150]LogD3D11RHI: ~FD3D11DynamicRHI
[2017.06.01-22.00.05:518][150]LogModuleManager: Shutting down and abandoning module HierarchicalLODOutliner (233)
[2017.06.01-22.00.05:518][150]LogModuleManager: Shutting down and abandoning module CrashTracker (232)
[2017.06.01-22.00.05:529][150]LogModuleManager: Shutting down and abandoning module SceneOutliner (231)
[2017.06.01-22.00.05:529][150]LogModuleManager: Shutting down and abandoning module WidgetCarousel (230)
[2017.06.01-22.00.05:529][150]LogModuleManager: Shutting down and abandoning module AddContentDialog (229)
[2017.06.01-22.00.05:546][150]LogDirectoryWatcher: A directory notification for 'C:/Program Files/Epic Games/UE_4.13/FeaturePacks/' was aborted.
[2017.06.01-22.00.05:547][150]LogModuleManager: Shutting down and abandoning module GameplayTags (228)
[2017.06.01-22.00.05:547][150]LogModuleManager: Shutting down and abandoning module EditorWidgets (227)
[2017.06.01-22.00.05:547][150]LogModuleManager: Shutting down and abandoning module CollectionManager (226)
[2017.06.01-22.00.05:553][150]LogDirectoryWatcher: A directory notification for 'D:/Assessment Submissions/2017  ICA40511 - Cert IV in Prog-T2 - AI/Alex HULL/Assesment 1/Content/Collections/' was aborted.
[2017.06.01-22.00.05:553][150]LogDirectoryWatcher: A directory notification for 'D:/Assessment Submissions/2017  ICA40511 - Cert IV in Prog-T2 - AI/Alex HULL/Assesment 1/Content/Developers/webbj/Collections/' was aborted.
[2017.06.01-22.00.05:553][150]LogDirectoryWatcher: A directory notification for 'D:/Assessment Submissions/2017  ICA40511 - Cert IV in Prog-T2 - AI/Alex HULL/Assesment 1/Saved/Collections/' was aborted.
[2017.06.01-22.00.05:553][150]LogModuleManager: Shutting down and abandoning module StatsViewer (225)
[2017.06.01-22.00.05:553][150]LogModuleManager: Shutting down and abandoning module FoliageEdit (224)
[2017.06.01-22.00.05:554][150]LogModuleManager: Shutting down and abandoning module LandscapeEditor (223)
[2017.06.01-22.00.05:566][150]LogModuleManager: Shutting down and abandoning module SceneDepthPickerMode (222)
[2017.06.01-22.00.05:566][150]LogModuleManager: Shutting down and abandoning module ActorPickerMode (221)
[2017.06.01-22.00.05:566][150]LogModuleManager: Shutting down and abandoning module GeometryMode (220)
[2017.06.01-22.00.05:566][150]LogModuleManager: Shutting down and abandoning module TextureAlignMode (219)
[2017.06.01-22.00.05:566][150]LogModuleManager: Shutting down and abandoning module BspMode (218)
[2017.06.01-22.00.05:566][150]LogModuleManager: Shutting down and abandoning module HardwareSurvey (217)
[2017.06.01-22.00.05:566][150]LogModuleManager: Shutting down and abandoning module SequenceRecorderSections (216)
[2017.06.01-22.00.05:566][150]LogModuleManager: Shutting down and abandoning module SequenceRecorder (215)
[2017.06.01-22.00.05:586][150]LogModuleManager: Shutting down and abandoning module AutomationWorker (214)
[2017.06.01-22.00.05:593][150]LogModuleManager: Shutting down and abandoning module MatineeToLevelSequence (213)
[2017.06.01-22.00.05:593][150]LogModuleManager: Shutting down and abandoning module PlacementMode (212)
[2017.06.01-22.00.05:599][150]LogModuleManager: Shutting down and abandoning module LevelSequenceEditor (211)
[2017.06.01-22.00.05:615][150]LogModuleManager: Shutting down and abandoning module WmfMediaFactory (210)
[2017.06.01-22.00.05:615][150]LogModuleManager: Shutting down and abandoning module WmfMediaEditor (209)
[2017.06.01-22.00.05:615][150]LogModuleManager: Shutting down and abandoning module AvfMediaFactory (208)
[2017.06.01-22.00.05:615][150]LogModuleManager: Shutting down and abandoning module AvfMediaEditor (207)
[2017.06.01-22.00.05:615][150]LogModuleManager: Shutting down and abandoning module Media (206)
[2017.06.01-22.00.05:615][150]LogModuleManager: Shutting down and abandoning module AndroidMediaFactory (205)
[2017.06.01-22.00.05:615][150]LogModuleManager: Shutting down and abandoning module AndroidMediaEditor (204)
[2017.06.01-22.00.05:615][150]LogModuleManager: Shutting down and abandoning module CharacterAI (203)
[2017.06.01-22.00.05:615][150]LogModuleManager: Shutting down and abandoning module SmartSnapping (202)
[2017.06.01-22.00.05:615][150]LogModuleManager: Shutting down and abandoning module SessionServices (201)
[2017.06.01-22.00.05:615][150]LogModuleManager: Shutting down and abandoning module ViewportSnapping (200)
[2017.06.01-22.00.05:615][150]LogModuleManager: Shutting down and abandoning module ViewportInteraction (199)
[2017.06.01-22.00.05:615][150]LogModuleManager: Shutting down and abandoning module LogVisualizer (198)
[2017.06.01-22.00.05:615][150]LogModuleManager: Shutting down and abandoning module GameProjectGeneration (197)
[2017.06.01-22.00.05:626][150]LogModuleManager: Shutting down and abandoning module IntroTutorials (196)
[2017.06.01-22.00.05:640][150]LogModuleManager: Shutting down and abandoning module EditorLiveStreaming (195)
[2017.06.01-22.00.05:640][150]LogModuleManager: Shutting down and abandoning module IOSPlatformEditor (194)
[2017.06.01-22.00.05:640][150]LogModuleManager: Shutting down and abandoning module HTML5PlatformEditor (193)
[2017.06.01-22.00.05:640][150]LogModuleManager: Shutting down and abandoning module AndroidDeviceDetection (192)
[2017.06.01-22.00.06:500][150]LogModuleManager: Shutting down and abandoning module AndroidPlatformEditor (191)
[2017.06.01-22.00.06:500][150]LogModuleManager: Shutting down and abandoning module IOSRuntimeSettings (190)
[2017.06.01-22.00.06:500][150]LogModuleManager: Shutting down and abandoning module AndroidRuntimeSettings (189)
[2017.06.01-22.00.06:500][150]LogModuleManager: Shutting down and abandoning module NiagaraEditor (188)
[2017.06.01-22.00.06:520][150]LogModuleManager: Shutting down and abandoning module MergeActors (187)
[2017.06.01-22.00.06:520][150]LogModuleManager: Shutting down and abandoning module SizeMap (186)
[2017.06.01-22.00.06:520][150]LogModuleManager: Shutting down and abandoning module TreeMap (185)
[2017.06.01-22.00.06:520][150]LogModuleManager: Shutting down and abandoning module ReferenceViewer (184)
[2017.06.01-22.00.06:520][150]LogModuleManager: Shutting down and abandoning module LocalizationService (183)
[2017.06.01-22.00.06:520][150]LogModuleManager: Shutting down and abandoning module LocalizationDashboard (182)
[2017.06.01-22.00.06:524][150]LogModuleManager: Shutting down and abandoning module HardwareTargeting (181)
[2017.06.01-22.00.06:524][150]LogModuleManager: Shutting down and abandoning module DeviceProfileEditor (180)
[2017.06.01-22.00.06:536][150]LogModuleManager: Shutting down and abandoning module UndoHistory (179)
[2017.06.01-22.00.06:536][150]LogModuleManager: Shutting down and abandoning module UserFeedback (178)
[2017.06.01-22.00.06:536][150]LogModuleManager: Shutting down and abandoning module XmlParser (177)
[2017.06.01-22.00.06:536][150]LogModuleManager: Shutting down and abandoning module Blutility (176)
[2017.06.01-22.00.06:545][150]LogModuleManager: Shutting down and abandoning module ProjectTargetPlatformEditor (175)
[2017.06.01-22.00.06:545][150]LogModuleManager: Shutting down and abandoning module ProjectSettingsViewer (174)
[2017.06.01-22.00.06:545][150]LogModuleManager: Shutting down and abandoning module InputBindingEditor (173)
[2017.06.01-22.00.06:553][150]LogModuleManager: Shutting down and abandoning module EditorSettingsViewer (172)
[2017.06.01-22.00.06:553][150]LogModuleManager: Shutting down and abandoning module SettingsEditor (171)
[2017.06.01-22.00.06:553][150]LogModuleManager: Shutting down and abandoning module ProjectLauncher (170)
[2017.06.01-22.00.06:578][150]LogModuleManager: Shutting down and abandoning module SessionFrontend (169)
[2017.06.01-22.00.06:584][150]LogModuleManager: Shutting down and abandoning module ProfilerClient (168)
[2017.06.01-22.00.06:584][150]LogModuleManager: Shutting down and abandoning module TargetDeviceServices (167)
[2017.06.01-22.00.06:584][150]LogModuleManager: Shutting down and abandoning module DeviceManager (166)
[2017.06.01-22.00.06:643][150]LogModuleManager: Shutting down and abandoning module AutomationController (165)
[2017.06.01-22.00.06:654][150]LogModuleManager: Shutting down and abandoning module AutomationWindow (164)
[2017.06.01-22.00.06:666][150]LogModuleManager: Shutting down and abandoning module Layers (163)
[2017.06.01-22.00.06:677][150]LogModuleManager: Shutting down and abandoning module ComponentVisualizers (162)
[2017.06.01-22.00.06:677][150]LogModuleManager: Shutting down and abandoning module DetailCustomizations (161)
[2017.06.01-22.00.06:692][150]LogModuleManager: Shutting down and abandoning module PackagesDialog (160)
[2017.06.01-22.00.06:692][150]LogModuleManager: Shutting down and abandoning module AnimGraph (159)
[2017.06.01-22.00.06:698][150]LogModuleManager: Shutting down and abandoning module Persona (158)
[2017.06.01-22.00.06:736][150]LogModuleManager: Shutting down and abandoning module Kismet (157)
[2017.06.01-22.00.06:750][150]LogModuleManager: Shutting down and abandoning module GraphEditor (156)
[2017.06.01-22.00.06:773][150]LogModuleManager: Shutting down and abandoning module ClassViewer (155)
[2017.06.01-22.00.06:778][150]LogModuleManager: Shutting down and abandoning module Toolbox (154)
[2017.06.01-22.00.06:778][150]LogModuleManager: Shutting down and abandoning module ModuleUI (153)
[2017.06.01-22.00.06:778][150]LogModuleManager: Shutting down and abandoning module MovieSceneTools (152)
[2017.06.01-22.00.06:794][150]LogModuleManager: Shutting down and abandoning module OutputLog (151)
[2017.06.01-22.00.06:794][150]LogModuleManager: Shutting down and abandoning module GammaUI (150)
[2017.06.01-22.00.06:794][150]LogModuleManager: Shutting down and abandoning module Documentation (149)
[2017.06.01-22.00.06:794][150]LogModuleManager: Shutting down and abandoning module Niagara (148)
[2017.06.01-22.00.06:794][150]LogModuleManager: Shutting down and abandoning module StreamingPauseRendering (147)
[2017.06.01-22.00.06:794][150]LogModuleManager: Shutting down and abandoning module AnalyticsET (146)
[2017.06.01-22.00.06:794][150]LogModuleManager: Shutting down and abandoning module PortalServices (145)
[2017.06.01-22.00.06:794][150]LogModuleManager: Shutting down and abandoning module PortalRpc (144)
[2017.06.01-22.00.06:794][150]LogModuleManager: Shutting down and abandoning module MessagingRpc (143)
[2017.06.01-22.00.06:794][150]LogModuleManager: Shutting down and abandoning module GameplayDebugger (142)
[2017.06.01-22.00.06:800][150]LogModuleManager: Shutting down and abandoning module AITestSuite (141)
[2017.06.01-22.00.06:807][150]LogModuleManager: Shutting down and abandoning module AIModule (140)
[2017.06.01-22.00.06:807][150]LogModuleManager: Shutting down and abandoning module ProfilerService (139)
[2017.06.01-22.00.06:816][150]LogModuleManager: Shutting down and abandoning module TaskGraph (138)
[2017.06.01-22.00.06:826][150]LogModuleManager: Shutting down and abandoning module SlateRemote (137)
[2017.06.01-22.00.06:826][150]LogModuleManager: Shutting down and abandoning module SteamVRController (136)
[2017.06.01-22.00.06:826][150]LogModuleManager: Shutting down and abandoning module SteamVR (135)
[2017.06.01-22.00.06:826][150]LogModuleManager: Shutting down and abandoning module ProceduralMeshComponentEditor (134)
[2017.06.01-22.00.06:832][150]LogModuleManager: Shutting down and abandoning module ProceduralMeshComponent (133)
[2017.06.01-22.00.06:832][150]LogModuleManager: Shutting down and abandoning module OculusLibrary (132)
[2017.06.01-22.00.06:832][150]LogModuleManager: Shutting down and abandoning module OculusInput (131)
[2017.06.01-22.00.06:832][150]LogModuleManager: Shutting down and abandoning module CustomMeshComponent (130)
[2017.06.01-22.00.06:832][150]LogModuleManager: Shutting down and abandoning module CableComponent (129)
[2017.06.01-22.00.06:832][150]LogModuleManager: Shutting down and abandoning module ArchVisCharacter (128)
[2017.06.01-22.00.06:832][150]LogModuleManager: Shutting down and abandoning module MediaPlayerEditor (126)
[2017.06.01-22.00.06:857][150]LogModuleManager: Shutting down and abandoning module HTML5Networking (125)
[2017.06.01-22.00.06:857][150]LogModuleManager: Shutting down and abandoning module GeometryCacheEd (124)
[2017.06.01-22.00.06:857][150]LogModuleManager: Shutting down and abandoning module GeometryCache (123)
[2017.06.01-22.00.06:857][150]LogModuleManager: Shutting down and abandoning module AlembicLibrary (122)
[2017.06.01-22.00.06:857][150]LogModuleManager: Shutting down and abandoning module AlembicImporter (121)
[2017.06.01-22.00.06:859][150]LogModuleManager: Shutting down and abandoning module SuperSearch (120)
[2017.06.01-22.00.06:859][150]LogModuleManager: Shutting down and abandoning module SuperSearchEditor (119)
[2017.06.01-22.00.06:859][150]LogModuleManager: Shutting down and abandoning module SpeedTreeImporter (118)
[2017.06.01-22.00.06:859][150]LogModuleManager: Shutting down and abandoning module PluginBrowser (117)
[2017.06.01-22.00.06:868][150]LogModuleManager: Shutting down and abandoning module MobileLauncherProfileWizard (116)
[2017.06.01-22.00.06:868][150]LogModuleManager: Shutting down and abandoning module EpicSurvey (115)
[2017.06.01-22.00.06:872][150]LogModuleManager: Shutting down and abandoning module DesktopPlatform (114)
[2017.06.01-22.00.06:880][150]LogModuleManager: Shutting down and abandoning module VisualStudioSourceCodeAccess (113)
[2017.06.01-22.00.06:886][150]LogModuleManager: Shutting down and abandoning module UObjectPlugin (112)
[2017.06.01-22.00.06:886][150]LogModuleManager: Shutting down and abandoning module SubversionSourceControl (111)
[2017.06.01-22.00.06:890][150]LogModuleManager: Shutting down and abandoning module PerforceSourceControl (110)
[2017.06.01-22.00.06:901][150]LogModuleManager: Shutting down and abandoning module SourceControl (109)
[2017.06.01-22.00.06:901][150]LogModuleManager: Shutting down and abandoning module GitSourceControl (108)
[2017.06.01-22.00.06:911][150]LogModuleManager: Shutting down and abandoning module LightPropagationVolumeEditor (107)
[2017.06.01-22.00.06:911][150]LogModuleManager: Shutting down and abandoning module PaperTiledImporter (106)
[2017.06.01-22.00.06:919][150]LogModuleManager: Shutting down and abandoning module PaperSpriteSheetImporter (105)
[2017.06.01-22.00.06:919][150]LogModuleManager: Shutting down and abandoning module MeshPaint (104)
[2017.06.01-22.00.06:919][150]LogModuleManager: Shutting down and abandoning module FbxAutomationBuilderModule (103)
[2017.06.01-22.00.06:919][150]LogModuleManager: Shutting down and abandoning module PixelInspectorModule (102)
[2017.06.01-22.00.06:919][150]LogModuleManager: Shutting down and abandoning module HotReload (101)
[2017.06.01-22.00.06:919][150]LogModuleManager: Shutting down and abandoning module MainFrame (100)
[2017.06.01-22.00.06:920][150]LogModuleManager: Shutting down and abandoning module LevelEditor (99)
[2017.06.01-22.00.06:920][150]LogModuleManager: Shutting down and abandoning module ContentBrowser (98)
[2017.06.01-22.00.06:921][150]LogModuleManager: Shutting down and abandoning module Paper2DEditor (97)
[2017.06.01-22.00.06:943][150]LogModuleManager: Shutting down and abandoning module UdpMessaging (96)
[2017.06.01-22.00.07:043][150]LogModuleManager: Shutting down and abandoning module TcpMessaging (95)
[2017.06.01-22.00.07:152][150]LogModuleManager: Shutting down and abandoning module LightPropagationVolumeRuntime (94)
[2017.06.01-22.00.07:152][150]LogModuleManager: Shutting down and abandoning module Paper2D (93)
[2017.06.01-22.00.07:161][150]LogModuleManager: Shutting down and abandoning module WindowsMoviePlayer (92)
[2017.06.01-22.00.07:166][150]LogModuleManager: Shutting down and abandoning module WmfMedia (91)
[2017.06.01-22.00.07:170][150]LogModuleManager: Shutting down and abandoning module MediaAssets (90)
[2017.06.01-22.00.07:170][150]LogModuleManager: Shutting down and abandoning module GameLiveStreaming (89)
[2017.06.01-22.00.07:176][150]LogModuleManager: Shutting down and abandoning module GameplayTagsEditor (88)
[2017.06.01-22.00.07:188][150]LogModuleManager: Shutting down and abandoning module VREditor (87)
[2017.06.01-22.00.07:188][150]LogModuleManager: Shutting down and abandoning module GameplayTasksEditor (86)
[2017.06.01-22.00.07:188][150]LogModuleManager: Shutting down and abandoning module PropertyEditor (85)
[2017.06.01-22.00.07:188][150]LogModuleManager: Shutting down and abandoning module BehaviorTreeEditor (84)
[2017.06.01-22.00.07:208][150]LogModuleManager: Shutting down and abandoning module FunctionalTesting (83)
[2017.06.01-22.00.07:208][150]LogModuleManager: Shutting down and abandoning module CollisionAnalyzer (82)
[2017.06.01-22.00.07:220][150]LogModuleManager: Shutting down and abandoning module Sequencer (81)
[2017.06.01-22.00.07:220][150]LogModuleManager: Shutting down and abandoning module WorkspaceMenuStructure (80)
[2017.06.01-22.00.07:220][150]LogModuleManager: Shutting down and abandoning module MessageLog (79)
[2017.06.01-22.00.07:220][150]LogModuleManager: Shutting down and abandoning module AssetTools (78)
[2017.06.01-22.00.07:239][150]LogModuleManager: Shutting down and abandoning module UMGEditor (77)
[2017.06.01-22.00.07:254][150]LogModuleManager: Shutting down and abandoning module UMG (76)
[2017.06.01-22.00.07:269][150]LogModuleManager: Shutting down and abandoning module SlateReflector (75)
[2017.06.01-22.00.07:292][150]LogModuleManager: Shutting down and abandoning module Slate (74)
[2017.06.01-22.00.07:292][150]LogModuleManager: Shutting down and abandoning module EditorStyle (73)
[2017.06.01-22.00.07:294][150]LogModuleManager: Shutting down and abandoning module SourceCodeAccess (72)
[2017.06.01-22.00.07:294][150]LogModuleManager: Shutting down and abandoning module HeadMountedDisplay (71)
[2017.06.01-22.00.07:294][150]LogModuleManager: Shutting down and abandoning module XAudio2 (70)
[2017.06.01-22.00.07:294][150]LogModuleManager: Shutting down and abandoning module Networking (68)
[2017.06.01-22.00.07:294][150]LogModuleManager: Shutting down and abandoning module Core (67)
[2017.06.01-22.00.07:294][150]LogModuleManager: Shutting down and abandoning module DirectoryWatcher (66)
[2017.06.01-22.00.07:294][150]LogDirectoryWatcher: A directory notification for '../../../Engine/Content/' was aborted.
[2017.06.01-22.00.07:294][150]LogDirectoryWatcher: A directory notification for 'D:/Assessment Submissions/2017  ICA40511 - Cert IV in Prog-T2 - AI/Alex HULL/Assesment 1/Content/' was aborted.
[2017.06.01-22.00.07:294][150]LogDirectoryWatcher: A directory notification for '../../../Engine/Plugins/2D/Paper2D/Content/' was aborted.
[2017.06.01-22.00.07:294][150]LogModuleManager: Shutting down and abandoning module AssetRegistry (65)
[2017.06.01-22.00.07:698][150]LogModuleManager: Shutting down and abandoning module KismetCompiler (64)
[2017.06.01-22.00.07:698][150]LogModuleManager: Shutting down and abandoning module PhysXFormats (63)
[2017.06.01-22.00.07:698][150]LogModuleManager: Shutting down and abandoning module MeshUtilities (62)
[2017.06.01-22.00.07:703][150]LogModuleManager: Shutting down and abandoning module DerivedDataCache (61)
[2017.06.01-22.00.07:740][150]LogDerivedDataCache: Shutdown
[2017.06.01-22.00.07:740][150]LogModuleManager: Shutting down and abandoning module VulkanShaderFormat (60)
[2017.06.01-22.00.07:740][150]LogModuleManager: Shutting down and abandoning module ShaderFormatOpenGL (59)
[2017.06.01-22.00.07:740][150]LogModuleManager: Shutting down and abandoning module ShaderFormatD3D (58)
[2017.06.01-22.00.07:740][150]LogModuleManager: Shutting down and abandoning module MetalShaderFormat (57)
[2017.06.01-22.00.07:740][150]LogModuleManager: Shutting down and abandoning module TextureFormatUncompressed (56)
[2017.06.01-22.00.07:740][150]LogModuleManager: Shutting down and abandoning module TextureFormatPVR (55)
[2017.06.01-22.00.07:740][150]LogModuleManager: Shutting down and abandoning module TextureFormatDXT (54)
[2017.06.01-22.00.07:740][150]LogModuleManager: Shutting down and abandoning module TextureFormatIntelISPCTexComp (53)
[2017.06.01-22.00.07:740][150]LogModuleManager: Shutting down and abandoning module ImageWrapper (52)
[2017.06.01-22.00.07:740][150]LogModuleManager: Shutting down and abandoning module TextureFormatASTC (51)
[2017.06.01-22.00.07:740][150]LogModuleManager: Shutting down and abandoning module TextureFormatAndroid (50)
[2017.06.01-22.00.07:740][150]LogModuleManager: Shutting down and abandoning module AudioFormatOpus (49)
[2017.06.01-22.00.07:748][150]LogModuleManager: Shutting down and abandoning module AudioFormatOgg (48)
[2017.06.01-22.00.07:748][150]LogModuleManager: Shutting down and abandoning module AudioFormatADPCM (47)
[2017.06.01-22.00.07:748][150]LogModuleManager: Shutting down and abandoning module LinuxTargetPlatform (46)
[2017.06.01-22.00.07:748][150]LogModuleManager: Shutting down and abandoning module LinuxServerTargetPlatform (45)
[2017.06.01-22.00.07:748][150]LogModuleManager: Shutting down and abandoning module LinuxNoEditorTargetPlatform (44)
[2017.06.01-22.00.07:748][150]LogModuleManager: Shutting down and abandoning module LinuxClientTargetPlatform (43)
[2017.06.01-22.00.07:748][150]LogModuleManager: Shutting down and abandoning module TVOSTargetPlatform (42)
[2017.06.01-22.00.07:748][150]LogModuleManager: Shutting down and abandoning module Messaging (41)
[2017.06.01-22.00.07:748][150]LogModuleManager: Shutting down and abandoning module IOSTargetPlatform (40)
[2017.06.01-22.00.07:748][150]LogModuleManager: Shutting down and abandoning module HTML5TargetPlatform (39)
[2017.06.01-22.00.07:748][150]LogModuleManager: Shutting down and abandoning module Android_PVRTCTargetPlatform (38)
[2017.06.01-22.00.07:748][150]LogModuleManager: Shutting down and abandoning module Android_MultiTargetPlatform (37)
[2017.06.01-22.00.07:748][150]LogModuleManager: Shutting down and abandoning module Android_ETC2TargetPlatform (36)
[2017.06.01-22.00.07:748][150]LogModuleManager: Shutting down and abandoning module Android_ETC1TargetPlatform (35)
[2017.06.01-22.00.07:748][150]LogModuleManager: Shutting down and abandoning module Android_DXTTargetPlatform (34)
[2017.06.01-22.00.07:748][150]LogModuleManager: Shutting down and abandoning module Android_ATCTargetPlatform (33)
[2017.06.01-22.00.07:748][150]LogModuleManager: Shutting down and abandoning module Android_ASTCTargetPlatform (32)
[2017.06.01-22.00.07:748][150]LogModuleManager: Shutting down and abandoning module AndroidTargetPlatform (31)
[2017.06.01-22.00.07:748][150]LogModuleManager: Shutting down and abandoning module WindowsTargetPlatform (30)
[2017.06.01-22.00.07:748][150]LogModuleManager: Shutting down and abandoning module WindowsServerTargetPlatform (29)
[2017.06.01-22.00.07:748][150]LogModuleManager: Shutting down and abandoning module WindowsNoEditorTargetPlatform (28)
[2017.06.01-22.00.07:748][150]LogModuleManager: Shutting down and abandoning module WindowsClientTargetPlatform (27)
[2017.06.01-22.00.07:748][150]LogModuleManager: Shutting down and abandoning module AllDesktopTargetPlatform (26)
[2017.06.01-22.00.07:748][150]LogModuleManager: Shutting down and abandoning module TargetPlatform (25)
[2017.06.01-22.00.07:748][150]LogModuleManager: Shutting down and abandoning module InputCore (24)
[2017.06.01-22.00.07:748][150]LogModuleManager: Shutting down and abandoning module Settings (23)
[2017.06.01-22.00.07:748][150]LogModuleManager: Shutting down and abandoning module OculusRift (22)
[2017.06.01-22.00.07:758][150]LogModuleManager: Shutting down and abandoning module GearVR (21)
[2017.06.01-22.00.07:758][150]LogModuleManager: Shutting down and abandoning module ExampleDeviceProfileSelector (20)
[2017.06.01-22.00.07:758][150]LogModuleManager: Shutting down and abandoning module OnlineBlueprintSupport (19)
[2017.06.01-22.00.07:758][150]LogModuleManager: Shutting down and abandoning module OnlineSubsystem (17)
[2017.06.01-22.00.07:761][150]LogOnline:Display: Unloading online subsystem: NULL
[2017.06.01-22.00.07:780][150]LogModuleManager: Shutting down and abandoning module HTTP (16)
[2017.06.01-22.00.07:780][150]LogHttp:Display: Http module shutting down, but needs to wait on 1 outstanding Http requests:
[2017.06.01-22.00.07:780][150]LogHttp:Display: 	verb=[POST] url=[https://datarouter.ol.epicgames.com/datarouter/api/v1/public/data?SessionID=%7B100F198D-4E46-1BDC-6862-6492E71D24CD%7D&AppID=UEEditor.Rocket.Release&AppVersion=4.13.2-3172292%2B%2B%2BUE4%2BRelease-4.13&UserID=4c1a445145501fa8c7260ba242e75935%7C%7C7a4b1284-c0d3-46bd-bb4f-32c9279a2c3f&AppEnvironment=datacollector-binary&UploadType=eteventstream] status=Processing
[2017.06.01-22.00.07:811][150]LogModuleManager: Shutting down and abandoning module XMPP (15)
[2017.06.01-22.00.07:822][150]LogModuleManager: Shutting down and abandoning module TextureCompressor (14)
[2017.06.01-22.00.07:822][150]LogModuleManager: Shutting down and abandoning module ShaderCore (13)
[2017.06.01-22.00.07:822][150]LogModuleManager: Shutting down and abandoning module Landscape (12)
[2017.06.01-22.00.07:822][150]LogModuleManager: Shutting down and abandoning module SlateRHIRenderer (11)
[2017.06.01-22.00.07:840][150]LogModuleManager: Shutting down and abandoning module OpenGLDrv (10)
[2017.06.01-22.00.07:845][150]LogModuleManager: Shutting down and abandoning module D3D11RHI (9)
[2017.06.01-22.00.07:845][150]LogModuleManager: Shutting down and abandoning module AnimGraphRuntime (8)
[2017.06.01-22.00.07:855][150]LogModuleManager: Shutting down and abandoning module Renderer (7)
[2017.06.01-22.00.07:855][150]LogModuleManager: Shutting down and abandoning module Engine (6)
[2017.06.01-22.00.07:855][150]LogModuleManager: Shutting down and abandoning module CoreUObject (5)
[2017.06.01-22.00.07:855][150]LogModuleManager: Shutting down and abandoning module NetworkFile (4)
[2017.06.01-22.00.07:855][150]LogModuleManager: Shutting down and abandoning module StreamingFile (3)
[2017.06.01-22.00.07:855][150]LogModuleManager: Shutting down and abandoning module SandboxFile (2)
[2017.06.01-22.00.07:855][150]LogModuleManager: Shutting down and abandoning module PakFile (1)
[2017.06.01-22.00.07:879][150]LogExit: Exiting.
[2017.06.01-22.00.07:888][150]Log file closed, 06/02/17 08:00:07
