Log file open, 05/22/17 10:52:18
LogInit:Display: Running engine for game: pew
LogPlatformFile: Not using cached read wrapper
LogInit:Display: RandInit(-1695078885) SRandInit(-1695078885).
LogTaskGraph: Started task graph with 5 named threads and 8 total threads with 1 sets of task threads.
LogStats: Stats thread started at 0.072602
LogInit: Using libcurl 7.47.1
LogInit:  - built for x86_64-pc-win32
LogInit:  - supports SSL with OpenSSL/1.0.2g
LogInit:  - supports HTTP deflate (compression) using libz 1.2.8
LogInit:  - other features:
LogInit:      CURL_VERSION_SSL
LogInit:      CURL_VERSION_LIBZ
LogInit:      CURL_VERSION_IPV6
LogInit:      CURL_VERSION_ASYNCHDNS
LogInit:      CURL_VERSION_LARGEFILE
LogInit:      CURL_VERSION_IDN
LogInit:  CurlRequestOptions (configurable via config and command line):
LogInit:  - bVerifyPeer = false  - Libcurl will NOT verify peer certificate
LogInit:  - bUseHttpProxy = false  - Libcurl will NOT use HTTP proxy
LogInit:  - bDontReuseConnections = false  - Libcurl will reuse connections
LogInit:  - CertBundlePath = nullptr  - Libcurl will use whatever was configured at build time.
LogInit: Build: ++UE4+Release-4.15-CL-3348071
LogInit: Engine Version: 4.15.1-3348071+++UE4+Release-4.15
LogInit: Compatible Engine Version: 4.15.0-3299760+++UE4+Release-4.15
LogInit: Net CL: 3299760
LogDevObjectVersion: Number of dev versions registered: 14
LogDevObjectVersion:   Dev-Blueprints (B0D832E4-1F89-4F0D-ACCF-7EB736FD4AA2): 8
LogDevObjectVersion:   Dev-Build (E1C64328-A22C-4D53-A36C-8E866417BD8C): 0
LogDevObjectVersion:   Dev-Core (375EC13C-06E4-48FB-B500-84F0262A717E): 2
LogDevObjectVersion:   Dev-Editor (E4B068ED-F494-42E9-A231-DA0B2E46BB41): 14
LogDevObjectVersion:   Dev-Framework (CFFC743F-43B0-4480-9391-14DF171D2073): 22
LogDevObjectVersion:   Dev-Mobile (B02B49B5-BB20-44E9-A304-32B752E40360): 0
LogDevObjectVersion:   Dev-Networking (A4E4105C-59A1-49B5-A7C5-40C4547EDFEE): 0
LogDevObjectVersion:   Dev-Online (39C831C9-5AE6-47DC-9A44-9C173E1C8E7C): 0
LogDevObjectVersion:   Dev-Physics (78F01B33-EBEA-4F98-B9B4-84EACCB95AA2): 0
LogDevObjectVersion:   Dev-Platform (6631380F-2D4D-43E0-8009-CF276956A95A): 0
LogDevObjectVersion:   Dev-Rendering (12F88B9F-8875-4AFC-A67C-D90C383ABD29): 12
LogDevObjectVersion:   Dev-Sequencer (7B5AE74C-D270-4C10-A958-57980B212A5A): 3
LogDevObjectVersion:   Dev-VR (D7296918-1DD6-4BDD-9DE2-64A83CC13884): 0
LogDevObjectVersion:   Dev-LoadTimes (C2A15278-BFE7-4AFE-6C17-90FF531DF755): 1
LogInit: Compiled (64-bit): Mar 15 2017 16:52:47
LogInit: Compiled with Visual C++: 19.00.23026.00
LogInit: Build Configuration: Development
LogInit: Branch Name: ++UE4+Release-4.15
LogInit: Command line: 
LogInit: Base directory: C:/Program Files/Epic Games/UE_4.15/Engine/Binaries/Win64/
LogInit: Installed Engine Build: 1
LogInit: Presizing for max 8388607 objects, including 0 objects not considered by GC, pre-allocating 0 bytes for permanent pool.
LogInit: Object subsystem initialized
[2017.05.22-00.52.18:848][  0]LogInit: Selected Device Profile: [Windows]
[2017.05.22-00.52.18:848][  0]LogInit: Applying CVar settings loaded from the selected device profile: [Windows]
[2017.05.22-00.52.18:856][  0]LogInit: Computer: 2M2TF42
[2017.05.22-00.52.18:856][  0]LogInit: User: L201701306
[2017.05.22-00.52.18:856][  0]LogInit: CPU Page size=65536, Cores=4
[2017.05.22-00.52.18:856][  0]LogInit: High frequency timer resolution =3.515638 MHz
[2017.05.22-00.52.18:856][  0]LogMemory: Memory total: Physical=15.9GB (16GB approx)
[2017.05.22-00.52.18:856][  0]LogMemory: Platform Memory Stats for Windows
[2017.05.22-00.52.18:856][  0]LogMemory: Process Physical Memory: 263.80 MB used, 263.80 MB peak
[2017.05.22-00.52.18:856][  0]LogMemory: Process Virtual Memory: 262.81 MB used, 262.81 MB peak
[2017.05.22-00.52.18:856][  0]LogMemory: Physical Memory: 5064.58 MB used,  11234.30 MB free, 16298.88 MB total
[2017.05.22-00.52.18:856][  0]LogMemory: Virtual Memory: 644.90 MB used,  11234.30 MB free, 134217728.00 MB total
[2017.05.22-00.52.18:934][  0]LogTextLocalizationManager: No specific translations for ('en-AU') exist, so ('en') translations will be used.
[2017.05.22-00.52.19:479][  0]LogD3D11RHI: D3D11 adapters:
[2017.05.22-00.52.19:488][  0]LogD3D11RHI:    0. 'AMD Radeon(TM) R9 270' (Feature Level 11_0)
[2017.05.22-00.52.19:488][  0]LogD3D11RHI:       2030/0/8149 MB DedicatedVideo/DedicatedSystem/SharedSystem, Outputs:1, VendorId:0x1002
[2017.05.22-00.52.19:494][  0]LogD3D11RHI:    1. 'Intel(R) HD Graphics 4600' (Feature Level 11_0)
[2017.05.22-00.52.19:494][  0]LogD3D11RHI:       112/0/2048 MB DedicatedVideo/DedicatedSystem/SharedSystem, Outputs:0, VendorId:0x8086
[2017.05.22-00.52.19:495][  0]LogD3D11RHI:    2. 'Microsoft Basic Render Driver' (Feature Level 11_0)
[2017.05.22-00.52.19:495][  0]LogD3D11RHI:       0/0/8149 MB DedicatedVideo/DedicatedSystem/SharedSystem, Outputs:0, VendorId:0x1414
[2017.05.22-00.52.19:495][  0]LogD3D11RHI: Chosen D3D11 Adapter: 0
[2017.05.22-00.52.19:499][  0]LogD3D11RHI: Creating new Direct3DDevice
[2017.05.22-00.52.19:499][  0]LogD3D11RHI:     GPU DeviceId: 0x6811 (for the marketing name, search the web for "GPU Device Id")
[2017.05.22-00.52.19:499][  0]LogWindows: EnumDisplayDevices:
[2017.05.22-00.52.19:499][  0]LogWindows:    0. 'AMD Radeon(TM) R9 270' (P:1 D:1)
[2017.05.22-00.52.19:499][  0]LogWindows:    1. 'AMD Radeon(TM) R9 270' (P:0 D:0)
[2017.05.22-00.52.19:500][  0]LogWindows:    2. 'AMD Radeon(TM) R9 270' (P:0 D:0)
[2017.05.22-00.52.19:500][  0]LogWindows:    3. 'AMD Radeon(TM) R9 270' (P:0 D:0)
[2017.05.22-00.52.19:500][  0]LogWindows:    4. 'AMD Radeon(TM) R9 270' (P:0 D:0)
[2017.05.22-00.52.19:500][  0]LogWindows:    5. 'AMD Radeon(TM) R9 270' (P:0 D:0)
[2017.05.22-00.52.19:500][  0]LogWindows:    6. 'Intel(R) HD Graphics 4600' (P:0 D:0)
[2017.05.22-00.52.19:500][  0]LogWindows:    7. 'Intel(R) HD Graphics 4600' (P:0 D:0)
[2017.05.22-00.52.19:501][  0]LogWindows:    8. 'Intel(R) HD Graphics 4600' (P:0 D:0)
[2017.05.22-00.52.19:501][  0]LogWindows: DebugString: PrimaryIsNotTheChoosenAdapter PrimaryIsNotTheChoosenAdapter PrimaryIsNotTheChoosenAdapter FoundDriverCount:6 
[2017.05.22-00.52.19:501][  0]LogD3D11RHI:     Adapter Name: AMD Radeon(TM) R9 270
[2017.05.22-00.52.19:501][  0]LogD3D11RHI:   Driver Version: Crimson 15.11 (internal:15.301.1701.0, unified:15.301.1701.0)
[2017.05.22-00.52.19:501][  0]LogD3D11RHI:      Driver Date: 1-13-2016
[2017.05.22-00.52.19:501][  0]LogRHI: Texture pool is 1361 MB (70% of 1945 MB)
[2017.05.22-00.52.19:540][  0]LogD3D11RHI: Async texture creation enabled
[2017.05.22-00.52.19:552][  0]LogD3D11RHI: GPU Timing Frequency: 27.000000 (Debug: 2 1)
[2017.05.22-00.52.19:553][  0]LogShaderCompilers: Guid format shader working directory is -19 characters bigger than the processId version (../../../../../../Users/L201701306/Desktop/Andrew Stuff/Finnished/pew/Intermediate/Shaders/WorkingDirectory/10824/).
[2017.05.22-00.52.19:553][  0]LogShaderCompilers: Cleaned the shader compiler working directory 'C:/Users/L201701306/AppData/Local/Temp/UnrealShaderWorkingDir/0F105BC3459500125B54E0BE89CD74AA/'.
[2017.05.22-00.52.19:553][  0]LogShaderCompilers:Display: Using Local Shader Compiler.
[2017.05.22-00.52.20:562][  0]LogTemp:Display: Loaded TP AllDesktopTargetPlatform
[2017.05.22-00.52.20:614][  0]LogTemp:Display: Loaded TP MacClientTargetPlatform
[2017.05.22-00.52.20:664][  0]LogTemp:Display: Loaded TP MacNoEditorTargetPlatform
[2017.05.22-00.52.20:717][  0]LogTemp:Display: Loaded TP MacServerTargetPlatform
[2017.05.22-00.52.20:767][  0]LogTemp:Display: Loaded TP MacTargetPlatform
[2017.05.22-00.52.20:819][  0]LogTemp:Display: Loaded TP WindowsClientTargetPlatform
[2017.05.22-00.52.20:870][  0]LogTemp:Display: Loaded TP WindowsNoEditorTargetPlatform
[2017.05.22-00.52.20:922][  0]LogTemp:Display: Loaded TP WindowsServerTargetPlatform
[2017.05.22-00.52.20:964][  0]LogTemp:Display: Loaded TP WindowsTargetPlatform
[2017.05.22-00.52.21:014][  0]LogTemp:Display: Loaded TP AndroidTargetPlatform
[2017.05.22-00.52.21:064][  0]LogTemp:Display: Loaded TP Android_ASTCTargetPlatform
[2017.05.22-00.52.21:114][  0]LogTemp:Display: Loaded TP Android_ATCTargetPlatform
[2017.05.22-00.52.21:163][  0]LogTemp:Display: Loaded TP Android_DXTTargetPlatform
[2017.05.22-00.52.21:214][  0]LogTemp:Display: Loaded TP Android_ETC1TargetPlatform
[2017.05.22-00.52.21:264][  0]LogTemp:Display: Loaded TP Android_ETC2TargetPlatform
[2017.05.22-00.52.21:363][  0]LogTemp:Display: Loaded TP Android_MultiTargetPlatform
[2017.05.22-00.52.21:363][  0]LogTemp:Display: Loaded TP Android_PVRTCTargetPlatform
[2017.05.22-00.52.21:400][  0]LogTemp:Display: Loaded TP HTML5TargetPlatform
[2017.05.22-00.52.21:498][  0]LogTemp:Display: Loaded TP IOSTargetPlatform
[2017.05.22-00.52.21:563][  0]LogTemp:Display: Loaded TP TVOSTargetPlatform
[2017.05.22-00.52.21:625][  0]LogTemp:Display: Loaded TP LinuxClientTargetPlatform
[2017.05.22-00.52.21:681][  0]LogTemp:Display: Loaded TP LinuxNoEditorTargetPlatform
[2017.05.22-00.52.21:735][  0]LogTemp:Display: Loaded TP LinuxServerTargetPlatform
[2017.05.22-00.52.21:791][  0]LogTemp:Display: Loaded TP LinuxTargetPlatform
[2017.05.22-00.52.21:791][  0]LogTargetPlatformManager:Display: Building Assets For Windows
[2017.05.22-00.52.22:221][  0]LogDerivedDataCache:Display: Max Cache Size: 512 MB
[2017.05.22-00.52.22:304][  0]LogDerivedDataCache: Loaded boot cache 0.08s 60MB C:/Users/L201701306/AppData/Local/UnrealEngine/4.15/DerivedDataCache/Boot.ddc.
[2017.05.22-00.52.22:304][  0]LogDerivedDataCache:Display: Loaded Boot cache: C:/Users/L201701306/AppData/Local/UnrealEngine/4.15/DerivedDataCache/Boot.ddc
[2017.05.22-00.52.22:304][  0]LogDerivedDataCache: FDerivedDataBackendGraph:  Pak pak cache file ../../../../../../Users/L201701306/Desktop/Andrew Stuff/Finnished/pew/DerivedDataCache/DDC.ddp not found, will not use a pak cache.
[2017.05.22-00.52.22:304][  0]LogDerivedDataCache: Unable to find inner node Pak for hierarchical cache Hierarchy.
[2017.05.22-00.52.22:304][  0]LogDerivedDataCache: FDerivedDataBackendGraph:  CompressedPak pak cache file ../../../../../../Users/L201701306/Desktop/Andrew Stuff/Finnished/pew/DerivedDataCache/Compressed.ddp not found, will not use a pak cache.
[2017.05.22-00.52.22:304][  0]LogDerivedDataCache: Unable to find inner node CompressedPak for hierarchical cache Hierarchy.
[2017.05.22-00.52.22:325][  0]LogDerivedDataCache:Display: Pak cache opened for reading ../../../Engine/DerivedDataCache/Compressed.ddp.
[2017.05.22-00.52.22:337][  0]LogDerivedDataCache: Using Local data cache path C:/Users/L201701306/AppData/Local/UnrealEngine/Common/DerivedDataCache: Writable
[2017.05.22-00.52.22:345][  0]LogSlate: Using Freetype 2.6.0
[2017.05.22-00.52.22:345][  0]LogSlate: SlateFontCache - WITH_FREETYPE: 1, WITH_HARFBUZZ: 1
[2017.05.22-00.52.22:345][  0]LogSlate: SlateFontCache - WITH_FREETYPE: 1, WITH_HARFBUZZ: 1
[2017.05.22-00.52.22:591][  0]LogInit: Selected Device Profile: [Windows]
[2017.05.22-00.52.22:594][  0]LogContentStreaming: Texture pool size is 0.00 MB
[2017.05.22-00.52.22:803][  0]LogMeshUtilities: Using QuadricMeshReduction for automatic static mesh reduction
[2017.05.22-00.52.22:847][  0]LogSimplygon: Simplygon DLL not present - disabling.
[2017.05.22-00.52.22:896][  0]LogMeshUtilities: Using SimplygonSwarm for distributed automatic mesh merging
[2017.05.22-00.52.22:896][  0]LogMeshUtilities: No automatic skeletal mesh reduction module available
[2017.05.22-00.52.22:896][  0]LogMeshUtilities: No automatic mesh merging module available
[2017.05.22-00.52.23:413][  0]LogNetVersion: GetLocalNetworkVersion: CL: 3299760, ProjectName: pew, ProjectVersion: , EngineNetworkVersion: 2, GameNetworkVersion: 0, NetworkChecksum: 4127949172
[2017.05.22-00.52.23:457][  0]LogAssetRegistry: FAssetRegistry took 0.0213 seconds to start up
[2017.05.22-00.52.23:515][  0]LogPackageLocalizationCache: Processed 3 localized package path(s) for 2 prioritized culture(s) in 0.031299 seconds
[2017.05.22-00.52.23:520][  0]LogUObjectArray: 32493 objects as part of root set at end of initial load.
[2017.05.22-00.52.23:520][  0]LogUObjectAllocator: 7077032 out of 0 bytes used by permanent object pool.
[2017.05.22-00.52.23:520][  0]LogUObjectArray: CloseDisregardForGC: 0/0 objects in disregard for GC pool
[2017.05.22-00.52.23:581][  0]LogInit: WinSock: version 1.1 (2.2), MaxSocks=32767, MaxUdp=65467
[2017.05.22-00.52.25:098][  0]LogTcpMessaging: Initializing TcpMessaging bridge
[2017.05.22-00.52.25:154][  0]LogUdpMessaging: Initializing bridge on interface 0.0.0.0:0 to multicast group 230.0.0.1:6666.
[2017.05.22-00.52.25:652][  0]LogMaterial: Uniform references updated for custom material expression Custom.
[2017.05.22-00.52.26:000][  0]SourceControl: Info Source control is disabled
[2017.05.22-00.52.26:210][  0]SourceControl: Info Source control is disabled
[2017.05.22-00.52.26:265][  0]SourceControl: Info Source control is disabled
[2017.05.22-00.52.26:311][  0]SourceControl: Info Source control is disabled
[2017.05.22-00.52.27:592][  0]LogEngine: Initializing Engine...
[2017.05.22-00.52.27:593][  0]LogHMD: Failed to initialize OpenVR with code 110
[2017.05.22-00.52.27:824][  0]LogAIModule: Creating AISystem for world Untitled
[2017.05.22-00.52.27:831][  0]LogInit: XAudio2 using 'Realtek Digital Output (Realtek Audio)' : 2 channels at 48 kHz using 16 bits per sample (channel mask 0x3)
[2017.05.22-00.52.27:845][  0]LogInit: FAudioDevice initialized.
[2017.05.22-00.52.27:872][  0]LogDerivedDataCache: Saved boot cache 0.03s 60MB C:/Users/L201701306/AppData/Local/UnrealEngine/4.15/DerivedDataCache/Boot.ddc.
[2017.05.22-00.52.27:875][  0]LogInit: Texture streaming: Enabled
[2017.05.22-00.52.27:964][  0]LogEngineSessionManager: EngineSessionManager initialized
[2017.05.22-00.52.28:046][  0]LogInit: Transaction tracking system initialized
[2017.05.22-00.52.28:385][  0]BlueprintLog: New page: Editor Load
[2017.05.22-00.52.29:244][  0]LocalizationService: Info Localization service is disabled
[2017.05.22-00.52.29:933][  0]LogConsoleResponse:Display: 
[2017.05.22-00.52.30:061][  0]LogCook:Display: Max memory allowance for cook 16384mb min free memory 0mb
[2017.05.22-00.52.30:061][  0]LogCook:Display: Mobile HDR setting 1
[2017.05.22-00.52.31:072][  0]LogFileCache: Scanning file cache for directory 'C:/Users/L201701306/Desktop/Andrew Stuff/Finnished/pew/Content/' took 0.02s
[2017.05.22-00.52.31:115][  0]SourceControl: Info Source control is disabled
[2017.05.22-00.52.31:115][  0]Cmd: MAP LOAD FILE="../../../../../../Users/L201701306/Desktop/Andrew Stuff/Finnished/pew/Content/ThirdPersonBP/Maps/ThirdPersonExampleMap.umap" TEMPLATE=0 SHOWPROGRESS=1 FEATURELEVEL=3
[2017.05.22-00.52.31:115][  0]LogEditorServer:Warning: Can't find file '../../../../../../Users/L201701306/Desktop/Andrew Stuff/Finnished/pew/Content/ThirdPersonBP/Maps/ThirdPersonExampleMap.umap'
[2017.05.22-00.52.31:115][  0]Cmd: MAP CHECKDEP NOCLEARLOG
[2017.05.22-00.52.31:152][  0]MapCheck: Info Map check complete: 0 Error(s), 0 Warning(s), took 36.862ms to complete.
[2017.05.22-00.52.31:152][  0]LogFileHelpers: Loading map 'ThirdPersonExampleMap' took 0.037
[2017.05.22-00.52.31:329][  0]LogCollectionManager: Loaded 0 collections in 0.001714 seconds
[2017.05.22-00.52.31:407][  0]LogFileCache: Scanning file cache for directory 'C:/Users/L201701306/Desktop/Andrew Stuff/Finnished/pew/Saved/Collections/' took 0.01s
[2017.05.22-00.52.31:407][  0]LogFileCache: Scanning file cache for directory 'C:/Users/L201701306/Desktop/Andrew Stuff/Finnished/pew/Content/Developers/L201701306/Collections/' took 0.01s
[2017.05.22-00.52.31:407][  0]LogFileCache: Scanning file cache for directory 'C:/Users/L201701306/Desktop/Andrew Stuff/Finnished/pew/Content/Collections/' took 0.01s
[2017.05.22-00.52.31:407][  0]LogCollectionManager: Rebuilt the GUID cache for 0 collections in 0.000001 seconds
[2017.05.22-00.52.31:416][  0]LogContentBrowser: Native class hierarchy populated in 0.0088 seconds. Added 2245 classes and 453 folders.
[2017.05.22-00.52.31:419][  0]LogStats: UGameplayTagsManager::ConstructGameplayTagTree: Construct from data asset -  0.000 s
[2017.05.22-00.52.31:419][  0]LogStats: UGameplayTagsManager::ConstructGameplayTagTree: GameplayTagTreeChangedEvent.Broadcast -  0.000 s
[2017.05.22-00.52.31:483][  0]LogContentBrowser: Native class hierarchy updated for 'WidgetCarousel' in 0.0005 seconds. Added 0 classes and 0 folders.
[2017.05.22-00.52.31:525][  0]LogContentBrowser: Native class hierarchy updated for 'AddContentDialog' in 0.0004 seconds. Added 0 classes and 0 folders.
[2017.05.22-00.52.31:569][  0]LogContentBrowser: Native class hierarchy updated for 'SceneOutliner' in 0.0005 seconds. Added 1 classes and 2 folders.
[2017.05.22-00.52.31:656][  0]LogCrashTracker: Crashtracker disabled due to settings.
[2017.05.22-00.52.31:662][  0]LogUObjectGlobals:Warning: Failed to find object 'Class None.'
[2017.05.22-00.52.31:727][  0]LogContentBrowser: Native class hierarchy updated for 'HierarchicalLODOutliner' in 0.0007 seconds. Added 1 classes and 2 folders.
[2017.05.22-00.52.31:727][  0]LogLoad: (Engine Initialization) Total time: 14.64 seconds
[2017.05.22-00.52.31:727][  0]LogLoad: (Engine Initialization) Total Blueprint compile time: 0.05 seconds
[2017.05.22-00.52.31:728][  0]LogExternalProfiler: Found external profiler: VSPerf
[2017.05.22-00.52.31:728][  0]LogExternalProfiler: Using external profiler: VSPerf
[2017.05.22-00.52.32:068][  0]LogOcInput: OculusInput pre-init called
[2017.05.22-00.52.32:102][  0]LogContentStreaming: Texture pool size now 1000 MB
[2017.05.22-00.52.32:106][  0]LogSlate: Took 0.000482 seconds to synchronously load lazily loaded font '../../../Engine/Content/Slate/Fonts/Roboto-Regular.ttf' (155K)
[2017.05.22-00.52.32:114][  0]LogSlate: Took 0.000577 seconds to synchronously load lazily loaded font '../../../Engine/Content/Slate/Fonts/Roboto-Bold.ttf' (160K)
[2017.05.22-00.52.32:128][  0]LogSlate: Took 0.000427 seconds to synchronously load lazily loaded font '../../../Engine/Content/Editor/Slate/Fonts/FontAwesome.ttf' (139K)
[2017.05.22-00.52.32:247][  0]LogSlate: Took 0.000189 seconds to synchronously load lazily loaded font '../../../Engine/Content/Slate/Fonts/Roboto-Light.ttf' (159K)
[2017.05.22-00.52.32:286][  0]LogRenderer: Reallocating scene render targets to support 1208x576 NumSamples 1 (Frame:2).
[2017.05.22-00.52.32:859][  2]LogAssetRegistry: Asset discovery search completed in 9.4236 seconds
[2017.05.22-00.52.32:859][  2]LogCollectionManager: Rebuilt the object cache for 0 collections in 0.000006 seconds (found 0 objects)
[2017.05.22-00.52.32:859][  2]LogCollectionManager: Fixed up redirectors for 0 collections in 0.000018 seconds (updated 0 objects)
[2017.05.22-00.52.42:269][150]LogTemp: Repeting last play command: New Editor Window (PIE)
[2017.05.22-00.52.42:279][150]LogPlayLevel: PlayLevel: No blueprints needed recompiling
[2017.05.22-00.52.42:280][150]PIE: New page: PIE session: Untitled_0 (22 May 2017 8:52:42 pm)
[2017.05.22-00.52.42:280][150]LogPlayLevel: Creating play world package: /Temp/UEDPIE_0_Untitled_0
[2017.05.22-00.52.42:280][150]LogPlayLevel: PIE: StaticDuplicateObject took: (0.000521s)
[2017.05.22-00.52.42:281][150]LogAIModule: Creating AISystem for world Untitled
[2017.05.22-00.52.42:281][150]LogPlayLevel: PIE: World Init took: (0.000544s)
[2017.05.22-00.52.42:281][150]LogPlayLevel: PIE: Created PIE world by copying editor world from /Temp/Untitled_0.Untitled to /Temp/UEDPIE_0_Untitled_0.Untitled (0.001252s)
[2017.05.22-00.52.42:292][150]LogInit: XAudio2 using 'Realtek Digital Output (Realtek Audio)' : 2 channels at 48 kHz using 16 bits per sample (channel mask 0x3)
[2017.05.22-00.52.42:304][150]LogInit: FAudioDevice initialized.
[2017.05.22-00.52.42:357][150]LogLinker:Warning: Can't find file '/Game/ThirdPersonBP/Blueprints/ThirdPersonGameMode'
[2017.05.22-00.52.42:357][150]LogLinker:Warning: Can't find file '/Game/ThirdPersonBP/Blueprints/ThirdPersonGameMode'
[2017.05.22-00.52.42:357][150]LogUObjectGlobals:Warning: Failed to find object 'Class /Game/ThirdPersonBP/Blueprints/ThirdPersonGameMode.ThirdPersonGameMode_C'
[2017.05.22-00.52.42:357][150]LogLoad: Game class is 'GameModeBase'
[2017.05.22-00.52.42:359][150]LogWorld: Bringing World /Temp/UEDPIE_0_Untitled_0.Untitled up for play (max tick rate 0) at 2017.05.22-10.52.42
[2017.05.22-00.52.42:359][150]LogWorld: Bringing up level for play took: 0.000549
[2017.05.22-00.52.42:400][150]LogContentBrowser: Native class hierarchy updated for 'MovieSceneCapture' in 0.0005 seconds. Added 11 classes and 0 folders.
[2017.05.22-00.52.42:405][150]PIE: Info Play in editor start time for /Temp/UEDPIE_0_Untitled_0 -0.868
[2017.05.22-00.52.42:436][150]LogRenderer: Reallocating scene render targets to support 1292x756 NumSamples 1 (Frame:118).
[2017.05.22-00.52.49:614][991]LogSlate: Took 0.000122 seconds to synchronously load lazily loaded font '../../../Engine/Content/Slate/Fonts/Roboto-Light.ttf' (159K)
[2017.05.22-00.52.49:852][991]LogBlueprint:Error: [Compiler PersistentLevel.default] Error COMPILER ERROR: failed building connection with 'Actor Reference is not compatible with Weapon Reference (by ref).' at  SpawnActor
[2017.05.22-00.52.49:855][991]LogBlueprint:Warning: [Compiler PersistentLevel.default] Warning [0032.77] Compile of PersistentLevel.default failed. 1 Fatal Issue(s) 0 Warning(s) [in 6 ms] (/Game/Map/default.default:PersistentLevel.default)
[2017.05.22-00.52.49:855][991]LogBlueprint:Warning: [Compiler PersistentLevel.default] Warning [0032.77] Compile of PersistentLevel.default failed. 1 Fatal Issue(s) 1 Warning(s) [in 0 ms] (/Game/Map/default.default:PersistentLevel.default)
[2017.05.22-00.52.49:856][991]LogBlueprint:Warning: [Compiler PersistentLevel.default] Warning [0032.77] Compile of PersistentLevel.default failed. 1 Fatal Issue(s) 2 Warning(s) [in 0 ms] (/Game/Map/default.default:PersistentLevel.default)
[2017.05.22-00.52.49:859][991]LogBlueprint:Error: [Compiler PersistentLevel.default] Error COMPILER ERROR: failed building connection with 'Actor Reference is not compatible with Weapon Reference (by ref).' at  SpawnActor
[2017.05.22-00.52.49:862][991]LogBlueprint:Warning: [Compiler PersistentLevel.default] Warning [0032.77] Compile of PersistentLevel.default failed. 1 Fatal Issue(s) 0 Warning(s) [in 5 ms] (/Game/Map/default.default:PersistentLevel.default)
[2017.05.22-00.52.49:862][991]LogBlueprint:Warning: [Compiler PersistentLevel.default] Warning [0032.77] Compile of PersistentLevel.default failed. 1 Fatal Issue(s) 1 Warning(s) [in 0 ms] (/Game/Map/default.default:PersistentLevel.default)
[2017.05.22-00.52.49:862][991]LogBlueprint:Warning: [Compiler PersistentLevel.default] Warning [0032.77] Compile of PersistentLevel.default failed. 1 Fatal Issue(s) 2 Warning(s) [in 0 ms] (/Game/Map/default.default:PersistentLevel.default)
[2017.05.22-00.52.50:167][991]LogAIModule: Creating AISystem for world default
[2017.05.22-00.52.50:189][991]Cmd: MAP LOAD FILE="../../../../../../Users/L201701306/Desktop/Andrew Stuff/Finnished/pew/Content/Map/default.umap" TEMPLATE=0 SHOWPROGRESS=1 FEATURELEVEL=3
[2017.05.22-00.52.50:189][991]LightingResults: New page: Lighting Build
[2017.05.22-00.52.50:232][991]LogContentBrowser: Native class hierarchy updated for 'StatsViewer' in 0.0004 seconds. Added 5 classes and 0 folders.
[2017.05.22-00.52.50:234][991]LoadErrors: New page: Loading map: default.umap
[2017.05.22-00.52.50:246][991]MapCheck: New page: Map Check
[2017.05.22-00.52.50:246][991]LightingResults: New page: Lighting Build
[2017.05.22-00.52.50:256][991]LogPhysics:Warning: Initialising Body : Scale3D is (nearly) zero: Component: weapon_knife_412.PickupZone 
[2017.05.22-00.52.50:258][991]LogPhysics:Warning: Initialising Body : Scale3D is (nearly) zero: Component: weapon_knife_412.PickupZone 
[2017.05.22-00.52.50:313][991]LogEditorServer: Finished looking for orphan Actors (0.000 secs)
[2017.05.22-00.52.50:332][991]Cmd: MAP CHECKDEP NOCLEARLOG
[2017.05.22-00.52.50:375][991]MapCheck: Info Map check complete: 0 Error(s), 0 Warning(s), took 43.307ms to complete.
[2017.05.22-00.52.50:376][991]LogFileHelpers: Loading map 'default' took 0.187
[2017.05.22-00.52.52:682][256]LogTemp: Repeting last play command: New Editor Window (PIE)
[2017.05.22-00.52.52:691][256]LogBlueprintUserMessages: Early PlayInEditor Detection: Level '/Game/Map/default.default:PersistentLevel' has LevelScriptBlueprint '/Game/Map/default.default:PersistentLevel.default' with GeneratedClass '/Game/Map/default.default_C' with ClassGeneratedBy '/Game/Map/default.default:PersistentLevel.default'
[2017.05.22-00.52.52:691][256]BlueprintLog: New page: Pre-Play auto-recompile
[2017.05.22-00.52.52:691][256]LogPlayLevel: [PlayLevel] Compiling default before play...
[2017.05.22-00.52.52:705][256]LogBlueprint:Error: [Compiler PersistentLevel.default] Error COMPILER ERROR: failed building connection with 'Actor Reference is not compatible with Weapon Reference (by ref).' at  SpawnActor
[2017.05.22-00.52.52:775][256]LogBlueprint:Warning: [Compiler PersistentLevel.default] Warning [0035.69] Compile of PersistentLevel.default failed. 1 Fatal Issue(s) 0 Warning(s) [in 77 ms] (/Game/Map/default.default:PersistentLevel.default)
[2017.05.22-00.52.52:801][256]LogBlueprint:Warning: [Compiler PersistentLevel.default] Warning [0035.71] Compile of PersistentLevel.default failed. 1 Fatal Issue(s) 1 Warning(s) [in 0 ms] (/Game/Map/default.default:PersistentLevel.default)
[2017.05.22-00.52.52:801][256]LogBlueprint:Warning: [Compiler PersistentLevel.default] Warning [0035.71] Compile of PersistentLevel.default failed. 1 Fatal Issue(s) 2 Warning(s) [in 0 ms] (/Game/Map/default.default:PersistentLevel.default)
[2017.05.22-00.52.52:801][256]LogBlueprint:Warning: [Compiler PersistentLevel.default] Warning [0035.71] Compile of PersistentLevel.default failed. 1 Fatal Issue(s) 3 Warning(s) [in 0 ms] (/Game/Map/default.default:PersistentLevel.default)
[2017.05.22-00.52.52:801][256]LogBlueprint:Warning: [Compiler PersistentLevel.default] Warning [0035.71] Compile of PersistentLevel.default failed. 1 Fatal Issue(s) 4 Warning(s) [in 0 ms] (/Game/Map/default.default:PersistentLevel.default)
[2017.05.22-00.52.52:801][256]LogBlueprint:Warning: [Compiler PersistentLevel.default] Warning [0035.71] Compile of PersistentLevel.default failed. 1 Fatal Issue(s) 5 Warning(s) [in 0 ms] (/Game/Map/default.default:PersistentLevel.default)
[2017.05.22-00.52.52:865][256]LogPlayLevel: PlayLevel: Blueprint regeneration took 173 ms (1 blueprints)
[2017.05.22-00.52.52:865][256]BlueprintLog: Info Blueprint default failed to compile
[2017.05.22-00.53.01:810][851]LogSlate: Only BGRA pngs, bmps or icos are supported in by External Image Picker
[2017.05.22-00.53.01:893][852]LogTemp:Display: Executing iPhonePackager certificates Engine -bundlename com.YourCompany.pew

[2017.05.22-00.53.01:893][852]LogTemp:Display: CWD: C:\Program Files\Epic Games\UE_4.15\Engine\Binaries\DotNET\IOS

[2017.05.22-00.53.01:893][852]LogTemp:Display: Initial Dir: C:\Program Files\Epic Games\UE_4.15

[2017.05.22-00.53.01:893][852]LogTemp:Display: Env CWD: C:\Program Files\Epic Games\UE_4.15\Engine\Binaries\DotNET\IOS

[2017.05.22-00.53.01:901][853]LogTemp:Display: BranchPath = 2M2TF42/C/Program Files/Epic Games/UE_4.15/Engine/Binaries --- GameBranchPath = 2M2TF42/C/Program Files/Epic Games/UE_4.15/Engine/Binaries

[2017.05.22-00.53.02:034][868]LogTemp:Display: IPP ERROR: Application exception: System.IO.DirectoryNotFoundException: Could not find a part of the path 'C:\Users\L201701306\AppData\Local\Apple Computer\MobileDevice\Provisioning Profiles'.

[2017.05.22-00.53.02:034][868]LogTemp:Display:    at System.IO.__Error.WinIOError(Int32 errorCode, String maybeFullPath)

[2017.05.22-00.53.02:034][868]LogTemp:Display:    at System.IO.FileSystemEnumerableIterator`1.CommonInit()

[2017.05.22-00.53.02:034][868]LogTemp:Display:    at System.IO.Directory.EnumerateFiles(String path, String searchPattern)

[2017.05.22-00.53.02:034][868]LogTemp:Display:    at iPhonePackager.CodeSignatureBuilder.FindProvisions(String CFBundleIdentifier)

[2017.05.22-00.53.02:034][868]LogTemp:Display:    at iPhonePackager.Program.Main(String[] args)

[2017.05.22-00.53.09:307][671]LogSlate: Took 0.000154 seconds to synchronously load lazily loaded font '../../../Engine/Content/Slate/Fonts/Roboto-Light.ttf' (159K)
[2017.05.22-00.53.51:154][606]LogTemp: Repeting last play command: New Editor Window (PIE)
[2017.05.22-00.53.51:163][606]LogBlueprintUserMessages: Early PlayInEditor Detection: Level '/Game/Map/default.default:PersistentLevel' has LevelScriptBlueprint '/Game/Map/default.default:PersistentLevel.default' with GeneratedClass '/Game/Map/default.default_C' with ClassGeneratedBy '/Game/Map/default.default:PersistentLevel.default'
[2017.05.22-00.53.51:163][606]BlueprintLog: New page: Pre-Play auto-recompile
[2017.05.22-00.53.51:163][606]LogPlayLevel: [PlayLevel] Compiling default before play...
[2017.05.22-00.53.51:175][606]LogBlueprint:Error: [Compiler PersistentLevel.default] Error COMPILER ERROR: failed building connection with 'Actor Reference is not compatible with Weapon Reference (by ref).' at  SpawnActor
[2017.05.22-00.53.51:245][606]LogBlueprint:Warning: [Compiler PersistentLevel.default] Warning [0094.16] Compile of PersistentLevel.default failed. 1 Fatal Issue(s) 0 Warning(s) [in 74 ms] (/Game/Map/default.default:PersistentLevel.default)
[2017.05.22-00.53.51:245][606]LogBlueprint:Warning: [Compiler PersistentLevel.default] Warning [0094.16] Compile of PersistentLevel.default failed. 1 Fatal Issue(s) 1 Warning(s) [in 0 ms] (/Game/Map/default.default:PersistentLevel.default)
[2017.05.22-00.53.51:245][606]LogBlueprint:Warning: [Compiler PersistentLevel.default] Warning [0094.16] Compile of PersistentLevel.default failed. 1 Fatal Issue(s) 2 Warning(s) [in 0 ms] (/Game/Map/default.default:PersistentLevel.default)
[2017.05.22-00.53.51:245][606]LogBlueprint:Warning: [Compiler PersistentLevel.default] Warning [0094.16] Compile of PersistentLevel.default failed. 1 Fatal Issue(s) 3 Warning(s) [in 0 ms] (/Game/Map/default.default:PersistentLevel.default)
[2017.05.22-00.53.51:245][606]LogBlueprint:Warning: [Compiler PersistentLevel.default] Warning [0094.16] Compile of PersistentLevel.default failed. 1 Fatal Issue(s) 4 Warning(s) [in 0 ms] (/Game/Map/default.default:PersistentLevel.default)
[2017.05.22-00.53.51:245][606]LogBlueprint:Warning: [Compiler PersistentLevel.default] Warning [0094.16] Compile of PersistentLevel.default failed. 1 Fatal Issue(s) 5 Warning(s) [in 0 ms] (/Game/Map/default.default:PersistentLevel.default)
[2017.05.22-00.53.51:255][606]LogPlayLevel: PlayLevel: Blueprint regeneration took 92 ms (1 blueprints)
[2017.05.22-00.53.51:255][606]BlueprintLog: Info Blueprint default failed to compile
[2017.05.22-00.53.59:078][ 42]LogContentBrowser: Native class hierarchy updated for 'BlueprintGraph' in 0.0008 seconds. Added 112 classes and 0 folders.
[2017.05.22-00.53.59:645][ 42]LogSlate: Took 0.000214 seconds to synchronously load lazily loaded font '../../../Engine/Content/Slate/Fonts/Roboto-Regular.ttf' (155K)
[2017.05.22-00.53.59:888][ 42]LogSlate: Took 0.012140 seconds to synchronously load lazily loaded font '../../../Engine/Content/Editor/Slate/Fonts/Roboto-BoldCondensed.ttf' (158K)
[2017.05.22-00.54.00:483][ 43]LogSlate: Took 0.015301 seconds to synchronously load lazily loaded font '../../../Engine/Content/Editor/Slate/Fonts/Roboto-Italic.ttf' (157K)
[2017.05.22-00.54.08:365][590]BlueprintLog: New page: Compile MyPlayer
[2017.05.22-00.54.08:803][591]LogSavePackage: Save=43.33ms
[2017.05.22-00.54.08:803][591]LogSavePackage: Moving '../../../../../../Users/L201701306/Desktop/Andrew Stuff/Finnished/pew/Saved/MyPlayerE510EC094DB8C2A41D0577819A8C40D8.tmp' to '../../../../../../Users/L201701306/Desktop/Andrew Stuff/Finnished/pew/Content/AndrewsAssets/Blueprints/MyPlayer.uasset'
[2017.05.22-00.54.08:805][591]LogSavePackage:Display: Finished SavePackage ../../../../../../Users/L201701306/Desktop/Andrew Stuff/Finnished/pew/Content/AndrewsAssets/Blueprints/MyPlayer.uasset
[2017.05.22-00.54.10:788][777]LogTemp: Repeting last play command: New Editor Window (PIE)
[2017.05.22-00.54.10:801][777]LogBlueprintUserMessages: Early PlayInEditor Detection: Level '/Game/Map/default.default:PersistentLevel' has LevelScriptBlueprint '/Game/Map/default.default:PersistentLevel.default' with GeneratedClass '/Game/Map/default.default_C' with ClassGeneratedBy '/Game/Map/default.default:PersistentLevel.default'
[2017.05.22-00.54.10:801][777]BlueprintLog: New page: Pre-Play auto-recompile
[2017.05.22-00.54.10:801][777]LogPlayLevel: [PlayLevel] Compiling default before play...
[2017.05.22-00.54.10:812][777]LogBlueprint:Error: [Compiler PersistentLevel.default] Error COMPILER ERROR: failed building connection with 'Actor Reference is not compatible with Weapon Reference (by ref).' at  SpawnActor
[2017.05.22-00.54.10:928][777]LogBlueprint:Warning: [Compiler PersistentLevel.default] Warning [0113.84] Compile of PersistentLevel.default failed. 1 Fatal Issue(s) 0 Warning(s) [in 120 ms] (/Game/Map/default.default:PersistentLevel.default)
[2017.05.22-00.54.10:928][777]LogBlueprint:Warning: [Compiler PersistentLevel.default] Warning [0113.84] Compile of PersistentLevel.default failed. 1 Fatal Issue(s) 1 Warning(s) [in 0 ms] (/Game/Map/default.default:PersistentLevel.default)
[2017.05.22-00.54.10:928][777]LogBlueprint:Warning: [Compiler PersistentLevel.default] Warning [0113.84] Compile of PersistentLevel.default failed. 1 Fatal Issue(s) 2 Warning(s) [in 0 ms] (/Game/Map/default.default:PersistentLevel.default)
[2017.05.22-00.54.10:928][777]LogBlueprint:Warning: [Compiler PersistentLevel.default] Warning [0113.84] Compile of PersistentLevel.default failed. 1 Fatal Issue(s) 3 Warning(s) [in 0 ms] (/Game/Map/default.default:PersistentLevel.default)
[2017.05.22-00.54.10:929][777]LogBlueprint:Warning: [Compiler PersistentLevel.default] Warning [0113.84] Compile of PersistentLevel.default failed. 1 Fatal Issue(s) 4 Warning(s) [in 0 ms] (/Game/Map/default.default:PersistentLevel.default)
[2017.05.22-00.54.10:929][777]LogBlueprint:Warning: [Compiler PersistentLevel.default] Warning [0113.84] Compile of PersistentLevel.default failed. 1 Fatal Issue(s) 5 Warning(s) [in 0 ms] (/Game/Map/default.default:PersistentLevel.default)
[2017.05.22-00.54.10:944][777]LogPlayLevel: PlayLevel: Blueprint regeneration took 143 ms (1 blueprints)
[2017.05.22-00.54.10:944][777]BlueprintLog: Info Blueprint default failed to compile
[2017.05.22-00.54.19:987][777]PIE: New page: PIE session: default (22 May 2017 8:54:19 pm)
[2017.05.22-00.54.19:987][777]LogPlayLevel: Creating play world package: /Game/Map/UEDPIE_0_default
[2017.05.22-00.54.19:991][777]LogPlayLevel: PIE: StaticDuplicateObject took: (0.003913s)
[2017.05.22-00.54.19:992][777]LogAIModule: Creating AISystem for world default
[2017.05.22-00.54.19:992][777]LogPlayLevel: PIE: World Init took: (0.000664s)
[2017.05.22-00.54.19:992][777]LogPlayLevel: PIE: Created PIE world by copying editor world from /Game/Map/default.default to /Game/Map/UEDPIE_0_default.default (0.004802s)
[2017.05.22-00.54.20:006][777]LogInit: XAudio2 using 'Realtek Digital Output (Realtek Audio)' : 2 channels at 48 kHz using 16 bits per sample (channel mask 0x3)
[2017.05.22-00.54.20:017][777]LogInit: FAudioDevice initialized.
[2017.05.22-00.54.20:052][777]LogLoad: Game class is 'MyGameMode_C'
[2017.05.22-00.54.20:054][777]LogPhysics:Warning: Initialising Body : Scale3D is (nearly) zero: Component: weapon_knife_412.PickupZone 
[2017.05.22-00.54.20:055][777]LogWorld: Bringing World /Game/Map/UEDPIE_0_default.default up for play (max tick rate 0) at 2017.05.22-10.54.20
[2017.05.22-00.54.20:055][777]LogWorld: Bringing up level for play took: 0.001088
[2017.05.22-00.54.20:061][777]PIE: Info Play in editor start time for /Game/Map/UEDPIE_0_default 8.791
[2017.05.22-00.54.20:062][777]LogBlueprintUserMessages: Late PlayInEditor Detection: Level '/Game/Map/default.default:PersistentLevel' has LevelScriptBlueprint '/Game/Map/default.default:PersistentLevel.default' with GeneratedClass '/Game/Map/default.default_C' with ClassGeneratedBy '/Game/Map/default.default:PersistentLevel.default'
[2017.05.22-00.54.23:218][ 93]LogBlueprintUserMessages: Early EndPlayMap Detection: Level '/Game/Map/default.default:PersistentLevel' has LevelScriptBlueprint '/Game/Map/default.default:PersistentLevel.default' with GeneratedClass '/Game/Map/default.default_C' with ClassGeneratedBy '/Game/Map/default.default:PersistentLevel.default'
[2017.05.22-00.54.23:258][ 93]LogBlueprintUserMessages: Late EndPlayMap Detection: Level '/Game/Map/default.default:PersistentLevel' has LevelScriptBlueprint '/Game/Map/default.default:PersistentLevel.default' with GeneratedClass '/Game/Map/default.default_C' with ClassGeneratedBy '/Game/Map/default.default:PersistentLevel.default'
[2017.05.22-00.54.30:153][637]LogPhysics:Warning: Initialising Body : Scale3D is (nearly) zero: Component: Weapon_C_1.MeshWep 1M_Cube 
[2017.05.22-00.54.30:153][637]LogPhysics:Warning: Initialising Body : Scale3D is (nearly) zero: Component: Weapon_C_1.PickupZone 
[2017.05.22-00.54.30:153][637]LogBlueprintUserMessages: [Weapon_C_1] Cast "MyPlayer" Failed in "Weapon":
[2017.05.22-00.54.37:731][263]LogPhysics:Warning: Initialising Body : Scale3D is (nearly) zero: Component: weapon_knife_C_1.PickupZone 
[2017.05.22-00.54.37:731][263]LogBlueprintUserMessages: [weapon_knife_C_1] Cast "MyPlayer" Failed in "Weapon":
[2017.05.22-00.54.39:509][420]LogPhysics:Warning: Initialising Body : Scale3D is (nearly) zero: Component: weapon_knife_C_2.PickupZone 
[2017.05.22-00.54.39:509][420]LogBlueprintUserMessages: [weapon_knife_C_2] Cast "MyPlayer" Failed in "Weapon":
[2017.05.22-00.54.43:209][734]LogBlueprintUserMessages: [weapon_spear_C_1] Cast "MyPlayer" Failed in "Weapon":
[2017.05.22-00.54.44:880][878]LogBlueprintUserMessages: [weapon_spear_C_2] Cast "MyPlayer" Failed in "Weapon":
[2017.05.22-00.54.47:731][112]LogBlueprintUserMessages: [weapon_torch_C_1] Cast "MyPlayer" Failed in "Weapon":
[2017.05.22-01.13.48:561][769]LogEditorTransaction: Undo Edit Game Default Map
[2017.05.22-01.13.51:234][ 41]LogEditorTransaction: Redo Edit Game Default Map
[2017.05.22-01.15.44:212][965]LogBlueprint:Error: [Compiler PersistentLevel.default] Error COMPILER ERROR: failed building connection with 'Actor Reference is not compatible with Weapon Reference (by ref).' at  SpawnActor
[2017.05.22-01.15.44:335][965]LogBlueprint:Warning: [Compiler PersistentLevel.default] Warning [1407.23] Compile of PersistentLevel.default failed. 1 Fatal Issue(s) 0 Warning(s) [in 128 ms] (/Game/Map/default.default:PersistentLevel.default)
[2017.05.22-01.15.44:336][965]LogBlueprint:Warning: [Compiler PersistentLevel.default] Warning [1407.23] Compile of PersistentLevel.default failed. 1 Fatal Issue(s) 1 Warning(s) [in 0 ms] (/Game/Map/default.default:PersistentLevel.default)
[2017.05.22-01.15.44:336][965]LogBlueprint:Warning: [Compiler PersistentLevel.default] Warning [1407.23] Compile of PersistentLevel.default failed. 1 Fatal Issue(s) 2 Warning(s) [in 0 ms] (/Game/Map/default.default:PersistentLevel.default)
[2017.05.22-01.15.44:336][965]LogBlueprint:Warning: [Compiler PersistentLevel.default] Warning [1407.23] Compile of PersistentLevel.default failed. 1 Fatal Issue(s) 3 Warning(s) [in 0 ms] (/Game/Map/default.default:PersistentLevel.default)
[2017.05.22-01.15.44:338][965]LogBlueprint:Warning: [Compiler PersistentLevel.default] Warning [1407.23] Compile of PersistentLevel.default failed. 1 Fatal Issue(s) 4 Warning(s) [in 2 ms] (/Game/Map/default.default:PersistentLevel.default)
[2017.05.22-01.15.44:338][965]LogBlueprint:Warning: [Compiler PersistentLevel.default] Warning [1407.23] Compile of PersistentLevel.default failed. 1 Fatal Issue(s) 5 Warning(s) [in 0 ms] (/Game/Map/default.default:PersistentLevel.default)
[2017.05.22-01.15.44:370][965]LogSavePackage: Save=169.69ms
[2017.05.22-01.15.44:370][965]LogSavePackage: Moving '../../../../../../Users/L201701306/Desktop/Andrew Stuff/Finnished/pew/Saved/default_Auto1ADEDEA3545A697DBAE96D5963C29349A.tmp' to '../../../../../../Users/L201701306/Desktop/Andrew Stuff/Finnished/pew/Saved/Autosaves/Game/Map/default_Auto1.umap'
[2017.05.22-01.15.44:372][965]LogSavePackage:Display: Finished SavePackage ../../../../../../Users/L201701306/Desktop/Andrew Stuff/Finnished/pew/Saved/Autosaves/Game/Map/default_Auto1.umap
[2017.05.22-01.15.44:382][965]LogFileHelpers: Editor autosave (incl. sublevels) for '/Game/Map/default' took 0.222
[2017.05.22-01.15.44:382][965]LogFileHelpers: Editor autosave (incl. sublevels) for all levels took 0.222
[2017.05.22-01.19.14:685][896]BlueprintLog: New page: Compile default
[2017.05.22-01.19.14:708][896]LogBlueprint:Error: [Compiler PersistentLevel.default] Error Default value '' for  Weapons in World  is invalid: 'Array inputs (like 'Weapons in World') must have an input wired into them (try connecting a MakeArray node).'
[2017.05.22-01.19.14:708][896]LogBlueprint:Error: [Compiler PersistentLevel.default] Error The current value of the ' Target Array ' pin is invalid: Array inputs (like 'Target Array') must have an input wired into them (try connecting a MakeArray node).
[2017.05.22-01.19.14:900][896]BlueprintEditorCompileResults:Error: Error Default value '' for  Weapons in World  is invalid: 'Array inputs (like 'Weapons in World') must have an input wired into them (try connecting a MakeArray node).'
[2017.05.22-01.19.14:901][896]BlueprintEditorCompileResults:Error: Error The current value of the ' Target Array ' pin is invalid: Array inputs (like 'Target Array') must have an input wired into them (try connecting a MakeArray node).
[2017.05.22-01.19.14:901][896]LogBlueprint:Warning: [Compiler PersistentLevel.default] Warning [1617.79] Compile of PersistentLevel.default failed. 2 Fatal Issue(s) 0 Warning(s) [in 215 ms] (/Game/Map/default.default:PersistentLevel.default)
[2017.05.22-01.19.32:584][602]BlueprintLog: New page: Compile default
[2017.05.22-01.19.32:596][602]LogBlueprint:Error: [Compiler PersistentLevel.default] Error The current value of the ' Target Array ' pin is invalid: Array inputs (like 'Target Array') must have an input wired into them (try connecting a MakeArray node).
[2017.05.22-01.19.32:733][602]BlueprintEditorCompileResults:Error: Error The current value of the ' Target Array ' pin is invalid: Array inputs (like 'Target Array') must have an input wired into them (try connecting a MakeArray node).
[2017.05.22-01.19.32:733][602]LogBlueprint:Warning: [Compiler PersistentLevel.default] Warning [1635.62] Compile of PersistentLevel.default failed. 1 Fatal Issue(s) 0 Warning(s) [in 148 ms] (/Game/Map/default.default:PersistentLevel.default)
[2017.05.22-01.19.34:947][834]LogTemp: Repeting last play command: New Editor Window (PIE)
[2017.05.22-01.19.34:958][834]LogBlueprintUserMessages: Early PlayInEditor Detection: Level '/Game/Map/default.default:PersistentLevel' has LevelScriptBlueprint '/Game/Map/default.default:PersistentLevel.default' with GeneratedClass '/Game/Map/default.default_C' with ClassGeneratedBy '/Game/Map/default.default:PersistentLevel.default'
[2017.05.22-01.19.34:958][834]BlueprintLog: New page: Pre-Play auto-recompile
[2017.05.22-01.19.34:958][834]LogPlayLevel: [PlayLevel] Compiling default before play...
[2017.05.22-01.19.34:970][834]LogBlueprint:Error: [Compiler PersistentLevel.default] Error The current value of the ' Target Array ' pin is invalid: Array inputs (like 'Target Array') must have an input wired into them (try connecting a MakeArray node).
[2017.05.22-01.19.35:089][834]LogBlueprint:Warning: [Compiler PersistentLevel.default] Warning [1637.98] Compile of PersistentLevel.default failed. 1 Fatal Issue(s) 0 Warning(s) [in 124 ms] (/Game/Map/default.default:PersistentLevel.default)
[2017.05.22-01.19.35:089][834]LogBlueprint:Warning: [Compiler PersistentLevel.default] Warning [1637.98] Compile of PersistentLevel.default failed. 1 Fatal Issue(s) 1 Warning(s) [in 0 ms] (/Game/Map/default.default:PersistentLevel.default)
[2017.05.22-01.19.35:089][834]LogBlueprint:Warning: [Compiler PersistentLevel.default] Warning [1637.98] Compile of PersistentLevel.default failed. 1 Fatal Issue(s) 2 Warning(s) [in 0 ms] (/Game/Map/default.default:PersistentLevel.default)
[2017.05.22-01.19.35:089][834]LogBlueprint:Warning: [Compiler PersistentLevel.default] Warning [1637.98] Compile of PersistentLevel.default failed. 1 Fatal Issue(s) 3 Warning(s) [in 0 ms] (/Game/Map/default.default:PersistentLevel.default)
[2017.05.22-01.19.35:090][834]LogBlueprint:Warning: [Compiler PersistentLevel.default] Warning [1637.98] Compile of PersistentLevel.default failed. 1 Fatal Issue(s) 4 Warning(s) [in 0 ms] (/Game/Map/default.default:PersistentLevel.default)
[2017.05.22-01.19.35:090][834]LogBlueprint:Warning: [Compiler PersistentLevel.default] Warning [1637.98] Compile of PersistentLevel.default failed. 1 Fatal Issue(s) 5 Warning(s) [in 0 ms] (/Game/Map/default.default:PersistentLevel.default)
[2017.05.22-01.19.35:109][834]LogPlayLevel: PlayLevel: Blueprint regeneration took 150 ms (1 blueprints)
[2017.05.22-01.19.35:109][834]BlueprintLog: Info Blueprint default failed to compile
[2017.05.22-01.19.57:949][992]BlueprintLog: New page: Compile default
[2017.05.22-01.19.59:750][167]LogTemp: Repeting last play command: New Editor Window (PIE)
[2017.05.22-01.19.59:760][167]LogBlueprintUserMessages: Early PlayInEditor Detection: Level '/Game/Map/default.default:PersistentLevel' has LevelScriptBlueprint '/Game/Map/default.default:PersistentLevel.default' with GeneratedClass '/Game/Map/default.default_C' with ClassGeneratedBy '/Game/Map/default.default:PersistentLevel.default'
[2017.05.22-01.19.59:760][167]LogPlayLevel: PlayLevel: No blueprints needed recompiling
[2017.05.22-01.19.59:760][167]PIE: New page: PIE session: default (22 May 2017 9:19:59 pm)
[2017.05.22-01.19.59:760][167]LogPlayLevel: Creating play world package: /Game/Map/UEDPIE_0_default
[2017.05.22-01.19.59:763][167]LogPlayLevel: PIE: StaticDuplicateObject took: (0.003446s)
[2017.05.22-01.19.59:764][167]LogAIModule: Creating AISystem for world default
[2017.05.22-01.19.59:764][167]LogPlayLevel: PIE: World Init took: (0.000842s)
[2017.05.22-01.19.59:764][167]LogPlayLevel: PIE: Created PIE world by copying editor world from /Game/Map/default.default to /Game/Map/UEDPIE_0_default.default (0.004472s)
[2017.05.22-01.19.59:781][167]LogInit: XAudio2 using 'Realtek Digital Output (Realtek Audio)' : 2 channels at 48 kHz using 16 bits per sample (channel mask 0x3)
[2017.05.22-01.19.59:792][167]LogInit: FAudioDevice initialized.
[2017.05.22-01.19.59:830][167]LogLoad: Game class is 'MyGameMode_C'
[2017.05.22-01.19.59:831][167]LogPhysics:Warning: Initialising Body : Scale3D is (nearly) zero: Component: weapon_knife_412.PickupZone 
[2017.05.22-01.19.59:831][167]LogWorld: Bringing World /Game/Map/UEDPIE_0_default.default up for play (max tick rate 0) at 2017.05.22-11.19.59
[2017.05.22-01.19.59:832][167]LogWorld: Bringing up level for play took: 0.001125
[2017.05.22-01.19.59:839][167]PIE: Info Play in editor start time for /Game/Map/UEDPIE_0_default 0.545
[2017.05.22-01.19.59:840][167]LogBlueprintUserMessages: Late PlayInEditor Detection: Level '/Game/Map/default.default:PersistentLevel' has LevelScriptBlueprint '/Game/Map/default.default:PersistentLevel.default' with GeneratedClass '/Game/Map/default.default_C' with ClassGeneratedBy '/Game/Map/default.default:PersistentLevel.default'
[2017.05.22-01.19.59:961][172]LogBlueprintUserMessages: [weapon_torch_C_0] Cast "MyPlayer" Failed in "Weapon":
[2017.05.22-01.19.59:961][172]LogBlueprintUserMessages: [default_C_0] 4
[2017.05.22-01.20.00:168][193]LogPhysics:Warning: Initialising Body : Scale3D is (nearly) zero: Component: weapon_knife_C_0.PickupZone 
[2017.05.22-01.20.00:168][193]LogBlueprintUserMessages: [weapon_knife_C_0] Cast "MyPlayer" Failed in "Weapon":
[2017.05.22-01.20.00:168][193]LogBlueprintUserMessages: [default_C_0] 5
[2017.05.22-01.20.00:375][214]LogPhysics:Warning: Initialising Body : Scale3D is (nearly) zero: Component: weapon_knife_C_1.PickupZone 
[2017.05.22-01.20.00:375][214]LogBlueprintUserMessages: [weapon_knife_C_1] Cast "MyPlayer" Failed in "Weapon":
[2017.05.22-01.20.00:375][214]LogBlueprintUserMessages: [default_C_0] 6
[2017.05.22-01.20.00:584][235]LogPhysics:Warning: Initialising Body : Scale3D is (nearly) zero: Component: weapon_knife_C_2.PickupZone 
[2017.05.22-01.20.00:584][235]LogBlueprintUserMessages: [weapon_knife_C_2] Cast "MyPlayer" Failed in "Weapon":
[2017.05.22-01.20.00:584][235]LogBlueprintUserMessages: [default_C_0] 7
[2017.05.22-01.20.00:785][256]LogBlueprintUserMessages: [weapon_spear_C_0] Cast "MyPlayer" Failed in "Weapon":
[2017.05.22-01.20.00:785][256]LogBlueprintUserMessages: [default_C_0] 8
[2017.05.22-01.20.00:993][277]LogBlueprintUserMessages: [weapon_spear_C_1] Cast "MyPlayer" Failed in "Weapon":
[2017.05.22-01.20.00:993][277]LogBlueprintUserMessages: [default_C_0] 9
[2017.05.22-01.20.01:199][299]LogBlueprintUserMessages: [weapon_torch_C_1] Cast "MyPlayer" Failed in "Weapon":
[2017.05.22-01.20.01:199][299]LogBlueprintUserMessages: [default_C_0] 10
[2017.05.22-01.20.01:407][321]LogBlueprintUserMessages: [weapon_torch_C_2] Cast "MyPlayer" Failed in "Weapon":
[2017.05.22-01.20.01:407][321]LogBlueprintUserMessages: [default_C_0] 11
[2017.05.22-01.20.01:611][342]LogPhysics:Warning: Initialising Body : Scale3D is (nearly) zero: Component: weapon_knife_C_3.PickupZone 
[2017.05.22-01.20.01:611][342]LogBlueprintUserMessages: [weapon_knife_C_3] Cast "MyPlayer" Failed in "Weapon":
[2017.05.22-01.20.01:611][342]LogBlueprintUserMessages: [default_C_0] 12
[2017.05.22-01.20.01:816][363]LogBlueprintUserMessages: [weapon_torch_C_3] Cast "MyPlayer" Failed in "Weapon":
[2017.05.22-01.20.01:816][363]LogBlueprintUserMessages: [default_C_0] 13
[2017.05.22-01.20.02:023][384]LogBlueprintUserMessages: [weapon_torch_C_4] Cast "MyPlayer" Failed in "Weapon":
[2017.05.22-01.20.02:023][384]LogBlueprintUserMessages: [default_C_0] 14
[2017.05.22-01.20.02:229][405]LogBlueprintUserMessages: [weapon_torch_C_5] Cast "MyPlayer" Failed in "Weapon":
[2017.05.22-01.20.02:229][405]LogBlueprintUserMessages: [default_C_0] 15
[2017.05.22-01.20.02:429][425]LogPhysics:Warning: Initialising Body : Scale3D is (nearly) zero: Component: weapon_knife_C_4.PickupZone 
[2017.05.22-01.20.02:429][425]LogBlueprintUserMessages: [weapon_knife_C_4] Cast "MyPlayer" Failed in "Weapon":
[2017.05.22-01.20.02:429][425]LogBlueprintUserMessages: [default_C_0] 16
[2017.05.22-01.20.02:638][446]LogBlueprintUserMessages: [weapon_torch_C_6] Cast "MyPlayer" Failed in "Weapon":
[2017.05.22-01.20.02:638][446]LogBlueprintUserMessages: [default_C_0] 17
[2017.05.22-01.20.02:845][467]LogBlueprintUserMessages: [weapon_spear_C_2] Cast "MyPlayer" Failed in "Weapon":
[2017.05.22-01.20.02:845][467]LogBlueprintUserMessages: [default_C_0] 18
[2017.05.22-01.20.03:050][488]LogBlueprintUserMessages: [weapon_spear_C_3] Cast "MyPlayer" Failed in "Weapon":
[2017.05.22-01.20.03:050][488]LogBlueprintUserMessages: [default_C_0] 19
[2017.05.22-01.20.03:254][509]LogBlueprintUserMessages: [weapon_spear_C_4] Cast "MyPlayer" Failed in "Weapon":
[2017.05.22-01.20.03:254][509]LogBlueprintUserMessages: [default_C_0] 20
[2017.05.22-01.20.16:054][807]LogBlueprintUserMessages: [weapon_spear_C_5] Cast "MyPlayer" Failed in "Weapon":
[2017.05.22-01.20.17:612][962]LogBlueprintUserMessages: Early EndPlayMap Detection: Level '/Game/Map/default.default:PersistentLevel' has LevelScriptBlueprint '/Game/Map/default.default:PersistentLevel.default' with GeneratedClass '/Game/Map/default.default_C' with ClassGeneratedBy '/Game/Map/default.default:PersistentLevel.default'
[2017.05.22-01.20.17:659][962]LogBlueprintUserMessages: Late EndPlayMap Detection: Level '/Game/Map/default.default:PersistentLevel' has LevelScriptBlueprint '/Game/Map/default.default:PersistentLevel.default' with GeneratedClass '/Game/Map/default.default_C' with ClassGeneratedBy '/Game/Map/default.default:PersistentLevel.default'
[2017.05.22-01.20.18:884][ 65]LogTemp: Repeting last play command: New Editor Window (PIE)
[2017.05.22-01.20.18:893][ 65]LogBlueprintUserMessages: Early PlayInEditor Detection: Level '/Game/Map/default.default:PersistentLevel' has LevelScriptBlueprint '/Game/Map/default.default:PersistentLevel.default' with GeneratedClass '/Game/Map/default.default_C' with ClassGeneratedBy '/Game/Map/default.default:PersistentLevel.default'
[2017.05.22-01.20.18:893][ 65]LogPlayLevel: PlayLevel: No blueprints needed recompiling
[2017.05.22-01.20.18:893][ 65]PIE: New page: PIE session: default (22 May 2017 9:20:18 pm)
[2017.05.22-01.20.18:893][ 65]LogPlayLevel: Creating play world package: /Game/Map/UEDPIE_0_default
[2017.05.22-01.20.18:896][ 65]LogPlayLevel: PIE: StaticDuplicateObject took: (0.003046s)
[2017.05.22-01.20.18:897][ 65]LogAIModule: Creating AISystem for world default
[2017.05.22-01.20.18:897][ 65]LogPlayLevel: PIE: World Init took: (0.000724s)
[2017.05.22-01.20.18:897][ 65]LogPlayLevel: PIE: Created PIE world by copying editor world from /Game/Map/default.default to /Game/Map/UEDPIE_0_default.default (0.004009s)
[2017.05.22-01.20.18:919][ 65]LogInit: XAudio2 using 'Realtek Digital Output (Realtek Audio)' : 2 channels at 48 kHz using 16 bits per sample (channel mask 0x3)
[2017.05.22-01.20.18:932][ 65]LogInit: FAudioDevice initialized.
[2017.05.22-01.20.19:039][ 65]LogLoad: Game class is 'MyGameMode_C'
[2017.05.22-01.20.19:041][ 65]LogPhysics:Warning: Initialising Body : Scale3D is (nearly) zero: Component: weapon_knife_412.PickupZone 
[2017.05.22-01.20.19:041][ 65]LogWorld: Bringing World /Game/Map/UEDPIE_0_default.default up for play (max tick rate 0) at 2017.05.22-11.20.19
[2017.05.22-01.20.19:041][ 65]LogWorld: Bringing up level for play took: 0.001108
[2017.05.22-01.20.19:047][ 65]PIE: Info Play in editor start time for /Game/Map/UEDPIE_0_default -0.248
[2017.05.22-01.20.19:047][ 65]LogBlueprintUserMessages: Late PlayInEditor Detection: Level '/Game/Map/default.default:PersistentLevel' has LevelScriptBlueprint '/Game/Map/default.default:PersistentLevel.default' with GeneratedClass '/Game/Map/default.default_C' with ClassGeneratedBy '/Game/Map/default.default:PersistentLevel.default'
[2017.05.22-01.20.19:118][ 67]LogBlueprintUserMessages: [weapon_torch_C_0] Cast "MyPlayer" Failed in "Weapon":
[2017.05.22-01.20.19:118][ 67]LogBlueprintUserMessages: [default_C_0] 4
[2017.05.22-01.20.19:320][ 88]LogBlueprintUserMessages: [weapon_torch_C_1] Cast "MyPlayer" Failed in "Weapon":
[2017.05.22-01.20.19:320][ 88]LogBlueprintUserMessages: [default_C_0] 5
[2017.05.22-01.20.19:525][109]LogBlueprintUserMessages: [weapon_spear_C_0] Cast "MyPlayer" Failed in "Weapon":
[2017.05.22-01.20.19:525][109]LogBlueprintUserMessages: [default_C_0] 6
[2017.05.22-01.20.19:734][130]LogBlueprintUserMessages: [weapon_torch_C_2] Cast "MyPlayer" Failed in "Weapon":
[2017.05.22-01.20.19:734][130]LogBlueprintUserMessages: [default_C_0] 7
[2017.05.22-01.20.19:935][150]LogBlueprintUserMessages: [weapon_torch_C_3] Cast "MyPlayer" Failed in "Weapon":
[2017.05.22-01.20.19:935][150]LogBlueprintUserMessages: [default_C_0] 8
[2017.05.22-01.20.20:138][170]LogBlueprintUserMessages: [weapon_spear_C_1] Cast "MyPlayer" Failed in "Weapon":
[2017.05.22-01.20.20:138][170]LogBlueprintUserMessages: [default_C_0] 9
[2017.05.22-01.20.20:346][191]LogBlueprintUserMessages: [weapon_spear_C_2] Cast "MyPlayer" Failed in "Weapon":
[2017.05.22-01.20.20:347][191]LogBlueprintUserMessages: [default_C_0] 10
[2017.05.22-01.20.20:554][212]LogBlueprintUserMessages: [weapon_torch_C_4] Cast "MyPlayer" Failed in "Weapon":
[2017.05.22-01.20.20:554][212]LogBlueprintUserMessages: [default_C_0] 11
[2017.05.22-01.20.20:762][233]LogBlueprintUserMessages: [weapon_torch_C_5] Cast "MyPlayer" Failed in "Weapon":
[2017.05.22-01.20.20:762][233]LogBlueprintUserMessages: [default_C_0] 12
[2017.05.22-01.20.20:970][254]LogPhysics:Warning: Initialising Body : Scale3D is (nearly) zero: Component: weapon_knife_C_0.PickupZone 
[2017.05.22-01.20.20:970][254]LogBlueprintUserMessages: [weapon_knife_C_0] Cast "MyPlayer" Failed in "Weapon":
[2017.05.22-01.20.20:970][254]LogBlueprintUserMessages: [default_C_0] 13
[2017.05.22-01.20.21:178][275]LogBlueprintUserMessages: [weapon_spear_C_3] Cast "MyPlayer" Failed in "Weapon":
[2017.05.22-01.20.21:178][275]LogBlueprintUserMessages: [default_C_0] 14
[2017.05.22-01.20.21:379][295]LogBlueprintUserMessages: [weapon_torch_C_6] Cast "MyPlayer" Failed in "Weapon":
[2017.05.22-01.20.21:379][295]LogBlueprintUserMessages: [default_C_0] 15
[2017.05.22-01.20.21:581][316]LogPhysics:Warning: Initialising Body : Scale3D is (nearly) zero: Component: weapon_knife_C_1.PickupZone 
[2017.05.22-01.20.21:581][316]LogBlueprintUserMessages: [weapon_knife_C_1] Cast "MyPlayer" Failed in "Weapon":
[2017.05.22-01.20.21:581][316]LogBlueprintUserMessages: [default_C_0] 16
[2017.05.22-01.20.21:781][336]LogPhysics:Warning: Initialising Body : Scale3D is (nearly) zero: Component: weapon_knife_C_2.PickupZone 
[2017.05.22-01.20.21:782][336]LogBlueprintUserMessages: [weapon_knife_C_2] Cast "MyPlayer" Failed in "Weapon":
[2017.05.22-01.20.21:782][336]LogBlueprintUserMessages: [default_C_0] 17
[2017.05.22-01.20.21:982][357]LogPhysics:Warning: Initialising Body : Scale3D is (nearly) zero: Component: weapon_knife_C_3.PickupZone 
[2017.05.22-01.20.21:982][357]LogBlueprintUserMessages: [weapon_knife_C_3] Cast "MyPlayer" Failed in "Weapon":
[2017.05.22-01.20.21:982][357]LogBlueprintUserMessages: [default_C_0] 18
[2017.05.22-01.20.22:188][378]LogBlueprintUserMessages: [weapon_spear_C_4] Cast "MyPlayer" Failed in "Weapon":
[2017.05.22-01.20.22:188][378]LogBlueprintUserMessages: [default_C_0] 19
[2017.05.22-01.20.22:357][395]LogBlueprintUserMessages: [weapon_spear_C_5] Cast "MyPlayer" Failed in "Weapon":
[2017.05.22-01.20.22:397][399]LogPhysics:Warning: Initialising Body : Scale3D is (nearly) zero: Component: weapon_knife_C_4.PickupZone 
[2017.05.22-01.20.22:397][399]LogBlueprintUserMessages: [weapon_knife_C_4] Cast "MyPlayer" Failed in "Weapon":
[2017.05.22-01.20.22:397][399]LogBlueprintUserMessages: [default_C_0] 20
[2017.05.22-01.20.22:634][423]LogBlueprintUserMessages: [weapon_knife_C_1] Cast "MyPlayer" Failed in "Weapon":
[2017.05.22-01.20.24:200][582]LogPhysics:Warning: Initialising Body : Scale3D is (nearly) zero: Component: weapon_spear_C_5.PickupZone 
[2017.05.22-01.20.24:200][582]LogBlueprintUserMessages: [weapon_spear_C_5] Cast "MyPlayer" Failed in "Weapon":
[2017.05.22-01.20.24:201][582]LogPhysics:Warning: Initialising Body : Scale3D is (nearly) zero: Component: weapon_spear_C_5.PickupZone 
[2017.05.22-01.20.25:207][685]LogBlueprintUserMessages: Early EndPlayMap Detection: Level '/Game/Map/default.default:PersistentLevel' has LevelScriptBlueprint '/Game/Map/default.default:PersistentLevel.default' with GeneratedClass '/Game/Map/default.default_C' with ClassGeneratedBy '/Game/Map/default.default:PersistentLevel.default'
[2017.05.22-01.20.25:247][685]LogBlueprintUserMessages: Late EndPlayMap Detection: Level '/Game/Map/default.default:PersistentLevel' has LevelScriptBlueprint '/Game/Map/default.default:PersistentLevel.default' with GeneratedClass '/Game/Map/default.default_C' with ClassGeneratedBy '/Game/Map/default.default:PersistentLevel.default'
[2017.05.22-01.20.33:973][432]LogBlueprintUserMessages: [weapon_torch_C_2] Cast "MyPlayer" Failed in "Weapon":
[2017.05.22-01.21.50:277][ 13]LogActorComponent: ReregisterComponent: (/Engine/Transient.World_4:PersistentLevel.weapon_torch_C_0.Sphere) Not currently registered. Aborting.
[2017.05.22-01.21.50:277][ 13]LogActorComponent: ReregisterComponent: (/Engine/Transient.World_18:PersistentLevel.weapon_torch_C_2.Sphere) Not currently registered. Aborting.
[2017.05.22-01.21.50:277][ 13]LogActorComponent: ReregisterComponent: (/Game/Map/default.default:PersistentLevel.weapon_torch_515.Sphere) Not currently registered. Aborting.
[2017.05.22-01.21.53:248][237]LogActorComponent: ReregisterComponent: (/Game/Map/default.default:PersistentLevel.weapon_torch_515.Sphere) Not currently registered. Aborting.
[2017.05.22-01.21.53:248][237]LogActorComponent: ReregisterComponent: (/Engine/Transient.World_4:PersistentLevel.weapon_torch_C_0.Sphere) Not currently registered. Aborting.
[2017.05.22-01.21.53:248][237]LogActorComponent: ReregisterComponent: (/Engine/Transient.World_18:PersistentLevel.weapon_torch_C_2.Sphere) Not currently registered. Aborting.
[2017.05.22-01.21.54:542][332]BlueprintLog: New page: Compile weapon_torch
[2017.05.22-01.21.55:145][363]LogSavePackage: Save=15.14ms
[2017.05.22-01.21.55:145][363]LogSavePackage: Moving '../../../../../../Users/L201701306/Desktop/Andrew Stuff/Finnished/pew/Saved/weapon_torchF0981DFF4F44F77F60553F8440E916AB.tmp' to '../../../../../../Users/L201701306/Desktop/Andrew Stuff/Finnished/pew/Content/AndrewsAssets/Blueprints/Weapon/Melee/weapon_torch.uasset'
[2017.05.22-01.21.55:147][363]LogSavePackage:Display: Finished SavePackage ../../../../../../Users/L201701306/Desktop/Andrew Stuff/Finnished/pew/Content/AndrewsAssets/Blueprints/Weapon/Melee/weapon_torch.uasset
[2017.05.22-01.21.59:966][761]LogTemp: Repeting last play command: New Editor Window (PIE)
[2017.05.22-01.21.59:976][761]LogBlueprintUserMessages: Early PlayInEditor Detection: Level '/Game/Map/default.default:PersistentLevel' has LevelScriptBlueprint '/Game/Map/default.default:PersistentLevel.default' with GeneratedClass '/Game/Map/default.default_C' with ClassGeneratedBy '/Game/Map/default.default:PersistentLevel.default'
[2017.05.22-01.21.59:976][761]LogPlayLevel: PlayLevel: No blueprints needed recompiling
[2017.05.22-01.21.59:976][761]PIE: New page: PIE session: default (22 May 2017 9:21:59 pm)
[2017.05.22-01.21.59:976][761]LogPlayLevel: Creating play world package: /Game/Map/UEDPIE_0_default
[2017.05.22-01.21.59:979][761]LogPlayLevel: PIE: StaticDuplicateObject took: (0.003029s)
[2017.05.22-01.21.59:980][761]LogAIModule: Creating AISystem for world default
[2017.05.22-01.21.59:980][761]LogPlayLevel: PIE: World Init took: (0.000883s)
[2017.05.22-01.21.59:980][761]LogPlayLevel: PIE: Created PIE world by copying editor world from /Game/Map/default.default to /Game/Map/UEDPIE_0_default.default (0.004111s)
[2017.05.22-01.21.59:999][761]LogInit: XAudio2 using 'Realtek Digital Output (Realtek Audio)' : 2 channels at 48 kHz using 16 bits per sample (channel mask 0x3)
[2017.05.22-01.22.00:012][761]LogInit: FAudioDevice initialized.
[2017.05.22-01.22.00:046][761]LogLoad: Game class is 'MyGameMode_C'
[2017.05.22-01.22.00:047][761]LogPhysics:Warning: Initialising Body : Scale3D is (nearly) zero: Component: weapon_knife_412.PickupZone 
[2017.05.22-01.22.00:048][761]LogWorld: Bringing World /Game/Map/UEDPIE_0_default.default up for play (max tick rate 0) at 2017.05.22-11.22.00
[2017.05.22-01.22.00:048][761]LogWorld: Bringing up level for play took: 0.001047
[2017.05.22-01.22.00:054][761]PIE: Info Play in editor start time for /Game/Map/UEDPIE_0_default 0.759
[2017.05.22-01.22.00:054][761]LogBlueprintUserMessages: Late PlayInEditor Detection: Level '/Game/Map/default.default:PersistentLevel' has LevelScriptBlueprint '/Game/Map/default.default:PersistentLevel.default' with GeneratedClass '/Game/Map/default.default_C' with ClassGeneratedBy '/Game/Map/default.default:PersistentLevel.default'
[2017.05.22-01.22.00:173][768]LogBlueprintUserMessages: [weapon_torch_C_0] Cast "MyPlayer" Failed in "Weapon":
[2017.05.22-01.22.00:173][768]LogBlueprintUserMessages: [default_C_0] 4
[2017.05.22-01.22.00:376][789]LogBlueprintUserMessages: [weapon_torch_C_1] Cast "MyPlayer" Failed in "Weapon":
[2017.05.22-01.22.00:376][789]LogBlueprintUserMessages: [default_C_0] 5
[2017.05.22-01.22.00:584][810]LogBlueprintUserMessages: [weapon_spear_C_0] Cast "MyPlayer" Failed in "Weapon":
[2017.05.22-01.22.00:584][810]LogBlueprintUserMessages: [default_C_0] 6
[2017.05.22-01.22.00:792][831]LogBlueprintUserMessages: [weapon_spear_C_1] Cast "MyPlayer" Failed in "Weapon":
[2017.05.22-01.22.00:792][831]LogBlueprintUserMessages: [default_C_0] 7
[2017.05.22-01.22.01:000][852]LogPhysics:Warning: Initialising Body : Scale3D is (nearly) zero: Component: weapon_knife_C_0.PickupZone 
[2017.05.22-01.22.01:000][852]LogBlueprintUserMessages: [weapon_knife_C_0] Cast "MyPlayer" Failed in "Weapon":
[2017.05.22-01.22.01:000][852]LogBlueprintUserMessages: [default_C_0] 8
[2017.05.22-01.22.01:208][873]LogBlueprintUserMessages: [weapon_torch_C_2] Cast "MyPlayer" Failed in "Weapon":
[2017.05.22-01.22.01:208][873]LogBlueprintUserMessages: [default_C_0] 9
[2017.05.22-01.22.01:409][893]LogBlueprintUserMessages: [weapon_torch_C_3] Cast "MyPlayer" Failed in "Weapon":
[2017.05.22-01.22.01:409][893]LogBlueprintUserMessages: [default_C_0] 10
[2017.05.22-01.22.01:616][914]LogBlueprintUserMessages: [weapon_torch_C_4] Cast "MyPlayer" Failed in "Weapon":
[2017.05.22-01.22.01:616][914]LogBlueprintUserMessages: [default_C_0] 11
[2017.05.22-01.22.01:823][935]LogBlueprintUserMessages: [weapon_torch_C_5] Cast "MyPlayer" Failed in "Weapon":
[2017.05.22-01.22.01:823][935]LogBlueprintUserMessages: [default_C_0] 12
[2017.05.22-01.22.02:032][956]LogPhysics:Warning: Initialising Body : Scale3D is (nearly) zero: Component: weapon_knife_C_1.PickupZone 
[2017.05.22-01.22.02:032][956]LogBlueprintUserMessages: [weapon_knife_C_1] Cast "MyPlayer" Failed in "Weapon":
[2017.05.22-01.22.02:032][956]LogBlueprintUserMessages: [default_C_0] 13
[2017.05.22-01.22.02:241][977]LogBlueprintUserMessages: [weapon_spear_C_2] Cast "MyPlayer" Failed in "Weapon":
[2017.05.22-01.22.02:241][977]LogBlueprintUserMessages: [default_C_0] 14
[2017.05.22-01.22.02:450][998]LogBlueprintUserMessages: [weapon_torch_C_6] Cast "MyPlayer" Failed in "Weapon":
[2017.05.22-01.22.02:450][998]LogBlueprintUserMessages: [default_C_0] 15
[2017.05.22-01.22.02:631][ 16]LogBlueprintUserMessages: [weapon_torch_C_7] Cast "MyPlayer" Failed in "Weapon":
[2017.05.22-01.22.02:652][ 18]LogPhysics:Warning: Initialising Body : Scale3D is (nearly) zero: Component: weapon_knife_C_2.PickupZone 
[2017.05.22-01.22.02:652][ 18]LogBlueprintUserMessages: [weapon_knife_C_2] Cast "MyPlayer" Failed in "Weapon":
[2017.05.22-01.22.02:652][ 18]LogBlueprintUserMessages: [default_C_0] 16
[2017.05.22-01.22.02:851][ 38]LogBlueprintUserMessages: [weapon_torch_C_9] Cast "MyPlayer" Failed in "Weapon":
[2017.05.22-01.22.02:851][ 38]LogBlueprintUserMessages: [default_C_0] 17
[2017.05.22-01.22.03:051][ 58]LogBlueprintUserMessages: [weapon_spear_C_3] Cast "MyPlayer" Failed in "Weapon":
[2017.05.22-01.22.03:051][ 58]LogBlueprintUserMessages: [default_C_0] 18
[2017.05.22-01.22.03:260][ 79]LogBlueprintUserMessages: [weapon_torch_C_10] Cast "MyPlayer" Failed in "Weapon":
[2017.05.22-01.22.03:260][ 79]LogBlueprintUserMessages: [default_C_0] 19
[2017.05.22-01.22.03:467][100]LogBlueprintUserMessages: [weapon_torch_C_11] Cast "MyPlayer" Failed in "Weapon":
[2017.05.22-01.22.03:467][100]LogBlueprintUserMessages: [default_C_0] 20
[2017.05.22-01.22.04:344][192]LogBlueprintUserMessages: Early EndPlayMap Detection: Level '/Game/Map/default.default:PersistentLevel' has LevelScriptBlueprint '/Game/Map/default.default:PersistentLevel.default' with GeneratedClass '/Game/Map/default.default_C' with ClassGeneratedBy '/Game/Map/default.default:PersistentLevel.default'
[2017.05.22-01.22.04:386][192]LogBlueprintUserMessages: Late EndPlayMap Detection: Level '/Game/Map/default.default:PersistentLevel' has LevelScriptBlueprint '/Game/Map/default.default:PersistentLevel.default' with GeneratedClass '/Game/Map/default.default_C' with ClassGeneratedBy '/Game/Map/default.default:PersistentLevel.default'
[2017.05.22-01.22.05:822][330]Cmd: OBJ SAVEPACKAGE PACKAGE="/Game/Map/default" FILE="../../../../../../Users/L201701306/Desktop/Andrew Stuff/Finnished/pew/Content/Map/default.umap" SILENT=true AUTOSAVING=false KEEPDIRTY=false
[2017.05.22-01.22.05:949][330]LogSavePackage: Save=100.74ms
[2017.05.22-01.22.05:949][330]LogSavePackage: Moving '../../../../../../Users/L201701306/Desktop/Andrew Stuff/Finnished/pew/Saved/default6B3EFBF442F678221E9D229B57D4F2B3.tmp' to '../../../../../../Users/L201701306/Desktop/Andrew Stuff/Finnished/pew/Content/Map/default.umap'
[2017.05.22-01.22.05:951][330]LogSavePackage:Display: Finished SavePackage ../../../../../../Users/L201701306/Desktop/Andrew Stuff/Finnished/pew/Content/Map/default.umap
[2017.05.22-01.22.05:975][330]Cmd: OBJ SAVEPACKAGE PACKAGE="/Game/Map/default_BuiltData" FILE="../../../../../../Users/L201701306/Desktop/Andrew Stuff/Finnished/pew/Content/Map/default_BuiltData.uasset" SILENT=true
[2017.05.22-01.22.05:996][330]LogSavePackage: Save=7.67ms
[2017.05.22-01.22.05:996][330]LogSavePackage: Moving '../../../../../../Users/L201701306/Desktop/Andrew Stuff/Finnished/pew/Saved/default_BuiltDataD21908D6488E4F43D4A90BBA1A4897C4.tmp' to '../../../../../../Users/L201701306/Desktop/Andrew Stuff/Finnished/pew/Content/Map/default_BuiltData.uasset'
[2017.05.22-01.22.05:997][330]LogSavePackage:Display: Finished SavePackage ../../../../../../Users/L201701306/Desktop/Andrew Stuff/Finnished/pew/Content/Map/default_BuiltData.uasset
[2017.05.22-01.22.07:020][422]Cmd: QUIT_EDITOR
[2017.05.22-01.22.07:593][422]LogWindowsTextInputMethodSystem:Display: IME system now deactivated.
[2017.05.22-01.22.07:643][422]LogExit: Preparing to exit.
[2017.05.22-01.22.08:934][422]LogDirectoryWatcher: A directory notification for 'C:/Users/L201701306/Desktop/Andrew Stuff/Finnished/pew/Content/' was aborted.
[2017.05.22-01.22.08:974][422]LogExit: Editor shut down
[2017.05.22-01.22.08:974][422]LogExit: Transaction tracking system shut down
[2017.05.22-01.22.09:051][422]LogObj: Freed 0b from 0 cluster array pools.
[2017.05.22-01.22.09:051][422]LogExit: Object subsystem successfully closed.
[2017.05.22-01.22.09:066][422]LogD3D11RHI: Shutdown
[2017.05.22-01.22.09:066][422]LogD3D11RHI: CleanupD3DDevice
[2017.05.22-01.22.09:151][422]LogD3D11RHI: ~FD3D11DynamicRHI
[2017.05.22-01.22.09:165][422]LogModuleManager: Shutting down and abandoning module SequencerWidgets (508)
[2017.05.22-01.22.09:165][422]LogModuleManager: Shutting down and abandoning module BlueprintGraph (506)
[2017.05.22-01.22.09:165][422]LogModuleManager: Shutting down and abandoning module BlueprintProfiler (504)
[2017.05.22-01.22.09:165][422]LogModuleManager: Shutting down and abandoning module ExternalImagePicker (502)
[2017.05.22-01.22.09:165][422]LogModuleManager: Shutting down and abandoning module StatsViewer (500)
[2017.05.22-01.22.09:165][422]LogModuleManager: Shutting down and abandoning module MovieSceneCapture (498)
[2017.05.22-01.22.09:165][422]LogModuleManager: Shutting down and abandoning module HierarchicalLODOutliner (496)
[2017.05.22-01.22.09:165][422]LogModuleManager: Shutting down and abandoning module CrashTracker (494)
[2017.05.22-01.22.09:165][422]LogModuleManager: Shutting down and abandoning module SceneOutliner (492)
[2017.05.22-01.22.09:165][422]LogModuleManager: Shutting down and abandoning module AddContentDialog (490)
[2017.05.22-01.22.09:166][422]LogDirectoryWatcher: A directory notification for 'C:/Program Files/Epic Games/UE_4.15/FeaturePacks/' was aborted.
[2017.05.22-01.22.09:166][422]LogModuleManager: Shutting down and abandoning module WidgetCarousel (489)
[2017.05.22-01.22.09:166][422]LogModuleManager: Shutting down and abandoning module EditorWidgets (486)
[2017.05.22-01.22.09:166][422]LogModuleManager: Shutting down and abandoning module CollectionManager (484)
[2017.05.22-01.22.09:166][422]LogDirectoryWatcher: A directory notification for 'C:/Users/L201701306/Desktop/Andrew Stuff/Finnished/pew/Content/Collections/' was aborted.
[2017.05.22-01.22.09:166][422]LogDirectoryWatcher: A directory notification for 'C:/Users/L201701306/Desktop/Andrew Stuff/Finnished/pew/Content/Developers/L201701306/Collections/' was aborted.
[2017.05.22-01.22.09:166][422]LogDirectoryWatcher: A directory notification for 'C:/Users/L201701306/Desktop/Andrew Stuff/Finnished/pew/Saved/Collections/' was aborted.
[2017.05.22-01.22.09:166][422]LogModuleManager: Shutting down and abandoning module FoliageEdit (482)
[2017.05.22-01.22.09:166][422]LogModuleManager: Shutting down and abandoning module LandscapeEditor (480)
[2017.05.22-01.22.09:166][422]LogModuleManager: Shutting down and abandoning module SceneDepthPickerMode (478)
[2017.05.22-01.22.09:166][422]LogModuleManager: Shutting down and abandoning module ActorPickerMode (476)
[2017.05.22-01.22.09:166][422]LogModuleManager: Shutting down and abandoning module GeometryMode (474)
[2017.05.22-01.22.09:167][422]LogModuleManager: Shutting down and abandoning module TextureAlignMode (472)
[2017.05.22-01.22.09:167][422]LogModuleManager: Shutting down and abandoning module BspMode (470)
[2017.05.22-01.22.09:167][422]LogModuleManager: Shutting down and abandoning module HardwareSurvey (468)
[2017.05.22-01.22.09:167][422]LogModuleManager: Shutting down and abandoning module SequenceRecorderSections (466)
[2017.05.22-01.22.09:167][422]LogModuleManager: Shutting down and abandoning module AutomationWorker (464)
[2017.05.22-01.22.09:167][422]LogModuleManager: Shutting down and abandoning module MatineeToLevelSequence (462)
[2017.05.22-01.22.09:167][422]LogModuleManager: Shutting down and abandoning module LevelSequenceEditor (460)
[2017.05.22-01.22.09:167][422]LogModuleManager: Shutting down and abandoning module PlacementMode (459)
[2017.05.22-01.22.09:167][422]LogModuleManager: Shutting down and abandoning module WmfMediaFactory (456)
[2017.05.22-01.22.09:167][422]LogModuleManager: Shutting down and abandoning module WmfMediaEditor (454)
[2017.05.22-01.22.09:167][422]LogModuleManager: Shutting down and abandoning module MfMediaFactory (452)
[2017.05.22-01.22.09:167][422]LogModuleManager: Shutting down and abandoning module MfMediaEditor (450)
[2017.05.22-01.22.09:167][422]LogModuleManager: Shutting down and abandoning module AvfMediaFactory (448)
[2017.05.22-01.22.09:167][422]LogModuleManager: Shutting down and abandoning module AvfMediaEditor (446)
[2017.05.22-01.22.09:167][422]LogModuleManager: Shutting down and abandoning module AndroidMediaFactory (444)
[2017.05.22-01.22.09:167][422]LogModuleManager: Shutting down and abandoning module Media (443)
[2017.05.22-01.22.09:167][422]LogModuleManager: Shutting down and abandoning module AndroidMediaEditor (440)
[2017.05.22-01.22.09:167][422]LogModuleManager: Shutting down and abandoning module CharacterAI (438)
[2017.05.22-01.22.09:167][422]LogModuleManager: Shutting down and abandoning module AudioCapture (436)
[2017.05.22-01.22.09:167][422]LogModuleManager: Shutting down and abandoning module SequenceRecorder (435)
[2017.05.22-01.22.09:167][422]LogModuleManager: Shutting down and abandoning module SmartSnapping (432)
[2017.05.22-01.22.09:167][422]LogModuleManager: Shutting down and abandoning module SessionServices (430)
[2017.05.22-01.22.09:167][422]LogModuleManager: Shutting down and abandoning module ViewportSnapping (428)
[2017.05.22-01.22.09:167][422]LogModuleManager: Shutting down and abandoning module ViewportInteraction (426)
[2017.05.22-01.22.09:167][422]LogModuleManager: Shutting down and abandoning module LogVisualizer (424)
[2017.05.22-01.22.09:167][422]LogModuleManager: Shutting down and abandoning module IntroTutorials (422)
[2017.05.22-01.22.09:167][422]LogModuleManager: Shutting down and abandoning module GameProjectGeneration (421)
[2017.05.22-01.22.09:167][422]LogModuleManager: Shutting down and abandoning module EditorLiveStreaming (418)
[2017.05.22-01.22.09:167][422]LogModuleManager: Shutting down and abandoning module IOSPlatformEditor (416)
[2017.05.22-01.22.09:167][422]LogModuleManager: Shutting down and abandoning module HTML5PlatformEditor (414)
[2017.05.22-01.22.09:167][422]LogModuleManager: Shutting down and abandoning module AndroidPlatformEditor (412)
[2017.05.22-01.22.09:167][422]LogModuleManager: Shutting down and abandoning module AndroidDeviceDetection (411)
[2017.05.22-01.22.09:291][422]LogModuleManager: Shutting down and abandoning module IOSRuntimeSettings (408)
[2017.05.22-01.22.09:291][422]LogModuleManager: Shutting down and abandoning module AndroidRuntimeSettings (406)
[2017.05.22-01.22.09:291][422]LogModuleManager: Shutting down and abandoning module InputBindingEditor (404)
[2017.05.22-01.22.09:291][422]LogModuleManager: Shutting down and abandoning module NiagaraEditor (402)
[2017.05.22-01.22.09:291][422]LogModuleManager: Shutting down and abandoning module MergeActors (400)
[2017.05.22-01.22.09:291][422]LogModuleManager: Shutting down and abandoning module SizeMap (398)
[2017.05.22-01.22.09:291][422]LogModuleManager: Shutting down and abandoning module TreeMap (396)
[2017.05.22-01.22.09:291][422]LogModuleManager: Shutting down and abandoning module ReferenceViewer (394)
[2017.05.22-01.22.09:291][422]LogModuleManager: Shutting down and abandoning module LocalizationDashboard (392)
[2017.05.22-01.22.09:291][422]LogModuleManager: Shutting down and abandoning module LocalizationService (391)
[2017.05.22-01.22.09:291][422]LogModuleManager: Shutting down and abandoning module HardwareTargeting (388)
[2017.05.22-01.22.09:291][422]LogModuleManager: Shutting down and abandoning module DeviceProfileEditor (386)
[2017.05.22-01.22.09:291][422]LogModuleManager: Shutting down and abandoning module UndoHistory (384)
[2017.05.22-01.22.09:291][422]LogModuleManager: Shutting down and abandoning module UserFeedback (382)
[2017.05.22-01.22.09:292][422]LogModuleManager: Shutting down and abandoning module XmlParser (380)
[2017.05.22-01.22.09:292][422]LogModuleManager: Shutting down and abandoning module Blutility (378)
[2017.05.22-01.22.09:292][422]LogModuleManager: Shutting down and abandoning module ProjectSettingsViewer (376)
[2017.05.22-01.22.09:292][422]LogModuleManager: Shutting down and abandoning module ProjectTargetPlatformEditor (375)
[2017.05.22-01.22.09:292][422]LogModuleManager: Shutting down and abandoning module EditorSettingsViewer (372)
[2017.05.22-01.22.09:292][422]LogModuleManager: Shutting down and abandoning module SettingsEditor (370)
[2017.05.22-01.22.09:292][422]LogModuleManager: Shutting down and abandoning module ProjectLauncher (368)
[2017.05.22-01.22.09:292][422]LogModuleManager: Shutting down and abandoning module SessionFrontend (366)
[2017.05.22-01.22.09:292][422]LogModuleManager: Shutting down and abandoning module ProfilerClient (364)
[2017.05.22-01.22.09:292][422]LogModuleManager: Shutting down and abandoning module DeviceManager (362)
[2017.05.22-01.22.09:293][422]LogModuleManager: Shutting down and abandoning module TargetDeviceServices (361)
[2017.05.22-01.22.09:346][422]LogModuleManager: Shutting down and abandoning module AutomationController (358)
[2017.05.22-01.22.09:346][422]LogModuleManager: Shutting down and abandoning module AutomationWindow (356)
[2017.05.22-01.22.09:346][422]LogModuleManager: Shutting down and abandoning module Layers (354)
[2017.05.22-01.22.09:346][422]LogModuleManager: Shutting down and abandoning module ComponentVisualizers (352)
[2017.05.22-01.22.09:346][422]LogModuleManager: Shutting down and abandoning module DetailCustomizations (350)
[2017.05.22-01.22.09:346][422]LogModuleManager: Shutting down and abandoning module PackagesDialog (348)
[2017.05.22-01.22.09:347][422]LogModuleManager: Shutting down and abandoning module Persona (346)
[2017.05.22-01.22.09:347][422]LogModuleManager: Shutting down and abandoning module AnimGraph (345)
[2017.05.22-01.22.09:347][422]LogModuleManager: Shutting down and abandoning module Kismet (342)
[2017.05.22-01.22.09:369][422]LogModuleManager: Shutting down and abandoning module GraphEditor (340)
[2017.05.22-01.22.09:369][422]LogModuleManager: Shutting down and abandoning module ClassViewer (338)
[2017.05.22-01.22.09:369][422]LogModuleManager: Shutting down and abandoning module Toolbox (336)
[2017.05.22-01.22.09:369][422]LogModuleManager: Shutting down and abandoning module ModuleUI (334)
[2017.05.22-01.22.09:369][422]LogModuleManager: Shutting down and abandoning module MovieSceneTools (332)
[2017.05.22-01.22.09:369][422]LogModuleManager: Shutting down and abandoning module OutputLog (330)
[2017.05.22-01.22.09:369][422]LogModuleManager: Shutting down and abandoning module GammaUI (328)
[2017.05.22-01.22.09:369][422]LogModuleManager: Shutting down and abandoning module Documentation (326)
[2017.05.22-01.22.09:370][422]LogModuleManager: Shutting down and abandoning module Niagara (324)
[2017.05.22-01.22.09:370][422]LogModuleManager: Shutting down and abandoning module StreamingPauseRendering (322)
[2017.05.22-01.22.09:370][422]LogModuleManager: Shutting down and abandoning module AnalyticsET (320)
[2017.05.22-01.22.09:370][422]LogModuleManager: Shutting down and abandoning module PortalServices (318)
[2017.05.22-01.22.09:370][422]LogModuleManager: Shutting down and abandoning module PortalRpc (316)
[2017.05.22-01.22.09:370][422]LogModuleManager: Shutting down and abandoning module MessagingRpc (314)
[2017.05.22-01.22.09:370][422]LogModuleManager: Shutting down and abandoning module AIModule (312)
[2017.05.22-01.22.09:370][422]LogModuleManager: Shutting down and abandoning module GameplayDebugger (311)
[2017.05.22-01.22.09:370][422]LogModuleManager: Shutting down and abandoning module AITestSuite (309)
[2017.05.22-01.22.09:370][422]LogModuleManager: Shutting down and abandoning module ProfilerService (306)
[2017.05.22-01.22.09:589][422]LogModuleManager: Shutting down and abandoning module TaskGraph (304)
[2017.05.22-01.22.09:589][422]LogModuleManager: Shutting down and abandoning module SteamVRController (302)
[2017.05.22-01.22.09:589][422]LogModuleManager: Shutting down and abandoning module SteamVR (300)
[2017.05.22-01.22.09:589][422]LogModuleManager: Shutting down and abandoning module ProceduralMeshComponentEditor (298)
[2017.05.22-01.22.09:589][422]LogModuleManager: Shutting down and abandoning module ProceduralMeshComponent (296)
[2017.05.22-01.22.09:589][422]LogModuleManager: Shutting down and abandoning module OculusLibrary (294)
[2017.05.22-01.22.09:589][422]LogModuleManager: Shutting down and abandoning module OculusInput (292)
[2017.05.22-01.22.09:589][422]LogModuleManager: Shutting down and abandoning module MobilePatchingUtils (290)
[2017.05.22-01.22.09:589][422]LogModuleManager: Shutting down and abandoning module CustomMeshComponent (288)
[2017.05.22-01.22.09:589][422]LogModuleManager: Shutting down and abandoning module CableComponent (286)
[2017.05.22-01.22.09:589][422]LogModuleManager: Shutting down and abandoning module ArchVisCharacter (284)
[2017.05.22-01.22.09:589][422]LogModuleManager: Shutting down and abandoning module MediaPlayerEditor (280)
[2017.05.22-01.22.09:589][422]LogModuleManager: Shutting down and abandoning module HTML5Networking (278)
[2017.05.22-01.22.09:589][422]LogModuleManager: Shutting down and abandoning module AlembicImporter (276)
[2017.05.22-01.22.09:589][422]LogModuleManager: Shutting down and abandoning module AlembicLibrary (275)
[2017.05.22-01.22.09:589][422]LogModuleManager: Shutting down and abandoning module GeometryCache (274)
[2017.05.22-01.22.09:589][422]LogModuleManager: Shutting down and abandoning module GeometryCacheEd (273)
[2017.05.22-01.22.09:589][422]LogModuleManager: Shutting down and abandoning module SuperSearchEditor (268)
[2017.05.22-01.22.09:589][422]LogModuleManager: Shutting down and abandoning module SuperSearch (267)
[2017.05.22-01.22.09:589][422]LogModuleManager: Shutting down and abandoning module SpeedTreeImporter (264)
[2017.05.22-01.22.09:590][422]LogModuleManager: Shutting down and abandoning module PluginBrowser (262)
[2017.05.22-01.22.09:590][422]LogModuleManager: Shutting down and abandoning module MobileLauncherProfileWizard (260)
[2017.05.22-01.22.09:590][422]LogModuleManager: Shutting down and abandoning module EpicSurvey (258)
[2017.05.22-01.22.09:590][422]LogModuleManager: Shutting down and abandoning module VisualStudioSourceCodeAccess (256)
[2017.05.22-01.22.09:590][422]LogModuleManager: Shutting down and abandoning module DesktopPlatform (255)
[2017.05.22-01.22.09:590][422]LogModuleManager: Shutting down and abandoning module UObjectPlugin (252)
[2017.05.22-01.22.09:590][422]LogModuleManager: Shutting down and abandoning module SubversionSourceControl (250)
[2017.05.22-01.22.09:590][422]LogModuleManager: Shutting down and abandoning module PerforceSourceControl (248)
[2017.05.22-01.22.09:590][422]LogModuleManager: Shutting down and abandoning module GitSourceControl (246)
[2017.05.22-01.22.09:590][422]LogModuleManager: Shutting down and abandoning module SourceControl (245)
[2017.05.22-01.22.09:590][422]LogModuleManager: Shutting down and abandoning module LightPropagationVolumeEditor (242)
[2017.05.22-01.22.09:590][422]LogModuleManager: Shutting down and abandoning module PaperTiledImporter (240)
[2017.05.22-01.22.09:590][422]LogModuleManager: Shutting down and abandoning module PaperSpriteSheetImporter (238)
[2017.05.22-01.22.09:590][422]LogModuleManager: Shutting down and abandoning module Paper2DEditor (236)
[2017.05.22-01.22.09:590][422]LogModuleManager: Shutting down and abandoning module MeshPaint (235)
[2017.05.22-01.22.09:591][422]LogModuleManager: Shutting down and abandoning module LevelEditor (233)
[2017.05.22-01.22.09:593][422]LogModuleManager: Shutting down and abandoning module PixelInspectorModule (232)
[2017.05.22-01.22.09:593][422]LogModuleManager: Shutting down and abandoning module MainFrame (230)
[2017.05.22-01.22.09:593][422]LogModuleManager: Shutting down and abandoning module HotReload (229)
[2017.05.22-01.22.09:594][422]LogModuleManager: Shutting down and abandoning module ContentBrowser (225)
[2017.05.22-01.22.09:597][422]LogModuleManager: Shutting down and abandoning module PhysXVehiclesEditor (222)
[2017.05.22-01.22.09:597][422]LogModuleManager: Shutting down and abandoning module PhysXVehicles (220)
[2017.05.22-01.22.09:597][422]LogModuleManager: Shutting down and abandoning module LocationServicesBPLibrary (218)
[2017.05.22-01.22.09:597][422]LogModuleManager: Shutting down and abandoning module UdpMessaging (216)
[2017.05.22-01.22.09:698][422]LogModuleManager: Shutting down and abandoning module TcpMessaging (214)
[2017.05.22-01.22.09:799][422]LogModuleManager: Shutting down and abandoning module GameplayTagsEditor (212)
[2017.05.22-01.22.09:799][422]LogModuleManager: Shutting down and abandoning module FacialAnimationEditor (210)
[2017.05.22-01.22.09:799][422]LogModuleManager: Shutting down and abandoning module FacialAnimation (208)
[2017.05.22-01.22.09:799][422]LogModuleManager: Shutting down and abandoning module LightPropagationVolumeRuntime (206)
[2017.05.22-01.22.09:799][422]LogModuleManager: Shutting down and abandoning module Paper2D (204)
[2017.05.22-01.22.09:799][422]LogModuleManager: Shutting down and abandoning module WindowsMoviePlayer (202)
[2017.05.22-01.22.09:799][422]LogModuleManager: Shutting down and abandoning module WmfMedia (200)
[2017.05.22-01.22.09:799][422]LogModuleManager: Shutting down and abandoning module MfMedia (198)
[2017.05.22-01.22.09:799][422]LogModuleManager: Shutting down and abandoning module MediaAssets (196)
[2017.05.22-01.22.09:799][422]LogModuleManager: Shutting down and abandoning module GameLiveStreaming (194)
[2017.05.22-01.22.09:800][422]LogModuleManager: Shutting down and abandoning module VREditor (192)
[2017.05.22-01.22.09:800][422]LogModuleManager: Shutting down and abandoning module GameplayTasksEditor (190)
[2017.05.22-01.22.09:800][422]LogModuleManager: Shutting down and abandoning module BehaviorTreeEditor (188)
[2017.05.22-01.22.09:800][422]LogModuleManager: Shutting down and abandoning module FunctionalTesting (186)
[2017.05.22-01.22.09:800][422]LogModuleManager: Shutting down and abandoning module CollisionAnalyzer (184)
[2017.05.22-01.22.09:800][422]LogModuleManager: Shutting down and abandoning module UMG (182)
[2017.05.22-01.22.09:800][422]LogModuleManager: Shutting down and abandoning module UMGEditor (181)
[2017.05.22-01.22.09:800][422]LogModuleManager: Shutting down and abandoning module Sequencer (180)
[2017.05.22-01.22.09:800][422]LogModuleManager: Shutting down and abandoning module AssetTools (178)
[2017.05.22-01.22.09:800][422]LogModuleManager: Shutting down and abandoning module MessageLog (177)
[2017.05.22-01.22.09:800][422]LogModuleManager: Shutting down and abandoning module WorkspaceMenuStructure (176)
[2017.05.22-01.22.09:801][422]LogModuleManager: Shutting down and abandoning module SlateReflector (170)
[2017.05.22-01.22.09:801][422]LogModuleManager: Shutting down and abandoning module Slate (168)
[2017.05.22-01.22.09:801][422]LogModuleManager: Shutting down and abandoning module EditorStyle (166)
[2017.05.22-01.22.09:811][422]LogModuleManager: Shutting down and abandoning module SourceCodeAccess (164)
[2017.05.22-01.22.09:811][422]LogModuleManager: Shutting down and abandoning module HeadMountedDisplay (162)
[2017.05.22-01.22.09:811][422]LogModuleManager: Shutting down and abandoning module XAudio2 (160)
[2017.05.22-01.22.09:811][422]LogModuleManager: Shutting down and abandoning module Networking (158)
[2017.05.22-01.22.09:811][422]LogModuleManager: Shutting down and abandoning module Core (154)
[2017.05.22-01.22.09:811][422]LogModuleManager: Shutting down and abandoning module AssetRegistry (152)
[2017.05.22-01.22.09:995][422]LogDirectoryWatcher: A directory notification for '../../../Engine/Content/' was aborted.
[2017.05.22-01.22.09:996][422]LogDirectoryWatcher: A directory notification for '../../../../../../Users/L201701306/Desktop/Andrew Stuff/Finnished/pew/Content/' was aborted.
[2017.05.22-01.22.09:996][422]LogDirectoryWatcher: A directory notification for '../../../Engine/Plugins/2D/Paper2D/Content/' was aborted.
[2017.05.22-01.22.09:996][422]LogModuleManager: Shutting down and abandoning module DirectoryWatcher (151)
[2017.05.22-01.22.09:999][422]LogModuleManager: Shutting down and abandoning module KismetCompiler (148)
[2017.05.22-01.22.09:999][422]LogModuleManager: Shutting down and abandoning module PhysXFormats (146)
[2017.05.22-01.22.09:999][422]LogModuleManager: Shutting down and abandoning module MeshUtilities (144)
[2017.05.22-01.22.09:999][422]LogModuleManager: Shutting down and abandoning module SimplygonSwarm (143)
[2017.05.22-01.22.09:999][422]LogModuleManager: Shutting down and abandoning module SimplygonMeshReduction (141)
[2017.05.22-01.22.09:999][422]LogModuleManager: Shutting down and abandoning module QuadricMeshReduction (139)
[2017.05.22-01.22.09:999][422]LogModuleManager: Shutting down and abandoning module PropertyEditor (137)
[2017.05.22-01.22.09:999][422]LogModuleManager: Shutting down and abandoning module DerivedDataCache (134)
[2017.05.22-01.22.10:064][422]LogDerivedDataCache: Shutdown
[2017.05.22-01.22.10:064][422]LogModuleManager: Shutting down and abandoning module TargetPlatform (132)
[2017.05.22-01.22.10:064][422]LogModuleManager: Shutting down and abandoning module VulkanShaderFormat (131)
[2017.05.22-01.22.10:064][422]LogModuleManager: Shutting down and abandoning module ShaderFormatOpenGL (129)
[2017.05.22-01.22.10:064][422]LogModuleManager: Shutting down and abandoning module ShaderFormatD3D (127)
[2017.05.22-01.22.10:064][422]LogModuleManager: Shutting down and abandoning module MetalShaderFormat (125)
[2017.05.22-01.22.10:064][422]LogModuleManager: Shutting down and abandoning module TextureFormatUncompressed (123)
[2017.05.22-01.22.10:064][422]LogModuleManager: Shutting down and abandoning module TextureFormatPVR (121)
[2017.05.22-01.22.10:064][422]LogModuleManager: Shutting down and abandoning module TextureFormatDXT (119)
[2017.05.22-01.22.10:064][422]LogModuleManager: Shutting down and abandoning module TextureFormatIntelISPCTexComp (117)
[2017.05.22-01.22.10:065][422]LogModuleManager: Shutting down and abandoning module TextureFormatASTC (115)
[2017.05.22-01.22.10:065][422]LogModuleManager: Shutting down and abandoning module ImageWrapper (114)
[2017.05.22-01.22.10:065][422]LogModuleManager: Shutting down and abandoning module TextureFormatAndroid (111)
[2017.05.22-01.22.10:065][422]LogModuleManager: Shutting down and abandoning module AudioFormatOpus (109)
[2017.05.22-01.22.10:065][422]LogModuleManager: Shutting down and abandoning module AudioFormatOgg (107)
[2017.05.22-01.22.10:065][422]LogModuleManager: Shutting down and abandoning module AudioFormatADPCM (105)
[2017.05.22-01.22.10:065][422]LogModuleManager: Shutting down and abandoning module LinuxTargetPlatform (103)
[2017.05.22-01.22.10:065][422]LogModuleManager: Shutting down and abandoning module LinuxServerTargetPlatform (101)
[2017.05.22-01.22.10:065][422]LogModuleManager: Shutting down and abandoning module LinuxNoEditorTargetPlatform (99)
[2017.05.22-01.22.10:065][422]LogModuleManager: Shutting down and abandoning module LinuxClientTargetPlatform (97)
[2017.05.22-01.22.10:065][422]LogModuleManager: Shutting down and abandoning module TVOSTargetPlatform (95)
[2017.05.22-01.22.10:065][422]LogModuleManager: Shutting down and abandoning module Messaging (93)
[2017.05.22-01.22.10:065][422]LogModuleManager: Shutting down and abandoning module IOSTargetPlatform (91)
[2017.05.22-01.22.10:065][422]LogModuleManager: Shutting down and abandoning module HTML5TargetPlatform (89)
[2017.05.22-01.22.10:065][422]LogModuleManager: Shutting down and abandoning module Android_PVRTCTargetPlatform (87)
[2017.05.22-01.22.10:065][422]LogModuleManager: Shutting down and abandoning module Android_MultiTargetPlatform (85)
[2017.05.22-01.22.10:065][422]LogModuleManager: Shutting down and abandoning module Android_ETC2TargetPlatform (83)
[2017.05.22-01.22.10:065][422]LogModuleManager: Shutting down and abandoning module Android_ETC1TargetPlatform (81)
[2017.05.22-01.22.10:065][422]LogModuleManager: Shutting down and abandoning module Android_DXTTargetPlatform (79)
[2017.05.22-01.22.10:065][422]LogModuleManager: Shutting down and abandoning module Android_ATCTargetPlatform (77)
[2017.05.22-01.22.10:065][422]LogModuleManager: Shutting down and abandoning module Android_ASTCTargetPlatform (75)
[2017.05.22-01.22.10:065][422]LogModuleManager: Shutting down and abandoning module AndroidTargetPlatform (73)
[2017.05.22-01.22.10:065][422]LogModuleManager: Shutting down and abandoning module WindowsTargetPlatform (71)
[2017.05.22-01.22.10:065][422]LogModuleManager: Shutting down and abandoning module WindowsServerTargetPlatform (69)
[2017.05.22-01.22.10:065][422]LogModuleManager: Shutting down and abandoning module WindowsNoEditorTargetPlatform (67)
[2017.05.22-01.22.10:066][422]LogModuleManager: Shutting down and abandoning module WindowsClientTargetPlatform (65)
[2017.05.22-01.22.10:066][422]LogModuleManager: Shutting down and abandoning module MacTargetPlatform (63)
[2017.05.22-01.22.10:066][422]LogModuleManager: Shutting down and abandoning module MacServerTargetPlatform (61)
[2017.05.22-01.22.10:066][422]LogModuleManager: Shutting down and abandoning module MacNoEditorTargetPlatform (59)
[2017.05.22-01.22.10:066][422]LogModuleManager: Shutting down and abandoning module MacClientTargetPlatform (57)
[2017.05.22-01.22.10:066][422]LogModuleManager: Shutting down and abandoning module AllDesktopTargetPlatform (55)
[2017.05.22-01.22.10:066][422]LogModuleManager: Shutting down and abandoning module InputCore (52)
[2017.05.22-01.22.10:066][422]LogModuleManager: Shutting down and abandoning module Settings (50)
[2017.05.22-01.22.10:066][422]LogModuleManager: Shutting down and abandoning module OculusRift (48)
[2017.05.22-01.22.10:066][422]LogModuleManager: Shutting down and abandoning module GearVR (46)
[2017.05.22-01.22.10:066][422]LogModuleManager: Shutting down and abandoning module ExampleDeviceProfileSelector (44)
[2017.05.22-01.22.10:066][422]LogModuleManager: Shutting down and abandoning module OnlineBlueprintSupport (42)
[2017.05.22-01.22.10:066][422]LogModuleManager: Shutting down and abandoning module OnlineSubsystem (38)
[2017.05.22-01.22.10:066][422]LogOnline:Display: Unloading online subsystem: NULL
[2017.05.22-01.22.10:066][422]LogModuleManager: Shutting down and abandoning module XMPP (37)
[2017.05.22-01.22.10:066][422]LogModuleManager: Shutting down and abandoning module HTTP (35)
[2017.05.22-01.22.10:066][422]LogHttp:Display: Http module shutting down, but needs to wait on 1 outstanding Http requests:
[2017.05.22-01.22.10:066][422]LogHttp:Display: 	verb=[POST] url=[https://datarouter.ol.epicgames.com/datarouter/api/v1/public/data?SessionID=%7BB8891AFF-4CA7-79F3-D599-799680F7BD5C%7D&AppID=UEEditor.Rocket.Release&AppVersion=4.15.1-3348071%2B%2B%2BUE4%2BRelease-4.15&UserID=846f9ca74997dcf85182c08cd9256ef5%7C%7Cb19de00d-5688-4d1c-989d-db4cf37b6d4a&AppEnvironment=datacollector-binary&UploadType=eteventstream] status=Processing
[2017.05.22-01.22.10:079][422]LogModuleManager: Shutting down and abandoning module SSL (34)
[2017.05.22-01.22.10:083][422]LogModuleManager: Shutting down and abandoning module AudioEditor (30)
[2017.05.22-01.22.10:083][422]LogModuleManager: Shutting down and abandoning module TextureCompressor (28)
[2017.05.22-01.22.10:083][422]LogModuleManager: Shutting down and abandoning module ShaderCore (26)
[2017.05.22-01.22.10:083][422]LogModuleManager: Shutting down and abandoning module Landscape (24)
[2017.05.22-01.22.10:083][422]LogModuleManager: Shutting down and abandoning module SlateRHIRenderer (22)
[2017.05.22-01.22.10:092][422]LogModuleManager: Shutting down and abandoning module OpenGLDrv (20)
[2017.05.22-01.22.10:092][422]LogModuleManager: Shutting down and abandoning module D3D11RHI (18)
[2017.05.22-01.22.10:092][422]LogModuleManager: Shutting down and abandoning module AnimGraphRuntime (16)
[2017.05.22-01.22.10:092][422]LogModuleManager: Shutting down and abandoning module Renderer (14)
[2017.05.22-01.22.10:092][422]LogModuleManager: Shutting down and abandoning module Engine (12)
[2017.05.22-01.22.10:092][422]LogModuleManager: Shutting down and abandoning module CoreUObject (10)
[2017.05.22-01.22.10:092][422]LogModuleManager: Shutting down and abandoning module NetworkFile (8)
[2017.05.22-01.22.10:093][422]LogModuleManager: Shutting down and abandoning module StreamingFile (6)
[2017.05.22-01.22.10:093][422]LogModuleManager: Shutting down and abandoning module SandboxFile (4)
[2017.05.22-01.22.10:093][422]LogModuleManager: Shutting down and abandoning module PakFile (2)
[2017.05.22-01.22.10:097][422]LogExit: Exiting.
[2017.05.22-01.22.10:139][422]Log file closed, 05/22/17 11:22:10
