Log file open, 05/25/17 09:14:39
LogInit:Display: Running engine for game: Follower_AI_Task
LogPlatformFile: Not using cached read wrapper
LogInit:Display: RandInit(-1270339000) SRandInit(-1270339000).
LogTaskGraph: Started task graph with 5 named threads and 8 total threads with 1 sets of task threads.
LogStats: Stats thread started at 0.075705
LogInit: Using libcurl 7.47.1
LogInit:  - built for x86_64-pc-win32
LogInit:  - supports SSL with OpenSSL/1.0.2g
LogInit:  - supports HTTP deflate (compression) using libz 1.2.8
LogInit:  - other features:
LogInit:      CURL_VERSION_SSL
LogInit:      CURL_VERSION_LIBZ
LogInit:      CURL_VERSION_IPV6
LogInit:      CURL_VERSION_ASYNCHDNS
LogInit:      CURL_VERSION_LARGEFILE
LogInit:      CURL_VERSION_IDN
LogInit:  CurlRequestOptions (configurable via config and command line):
LogInit:  - bVerifyPeer = false  - Libcurl will NOT verify peer certificate
LogInit:  - bUseHttpProxy = false  - Libcurl will NOT use HTTP proxy
LogInit:  - bDontReuseConnections = false  - Libcurl will reuse connections
LogInit:  - CertBundlePath = nullptr  - Libcurl will use whatever was configured at build time.
LogInit: Build: ++UE4+Release-4.15-CL-3348071
LogInit: Engine Version: 4.15.1-3348071+++UE4+Release-4.15
LogInit: Compatible Engine Version: 4.15.0-3299760+++UE4+Release-4.15
LogInit: Net CL: 3299760
LogDevObjectVersion: Number of dev versions registered: 14
LogDevObjectVersion:   Dev-Blueprints (B0D832E4-1F89-4F0D-ACCF-7EB736FD4AA2): 8
LogDevObjectVersion:   Dev-Build (E1C64328-A22C-4D53-A36C-8E866417BD8C): 0
LogDevObjectVersion:   Dev-Core (375EC13C-06E4-48FB-B500-84F0262A717E): 2
LogDevObjectVersion:   Dev-Editor (E4B068ED-F494-42E9-A231-DA0B2E46BB41): 14
LogDevObjectVersion:   Dev-Framework (CFFC743F-43B0-4480-9391-14DF171D2073): 22
LogDevObjectVersion:   Dev-Mobile (B02B49B5-BB20-44E9-A304-32B752E40360): 0
LogDevObjectVersion:   Dev-Networking (A4E4105C-59A1-49B5-A7C5-40C4547EDFEE): 0
LogDevObjectVersion:   Dev-Online (39C831C9-5AE6-47DC-9A44-9C173E1C8E7C): 0
LogDevObjectVersion:   Dev-Physics (78F01B33-EBEA-4F98-B9B4-84EACCB95AA2): 0
LogDevObjectVersion:   Dev-Platform (6631380F-2D4D-43E0-8009-CF276956A95A): 0
LogDevObjectVersion:   Dev-Rendering (12F88B9F-8875-4AFC-A67C-D90C383ABD29): 12
LogDevObjectVersion:   Dev-Sequencer (7B5AE74C-D270-4C10-A958-57980B212A5A): 3
LogDevObjectVersion:   Dev-VR (D7296918-1DD6-4BDD-9DE2-64A83CC13884): 0
LogDevObjectVersion:   Dev-LoadTimes (C2A15278-BFE7-4AFE-6C17-90FF531DF755): 1
LogInit: Compiled (64-bit): Mar 15 2017 16:52:47
LogInit: Compiled with Visual C++: 19.00.23026.00
LogInit: Build Configuration: Development
LogInit: Branch Name: ++UE4+Release-4.15
LogInit: Command line:  
LogInit: Base directory: C:/Program Files/Epic Games/UE_4.15/Engine/Binaries/Win64/
LogInit: Installed Engine Build: 1
LogInit: Presizing for max 8388607 objects, including 0 objects not considered by GC, pre-allocating 0 bytes for permanent pool.
LogInit: Object subsystem initialized
[2017.05.24-23.14.39:998][  0]LogInit: Selected Device Profile: [Windows]
[2017.05.24-23.14.39:998][  0]LogInit: Applying CVar settings loaded from the selected device profile: [Windows]
[2017.05.24-23.14.40:025][  0]LogInit: Computer: 9N4VF42
[2017.05.24-23.14.40:025][  0]LogInit: User: S201427986
[2017.05.24-23.14.40:025][  0]LogInit: CPU Page size=65536, Cores=4
[2017.05.24-23.14.40:025][  0]LogInit: High frequency timer resolution =3.515636 MHz
[2017.05.24-23.14.40:025][  0]LogMemory: Memory total: Physical=15.9GB (16GB approx)
[2017.05.24-23.14.40:025][  0]LogMemory: Platform Memory Stats for Windows
[2017.05.24-23.14.40:025][  0]LogMemory: Process Physical Memory: 263.84 MB used, 263.84 MB peak
[2017.05.24-23.14.40:025][  0]LogMemory: Process Virtual Memory: 262.28 MB used, 262.28 MB peak
[2017.05.24-23.14.40:025][  0]LogMemory: Physical Memory: 5110.22 MB used,  11188.61 MB free, 16298.84 MB total
[2017.05.24-23.14.40:025][  0]LogMemory: Virtual Memory: 644.97 MB used,  11188.61 MB free, 134217728.00 MB total
[2017.05.24-23.14.40:099][  0]LogTextLocalizationManager: No specific translations for ('en-AU') exist, so ('en') translations will be used.
[2017.05.24-23.14.40:621][  0]LogD3D11RHI: D3D11 adapters:
[2017.05.24-23.14.40:629][  0]LogD3D11RHI:    0. 'AMD Radeon(TM) R9 270' (Feature Level 11_0)
[2017.05.24-23.14.40:629][  0]LogD3D11RHI:       2030/0/8149 MB DedicatedVideo/DedicatedSystem/SharedSystem, Outputs:1, VendorId:0x1002
[2017.05.24-23.14.40:634][  0]LogD3D11RHI:    1. 'Intel(R) HD Graphics 4600' (Feature Level 11_0)
[2017.05.24-23.14.40:634][  0]LogD3D11RHI:       112/0/2048 MB DedicatedVideo/DedicatedSystem/SharedSystem, Outputs:0, VendorId:0x8086
[2017.05.24-23.14.40:636][  0]LogD3D11RHI:    2. 'Microsoft Basic Render Driver' (Feature Level 11_0)
[2017.05.24-23.14.40:636][  0]LogD3D11RHI:       0/0/8149 MB DedicatedVideo/DedicatedSystem/SharedSystem, Outputs:0, VendorId:0x1414
[2017.05.24-23.14.40:636][  0]LogD3D11RHI: Chosen D3D11 Adapter: 0
[2017.05.24-23.14.40:640][  0]LogD3D11RHI: Creating new Direct3DDevice
[2017.05.24-23.14.40:640][  0]LogD3D11RHI:     GPU DeviceId: 0x6811 (for the marketing name, search the web for "GPU Device Id")
[2017.05.24-23.14.40:640][  0]LogWindows: EnumDisplayDevices:
[2017.05.24-23.14.40:640][  0]LogWindows:    0. 'AMD Radeon(TM) R9 270' (P:1 D:1)
[2017.05.24-23.14.40:640][  0]LogWindows:    1. 'AMD Radeon(TM) R9 270' (P:0 D:0)
[2017.05.24-23.14.40:641][  0]LogWindows:    2. 'AMD Radeon(TM) R9 270' (P:0 D:0)
[2017.05.24-23.14.40:641][  0]LogWindows:    3. 'AMD Radeon(TM) R9 270' (P:0 D:0)
[2017.05.24-23.14.40:641][  0]LogWindows:    4. 'AMD Radeon(TM) R9 270' (P:0 D:0)
[2017.05.24-23.14.40:641][  0]LogWindows:    5. 'AMD Radeon(TM) R9 270' (P:0 D:0)
[2017.05.24-23.14.40:641][  0]LogWindows:    6. 'Intel(R) HD Graphics 4600' (P:0 D:0)
[2017.05.24-23.14.40:642][  0]LogWindows:    7. 'Intel(R) HD Graphics 4600' (P:0 D:0)
[2017.05.24-23.14.40:642][  0]LogWindows:    8. 'Intel(R) HD Graphics 4600' (P:0 D:0)
[2017.05.24-23.14.40:642][  0]LogWindows: DebugString: PrimaryIsNotTheChoosenAdapter PrimaryIsNotTheChoosenAdapter PrimaryIsNotTheChoosenAdapter FoundDriverCount:6 
[2017.05.24-23.14.40:642][  0]LogD3D11RHI:     Adapter Name: AMD Radeon(TM) R9 270
[2017.05.24-23.14.40:642][  0]LogD3D11RHI:   Driver Version: Crimson 15.11 (internal:15.301.1701.0, unified:15.301.1701.0)
[2017.05.24-23.14.40:642][  0]LogD3D11RHI:      Driver Date: 1-13-2016
[2017.05.24-23.14.40:642][  0]LogRHI: Texture pool is 1361 MB (70% of 1945 MB)
[2017.05.24-23.14.40:678][  0]LogD3D11RHI: Async texture creation enabled
[2017.05.24-23.14.40:689][  0]LogD3D11RHI: GPU Timing Frequency: 27.000000 (Debug: 2 1)
[2017.05.24-23.14.40:689][  0]LogShaderCompilers: Guid format shader working directory is -27 characters bigger than the processId version (../../../../../../Users/S201427986/Documents/Unreal Projects/Follower_AI_Task/Intermediate/Shaders/WorkingDirectory/15164/).
[2017.05.24-23.14.40:689][  0]LogShaderCompilers: Cleaned the shader compiler working directory 'C:/Users/S201427986/AppData/Local/Temp/UnrealShaderWorkingDir/0953F15449B6E6066ED82BA40D42CA33/'.
[2017.05.24-23.14.40:689][  0]LogShaderCompilers:Display: Using Local Shader Compiler.
[2017.05.24-23.14.41:672][  0]LogTemp:Display: Loaded TP AllDesktopTargetPlatform
[2017.05.24-23.14.41:722][  0]LogTemp:Display: Loaded TP MacClientTargetPlatform
[2017.05.24-23.14.41:773][  0]LogTemp:Display: Loaded TP MacNoEditorTargetPlatform
[2017.05.24-23.14.41:823][  0]LogTemp:Display: Loaded TP MacServerTargetPlatform
[2017.05.24-23.14.41:876][  0]LogTemp:Display: Loaded TP MacTargetPlatform
[2017.05.24-23.14.41:927][  0]LogTemp:Display: Loaded TP WindowsClientTargetPlatform
[2017.05.24-23.14.41:978][  0]LogTemp:Display: Loaded TP WindowsNoEditorTargetPlatform
[2017.05.24-23.14.42:028][  0]LogTemp:Display: Loaded TP WindowsServerTargetPlatform
[2017.05.24-23.14.42:070][  0]LogTemp:Display: Loaded TP WindowsTargetPlatform
[2017.05.24-23.14.42:119][  0]LogTemp:Display: Loaded TP AndroidTargetPlatform
[2017.05.24-23.14.42:172][  0]LogTemp:Display: Loaded TP Android_ASTCTargetPlatform
[2017.05.24-23.14.42:221][  0]LogTemp:Display: Loaded TP Android_ATCTargetPlatform
[2017.05.24-23.14.42:272][  0]LogTemp:Display: Loaded TP Android_DXTTargetPlatform
[2017.05.24-23.14.42:321][  0]LogTemp:Display: Loaded TP Android_ETC1TargetPlatform
[2017.05.24-23.14.42:372][  0]LogTemp:Display: Loaded TP Android_ETC2TargetPlatform
[2017.05.24-23.14.42:473][  0]LogTemp:Display: Loaded TP Android_MultiTargetPlatform
[2017.05.24-23.14.42:473][  0]LogTemp:Display: Loaded TP Android_PVRTCTargetPlatform
[2017.05.24-23.14.42:509][  0]LogTemp:Display: Loaded TP HTML5TargetPlatform
[2017.05.24-23.14.42:602][  0]LogTemp:Display: Loaded TP IOSTargetPlatform
[2017.05.24-23.14.42:635][  0]LogTemp:Display: Loaded TP TVOSTargetPlatform
[2017.05.24-23.14.42:684][  0]LogTemp:Display: Loaded TP LinuxClientTargetPlatform
[2017.05.24-23.14.42:734][  0]LogTemp:Display: Loaded TP LinuxNoEditorTargetPlatform
[2017.05.24-23.14.42:784][  0]LogTemp:Display: Loaded TP LinuxServerTargetPlatform
[2017.05.24-23.14.42:834][  0]LogTemp:Display: Loaded TP LinuxTargetPlatform
[2017.05.24-23.14.42:834][  0]LogTargetPlatformManager:Display: Building Assets For Windows
[2017.05.24-23.14.43:259][  0]LogDerivedDataCache:Display: Max Cache Size: 512 MB
[2017.05.24-23.14.43:301][  0]LogDerivedDataCache: Loaded boot cache 0.04s 50MB C:/Users/S201427986/AppData/Local/UnrealEngine/4.15/DerivedDataCache/Boot.ddc.
[2017.05.24-23.14.43:301][  0]LogDerivedDataCache:Display: Loaded Boot cache: C:/Users/S201427986/AppData/Local/UnrealEngine/4.15/DerivedDataCache/Boot.ddc
[2017.05.24-23.14.43:301][  0]LogDerivedDataCache: FDerivedDataBackendGraph:  Pak pak cache file ../../../../../../Users/S201427986/Documents/Unreal Projects/Follower_AI_Task/DerivedDataCache/DDC.ddp not found, will not use a pak cache.
[2017.05.24-23.14.43:301][  0]LogDerivedDataCache: Unable to find inner node Pak for hierarchical cache Hierarchy.
[2017.05.24-23.14.43:301][  0]LogDerivedDataCache: FDerivedDataBackendGraph:  CompressedPak pak cache file ../../../../../../Users/S201427986/Documents/Unreal Projects/Follower_AI_Task/DerivedDataCache/Compressed.ddp not found, will not use a pak cache.
[2017.05.24-23.14.43:301][  0]LogDerivedDataCache: Unable to find inner node CompressedPak for hierarchical cache Hierarchy.
[2017.05.24-23.14.43:316][  0]LogDerivedDataCache:Display: Pak cache opened for reading ../../../Engine/DerivedDataCache/Compressed.ddp.
[2017.05.24-23.14.43:330][  0]LogDerivedDataCache: Using Local data cache path C:/Users/S201427986/AppData/Local/UnrealEngine/Common/DerivedDataCache: Writable
[2017.05.24-23.14.43:338][  0]LogSlate: Using Freetype 2.6.0
[2017.05.24-23.14.43:338][  0]LogSlate: SlateFontCache - WITH_FREETYPE: 1, WITH_HARFBUZZ: 1
[2017.05.24-23.14.43:338][  0]LogSlate: SlateFontCache - WITH_FREETYPE: 1, WITH_HARFBUZZ: 1
[2017.05.24-23.14.43:564][  0]LogInit: Selected Device Profile: [Windows]
[2017.05.24-23.14.43:567][  0]LogContentStreaming: Texture pool size is 0.00 MB
[2017.05.24-23.14.43:767][  0]LogMeshUtilities: Using QuadricMeshReduction for automatic static mesh reduction
[2017.05.24-23.14.43:808][  0]LogSimplygon: Simplygon DLL not present - disabling.
[2017.05.24-23.14.43:854][  0]LogMeshUtilities: Using SimplygonSwarm for distributed automatic mesh merging
[2017.05.24-23.14.43:854][  0]LogMeshUtilities: No automatic skeletal mesh reduction module available
[2017.05.24-23.14.43:854][  0]LogMeshUtilities: No automatic mesh merging module available
[2017.05.24-23.14.44:330][  0]LogNetVersion: GetLocalNetworkVersion: CL: 3299760, ProjectName: follower_ai_task, ProjectVersion: , EngineNetworkVersion: 2, GameNetworkVersion: 0, NetworkChecksum: 3454336301
[2017.05.24-23.14.44:375][  0]LogAssetRegistry: FAssetRegistry took 0.0219 seconds to start up
[2017.05.24-23.14.44:436][  0]LogPackageLocalizationCache: Processed 3 localized package path(s) for 2 prioritized culture(s) in 0.035847 seconds
[2017.05.24-23.14.44:441][  0]LogUObjectArray: 32493 objects as part of root set at end of initial load.
[2017.05.24-23.14.44:441][  0]LogUObjectAllocator: 7077032 out of 0 bytes used by permanent object pool.
[2017.05.24-23.14.44:441][  0]LogUObjectArray: CloseDisregardForGC: 0/0 objects in disregard for GC pool
[2017.05.24-23.14.44:508][  0]LogInit: WinSock: version 1.1 (2.2), MaxSocks=32767, MaxUdp=65467
[2017.05.24-23.14.45:976][  0]LogTcpMessaging: Initializing TcpMessaging bridge
[2017.05.24-23.14.46:017][  0]LogUdpMessaging: Initializing bridge on interface 0.0.0.0:0 to multicast group 230.0.0.1:6666.
[2017.05.24-23.14.46:448][  0]LogMaterial: Uniform references updated for custom material expression Custom.
[2017.05.24-23.14.46:801][  0]SourceControl: Info Source control is disabled
[2017.05.24-23.14.46:846][  0]SourceControl: Info Source control is disabled
[2017.05.24-23.14.46:893][  0]SourceControl: Info Source control is disabled
[2017.05.24-23.14.46:937][  0]SourceControl: Info Source control is disabled
[2017.05.24-23.14.48:121][  0]LogEngine: Initializing Engine...
[2017.05.24-23.14.48:122][  0]LogHMD: Failed to initialize OpenVR with code 110
[2017.05.24-23.14.48:327][  0]LogAIModule: Creating AISystem for world Untitled
[2017.05.24-23.14.48:333][  0]LogInit: XAudio2 using 'Realtek Digital Output (Realtek Audio)' : 2 channels at 48 kHz using 16 bits per sample (channel mask 0x3)
[2017.05.24-23.14.48:364][  0]LogInit: FAudioDevice initialized.
[2017.05.24-23.14.48:386][  0]LogDerivedDataCache: Saved boot cache 0.02s 50MB C:/Users/S201427986/AppData/Local/UnrealEngine/4.15/DerivedDataCache/Boot.ddc.
[2017.05.24-23.14.48:391][  0]LogInit: Texture streaming: Enabled
[2017.05.24-23.14.48:484][  0]LogEngineSessionManager: EngineSessionManager initialized
[2017.05.24-23.14.48:567][  0]LogInit: Transaction tracking system initialized
[2017.05.24-23.14.48:897][  0]BlueprintLog: New page: Editor Load
[2017.05.24-23.14.49:739][  0]LocalizationService: Info Localization service is disabled
[2017.05.24-23.14.50:383][  0]LogConsoleResponse:Display: 
[2017.05.24-23.14.50:497][  0]LogCook:Display: Max memory allowance for cook 16384mb min free memory 0mb
[2017.05.24-23.14.50:497][  0]LogCook:Display: Mobile HDR setting 1
[2017.05.24-23.14.50:523][  0]LogFileCache: Scanning file cache for directory 'C:/Users/S201427986/Documents/Unreal Projects/Follower_AI_Task/Content/' took 0.01s
[2017.05.24-23.14.51:510][  0]SourceControl: Info Source control is disabled
[2017.05.24-23.14.51:510][  0]Cmd: MAP LOAD FILE="../../../../../../Users/S201427986/Documents/Unreal Projects/Follower_AI_Task/Content/TopDownBP/Maps/TopDownExampleMap.umap" TEMPLATE=0 SHOWPROGRESS=1 FEATURELEVEL=3
[2017.05.24-23.14.51:510][  0]LightingResults: New page: Lighting Build
[2017.05.24-23.14.51:549][  0]MapCheck: New page: Map Check
[2017.05.24-23.14.51:549][  0]LightingResults: New page: Lighting Build
[2017.05.24-23.14.52:848][  0]LogAIModule: Creating AISystem for world TopDownExampleMap
[2017.05.24-23.14.52:955][  0]LogEditorServer: Finished looking for orphan Actors (0.000 secs)
[2017.05.24-23.14.52:971][  0]Cmd: MAP CHECKDEP NOCLEARLOG
[2017.05.24-23.14.53:015][  0]MapCheck: Info Map check complete: 0 Error(s), 0 Warning(s), took 43.592ms to complete.
[2017.05.24-23.14.53:015][  0]LogFileHelpers: Loading map 'TopDownExampleMap' took 1.505
[2017.05.24-23.14.53:079][  0]LogWindowsTextInputMethodSystem:Display: IME system now deactivated.
[2017.05.24-23.14.53:182][  0]LogCollectionManager: Loaded 0 collections in 0.001646 seconds
[2017.05.24-23.14.53:258][  0]LogFileCache: Scanning file cache for directory 'C:/Users/S201427986/Documents/Unreal Projects/Follower_AI_Task/Saved/Collections/' took 0.01s
[2017.05.24-23.14.53:258][  0]LogFileCache: Scanning file cache for directory 'C:/Users/S201427986/Documents/Unreal Projects/Follower_AI_Task/Content/Developers/S201427986/Collections/' took 0.01s
[2017.05.24-23.14.53:258][  0]LogFileCache: Scanning file cache for directory 'C:/Users/S201427986/Documents/Unreal Projects/Follower_AI_Task/Content/Collections/' took 0.01s
[2017.05.24-23.14.53:258][  0]LogCollectionManager: Rebuilt the GUID cache for 0 collections in 0.000002 seconds
[2017.05.24-23.14.53:267][  0]LogContentBrowser: Native class hierarchy populated in 0.0082 seconds. Added 2245 classes and 453 folders.
[2017.05.24-23.14.53:270][  0]LogStats: UGameplayTagsManager::ConstructGameplayTagTree: Construct from data asset -  0.000 s
[2017.05.24-23.14.53:270][  0]LogStats: UGameplayTagsManager::ConstructGameplayTagTree: GameplayTagTreeChangedEvent.Broadcast -  0.000 s
[2017.05.24-23.14.53:331][  0]LogContentBrowser: Native class hierarchy updated for 'WidgetCarousel' in 0.0004 seconds. Added 0 classes and 0 folders.
[2017.05.24-23.14.53:369][  0]LogContentBrowser: Native class hierarchy updated for 'AddContentDialog' in 0.0005 seconds. Added 0 classes and 0 folders.
[2017.05.24-23.14.53:417][  0]LogContentBrowser: Native class hierarchy updated for 'SceneOutliner' in 0.0005 seconds. Added 1 classes and 2 folders.
[2017.05.24-23.14.53:483][  0]LogCrashTracker: Crashtracker disabled due to settings.
[2017.05.24-23.14.53:490][  0]LogUObjectGlobals:Warning: Failed to find object 'Class None.'
[2017.05.24-23.14.53:553][  0]LogContentBrowser: Native class hierarchy updated for 'HierarchicalLODOutliner' in 0.0005 seconds. Added 1 classes and 2 folders.
[2017.05.24-23.14.53:553][  0]LogLoad: (Engine Initialization) Total time: 15.67 seconds
[2017.05.24-23.14.53:553][  0]LogLoad: (Engine Initialization) Total Blueprint compile time: 0.18 seconds
[2017.05.24-23.14.53:553][  0]LogExternalProfiler: Found external profiler: VSPerf
[2017.05.24-23.14.53:553][  0]LogExternalProfiler: Using external profiler: VSPerf
[2017.05.24-23.14.53:564][  0]LogOcInput: OculusInput pre-init called
[2017.05.24-23.14.53:580][  0]LogAssetRegistry: Asset discovery search completed in 9.2263 seconds
[2017.05.24-23.14.53:580][  0]LogCollectionManager: Rebuilt the object cache for 0 collections in 0.000003 seconds (found 0 objects)
[2017.05.24-23.14.53:580][  0]LogCollectionManager: Fixed up redirectors for 0 collections in 0.000013 seconds (updated 0 objects)
[2017.05.24-23.14.53:584][  0]LogContentStreaming: Texture pool size now 1000 MB
[2017.05.24-23.14.53:593][  0]LogSlate: Took 0.000126 seconds to synchronously load lazily loaded font '../../../Engine/Content/Slate/Fonts/Roboto-Regular.ttf' (155K)
[2017.05.24-23.14.53:596][  0]LogSlate: Took 0.000146 seconds to synchronously load lazily loaded font '../../../Engine/Content/Slate/Fonts/Roboto-Bold.ttf' (160K)
[2017.05.24-23.14.53:600][  0]LogSlate: Took 0.000108 seconds to synchronously load lazily loaded font '../../../Engine/Content/Editor/Slate/Fonts/FontAwesome.ttf' (139K)
[2017.05.24-23.14.53:717][  0]LogSlate: Took 0.000172 seconds to synchronously load lazily loaded font '../../../Engine/Content/Slate/Fonts/Roboto-Light.ttf' (159K)
[2017.05.24-23.14.53:765][  0]LogRenderer: Reallocating scene render targets to support 1184x576 NumSamples 1 (Frame:2).
[2017.05.24-23.16.28:490][940]LogTemp: Repeting last play command: Selected Viewport
[2017.05.24-23.16.28:498][940]LogBlueprintUserMessages: Early PlayInEditor Detection: Level '/Game/TopDownBP/Maps/TopDownExampleMap.TopDownExampleMap:PersistentLevel' has LevelScriptBlueprint '/Game/TopDownBP/Maps/TopDownExampleMap.TopDownExampleMap:PersistentLevel.TopDownExampleMap' with GeneratedClass '/Game/TopDownBP/Maps/TopDownExampleMap.TopDownExampleMap_C' with ClassGeneratedBy '/Game/TopDownBP/Maps/TopDownExampleMap.TopDownExampleMap:PersistentLevel.TopDownExampleMap'
[2017.05.24-23.16.28:498][940]LogPlayLevel: PlayLevel: No blueprints needed recompiling
[2017.05.24-23.16.28:498][940]PIE: New page: PIE session: TopDownExampleMap (25 May 2017 7:16:28 pm)
[2017.05.24-23.16.28:498][940]LogPlayLevel: Creating play world package: /Game/TopDownBP/Maps/UEDPIE_0_TopDownExampleMap
[2017.05.24-23.16.28:522][940]LogPlayLevel: PIE: StaticDuplicateObject took: (0.024321s)
[2017.05.24-23.16.28:523][940]LogAIModule: Creating AISystem for world TopDownExampleMap
[2017.05.24-23.16.28:524][940]LogPlayLevel: PIE: World Init took: (0.001148s)
[2017.05.24-23.16.28:524][940]LogPlayLevel: PIE: Created PIE world by copying editor world from /Game/TopDownBP/Maps/TopDownExampleMap.TopDownExampleMap to /Game/TopDownBP/Maps/UEDPIE_0_TopDownExampleMap.TopDownExampleMap (0.025794s)
[2017.05.24-23.16.28:540][940]LogInit: XAudio2 using 'Realtek Digital Output (Realtek Audio)' : 2 channels at 48 kHz using 16 bits per sample (channel mask 0x3)
[2017.05.24-23.16.28:554][940]LogInit: FAudioDevice initialized.
[2017.05.24-23.16.28:597][940]LogLoad: Game class is 'TopDownGameMode_C'
[2017.05.24-23.16.28:601][940]LogWorld: Bringing World /Game/TopDownBP/Maps/UEDPIE_0_TopDownExampleMap.TopDownExampleMap up for play (max tick rate 0) at 2017.05.25-09.16.28
[2017.05.24-23.16.28:650][940]LogWorld: Bringing up level for play took: 0.050581
[2017.05.24-23.16.28:691][940]LogContentBrowser: Native class hierarchy updated for 'MovieSceneCapture' in 0.0005 seconds. Added 11 classes and 0 folders.
[2017.05.24-23.16.28:708][940]PIE: Info Play in editor start time for /Game/TopDownBP/Maps/UEDPIE_0_TopDownExampleMap -0.759
[2017.05.24-23.16.28:708][940]LogBlueprintUserMessages: Late PlayInEditor Detection: Level '/Game/TopDownBP/Maps/TopDownExampleMap.TopDownExampleMap:PersistentLevel' has LevelScriptBlueprint '/Game/TopDownBP/Maps/TopDownExampleMap.TopDownExampleMap:PersistentLevel.TopDownExampleMap' with GeneratedClass '/Game/TopDownBP/Maps/TopDownExampleMap.TopDownExampleMap_C' with ClassGeneratedBy '/Game/TopDownBP/Maps/TopDownExampleMap.TopDownExampleMap:PersistentLevel.TopDownExampleMap'
[2017.05.24-23.16.31:779][285]LogBlueprintUserMessages: Early EndPlayMap Detection: Level '/Game/TopDownBP/Maps/TopDownExampleMap.TopDownExampleMap:PersistentLevel' has LevelScriptBlueprint '/Game/TopDownBP/Maps/TopDownExampleMap.TopDownExampleMap:PersistentLevel.TopDownExampleMap' with GeneratedClass '/Game/TopDownBP/Maps/TopDownExampleMap.TopDownExampleMap_C' with ClassGeneratedBy '/Game/TopDownBP/Maps/TopDownExampleMap.TopDownExampleMap:PersistentLevel.TopDownExampleMap'
[2017.05.24-23.16.31:817][285]LogBlueprintUserMessages: Late EndPlayMap Detection: Level '/Game/TopDownBP/Maps/TopDownExampleMap.TopDownExampleMap:PersistentLevel' has LevelScriptBlueprint '/Game/TopDownBP/Maps/TopDownExampleMap.TopDownExampleMap:PersistentLevel.TopDownExampleMap' with GeneratedClass '/Game/TopDownBP/Maps/TopDownExampleMap.TopDownExampleMap_C' with ClassGeneratedBy '/Game/TopDownBP/Maps/TopDownExampleMap.TopDownExampleMap:PersistentLevel.TopDownExampleMap'
[2017.05.24-23.16.35:286][679]LogTemp: Repeting last play command: Selected Viewport
[2017.05.24-23.16.35:293][679]LogBlueprintUserMessages: Early PlayInEditor Detection: Level '/Game/TopDownBP/Maps/TopDownExampleMap.TopDownExampleMap:PersistentLevel' has LevelScriptBlueprint '/Game/TopDownBP/Maps/TopDownExampleMap.TopDownExampleMap:PersistentLevel.TopDownExampleMap' with GeneratedClass '/Game/TopDownBP/Maps/TopDownExampleMap.TopDownExampleMap_C' with ClassGeneratedBy '/Game/TopDownBP/Maps/TopDownExampleMap.TopDownExampleMap:PersistentLevel.TopDownExampleMap'
[2017.05.24-23.16.35:293][679]LogPlayLevel: PlayLevel: No blueprints needed recompiling
[2017.05.24-23.16.35:294][679]PIE: New page: PIE session: TopDownExampleMap (25 May 2017 7:16:35 pm)
[2017.05.24-23.16.35:294][679]LogPlayLevel: Creating play world package: /Game/TopDownBP/Maps/UEDPIE_0_TopDownExampleMap
[2017.05.24-23.16.35:314][679]LogPlayLevel: PIE: StaticDuplicateObject took: (0.020510s)
[2017.05.24-23.16.35:315][679]LogAIModule: Creating AISystem for world TopDownExampleMap
[2017.05.24-23.16.35:315][679]LogPlayLevel: PIE: World Init took: (0.000985s)
[2017.05.24-23.16.35:315][679]LogPlayLevel: PIE: Created PIE world by copying editor world from /Game/TopDownBP/Maps/TopDownExampleMap.TopDownExampleMap to /Game/TopDownBP/Maps/UEDPIE_0_TopDownExampleMap.TopDownExampleMap (0.021748s)
[2017.05.24-23.16.35:327][679]LogInit: XAudio2 using 'Realtek Digital Output (Realtek Audio)' : 2 channels at 48 kHz using 16 bits per sample (channel mask 0x3)
[2017.05.24-23.16.35:339][679]LogInit: FAudioDevice initialized.
[2017.05.24-23.16.35:376][679]LogLoad: Game class is 'TopDownGameMode_C'
[2017.05.24-23.16.35:379][679]LogWorld: Bringing World /Game/TopDownBP/Maps/UEDPIE_0_TopDownExampleMap.TopDownExampleMap up for play (max tick rate 0) at 2017.05.25-09.16.35
[2017.05.24-23.16.35:380][679]LogWorld: Bringing up level for play took: 0.002501
[2017.05.24-23.16.35:381][679]PIE: Info Play in editor start time for /Game/TopDownBP/Maps/UEDPIE_0_TopDownExampleMap -0.086
[2017.05.24-23.16.35:381][679]LogBlueprintUserMessages: Late PlayInEditor Detection: Level '/Game/TopDownBP/Maps/TopDownExampleMap.TopDownExampleMap:PersistentLevel' has LevelScriptBlueprint '/Game/TopDownBP/Maps/TopDownExampleMap.TopDownExampleMap:PersistentLevel.TopDownExampleMap' with GeneratedClass '/Game/TopDownBP/Maps/TopDownExampleMap.TopDownExampleMap_C' with ClassGeneratedBy '/Game/TopDownBP/Maps/TopDownExampleMap.TopDownExampleMap:PersistentLevel.TopDownExampleMap'
[2017.05.24-23.16.37:217][895]LogBlueprintUserMessages: Early EndPlayMap Detection: Level '/Game/TopDownBP/Maps/TopDownExampleMap.TopDownExampleMap:PersistentLevel' has LevelScriptBlueprint '/Game/TopDownBP/Maps/TopDownExampleMap.TopDownExampleMap:PersistentLevel.TopDownExampleMap' with GeneratedClass '/Game/TopDownBP/Maps/TopDownExampleMap.TopDownExampleMap_C' with ClassGeneratedBy '/Game/TopDownBP/Maps/TopDownExampleMap.TopDownExampleMap:PersistentLevel.TopDownExampleMap'
[2017.05.24-23.16.37:262][895]LogBlueprintUserMessages: Late EndPlayMap Detection: Level '/Game/TopDownBP/Maps/TopDownExampleMap.TopDownExampleMap:PersistentLevel' has LevelScriptBlueprint '/Game/TopDownBP/Maps/TopDownExampleMap.TopDownExampleMap:PersistentLevel.TopDownExampleMap' with GeneratedClass '/Game/TopDownBP/Maps/TopDownExampleMap.TopDownExampleMap_C' with ClassGeneratedBy '/Game/TopDownBP/Maps/TopDownExampleMap.TopDownExampleMap:PersistentLevel.TopDownExampleMap'
[2017.05.24-23.16.42:392][497]LogTemp: Repeting last play command: Selected Viewport
[2017.05.24-23.16.42:399][497]LogBlueprintUserMessages: Early PlayInEditor Detection: Level '/Game/TopDownBP/Maps/TopDownExampleMap.TopDownExampleMap:PersistentLevel' has LevelScriptBlueprint '/Game/TopDownBP/Maps/TopDownExampleMap.TopDownExampleMap:PersistentLevel.TopDownExampleMap' with GeneratedClass '/Game/TopDownBP/Maps/TopDownExampleMap.TopDownExampleMap_C' with ClassGeneratedBy '/Game/TopDownBP/Maps/TopDownExampleMap.TopDownExampleMap:PersistentLevel.TopDownExampleMap'
[2017.05.24-23.16.42:399][497]LogPlayLevel: PlayLevel: No blueprints needed recompiling
[2017.05.24-23.16.42:399][497]PIE: New page: PIE session: TopDownExampleMap (25 May 2017 7:16:42 pm)
[2017.05.24-23.16.42:399][497]LogPlayLevel: Creating play world package: /Game/TopDownBP/Maps/UEDPIE_0_TopDownExampleMap
[2017.05.24-23.16.42:419][497]LogPlayLevel: PIE: StaticDuplicateObject took: (0.019893s)
[2017.05.24-23.16.42:420][497]LogAIModule: Creating AISystem for world TopDownExampleMap
[2017.05.24-23.16.42:420][497]LogPlayLevel: PIE: World Init took: (0.001092s)
[2017.05.24-23.16.42:420][497]LogPlayLevel: PIE: Created PIE world by copying editor world from /Game/TopDownBP/Maps/TopDownExampleMap.TopDownExampleMap to /Game/TopDownBP/Maps/UEDPIE_0_TopDownExampleMap.TopDownExampleMap (0.021251s)
[2017.05.24-23.16.42:429][497]LogInit: XAudio2 using 'Realtek Digital Output (Realtek Audio)' : 2 channels at 48 kHz using 16 bits per sample (channel mask 0x3)
[2017.05.24-23.16.42:442][497]LogInit: FAudioDevice initialized.
[2017.05.24-23.16.42:472][497]LogLoad: Game class is 'TopDownGameMode_C'
[2017.05.24-23.16.42:475][497]LogWorld: Bringing World /Game/TopDownBP/Maps/UEDPIE_0_TopDownExampleMap.TopDownExampleMap up for play (max tick rate 0) at 2017.05.25-09.16.42
[2017.05.24-23.16.42:475][497]LogWorld: Bringing up level for play took: 0.002390
[2017.05.24-23.16.42:476][497]PIE: Info Play in editor start time for /Game/TopDownBP/Maps/UEDPIE_0_TopDownExampleMap 1.009
[2017.05.24-23.16.42:476][497]LogBlueprintUserMessages: Late PlayInEditor Detection: Level '/Game/TopDownBP/Maps/TopDownExampleMap.TopDownExampleMap:PersistentLevel' has LevelScriptBlueprint '/Game/TopDownBP/Maps/TopDownExampleMap.TopDownExampleMap:PersistentLevel.TopDownExampleMap' with GeneratedClass '/Game/TopDownBP/Maps/TopDownExampleMap.TopDownExampleMap_C' with ClassGeneratedBy '/Game/TopDownBP/Maps/TopDownExampleMap.TopDownExampleMap:PersistentLevel.TopDownExampleMap'
[2017.05.24-23.16.42:836][536]LogBlueprintUserMessages: Early EndPlayMap Detection: Level '/Game/TopDownBP/Maps/TopDownExampleMap.TopDownExampleMap:PersistentLevel' has LevelScriptBlueprint '/Game/TopDownBP/Maps/TopDownExampleMap.TopDownExampleMap:PersistentLevel.TopDownExampleMap' with GeneratedClass '/Game/TopDownBP/Maps/TopDownExampleMap.TopDownExampleMap_C' with ClassGeneratedBy '/Game/TopDownBP/Maps/TopDownExampleMap.TopDownExampleMap:PersistentLevel.TopDownExampleMap'
[2017.05.24-23.16.42:865][536]LogBlueprintUserMessages: Late EndPlayMap Detection: Level '/Game/TopDownBP/Maps/TopDownExampleMap.TopDownExampleMap:PersistentLevel' has LevelScriptBlueprint '/Game/TopDownBP/Maps/TopDownExampleMap.TopDownExampleMap:PersistentLevel.TopDownExampleMap' with GeneratedClass '/Game/TopDownBP/Maps/TopDownExampleMap.TopDownExampleMap_C' with ClassGeneratedBy '/Game/TopDownBP/Maps/TopDownExampleMap.TopDownExampleMap:PersistentLevel.TopDownExampleMap'
[2017.05.24-23.17.47:580][345]LogSlate: Took 0.000113 seconds to synchronously load lazily loaded font '../../../Engine/Content/Slate/Fonts/Roboto-Light.ttf' (159K)
[2017.05.24-23.17.47:954][345]LogContentBrowser: Native class hierarchy updated for 'BlueprintGraph' in 0.0008 seconds. Added 112 classes and 0 folders.
[2017.05.24-23.17.48:463][345]LogSlate: Took 0.000107 seconds to synchronously load lazily loaded font '../../../Engine/Content/Slate/Fonts/Roboto-Regular.ttf' (155K)
[2017.05.24-23.17.51:088][520]LogSlate: Took 0.000244 seconds to synchronously load lazily loaded font '../../../Engine/Content/Editor/Slate/Fonts/Roboto-BoldCondensed.ttf' (158K)
[2017.05.24-23.17.55:400][931]LogSlate: Took 0.000238 seconds to synchronously load lazily loaded font '../../../Engine/Content/Editor/Slate/Fonts/Roboto-Italic.ttf' (157K)
[2017.05.24-23.18.09:918][471]LogSlate: Took 0.000234 seconds to synchronously load lazily loaded font '../../../Engine/Content/Slate/Fonts/Roboto-Light.ttf' (159K)
[2017.05.24-23.27.15:198][800]LogPackageName: SearchForPackageOnDisk took   0.000s, but failed to resolve /Game/TopDownBP/AI/Chaser/BTTask_BlueprintBase_New.
[2017.05.24-23.28.05:852][689]LogMetaData: Removing '/Game/TopDownBP/AI/Chaser/BTT_RapidMoveTo.SKEL_BTT_RapidMoveTo_C' ref from Metadata '/Game/TopDownBP/AI/Chaser/BTTask_BlueprintBase_New.PackageMetaData'
[2017.05.24-23.28.05:852][689]LogMetaData: Removing '/Game/TopDownBP/AI/Chaser/BTT_RapidMoveTo.BTT_RapidMoveTo_C' ref from Metadata '/Game/TopDownBP/AI/Chaser/BTTask_BlueprintBase_New.PackageMetaData'
[2017.05.24-23.28.05:869][689]LogSavePackage: Save=2.04ms
[2017.05.24-23.28.05:869][689]LogSavePackage: Moving '../../../../../../Users/S201427986/Documents/Unreal Projects/Follower_AI_Task/Saved/BTT_RapidMoveTo3C26460F456B4B82DEA3FF95A21D0D5E.tmp' to '../../../../../../Users/S201427986/Documents/Unreal Projects/Follower_AI_Task/Content/TopDownBP/AI/Chaser/BTT_RapidMoveTo.uasset'
[2017.05.24-23.28.05:872][689]LogSavePackage:Display: Finished SavePackage ../../../../../../Users/S201427986/Documents/Unreal Projects/Follower_AI_Task/Content/TopDownBP/AI/Chaser/BTT_RapidMoveTo.uasset
[2017.05.24-23.28.06:063][700]LogPackageName: SearchForPackageOnDisk took   0.000s to resolve /Game/TopDownBP/AI/Chaser/BTT_RapidMoveTo.
[2017.05.24-23.28.26:561][130]LogEditorTransaction: Undo Add Variable
[2017.05.24-23.28.43:762][165]LogSlate: Took 0.015942 seconds to synchronously load lazily loaded font '../../../Engine/Content/Editor/Slate/Fonts/Roboto-BoldCondensedItalic.ttf' (160K)
[2017.05.24-23.30.08:891][318]BlueprintLog: New page: Compile BTT_RapidMoveTo
[2017.05.24-23.30.13:065][801]LogFileHelpers: Editor autosave (incl. sublevels) for '/Game/TopDownBP/Maps/TopDownExampleMap' took 0.012
[2017.05.24-23.30.13:066][801]OBJ SavePackage: Generating thumbnails for [0] asset(s) in package [/Game/TopDownBP/AI/Chaser/FollowerBT] ([1] browsable assets)...
[2017.05.24-23.30.13:066][801]OBJ SavePackage: Finished generating thumbnails for package [/Game/TopDownBP/AI/Chaser/FollowerBT]
[2017.05.24-23.30.13:072][801]LogSavePackage: Save=2.11ms
[2017.05.24-23.30.13:072][801]LogSavePackage: Moving '../../../../../../Users/S201427986/Documents/Unreal Projects/Follower_AI_Task/Saved/FollowerBT_Auto1A07C14AC47A50BC495ECDFB56F27AAEB.tmp' to '../../../../../../Users/S201427986/Documents/Unreal Projects/Follower_AI_Task/Saved/Autosaves/Game/TopDownBP/AI/Chaser/FollowerBT_Auto1.uasset'
[2017.05.24-23.30.13:074][801]LogSavePackage:Display: Finished SavePackage ../../../../../../Users/S201427986/Documents/Unreal Projects/Follower_AI_Task/Saved/Autosaves/Game/TopDownBP/AI/Chaser/FollowerBT_Auto1.uasset
[2017.05.24-23.30.13:076][801]LogSavePackage: Save=0.98ms
[2017.05.24-23.30.13:076][801]LogSavePackage: Moving '../../../../../../Users/S201427986/Documents/Unreal Projects/Follower_AI_Task/Saved/BTTask_BlueprintBase_New_Auto1A3222E1D4F950063165FC5AEC8CF0EB7.tmp' to '../../../../../../Users/S201427986/Documents/Unreal Projects/Follower_AI_Task/Saved/Autosaves/Game/TopDownBP/AI/Chaser/BTTask_BlueprintBase_New_Auto1.uasset'
[2017.05.24-23.30.13:077][801]LogSavePackage:Display: Finished SavePackage ../../../../../../Users/S201427986/Documents/Unreal Projects/Follower_AI_Task/Saved/Autosaves/Game/TopDownBP/AI/Chaser/BTTask_BlueprintBase_New_Auto1.uasset
[2017.05.24-23.30.13:077][801]OBJ SavePackage: Generating thumbnails for [0] asset(s) in package [/Game/TopDownBP/AI/Chaser/BTT_RapidMoveTo] ([1] browsable assets)...
[2017.05.24-23.30.13:077][801]OBJ SavePackage: Finished generating thumbnails for package [/Game/TopDownBP/AI/Chaser/BTT_RapidMoveTo]
[2017.05.24-23.30.13:083][801]LogSavePackage: Save=2.49ms
[2017.05.24-23.30.13:083][801]LogSavePackage: Moving '../../../../../../Users/S201427986/Documents/Unreal Projects/Follower_AI_Task/Saved/BTT_RapidMoveTo_Auto1A566990047454AD34B3E0AA1ECEE6ADD.tmp' to '../../../../../../Users/S201427986/Documents/Unreal Projects/Follower_AI_Task/Saved/Autosaves/Game/TopDownBP/AI/Chaser/BTT_RapidMoveTo_Auto1.uasset'
[2017.05.24-23.30.13:084][801]LogSavePackage:Display: Finished SavePackage ../../../../../../Users/S201427986/Documents/Unreal Projects/Follower_AI_Task/Saved/Autosaves/Game/TopDownBP/AI/Chaser/BTT_RapidMoveTo_Auto1.uasset
[2017.05.24-23.30.13:084][801]LogFileHelpers: Auto-saving content packages took 0.019
[2017.05.24-23.30.37:722][751]BlueprintLog: New page: Compile BTT_RapidMoveTo
[2017.05.24-23.32.12:967][672]BlueprintLog: New page: Compile BTT_RapidMoveTo
[2017.05.24-23.36.49:602][901]BlueprintLog: New page: Compile BTT_RapidMoveTo
[2017.05.24-23.37.14:347][102]LogEditorTransaction: Undo Move Node
[2017.05.24-23.37.20:840][855]LogEditorTransaction: Redo Move Node
[2017.05.24-23.37.24:461][255]LogMaterial: Missing cached shader map for material Material_0, compiling. 
[2017.05.24-23.37.24:466][255]LogTemp:Display: Added material ShaderMap 0x000001A4B7325280 with Material 0x000001A4B4A4E080 to ShaderMapsBeingCompiled
[2017.05.24-23.37.24:565][255]LogTemp:Display: Kicking off shader compilation for Material_0, GameThreadShaderMap 0x000001A4B7325280
[2017.05.24-23.37.24:612][256]LogMaterial: Missing cached shader map for material Material_1, compiling. 
[2017.05.24-23.37.24:635][256]LogTemp:Display: Added material ShaderMap 0x000001A50BD6F200 with Material 0x000001A4B464CD00 to ShaderMapsBeingCompiled
[2017.05.24-23.37.24:670][256]LogTemp:Display: Kicking off shader compilation for Material_1, GameThreadShaderMap 0x000001A50BD6F200
[2017.05.24-23.37.24:699][257]LogMaterial: Missing cached shader map for material Material_2, compiling. 
[2017.05.24-23.37.24:700][257]LogTemp:Display: Added material ShaderMap 0x000001A50C9EAE80 with Material 0x000001A4B661FD00 to ShaderMapsBeingCompiled
[2017.05.24-23.37.24:724][257]LogTemp:Display: Kicking off shader compilation for Material_2, GameThreadShaderMap 0x000001A50C9EAE80
[2017.05.24-23.37.24:754][258]LogMaterial: Missing cached shader map for material Material_3, compiling. 
[2017.05.24-23.37.24:756][258]LogTemp:Display: Added material ShaderMap 0x000001A50C592780 with Material 0x000001A506ECB100 to ShaderMapsBeingCompiled
[2017.05.24-23.37.24:788][258]LogTemp:Display: Kicking off shader compilation for Material_3, GameThreadShaderMap 0x000001A50C592780
[2017.05.24-23.37.27:284][457]LogTemp:Display: Finished compile of shader map 0x000001A4B7325280
[2017.05.24-23.37.27:284][457]LogTemp:Display: Shader map Material_0 complete, GameThreadShaderMap 0x000001A4B7325280, marking material Material_0 as finished
[2017.05.24-23.37.27:284][457]LogTemp:Display: Marking material as finished 0x000001A4B4A4E080
[2017.05.24-23.37.28:296][552]BlueprintLog: New page: Compile BTT_RapidMoveTo
[2017.05.24-23.37.28:897][593]LogTemp:Display: Finished compile of shader map 0x000001A50BD6F200
[2017.05.24-23.37.28:897][593]LogTemp:Display: Shader map Material_1 complete, GameThreadShaderMap 0x000001A50BD6F200, marking material Material_1 as finished
[2017.05.24-23.37.28:897][593]LogTemp:Display: Marking material as finished 0x000001A4B464CD00
[2017.05.24-23.37.30:421][733]LogTemp:Display: Finished compile of shader map 0x000001A50C9EAE80
[2017.05.24-23.37.30:421][733]LogTemp:Display: Shader map Material_2 complete, GameThreadShaderMap 0x000001A50C9EAE80, marking material Material_2 as finished
[2017.05.24-23.37.30:421][733]LogTemp:Display: Marking material as finished 0x000001A4B661FD00
[2017.05.24-23.37.31:262][825]LogTemp:Display: Finished compile of shader map 0x000001A50C592780
[2017.05.24-23.37.31:262][825]LogTemp:Display: Shader map Material_3 complete, GameThreadShaderMap 0x000001A50C592780, marking material Material_3 as finished
[2017.05.24-23.37.31:262][825]LogTemp:Display: Marking material as finished 0x000001A506ECB100
[2017.05.24-23.40.13:580][421]LogFileHelpers: Editor autosave (incl. sublevels) for '/Game/TopDownBP/Maps/TopDownExampleMap' took 0.020
[2017.05.24-23.40.13:582][421]OBJ SavePackage: Generating thumbnails for [0] asset(s) in package [/Game/TopDownBP/AI/Chaser/BTT_RapidMoveTo] ([1] browsable assets)...
[2017.05.24-23.40.13:582][421]OBJ SavePackage: Finished generating thumbnails for package [/Game/TopDownBP/AI/Chaser/BTT_RapidMoveTo]
[2017.05.24-23.40.13:594][421]LogSavePackage: Save=8.41ms
[2017.05.24-23.40.13:594][421]LogSavePackage: Moving '../../../../../../Users/S201427986/Documents/Unreal Projects/Follower_AI_Task/Saved/BTT_RapidMoveTo_Auto2D7F12D90496F437D1825F89A74AB981E.tmp' to '../../../../../../Users/S201427986/Documents/Unreal Projects/Follower_AI_Task/Saved/Autosaves/Game/TopDownBP/AI/Chaser/BTT_RapidMoveTo_Auto2.uasset'
[2017.05.24-23.40.13:595][421]LogSavePackage:Display: Finished SavePackage ../../../../../../Users/S201427986/Documents/Unreal Projects/Follower_AI_Task/Saved/Autosaves/Game/TopDownBP/AI/Chaser/BTT_RapidMoveTo_Auto2.uasset
[2017.05.24-23.40.13:595][421]LogFileHelpers: Auto-saving content packages took 0.015
[2017.05.24-23.47.49:754][789]LogPackageName: SearchForPackageOnDisk took   0.000s, but failed to resolve /Game/TopDownBP/AI/Chaser/BTDecorator_BlueprintBase_New.
[2017.05.24-23.50.21:271][566]LogFileHelpers: Editor autosave (incl. sublevels) for '/Game/TopDownBP/Maps/TopDownExampleMap' took 0.019
[2017.05.24-23.50.21:272][566]OBJ SavePackage: Generating thumbnails for [0] asset(s) in package [/Game/TopDownBP/AI/Chaser/BTDecorator_BlueprintBase_New] ([1] browsable assets)...
[2017.05.24-23.50.21:272][566]OBJ SavePackage: Finished generating thumbnails for package [/Game/TopDownBP/AI/Chaser/BTDecorator_BlueprintBase_New]
[2017.05.24-23.50.21:275][566]LogSavePackage: Save=2.23ms
[2017.05.24-23.50.21:275][566]LogSavePackage: Moving '../../../../../../Users/S201427986/Documents/Unreal Projects/Follower_AI_Task/Saved/BTDecorator_BlueprintBase_New_Auto3A4B1E9DD439008738AFE38978F5D7583.tmp' to '../../../../../../Users/S201427986/Documents/Unreal Projects/Follower_AI_Task/Saved/Autosaves/Game/TopDownBP/AI/Chaser/BTDecorator_BlueprintBase_New_Auto3.uasset'
[2017.05.24-23.50.21:277][566]LogSavePackage:Display: Finished SavePackage ../../../../../../Users/S201427986/Documents/Unreal Projects/Follower_AI_Task/Saved/Autosaves/Game/TopDownBP/AI/Chaser/BTDecorator_BlueprintBase_New_Auto3.uasset
[2017.05.24-23.50.21:277][566]LogFileHelpers: Auto-saving content packages took 0.006
[2017.05.24-23.51.00:400][539]LogMetaData: Removing '/Game/TopDownBP/AI/Chaser/BTD_CloseEnough.SKEL_BTD_CloseEnough_C' ref from Metadata '/Game/TopDownBP/AI/Chaser/BTDecorator_BlueprintBase_New.PackageMetaData'
[2017.05.24-23.51.00:400][539]LogMetaData: Removing '/Game/TopDownBP/AI/Chaser/BTD_CloseEnough.BTD_CloseEnough_C' ref from Metadata '/Game/TopDownBP/AI/Chaser/BTDecorator_BlueprintBase_New.PackageMetaData'
[2017.05.24-23.51.00:414][539]LogSavePackage: Save=1.76ms
[2017.05.24-23.51.00:414][539]LogSavePackage: Moving '../../../../../../Users/S201427986/Documents/Unreal Projects/Follower_AI_Task/Saved/BTD_CloseEnoughD6AA6C80471AED7185ACE4BEEE4DD26E.tmp' to '../../../../../../Users/S201427986/Documents/Unreal Projects/Follower_AI_Task/Content/TopDownBP/AI/Chaser/BTD_CloseEnough.uasset'
[2017.05.24-23.51.00:417][539]LogSavePackage:Display: Finished SavePackage ../../../../../../Users/S201427986/Documents/Unreal Projects/Follower_AI_Task/Content/TopDownBP/AI/Chaser/BTD_CloseEnough.uasset
[2017.05.24-23.51.00:570][547]LogPackageName: SearchForPackageOnDisk took   0.000s to resolve /Game/TopDownBP/AI/Chaser/BTD_CloseEnough.
[2017.05.24-23.58.20:938][216]BlueprintLog: New page: Compile BTD_CloseEnough
[2017.05.24-23.59.50:295][746]LogEditorTransaction: Undo Create Pin Link
[2017.05.25-00.00.22:464][568]LogFileHelpers: Editor autosave (incl. sublevels) for '/Game/TopDownBP/Maps/TopDownExampleMap' took 0.015
[2017.05.25-00.00.22:468][568]LogSavePackage: Save=0.92ms
[2017.05.25-00.00.22:468][568]LogSavePackage: Moving '../../../../../../Users/S201427986/Documents/Unreal Projects/Follower_AI_Task/Saved/BTDecorator_BlueprintBase_New_Auto4F3748C1B415D195DD025E7A999246A5B.tmp' to '../../../../../../Users/S201427986/Documents/Unreal Projects/Follower_AI_Task/Saved/Autosaves/Game/TopDownBP/AI/Chaser/BTDecorator_BlueprintBase_New_Auto4.uasset'
[2017.05.25-00.00.22:469][568]LogSavePackage:Display: Finished SavePackage ../../../../../../Users/S201427986/Documents/Unreal Projects/Follower_AI_Task/Saved/Autosaves/Game/TopDownBP/AI/Chaser/BTDecorator_BlueprintBase_New_Auto4.uasset
[2017.05.25-00.00.22:469][568]OBJ SavePackage: Generating thumbnails for [0] asset(s) in package [/Game/TopDownBP/AI/Chaser/BTD_CloseEnough] ([1] browsable assets)...
[2017.05.25-00.00.22:469][568]OBJ SavePackage: Finished generating thumbnails for package [/Game/TopDownBP/AI/Chaser/BTD_CloseEnough]
[2017.05.25-00.00.22:477][568]LogSavePackage: Save=3.26ms
[2017.05.25-00.00.22:477][568]LogSavePackage: Moving '../../../../../../Users/S201427986/Documents/Unreal Projects/Follower_AI_Task/Saved/BTD_CloseEnough_Auto400E2502A42B1FA54E3B01C873EB65B9F.tmp' to '../../../../../../Users/S201427986/Documents/Unreal Projects/Follower_AI_Task/Saved/Autosaves/Game/TopDownBP/AI/Chaser/BTD_CloseEnough_Auto4.uasset'
[2017.05.25-00.00.22:478][568]LogSavePackage:Display: Finished SavePackage ../../../../../../Users/S201427986/Documents/Unreal Projects/Follower_AI_Task/Saved/Autosaves/Game/TopDownBP/AI/Chaser/BTD_CloseEnough_Auto4.uasset
[2017.05.25-00.00.22:478][568]LogFileHelpers: Auto-saving content packages took 0.013
[2017.05.25-00.02.31:014][241]BlueprintLog: New page: Compile BTD_CloseEnough
[2017.05.25-00.02.31:104][241]BlueprintEditorCompileResults: Info The execution path doesn't end with a return node.  Cast Failed
[2017.05.25-00.07.03:715][915]LogEditorTransaction: Undo Move Node
[2017.05.25-00.07.04:080][945]LogEditorTransaction: Undo Move Node
[2017.05.25-00.07.04:482][984]LogEditorTransaction: Undo Move Node
[2017.05.25-00.07.04:966][ 37]LogEditorTransaction: Undo Move Node
[2017.05.25-00.07.05:475][ 93]LogEditorTransaction: Undo Move Node
[2017.05.25-00.07.06:054][157]LogEditorTransaction: Undo Move Nodes
[2017.05.25-00.07.10:510][683]BlueprintLog: New page: Compile BTD_CloseEnough
[2017.05.25-00.07.10:603][683]BlueprintEditorCompileResults: Info The execution path doesn't end with a return node.  Cast Failed
[2017.05.25-00.07.16:168][332]LogSavePackage: Save=2.30ms
[2017.05.25-00.07.16:168][332]LogSavePackage: Moving '../../../../../../Users/S201427986/Documents/Unreal Projects/Follower_AI_Task/Saved/FollowerBT6876AEAA47A91F1F2B9908AEE122A1CE.tmp' to '../../../../../../Users/S201427986/Documents/Unreal Projects/Follower_AI_Task/Content/TopDownBP/AI/Chaser/FollowerBT.uasset'
[2017.05.25-00.07.16:170][332]LogSavePackage:Display: Finished SavePackage ../../../../../../Users/S201427986/Documents/Unreal Projects/Follower_AI_Task/Content/TopDownBP/AI/Chaser/FollowerBT.uasset
[2017.05.25-00.07.16:178][332]LogSavePackage: Save=1.04ms
[2017.05.25-00.07.16:178][332]LogSavePackage: Moving '../../../../../../Users/S201427986/Documents/Unreal Projects/Follower_AI_Task/Saved/BTTask_BlueprintBase_NewFEA27C13401CDE34C925E8A224214988.tmp' to '../../../../../../Users/S201427986/Documents/Unreal Projects/Follower_AI_Task/Content/TopDownBP/AI/Chaser/BTTask_BlueprintBase_New.uasset'
[2017.05.25-00.07.16:181][332]LogSavePackage:Display: Finished SavePackage ../../../../../../Users/S201427986/Documents/Unreal Projects/Follower_AI_Task/Content/TopDownBP/AI/Chaser/BTTask_BlueprintBase_New.uasset
[2017.05.25-00.07.16:196][332]LogSavePackage: Save=8.21ms
[2017.05.25-00.07.16:196][332]LogSavePackage: Moving '../../../../../../Users/S201427986/Documents/Unreal Projects/Follower_AI_Task/Saved/BTT_RapidMoveToEBED716C4CB34922EED1F99228653A6B.tmp' to '../../../../../../Users/S201427986/Documents/Unreal Projects/Follower_AI_Task/Content/TopDownBP/AI/Chaser/BTT_RapidMoveTo.uasset'
[2017.05.25-00.07.16:198][332]LogSavePackage:Display: Finished SavePackage ../../../../../../Users/S201427986/Documents/Unreal Projects/Follower_AI_Task/Content/TopDownBP/AI/Chaser/BTT_RapidMoveTo.uasset
[2017.05.25-00.07.16:204][332]LogSavePackage: Save=0.79ms
[2017.05.25-00.07.16:204][332]LogSavePackage: Moving '../../../../../../Users/S201427986/Documents/Unreal Projects/Follower_AI_Task/Saved/BTDecorator_BlueprintBase_New143E3E0047DC54FA3466F4A92DE2D00F.tmp' to '../../../../../../Users/S201427986/Documents/Unreal Projects/Follower_AI_Task/Content/TopDownBP/AI/Chaser/BTDecorator_BlueprintBase_New.uasset'
[2017.05.25-00.07.16:206][332]LogSavePackage:Display: Finished SavePackage ../../../../../../Users/S201427986/Documents/Unreal Projects/Follower_AI_Task/Content/TopDownBP/AI/Chaser/BTDecorator_BlueprintBase_New.uasset
[2017.05.25-00.07.16:226][332]LogSavePackage: Save=7.53ms
[2017.05.25-00.07.16:226][332]LogSavePackage: Moving '../../../../../../Users/S201427986/Documents/Unreal Projects/Follower_AI_Task/Saved/BTD_CloseEnough602E092D4C09AB497E2E63B0DE363E3F.tmp' to '../../../../../../Users/S201427986/Documents/Unreal Projects/Follower_AI_Task/Content/TopDownBP/AI/Chaser/BTD_CloseEnough.uasset'
[2017.05.25-00.07.16:228][332]LogSavePackage:Display: Finished SavePackage ../../../../../../Users/S201427986/Documents/Unreal Projects/Follower_AI_Task/Content/TopDownBP/AI/Chaser/BTD_CloseEnough.uasset
[2017.05.25-00.18.24:494][533]LogPropertyNode:Warning: Property BTDecorator_IsAtLocation::bUseParametrizedRadius is an editcondition for BTDecorator_IsAtLocation::AcceptableRadius, but is not marked as EditAnywhere.
[2017.05.25-00.18.24:495][533]LogPropertyNode:Warning: Property BTDecorator_IsAtLocation::bUseParametrizedRadius is an editcondition for BTDecorator_IsAtLocation::ParametrizedAcceptableRadius, but is not marked as EditAnywhere.
[2017.05.25-00.18.39:322][305]LogPropertyNode:Warning: Property BTDecorator_IsAtLocation::bUseParametrizedRadius is an editcondition for BTDecorator_IsAtLocation::AcceptableRadius, but is not marked as EditAnywhere.
[2017.05.25-00.18.39:323][305]LogPropertyNode:Warning: Property BTDecorator_IsAtLocation::bUseParametrizedRadius is an editcondition for BTDecorator_IsAtLocation::ParametrizedAcceptableRadius, but is not marked as EditAnywhere.
[2017.05.25-00.21.22:869][840]LogFileHelpers: Editor autosave (incl. sublevels) for '/Game/TopDownBP/Maps/TopDownExampleMap' took 0.015
[2017.05.25-00.21.22:871][840]OBJ SavePackage: Generating thumbnails for [0] asset(s) in package [/Game/TopDownBP/AI/Chaser/FollowerBT] ([1] browsable assets)...
[2017.05.25-00.21.22:871][840]OBJ SavePackage: Finished generating thumbnails for package [/Game/TopDownBP/AI/Chaser/FollowerBT]
[2017.05.25-00.21.22:881][840]LogSavePackage: Save=5.76ms
[2017.05.25-00.21.22:881][840]LogSavePackage: Moving '../../../../../../Users/S201427986/Documents/Unreal Projects/Follower_AI_Task/Saved/FollowerBT_Auto5F750DDE14164EEF88A07A7A6B6C27441.tmp' to '../../../../../../Users/S201427986/Documents/Unreal Projects/Follower_AI_Task/Saved/Autosaves/Game/TopDownBP/AI/Chaser/FollowerBT_Auto5.uasset'
[2017.05.25-00.21.22:882][840]LogSavePackage:Display: Finished SavePackage ../../../../../../Users/S201427986/Documents/Unreal Projects/Follower_AI_Task/Saved/Autosaves/Game/TopDownBP/AI/Chaser/FollowerBT_Auto5.uasset
[2017.05.25-00.21.22:882][840]LogFileHelpers: Auto-saving content packages took 0.012
[2017.05.25-00.31.40:720][643]LogFileHelpers: Editor autosave (incl. sublevels) for '/Game/TopDownBP/Maps/TopDownExampleMap' took 0.015
[2017.05.25-00.31.40:721][643]OBJ SavePackage: Generating thumbnails for [0] asset(s) in package [/Game/TopDownBP/AI/Chaser/FollowerBT] ([1] browsable assets)...
[2017.05.25-00.31.40:721][643]OBJ SavePackage: Finished generating thumbnails for package [/Game/TopDownBP/AI/Chaser/FollowerBT]
[2017.05.25-00.31.40:730][643]LogSavePackage: Save=5.01ms
[2017.05.25-00.31.40:730][643]LogSavePackage: Moving '../../../../../../Users/S201427986/Documents/Unreal Projects/Follower_AI_Task/Saved/FollowerBT_Auto6BA7237004D96894FB426B08A4D8B778B.tmp' to '../../../../../../Users/S201427986/Documents/Unreal Projects/Follower_AI_Task/Saved/Autosaves/Game/TopDownBP/AI/Chaser/FollowerBT_Auto6.uasset'
[2017.05.25-00.31.40:731][643]LogSavePackage:Display: Finished SavePackage ../../../../../../Users/S201427986/Documents/Unreal Projects/Follower_AI_Task/Saved/Autosaves/Game/TopDownBP/AI/Chaser/FollowerBT_Auto6.uasset
[2017.05.25-00.31.40:731][643]LogFileHelpers: Auto-saving content packages took 0.011
[2017.05.25-00.37.30:242][483]LogPropertyNode:Warning: Property BTDecorator_IsAtLocation::bUseParametrizedRadius is an editcondition for BTDecorator_IsAtLocation::AcceptableRadius, but is not marked as EditAnywhere.
[2017.05.25-00.37.30:243][483]LogPropertyNode:Warning: Property BTDecorator_IsAtLocation::bUseParametrizedRadius is an editcondition for BTDecorator_IsAtLocation::ParametrizedAcceptableRadius, but is not marked as EditAnywhere.
[2017.05.25-00.37.56:855][642]LogPropertyNode:Warning: Property BTDecorator_IsAtLocation::bUseParametrizedRadius is an editcondition for BTDecorator_IsAtLocation::AcceptableRadius, but is not marked as EditAnywhere.
[2017.05.25-00.37.56:856][642]LogPropertyNode:Warning: Property BTDecorator_IsAtLocation::bUseParametrizedRadius is an editcondition for BTDecorator_IsAtLocation::ParametrizedAcceptableRadius, but is not marked as EditAnywhere.
[2017.05.25-00.39.06:266][576]LogTemp: Repeting last play command: Selected Viewport
[2017.05.25-00.39.06:273][576]LogBlueprintUserMessages: Early PlayInEditor Detection: Level '/Game/TopDownBP/Maps/TopDownExampleMap.TopDownExampleMap:PersistentLevel' has LevelScriptBlueprint '/Game/TopDownBP/Maps/TopDownExampleMap.TopDownExampleMap:PersistentLevel.TopDownExampleMap' with GeneratedClass '/Game/TopDownBP/Maps/TopDownExampleMap.TopDownExampleMap_C' with ClassGeneratedBy '/Game/TopDownBP/Maps/TopDownExampleMap.TopDownExampleMap:PersistentLevel.TopDownExampleMap'
[2017.05.25-00.39.06:280][576]LogPlayLevel: PlayLevel: No blueprints needed recompiling
[2017.05.25-00.39.06:280][576]PIE: New page: PIE session: TopDownExampleMap (25 May 2017 8:39:06 pm)
[2017.05.25-00.39.06:280][576]LogPlayLevel: Creating play world package: /Game/TopDownBP/Maps/UEDPIE_0_TopDownExampleMap
[2017.05.25-00.39.06:301][576]LogPlayLevel: PIE: StaticDuplicateObject took: (0.021111s)
[2017.05.25-00.39.06:302][576]LogAIModule: Creating AISystem for world TopDownExampleMap
[2017.05.25-00.39.06:302][576]LogPlayLevel: PIE: World Init took: (0.001166s)
[2017.05.25-00.39.06:303][576]LogPlayLevel: PIE: Created PIE world by copying editor world from /Game/TopDownBP/Maps/TopDownExampleMap.TopDownExampleMap to /Game/TopDownBP/Maps/UEDPIE_0_TopDownExampleMap.TopDownExampleMap (0.022591s)
[2017.05.25-00.39.06:319][576]LogInit: XAudio2 using 'Realtek Digital Output (Realtek Audio)' : 2 channels at 48 kHz using 16 bits per sample (channel mask 0x3)
[2017.05.25-00.39.06:333][576]LogInit: FAudioDevice initialized.
[2017.05.25-00.39.06:363][576]LogLoad: Game class is 'TopDownGameMode_C'
[2017.05.25-00.39.06:366][576]LogWorld: Bringing World /Game/TopDownBP/Maps/UEDPIE_0_TopDownExampleMap.TopDownExampleMap up for play (max tick rate 0) at 2017.05.25-10.39.06
[2017.05.25-00.39.06:366][576]LogWorld: Bringing up level for play took: 0.002626
[2017.05.25-00.39.06:378][576]PIE: Info Play in editor start time for /Game/TopDownBP/Maps/UEDPIE_0_TopDownExampleMap 0.919
[2017.05.25-00.39.06:379][576]LogBlueprintUserMessages: Late PlayInEditor Detection: Level '/Game/TopDownBP/Maps/TopDownExampleMap.TopDownExampleMap:PersistentLevel' has LevelScriptBlueprint '/Game/TopDownBP/Maps/TopDownExampleMap.TopDownExampleMap:PersistentLevel.TopDownExampleMap' with GeneratedClass '/Game/TopDownBP/Maps/TopDownExampleMap.TopDownExampleMap_C' with ClassGeneratedBy '/Game/TopDownBP/Maps/TopDownExampleMap.TopDownExampleMap:PersistentLevel.TopDownExampleMap'
[2017.05.25-00.41.42:937][214]LogBlueprintUserMessages: Early EndPlayMap Detection: Level '/Game/TopDownBP/Maps/TopDownExampleMap.TopDownExampleMap:PersistentLevel' has LevelScriptBlueprint '/Game/TopDownBP/Maps/TopDownExampleMap.TopDownExampleMap:PersistentLevel.TopDownExampleMap' with GeneratedClass '/Game/TopDownBP/Maps/TopDownExampleMap.TopDownExampleMap_C' with ClassGeneratedBy '/Game/TopDownBP/Maps/TopDownExampleMap.TopDownExampleMap:PersistentLevel.TopDownExampleMap'
[2017.05.25-00.41.42:978][214]LogBlueprintUserMessages: Late EndPlayMap Detection: Level '/Game/TopDownBP/Maps/TopDownExampleMap.TopDownExampleMap:PersistentLevel' has LevelScriptBlueprint '/Game/TopDownBP/Maps/TopDownExampleMap.TopDownExampleMap:PersistentLevel.TopDownExampleMap' with GeneratedClass '/Game/TopDownBP/Maps/TopDownExampleMap.TopDownExampleMap_C' with ClassGeneratedBy '/Game/TopDownBP/Maps/TopDownExampleMap.TopDownExampleMap:PersistentLevel.TopDownExampleMap'
[2017.05.25-00.43.12:976][ 48]LogSavePackage: Save=6.42ms
[2017.05.25-00.43.12:976][ 48]LogSavePackage: Moving '../../../../../../Users/S201427986/Documents/Unreal Projects/Follower_AI_Task/Saved/FollowerBT0EA0A7824C869E81CB3FBCAC6A326BC6.tmp' to '../../../../../../Users/S201427986/Documents/Unreal Projects/Follower_AI_Task/Content/TopDownBP/AI/Chaser/FollowerBT.uasset'
[2017.05.25-00.43.12:980][ 48]LogSavePackage:Display: Finished SavePackage ../../../../../../Users/S201427986/Documents/Unreal Projects/Follower_AI_Task/Content/TopDownBP/AI/Chaser/FollowerBT.uasset
[2017.05.25-00.43.13:985][160]LogWindowsTextInputMethodSystem:Display: IME system now deactivated.
[2017.05.25-00.43.14:154][161]Cmd: QUIT_EDITOR
[2017.05.25-00.43.14:296][161]LogExit: Preparing to exit.
[2017.05.25-00.43.14:954][161]LogDirectoryWatcher: A directory notification for 'C:/Users/S201427986/Documents/Unreal Projects/Follower_AI_Task/Content/' was aborted.
[2017.05.25-00.43.14:986][161]LogExit: Editor shut down
[2017.05.25-00.43.14:986][161]LogExit: Transaction tracking system shut down
[2017.05.25-00.43.15:065][161]LogObj: Freed 0b from 0 cluster array pools.
[2017.05.25-00.43.15:065][161]LogExit: Object subsystem successfully closed.
[2017.05.25-00.43.15:084][161]LogD3D11RHI: Shutdown
[2017.05.25-00.43.15:084][161]LogD3D11RHI: CleanupD3DDevice
[2017.05.25-00.43.15:135][161]LogD3D11RHI: ~FD3D11DynamicRHI
[2017.05.25-00.43.15:150][161]LogModuleManager: Shutting down and abandoning module BlueprintGraph (504)
[2017.05.25-00.43.15:150][161]LogModuleManager: Shutting down and abandoning module BlueprintProfiler (502)
[2017.05.25-00.43.15:150][161]LogModuleManager: Shutting down and abandoning module MovieSceneCapture (500)
[2017.05.25-00.43.15:150][161]LogModuleManager: Shutting down and abandoning module HierarchicalLODOutliner (498)
[2017.05.25-00.43.15:150][161]LogModuleManager: Shutting down and abandoning module CrashTracker (496)
[2017.05.25-00.43.15:150][161]LogModuleManager: Shutting down and abandoning module SceneOutliner (494)
[2017.05.25-00.43.15:150][161]LogModuleManager: Shutting down and abandoning module AddContentDialog (492)
[2017.05.25-00.43.15:150][161]LogDirectoryWatcher: A directory notification for 'C:/Program Files/Epic Games/UE_4.15/FeaturePacks/' was aborted.
[2017.05.25-00.43.15:153][161]LogModuleManager: Shutting down and abandoning module WidgetCarousel (491)
[2017.05.25-00.43.15:153][161]LogModuleManager: Shutting down and abandoning module EditorWidgets (488)
[2017.05.25-00.43.15:153][161]LogModuleManager: Shutting down and abandoning module CollectionManager (486)
[2017.05.25-00.43.15:153][161]LogDirectoryWatcher: A directory notification for 'C:/Users/S201427986/Documents/Unreal Projects/Follower_AI_Task/Content/Collections/' was aborted.
[2017.05.25-00.43.15:153][161]LogDirectoryWatcher: A directory notification for 'C:/Users/S201427986/Documents/Unreal Projects/Follower_AI_Task/Content/Developers/S201427986/Collections/' was aborted.
[2017.05.25-00.43.15:153][161]LogDirectoryWatcher: A directory notification for 'C:/Users/S201427986/Documents/Unreal Projects/Follower_AI_Task/Saved/Collections/' was aborted.
[2017.05.25-00.43.15:153][161]LogModuleManager: Shutting down and abandoning module StatsViewer (484)
[2017.05.25-00.43.15:153][161]LogModuleManager: Shutting down and abandoning module FoliageEdit (482)
[2017.05.25-00.43.15:153][161]LogModuleManager: Shutting down and abandoning module LandscapeEditor (480)
[2017.05.25-00.43.15:153][161]LogModuleManager: Shutting down and abandoning module SceneDepthPickerMode (478)
[2017.05.25-00.43.15:153][161]LogModuleManager: Shutting down and abandoning module ActorPickerMode (476)
[2017.05.25-00.43.15:153][161]LogModuleManager: Shutting down and abandoning module GeometryMode (474)
[2017.05.25-00.43.15:153][161]LogModuleManager: Shutting down and abandoning module TextureAlignMode (472)
[2017.05.25-00.43.15:153][161]LogModuleManager: Shutting down and abandoning module BspMode (470)
[2017.05.25-00.43.15:153][161]LogModuleManager: Shutting down and abandoning module HardwareSurvey (468)
[2017.05.25-00.43.15:153][161]LogModuleManager: Shutting down and abandoning module SequenceRecorderSections (466)
[2017.05.25-00.43.15:153][161]LogModuleManager: Shutting down and abandoning module AutomationWorker (464)
[2017.05.25-00.43.15:153][161]LogModuleManager: Shutting down and abandoning module MatineeToLevelSequence (462)
[2017.05.25-00.43.15:153][161]LogModuleManager: Shutting down and abandoning module LevelSequenceEditor (460)
[2017.05.25-00.43.15:153][161]LogModuleManager: Shutting down and abandoning module PlacementMode (459)
[2017.05.25-00.43.15:153][161]LogModuleManager: Shutting down and abandoning module WmfMediaFactory (456)
[2017.05.25-00.43.15:153][161]LogModuleManager: Shutting down and abandoning module WmfMediaEditor (454)
[2017.05.25-00.43.15:153][161]LogModuleManager: Shutting down and abandoning module MfMediaFactory (452)
[2017.05.25-00.43.15:153][161]LogModuleManager: Shutting down and abandoning module MfMediaEditor (450)
[2017.05.25-00.43.15:153][161]LogModuleManager: Shutting down and abandoning module AvfMediaFactory (448)
[2017.05.25-00.43.15:153][161]LogModuleManager: Shutting down and abandoning module AvfMediaEditor (446)
[2017.05.25-00.43.15:153][161]LogModuleManager: Shutting down and abandoning module AndroidMediaFactory (444)
[2017.05.25-00.43.15:153][161]LogModuleManager: Shutting down and abandoning module Media (443)
[2017.05.25-00.43.15:153][161]LogModuleManager: Shutting down and abandoning module AndroidMediaEditor (440)
[2017.05.25-00.43.15:153][161]LogModuleManager: Shutting down and abandoning module CharacterAI (438)
[2017.05.25-00.43.15:153][161]LogModuleManager: Shutting down and abandoning module AudioCapture (436)
[2017.05.25-00.43.15:153][161]LogModuleManager: Shutting down and abandoning module SequenceRecorder (435)
[2017.05.25-00.43.15:153][161]LogModuleManager: Shutting down and abandoning module SmartSnapping (432)
[2017.05.25-00.43.15:153][161]LogModuleManager: Shutting down and abandoning module SessionServices (430)
[2017.05.25-00.43.15:153][161]LogModuleManager: Shutting down and abandoning module ViewportSnapping (428)
[2017.05.25-00.43.15:153][161]LogModuleManager: Shutting down and abandoning module ViewportInteraction (426)
[2017.05.25-00.43.15:153][161]LogModuleManager: Shutting down and abandoning module LogVisualizer (424)
[2017.05.25-00.43.15:153][161]LogModuleManager: Shutting down and abandoning module IntroTutorials (422)
[2017.05.25-00.43.15:153][161]LogModuleManager: Shutting down and abandoning module GameProjectGeneration (421)
[2017.05.25-00.43.15:153][161]LogModuleManager: Shutting down and abandoning module EditorLiveStreaming (418)
[2017.05.25-00.43.15:153][161]LogModuleManager: Shutting down and abandoning module IOSPlatformEditor (416)
[2017.05.25-00.43.15:153][161]LogModuleManager: Shutting down and abandoning module HTML5PlatformEditor (414)
[2017.05.25-00.43.15:153][161]LogModuleManager: Shutting down and abandoning module AndroidPlatformEditor (412)
[2017.05.25-00.43.15:153][161]LogModuleManager: Shutting down and abandoning module AndroidDeviceDetection (411)
[2017.05.25-00.43.16:028][161]LogModuleManager: Shutting down and abandoning module IOSRuntimeSettings (408)
[2017.05.25-00.43.16:028][161]LogModuleManager: Shutting down and abandoning module AndroidRuntimeSettings (406)
[2017.05.25-00.43.16:028][161]LogModuleManager: Shutting down and abandoning module InputBindingEditor (404)
[2017.05.25-00.43.16:028][161]LogModuleManager: Shutting down and abandoning module NiagaraEditor (402)
[2017.05.25-00.43.16:028][161]LogModuleManager: Shutting down and abandoning module MergeActors (400)
[2017.05.25-00.43.16:028][161]LogModuleManager: Shutting down and abandoning module SizeMap (398)
[2017.05.25-00.43.16:028][161]LogModuleManager: Shutting down and abandoning module TreeMap (396)
[2017.05.25-00.43.16:028][161]LogModuleManager: Shutting down and abandoning module ReferenceViewer (394)
[2017.05.25-00.43.16:028][161]LogModuleManager: Shutting down and abandoning module LocalizationDashboard (392)
[2017.05.25-00.43.16:028][161]LogModuleManager: Shutting down and abandoning module LocalizationService (391)
[2017.05.25-00.43.16:028][161]LogModuleManager: Shutting down and abandoning module HardwareTargeting (388)
[2017.05.25-00.43.16:028][161]LogModuleManager: Shutting down and abandoning module DeviceProfileEditor (386)
[2017.05.25-00.43.16:028][161]LogModuleManager: Shutting down and abandoning module UndoHistory (384)
[2017.05.25-00.43.16:028][161]LogModuleManager: Shutting down and abandoning module UserFeedback (382)
[2017.05.25-00.43.16:028][161]LogModuleManager: Shutting down and abandoning module XmlParser (380)
[2017.05.25-00.43.16:028][161]LogModuleManager: Shutting down and abandoning module Blutility (378)
[2017.05.25-00.43.16:028][161]LogModuleManager: Shutting down and abandoning module ProjectSettingsViewer (376)
[2017.05.25-00.43.16:028][161]LogModuleManager: Shutting down and abandoning module ProjectTargetPlatformEditor (375)
[2017.05.25-00.43.16:028][161]LogModuleManager: Shutting down and abandoning module EditorSettingsViewer (372)
[2017.05.25-00.43.16:028][161]LogModuleManager: Shutting down and abandoning module SettingsEditor (370)
[2017.05.25-00.43.16:028][161]LogModuleManager: Shutting down and abandoning module ProjectLauncher (368)
[2017.05.25-00.43.16:028][161]LogModuleManager: Shutting down and abandoning module SessionFrontend (366)
[2017.05.25-00.43.16:028][161]LogModuleManager: Shutting down and abandoning module ProfilerClient (364)
[2017.05.25-00.43.16:028][161]LogModuleManager: Shutting down and abandoning module DeviceManager (362)
[2017.05.25-00.43.16:028][161]LogModuleManager: Shutting down and abandoning module TargetDeviceServices (361)
[2017.05.25-00.43.16:084][161]LogModuleManager: Shutting down and abandoning module AutomationController (358)
[2017.05.25-00.43.16:084][161]LogModuleManager: Shutting down and abandoning module AutomationWindow (356)
[2017.05.25-00.43.16:084][161]LogModuleManager: Shutting down and abandoning module Layers (354)
[2017.05.25-00.43.16:084][161]LogModuleManager: Shutting down and abandoning module ComponentVisualizers (352)
[2017.05.25-00.43.16:084][161]LogModuleManager: Shutting down and abandoning module DetailCustomizations (350)
[2017.05.25-00.43.16:084][161]LogModuleManager: Shutting down and abandoning module PackagesDialog (348)
[2017.05.25-00.43.16:084][161]LogModuleManager: Shutting down and abandoning module Persona (346)
[2017.05.25-00.43.16:084][161]LogModuleManager: Shutting down and abandoning module AnimGraph (345)
[2017.05.25-00.43.16:084][161]LogModuleManager: Shutting down and abandoning module Kismet (342)
[2017.05.25-00.43.16:090][161]LogModuleManager: Shutting down and abandoning module GraphEditor (340)
[2017.05.25-00.43.16:090][161]LogModuleManager: Shutting down and abandoning module ClassViewer (338)
[2017.05.25-00.43.16:090][161]LogModuleManager: Shutting down and abandoning module Toolbox (336)
[2017.05.25-00.43.16:090][161]LogModuleManager: Shutting down and abandoning module ModuleUI (334)
[2017.05.25-00.43.16:090][161]LogModuleManager: Shutting down and abandoning module MovieSceneTools (332)
[2017.05.25-00.43.16:090][161]LogModuleManager: Shutting down and abandoning module OutputLog (330)
[2017.05.25-00.43.16:090][161]LogModuleManager: Shutting down and abandoning module GammaUI (328)
[2017.05.25-00.43.16:090][161]LogModuleManager: Shutting down and abandoning module Documentation (326)
[2017.05.25-00.43.16:090][161]LogModuleManager: Shutting down and abandoning module Niagara (324)
[2017.05.25-00.43.16:090][161]LogModuleManager: Shutting down and abandoning module StreamingPauseRendering (322)
[2017.05.25-00.43.16:090][161]LogModuleManager: Shutting down and abandoning module AnalyticsET (320)
[2017.05.25-00.43.16:090][161]LogModuleManager: Shutting down and abandoning module PortalServices (318)
[2017.05.25-00.43.16:090][161]LogModuleManager: Shutting down and abandoning module PortalRpc (316)
[2017.05.25-00.43.16:090][161]LogModuleManager: Shutting down and abandoning module MessagingRpc (314)
[2017.05.25-00.43.16:090][161]LogModuleManager: Shutting down and abandoning module AIModule (312)
[2017.05.25-00.43.16:090][161]LogModuleManager: Shutting down and abandoning module GameplayDebugger (311)
[2017.05.25-00.43.16:090][161]LogModuleManager: Shutting down and abandoning module AITestSuite (309)
[2017.05.25-00.43.16:090][161]LogModuleManager: Shutting down and abandoning module ProfilerService (306)
[2017.05.25-00.43.16:285][161]LogModuleManager: Shutting down and abandoning module TaskGraph (304)
[2017.05.25-00.43.16:285][161]LogModuleManager: Shutting down and abandoning module SteamVRController (302)
[2017.05.25-00.43.16:285][161]LogModuleManager: Shutting down and abandoning module SteamVR (300)
[2017.05.25-00.43.16:285][161]LogModuleManager: Shutting down and abandoning module ProceduralMeshComponentEditor (298)
[2017.05.25-00.43.16:285][161]LogModuleManager: Shutting down and abandoning module ProceduralMeshComponent (296)
[2017.05.25-00.43.16:285][161]LogModuleManager: Shutting down and abandoning module OculusLibrary (294)
[2017.05.25-00.43.16:285][161]LogModuleManager: Shutting down and abandoning module OculusInput (292)
[2017.05.25-00.43.16:285][161]LogModuleManager: Shutting down and abandoning module MobilePatchingUtils (290)
[2017.05.25-00.43.16:285][161]LogModuleManager: Shutting down and abandoning module CustomMeshComponent (288)
[2017.05.25-00.43.16:285][161]LogModuleManager: Shutting down and abandoning module CableComponent (286)
[2017.05.25-00.43.16:285][161]LogModuleManager: Shutting down and abandoning module ArchVisCharacter (284)
[2017.05.25-00.43.16:285][161]LogModuleManager: Shutting down and abandoning module MediaPlayerEditor (280)
[2017.05.25-00.43.16:285][161]LogModuleManager: Shutting down and abandoning module HTML5Networking (278)
[2017.05.25-00.43.16:285][161]LogModuleManager: Shutting down and abandoning module AlembicImporter (276)
[2017.05.25-00.43.16:285][161]LogModuleManager: Shutting down and abandoning module AlembicLibrary (275)
[2017.05.25-00.43.16:285][161]LogModuleManager: Shutting down and abandoning module GeometryCache (274)
[2017.05.25-00.43.16:285][161]LogModuleManager: Shutting down and abandoning module GeometryCacheEd (273)
[2017.05.25-00.43.16:285][161]LogModuleManager: Shutting down and abandoning module SuperSearchEditor (268)
[2017.05.25-00.43.16:285][161]LogModuleManager: Shutting down and abandoning module SuperSearch (267)
[2017.05.25-00.43.16:285][161]LogModuleManager: Shutting down and abandoning module SpeedTreeImporter (264)
[2017.05.25-00.43.16:285][161]LogModuleManager: Shutting down and abandoning module PluginBrowser (262)
[2017.05.25-00.43.16:285][161]LogModuleManager: Shutting down and abandoning module MobileLauncherProfileWizard (260)
[2017.05.25-00.43.16:285][161]LogModuleManager: Shutting down and abandoning module EpicSurvey (258)
[2017.05.25-00.43.16:286][161]LogModuleManager: Shutting down and abandoning module VisualStudioSourceCodeAccess (256)
[2017.05.25-00.43.16:286][161]LogModuleManager: Shutting down and abandoning module DesktopPlatform (255)
[2017.05.25-00.43.16:286][161]LogModuleManager: Shutting down and abandoning module UObjectPlugin (252)
[2017.05.25-00.43.16:286][161]LogModuleManager: Shutting down and abandoning module SubversionSourceControl (250)
[2017.05.25-00.43.16:286][161]LogModuleManager: Shutting down and abandoning module PerforceSourceControl (248)
[2017.05.25-00.43.16:286][161]LogModuleManager: Shutting down and abandoning module GitSourceControl (246)
[2017.05.25-00.43.16:286][161]LogModuleManager: Shutting down and abandoning module SourceControl (245)
[2017.05.25-00.43.16:286][161]LogModuleManager: Shutting down and abandoning module LightPropagationVolumeEditor (242)
[2017.05.25-00.43.16:286][161]LogModuleManager: Shutting down and abandoning module PaperTiledImporter (240)
[2017.05.25-00.43.16:286][161]LogModuleManager: Shutting down and abandoning module PaperSpriteSheetImporter (238)
[2017.05.25-00.43.16:286][161]LogModuleManager: Shutting down and abandoning module Paper2DEditor (236)
[2017.05.25-00.43.16:286][161]LogModuleManager: Shutting down and abandoning module MeshPaint (235)
[2017.05.25-00.43.16:286][161]LogModuleManager: Shutting down and abandoning module LevelEditor (233)
[2017.05.25-00.43.16:287][161]LogModuleManager: Shutting down and abandoning module PixelInspectorModule (232)
[2017.05.25-00.43.16:287][161]LogModuleManager: Shutting down and abandoning module MainFrame (230)
[2017.05.25-00.43.16:287][161]LogModuleManager: Shutting down and abandoning module HotReload (229)
[2017.05.25-00.43.16:287][161]LogModuleManager: Shutting down and abandoning module ContentBrowser (225)
[2017.05.25-00.43.16:288][161]LogModuleManager: Shutting down and abandoning module PhysXVehiclesEditor (222)
[2017.05.25-00.43.16:288][161]LogModuleManager: Shutting down and abandoning module PhysXVehicles (220)
[2017.05.25-00.43.16:288][161]LogModuleManager: Shutting down and abandoning module LocationServicesBPLibrary (218)
[2017.05.25-00.43.16:288][161]LogModuleManager: Shutting down and abandoning module UdpMessaging (216)
[2017.05.25-00.43.16:389][161]LogModuleManager: Shutting down and abandoning module TcpMessaging (214)
[2017.05.25-00.43.16:489][161]LogModuleManager: Shutting down and abandoning module GameplayTagsEditor (212)
[2017.05.25-00.43.16:489][161]LogModuleManager: Shutting down and abandoning module FacialAnimationEditor (210)
[2017.05.25-00.43.16:489][161]LogModuleManager: Shutting down and abandoning module FacialAnimation (208)
[2017.05.25-00.43.16:489][161]LogModuleManager: Shutting down and abandoning module LightPropagationVolumeRuntime (206)
[2017.05.25-00.43.16:489][161]LogModuleManager: Shutting down and abandoning module Paper2D (204)
[2017.05.25-00.43.16:489][161]LogModuleManager: Shutting down and abandoning module WindowsMoviePlayer (202)
[2017.05.25-00.43.16:489][161]LogModuleManager: Shutting down and abandoning module WmfMedia (200)
[2017.05.25-00.43.16:489][161]LogModuleManager: Shutting down and abandoning module MfMedia (198)
[2017.05.25-00.43.16:489][161]LogModuleManager: Shutting down and abandoning module MediaAssets (196)
[2017.05.25-00.43.16:489][161]LogModuleManager: Shutting down and abandoning module GameLiveStreaming (194)
[2017.05.25-00.43.16:489][161]LogModuleManager: Shutting down and abandoning module VREditor (192)
[2017.05.25-00.43.16:489][161]LogModuleManager: Shutting down and abandoning module GameplayTasksEditor (190)
[2017.05.25-00.43.16:489][161]LogModuleManager: Shutting down and abandoning module BehaviorTreeEditor (188)
[2017.05.25-00.43.16:489][161]LogModuleManager: Shutting down and abandoning module FunctionalTesting (186)
[2017.05.25-00.43.16:489][161]LogModuleManager: Shutting down and abandoning module CollisionAnalyzer (184)
[2017.05.25-00.43.16:489][161]LogModuleManager: Shutting down and abandoning module UMG (182)
[2017.05.25-00.43.16:489][161]LogModuleManager: Shutting down and abandoning module UMGEditor (181)
[2017.05.25-00.43.16:489][161]LogModuleManager: Shutting down and abandoning module Sequencer (180)
[2017.05.25-00.43.16:489][161]LogModuleManager: Shutting down and abandoning module AssetTools (178)
[2017.05.25-00.43.16:489][161]LogModuleManager: Shutting down and abandoning module MessageLog (177)
[2017.05.25-00.43.16:489][161]LogModuleManager: Shutting down and abandoning module WorkspaceMenuStructure (176)
[2017.05.25-00.43.16:489][161]LogModuleManager: Shutting down and abandoning module SlateReflector (170)
[2017.05.25-00.43.16:489][161]LogModuleManager: Shutting down and abandoning module Slate (168)
[2017.05.25-00.43.16:489][161]LogModuleManager: Shutting down and abandoning module EditorStyle (166)
[2017.05.25-00.43.16:492][161]LogModuleManager: Shutting down and abandoning module SourceCodeAccess (164)
[2017.05.25-00.43.16:492][161]LogModuleManager: Shutting down and abandoning module HeadMountedDisplay (162)
[2017.05.25-00.43.16:492][161]LogModuleManager: Shutting down and abandoning module XAudio2 (160)
[2017.05.25-00.43.16:492][161]LogModuleManager: Shutting down and abandoning module Networking (158)
[2017.05.25-00.43.16:492][161]LogModuleManager: Shutting down and abandoning module Core (154)
[2017.05.25-00.43.16:492][161]LogModuleManager: Shutting down and abandoning module AssetRegistry (152)
[2017.05.25-00.43.16:555][161]LogDirectoryWatcher: A directory notification for '../../../Engine/Content/' was aborted.
[2017.05.25-00.43.16:555][161]LogDirectoryWatcher: A directory notification for '../../../../../../Users/S201427986/Documents/Unreal Projects/Follower_AI_Task/Content/' was aborted.
[2017.05.25-00.43.16:555][161]LogDirectoryWatcher: A directory notification for '../../../Engine/Plugins/2D/Paper2D/Content/' was aborted.
[2017.05.25-00.43.16:555][161]LogModuleManager: Shutting down and abandoning module DirectoryWatcher (151)
[2017.05.25-00.43.16:556][161]LogModuleManager: Shutting down and abandoning module KismetCompiler (148)
[2017.05.25-00.43.16:556][161]LogModuleManager: Shutting down and abandoning module PhysXFormats (146)
[2017.05.25-00.43.16:556][161]LogModuleManager: Shutting down and abandoning module MeshUtilities (144)
[2017.05.25-00.43.16:556][161]LogModuleManager: Shutting down and abandoning module SimplygonSwarm (143)
[2017.05.25-00.43.16:556][161]LogModuleManager: Shutting down and abandoning module SimplygonMeshReduction (141)
[2017.05.25-00.43.16:556][161]LogModuleManager: Shutting down and abandoning module QuadricMeshReduction (139)
[2017.05.25-00.43.16:556][161]LogModuleManager: Shutting down and abandoning module PropertyEditor (137)
[2017.05.25-00.43.16:556][161]LogModuleManager: Shutting down and abandoning module DerivedDataCache (134)
[2017.05.25-00.43.16:594][161]LogDerivedDataCache: Shutdown
[2017.05.25-00.43.16:594][161]LogModuleManager: Shutting down and abandoning module TargetPlatform (132)
[2017.05.25-00.43.16:594][161]LogModuleManager: Shutting down and abandoning module VulkanShaderFormat (131)
[2017.05.25-00.43.16:594][161]LogModuleManager: Shutting down and abandoning module ShaderFormatOpenGL (129)
[2017.05.25-00.43.16:594][161]LogModuleManager: Shutting down and abandoning module ShaderFormatD3D (127)
[2017.05.25-00.43.16:594][161]LogModuleManager: Shutting down and abandoning module MetalShaderFormat (125)
[2017.05.25-00.43.16:594][161]LogModuleManager: Shutting down and abandoning module TextureFormatUncompressed (123)
[2017.05.25-00.43.16:594][161]LogModuleManager: Shutting down and abandoning module TextureFormatPVR (121)
[2017.05.25-00.43.16:594][161]LogModuleManager: Shutting down and abandoning module TextureFormatDXT (119)
[2017.05.25-00.43.16:594][161]LogModuleManager: Shutting down and abandoning module TextureFormatIntelISPCTexComp (117)
[2017.05.25-00.43.16:594][161]LogModuleManager: Shutting down and abandoning module TextureFormatASTC (115)
[2017.05.25-00.43.16:594][161]LogModuleManager: Shutting down and abandoning module ImageWrapper (114)
[2017.05.25-00.43.16:594][161]LogModuleManager: Shutting down and abandoning module TextureFormatAndroid (111)
[2017.05.25-00.43.16:594][161]LogModuleManager: Shutting down and abandoning module AudioFormatOpus (109)
[2017.05.25-00.43.16:594][161]LogModuleManager: Shutting down and abandoning module AudioFormatOgg (107)
[2017.05.25-00.43.16:594][161]LogModuleManager: Shutting down and abandoning module AudioFormatADPCM (105)
[2017.05.25-00.43.16:594][161]LogModuleManager: Shutting down and abandoning module LinuxTargetPlatform (103)
[2017.05.25-00.43.16:594][161]LogModuleManager: Shutting down and abandoning module LinuxServerTargetPlatform (101)
[2017.05.25-00.43.16:594][161]LogModuleManager: Shutting down and abandoning module LinuxNoEditorTargetPlatform (99)
[2017.05.25-00.43.16:594][161]LogModuleManager: Shutting down and abandoning module LinuxClientTargetPlatform (97)
[2017.05.25-00.43.16:594][161]LogModuleManager: Shutting down and abandoning module TVOSTargetPlatform (95)
[2017.05.25-00.43.16:594][161]LogModuleManager: Shutting down and abandoning module Messaging (93)
[2017.05.25-00.43.16:594][161]LogModuleManager: Shutting down and abandoning module IOSTargetPlatform (91)
[2017.05.25-00.43.16:594][161]LogModuleManager: Shutting down and abandoning module HTML5TargetPlatform (89)
[2017.05.25-00.43.16:594][161]LogModuleManager: Shutting down and abandoning module Android_PVRTCTargetPlatform (87)
[2017.05.25-00.43.16:594][161]LogModuleManager: Shutting down and abandoning module Android_MultiTargetPlatform (85)
[2017.05.25-00.43.16:594][161]LogModuleManager: Shutting down and abandoning module Android_ETC2TargetPlatform (83)
[2017.05.25-00.43.16:594][161]LogModuleManager: Shutting down and abandoning module Android_ETC1TargetPlatform (81)
[2017.05.25-00.43.16:595][161]LogModuleManager: Shutting down and abandoning module Android_DXTTargetPlatform (79)
[2017.05.25-00.43.16:595][161]LogModuleManager: Shutting down and abandoning module Android_ATCTargetPlatform (77)
[2017.05.25-00.43.16:595][161]LogModuleManager: Shutting down and abandoning module Android_ASTCTargetPlatform (75)
[2017.05.25-00.43.16:595][161]LogModuleManager: Shutting down and abandoning module AndroidTargetPlatform (73)
[2017.05.25-00.43.16:595][161]LogModuleManager: Shutting down and abandoning module WindowsTargetPlatform (71)
[2017.05.25-00.43.16:595][161]LogModuleManager: Shutting down and abandoning module WindowsServerTargetPlatform (69)
[2017.05.25-00.43.16:595][161]LogModuleManager: Shutting down and abandoning module WindowsNoEditorTargetPlatform (67)
[2017.05.25-00.43.16:595][161]LogModuleManager: Shutting down and abandoning module WindowsClientTargetPlatform (65)
[2017.05.25-00.43.16:595][161]LogModuleManager: Shutting down and abandoning module MacTargetPlatform (63)
[2017.05.25-00.43.16:595][161]LogModuleManager: Shutting down and abandoning module MacServerTargetPlatform (61)
[2017.05.25-00.43.16:595][161]LogModuleManager: Shutting down and abandoning module MacNoEditorTargetPlatform (59)
[2017.05.25-00.43.16:595][161]LogModuleManager: Shutting down and abandoning module MacClientTargetPlatform (57)
[2017.05.25-00.43.16:595][161]LogModuleManager: Shutting down and abandoning module AllDesktopTargetPlatform (55)
[2017.05.25-00.43.16:595][161]LogModuleManager: Shutting down and abandoning module InputCore (52)
[2017.05.25-00.43.16:595][161]LogModuleManager: Shutting down and abandoning module Settings (50)
[2017.05.25-00.43.16:595][161]LogModuleManager: Shutting down and abandoning module OculusRift (48)
[2017.05.25-00.43.16:595][161]LogModuleManager: Shutting down and abandoning module GearVR (46)
[2017.05.25-00.43.16:595][161]LogModuleManager: Shutting down and abandoning module ExampleDeviceProfileSelector (44)
[2017.05.25-00.43.16:595][161]LogModuleManager: Shutting down and abandoning module OnlineBlueprintSupport (42)
[2017.05.25-00.43.16:595][161]LogModuleManager: Shutting down and abandoning module OnlineSubsystem (38)
[2017.05.25-00.43.16:595][161]LogOnline:Display: Unloading online subsystem: NULL
[2017.05.25-00.43.16:595][161]LogModuleManager: Shutting down and abandoning module XMPP (37)
[2017.05.25-00.43.16:595][161]LogModuleManager: Shutting down and abandoning module HTTP (35)
[2017.05.25-00.43.16:595][161]LogHttp:Display: Http module shutting down, but needs to wait on 1 outstanding Http requests:
[2017.05.25-00.43.16:595][161]LogHttp:Display: 	verb=[POST] url=[https://datarouter.ol.epicgames.com/datarouter/api/v1/public/data?SessionID=%7B64088AFD-4958-0E1A-10CB-AFA13D0F7E9B%7D&AppID=UEEditor.Rocket.Release&AppVersion=4.15.1-3348071%2B%2B%2BUE4%2BRelease-4.15&UserID=695126a949c241d0b94f19a66a8fda07%7Cd2b880af915143b08358f290800c4829%7C269c372a-7da0-430b-b5db-8e71ed138d0c&AppEnvironment=datacollector-binary&UploadType=eteventstream] status=Processing
[2017.05.25-00.43.16:613][161]LogModuleManager: Shutting down and abandoning module SSL (34)
[2017.05.25-00.43.16:614][161]LogModuleManager: Shutting down and abandoning module AudioEditor (30)
[2017.05.25-00.43.16:614][161]LogModuleManager: Shutting down and abandoning module TextureCompressor (28)
[2017.05.25-00.43.16:614][161]LogModuleManager: Shutting down and abandoning module ShaderCore (26)
[2017.05.25-00.43.16:614][161]LogModuleManager: Shutting down and abandoning module Landscape (24)
[2017.05.25-00.43.16:614][161]LogModuleManager: Shutting down and abandoning module SlateRHIRenderer (22)
[2017.05.25-00.43.16:616][161]LogModuleManager: Shutting down and abandoning module OpenGLDrv (20)
[2017.05.25-00.43.16:616][161]LogModuleManager: Shutting down and abandoning module D3D11RHI (18)
[2017.05.25-00.43.16:616][161]LogModuleManager: Shutting down and abandoning module AnimGraphRuntime (16)
[2017.05.25-00.43.16:616][161]LogModuleManager: Shutting down and abandoning module Renderer (14)
[2017.05.25-00.43.16:616][161]LogModuleManager: Shutting down and abandoning module Engine (12)
[2017.05.25-00.43.16:616][161]LogModuleManager: Shutting down and abandoning module CoreUObject (10)
[2017.05.25-00.43.16:616][161]LogModuleManager: Shutting down and abandoning module NetworkFile (8)
[2017.05.25-00.43.16:616][161]LogModuleManager: Shutting down and abandoning module StreamingFile (6)
[2017.05.25-00.43.16:616][161]LogModuleManager: Shutting down and abandoning module SandboxFile (4)
[2017.05.25-00.43.16:616][161]LogModuleManager: Shutting down and abandoning module PakFile (2)
[2017.05.25-00.43.16:618][161]LogExit: Exiting.
[2017.05.25-00.43.16:619][161]Log file closed, 05/25/17 10:43:16
