Log file open, 05/25/17 13:16:31
LogInit:Display: Running engine for game: BuildAHud
LogPlatformFile: Not using cached read wrapper
LogInit:Display: RandInit(-612579255) SRandInit(-612579255).
LogTaskGraph: Started task graph with 5 named threads and 8 total threads with 1 sets of task threads.
LogStats: Stats thread started at 0.075773
LogInit: Using libcurl 7.47.1
LogInit:  - built for x86_64-pc-win32
LogInit:  - supports SSL with OpenSSL/1.0.2g
LogInit:  - supports HTTP deflate (compression) using libz 1.2.8
LogInit:  - other features:
LogInit:      CURL_VERSION_SSL
LogInit:      CURL_VERSION_LIBZ
LogInit:      CURL_VERSION_IPV6
LogInit:      CURL_VERSION_ASYNCHDNS
LogInit:      CURL_VERSION_LARGEFILE
LogInit:      CURL_VERSION_IDN
LogInit:  CurlRequestOptions (configurable via config and command line):
LogInit:  - bVerifyPeer = false  - Libcurl will NOT verify peer certificate
LogInit:  - bUseHttpProxy = false  - Libcurl will NOT use HTTP proxy
LogInit:  - bDontReuseConnections = false  - Libcurl will reuse connections
LogInit:  - CertBundlePath = nullptr  - Libcurl will use whatever was configured at build time.
LogInit: Build: ++UE4+Release-4.15-CL-3348071
LogInit: Engine Version: 4.15.1-3348071+++UE4+Release-4.15
LogInit: Compatible Engine Version: 4.15.0-3299760+++UE4+Release-4.15
LogInit: Net CL: 3299760
LogDevObjectVersion: Number of dev versions registered: 14
LogDevObjectVersion:   Dev-Blueprints (B0D832E4-1F89-4F0D-ACCF-7EB736FD4AA2): 8
LogDevObjectVersion:   Dev-Build (E1C64328-A22C-4D53-A36C-8E866417BD8C): 0
LogDevObjectVersion:   Dev-Core (375EC13C-06E4-48FB-B500-84F0262A717E): 2
LogDevObjectVersion:   Dev-Editor (E4B068ED-F494-42E9-A231-DA0B2E46BB41): 14
LogDevObjectVersion:   Dev-Framework (CFFC743F-43B0-4480-9391-14DF171D2073): 22
LogDevObjectVersion:   Dev-Mobile (B02B49B5-BB20-44E9-A304-32B752E40360): 0
LogDevObjectVersion:   Dev-Networking (A4E4105C-59A1-49B5-A7C5-40C4547EDFEE): 0
LogDevObjectVersion:   Dev-Online (39C831C9-5AE6-47DC-9A44-9C173E1C8E7C): 0
LogDevObjectVersion:   Dev-Physics (78F01B33-EBEA-4F98-B9B4-84EACCB95AA2): 0
LogDevObjectVersion:   Dev-Platform (6631380F-2D4D-43E0-8009-CF276956A95A): 0
LogDevObjectVersion:   Dev-Rendering (12F88B9F-8875-4AFC-A67C-D90C383ABD29): 12
LogDevObjectVersion:   Dev-Sequencer (7B5AE74C-D270-4C10-A958-57980B212A5A): 3
LogDevObjectVersion:   Dev-VR (D7296918-1DD6-4BDD-9DE2-64A83CC13884): 0
LogDevObjectVersion:   Dev-LoadTimes (C2A15278-BFE7-4AFE-6C17-90FF531DF755): 1
LogInit: Compiled (64-bit): Mar 15 2017 16:52:47
LogInit: Compiled with Visual C++: 19.00.23026.00
LogInit: Build Configuration: Development
LogInit: Branch Name: ++UE4+Release-4.15
LogInit: Command line:  /Temp/Autosaves/Game/FirstPersonBP/Maps/UEDPCFirstPersonExampleMap -game -PIEVIACONSOLE -ResX=1280 -ResY=720  -Multiprocess -messaging -SessionName="Play in Standalone Game" -windowed 
LogInit: Base directory: C:/Program Files/Epic Games/UE_4.15/Engine/Binaries/Win64/
LogInit: Installed Engine Build: 1
LogInit: Presizing for max 8388607 objects, including 0 objects not considered by GC, pre-allocating 0 bytes for permanent pool.
LogInit: Object subsystem initialized
[2017.05.25-03.16.32:002][  0]LogInit: Selected Device Profile: [Windows]
[2017.05.25-03.16.32:002][  0]LogInit: Applying CVar settings loaded from the selected device profile: [Windows]
[2017.05.25-03.16.32:005][  0]LogInit: Computer: 2M2TF42
[2017.05.25-03.16.32:005][  0]LogInit: User: L201701306
[2017.05.25-03.16.32:005][  0]LogInit: CPU Page size=65536, Cores=4
[2017.05.25-03.16.32:005][  0]LogInit: High frequency timer resolution =3.515638 MHz
[2017.05.25-03.16.32:006][  0]LogMemory: Memory total: Physical=15.9GB (16GB approx)
[2017.05.25-03.16.32:006][  0]LogMemory: Platform Memory Stats for Windows
[2017.05.25-03.16.32:006][  0]LogMemory: Process Physical Memory: 263.05 MB used, 263.05 MB peak
[2017.05.25-03.16.32:006][  0]LogMemory: Process Virtual Memory: 262.65 MB used, 262.65 MB peak
[2017.05.25-03.16.32:006][  0]LogMemory: Physical Memory: 6293.84 MB used,  10005.05 MB free, 16298.88 MB total
[2017.05.25-03.16.32:006][  0]LogMemory: Virtual Memory: 644.90 MB used,  10005.05 MB free, 134217728.00 MB total
[2017.05.25-03.16.32:092][  0]LogTextLocalizationManager: No specific translations for ('en-AU') exist, so ('en') translations will be used.
[2017.05.25-03.16.32:494][  0]LogD3D11RHI: D3D11 adapters:
[2017.05.25-03.16.32:503][  0]LogD3D11RHI:    0. 'AMD Radeon(TM) R9 270' (Feature Level 11_0)
[2017.05.25-03.16.32:503][  0]LogD3D11RHI:       2030/0/8149 MB DedicatedVideo/DedicatedSystem/SharedSystem, Outputs:1, VendorId:0x1002
[2017.05.25-03.16.32:508][  0]LogD3D11RHI:    1. 'Intel(R) HD Graphics 4600' (Feature Level 11_0)
[2017.05.25-03.16.32:508][  0]LogD3D11RHI:       112/0/2048 MB DedicatedVideo/DedicatedSystem/SharedSystem, Outputs:0, VendorId:0x8086
[2017.05.25-03.16.32:509][  0]LogD3D11RHI:    2. 'Microsoft Basic Render Driver' (Feature Level 11_0)
[2017.05.25-03.16.32:509][  0]LogD3D11RHI:       0/0/8149 MB DedicatedVideo/DedicatedSystem/SharedSystem, Outputs:0, VendorId:0x1414
[2017.05.25-03.16.32:509][  0]LogD3D11RHI: Chosen D3D11 Adapter: 0
[2017.05.25-03.16.32:514][  0]LogD3D11RHI: Creating new Direct3DDevice
[2017.05.25-03.16.32:514][  0]LogD3D11RHI:     GPU DeviceId: 0x6811 (for the marketing name, search the web for "GPU Device Id")
[2017.05.25-03.16.32:514][  0]LogWindows: EnumDisplayDevices:
[2017.05.25-03.16.32:514][  0]LogWindows:    0. 'AMD Radeon(TM) R9 270' (P:1 D:1)
[2017.05.25-03.16.32:514][  0]LogWindows:    1. 'AMD Radeon(TM) R9 270' (P:0 D:0)
[2017.05.25-03.16.32:514][  0]LogWindows:    2. 'AMD Radeon(TM) R9 270' (P:0 D:0)
[2017.05.25-03.16.32:515][  0]LogWindows:    3. 'AMD Radeon(TM) R9 270' (P:0 D:0)
[2017.05.25-03.16.32:515][  0]LogWindows:    4. 'AMD Radeon(TM) R9 270' (P:0 D:0)
[2017.05.25-03.16.32:515][  0]LogWindows:    5. 'AMD Radeon(TM) R9 270' (P:0 D:0)
[2017.05.25-03.16.32:515][  0]LogWindows:    6. 'Intel(R) HD Graphics 4600' (P:0 D:0)
[2017.05.25-03.16.32:515][  0]LogWindows:    7. 'Intel(R) HD Graphics 4600' (P:0 D:0)
[2017.05.25-03.16.32:515][  0]LogWindows:    8. 'Intel(R) HD Graphics 4600' (P:0 D:0)
[2017.05.25-03.16.32:515][  0]LogWindows: DebugString: PrimaryIsNotTheChoosenAdapter PrimaryIsNotTheChoosenAdapter PrimaryIsNotTheChoosenAdapter FoundDriverCount:6 
[2017.05.25-03.16.32:515][  0]LogD3D11RHI:     Adapter Name: AMD Radeon(TM) R9 270
[2017.05.25-03.16.32:515][  0]LogD3D11RHI:   Driver Version: Crimson 15.11 (internal:15.301.1701.0, unified:15.301.1701.0)
[2017.05.25-03.16.32:515][  0]LogD3D11RHI:      Driver Date: 1-13-2016
[2017.05.25-03.16.32:516][  0]LogRHI: Texture pool is 1361 MB (70% of 1945 MB)
[2017.05.25-03.16.32:560][  0]LogD3D11RHI: Async texture creation enabled
[2017.05.25-03.16.32:572][  0]LogD3D11RHI: GPU Timing Frequency: 27.000000 (Debug: 2 1)
[2017.05.25-03.16.32:573][  0]LogShaderCompilers: Guid format shader working directory is -40 characters bigger than the processId version (../../../../../../Users/L201701306/Desktop/Backup/DIGPIG/Term 2/Jay/Assignment 5/BuildAHud/Intermediate/Shaders/WorkingDirectory/12988/).
[2017.05.25-03.16.32:573][  0]LogShaderCompilers: Cleaned the shader compiler working directory 'C:/Users/L201701306/AppData/Local/Temp/UnrealShaderWorkingDir/55BDDC09405838BE63FB3DBAE21E147F/'.
[2017.05.25-03.16.32:573][  0]LogShaderCompilers:Display: Using Local Shader Compiler.
[2017.05.25-03.16.33:537][  0]LogTemp:Display: Loaded TP WindowsClientTargetPlatform
[2017.05.25-03.16.33:589][  0]LogTemp:Display: Loaded TP WindowsNoEditorTargetPlatform
[2017.05.25-03.16.33:642][  0]LogTemp:Display: Loaded TP WindowsServerTargetPlatform
[2017.05.25-03.16.33:687][  0]LogTemp:Display: Loaded TP WindowsTargetPlatform
[2017.05.25-03.16.33:687][  0]LogTargetPlatformManager:Display: Building Assets For Windows
[2017.05.25-03.16.34:128][  0]LogDerivedDataCache:Display: Max Cache Size: 512 MB
[2017.05.25-03.16.34:175][  0]LogDerivedDataCache: Loaded boot cache 0.05s 50MB C:/Users/L201701306/AppData/Local/UnrealEngine/4.15/DerivedDataCache/Boot.ddc.
[2017.05.25-03.16.34:175][  0]LogDerivedDataCache:Display: Loaded Boot cache: C:/Users/L201701306/AppData/Local/UnrealEngine/4.15/DerivedDataCache/Boot.ddc
[2017.05.25-03.16.34:175][  0]LogDerivedDataCache: FDerivedDataBackendGraph:  Pak pak cache file ../../../../../../Users/L201701306/Desktop/Backup/DIGPIG/Term 2/Jay/Assignment 5/BuildAHud/DerivedDataCache/DDC.ddp not found, will not use a pak cache.
[2017.05.25-03.16.34:175][  0]LogDerivedDataCache: Unable to find inner node Pak for hierarchical cache Hierarchy.
[2017.05.25-03.16.34:175][  0]LogDerivedDataCache: FDerivedDataBackendGraph:  CompressedPak pak cache file ../../../../../../Users/L201701306/Desktop/Backup/DIGPIG/Term 2/Jay/Assignment 5/BuildAHud/DerivedDataCache/Compressed.ddp not found, will not use a pak cache.
[2017.05.25-03.16.34:175][  0]LogDerivedDataCache: Unable to find inner node CompressedPak for hierarchical cache Hierarchy.
[2017.05.25-03.16.34:191][  0]LogDerivedDataCache:Display: Pak cache opened for reading ../../../Engine/DerivedDataCache/Compressed.ddp.
[2017.05.25-03.16.34:202][  0]LogDerivedDataCache: Using Local data cache path C:/Users/L201701306/AppData/Local/UnrealEngine/Common/DerivedDataCache: Writable
[2017.05.25-03.16.34:210][  0]LogSlate: Using Freetype 2.6.0
[2017.05.25-03.16.34:211][  0]LogSlate: SlateFontCache - WITH_FREETYPE: 1, WITH_HARFBUZZ: 1
[2017.05.25-03.16.34:211][  0]LogSlate: SlateFontCache - WITH_FREETYPE: 1, WITH_HARFBUZZ: 1
[2017.05.25-03.16.34:454][  0]LogAssetRegistry: FAssetRegistry took 0.0001 seconds to start up
[2017.05.25-03.16.34:460][  0]LogPackageLocalizationCache: Processed 3 localized package path(s) for 2 prioritized culture(s) in 0.005908 seconds
[2017.05.25-03.16.34:474][  0]LogInit: Selected Device Profile: [Windows]
[2017.05.25-03.16.34:475][  0]LogContentStreaming: Texture pool size is 1000.00 MB
[2017.05.25-03.16.34:664][  0]LogMeshUtilities: Using QuadricMeshReduction for automatic static mesh reduction
[2017.05.25-03.16.34:707][  0]LogSimplygon: Simplygon DLL not present - disabling.
[2017.05.25-03.16.34:752][  0]LogMeshUtilities: Using SimplygonSwarm for distributed automatic mesh merging
[2017.05.25-03.16.34:752][  0]LogMeshUtilities: No automatic skeletal mesh reduction module available
[2017.05.25-03.16.34:752][  0]LogMeshUtilities: No automatic mesh merging module available
[2017.05.25-03.16.35:185][  0]LogNetVersion: GetLocalNetworkVersion: CL: 3299760, ProjectName: buildahud, ProjectVersion: , EngineNetworkVersion: 2, GameNetworkVersion: 0, NetworkChecksum: 966420805
[2017.05.25-03.16.35:245][  0]LogInit: WinSock: version 1.1 (2.2), MaxSocks=32767, MaxUdp=65467
[2017.05.25-03.16.36:021][  0]LogMoviePlayer: Initializing movie player
[2017.05.25-03.16.36:087][  0]LogWindowsTextInputMethodSystem:Display: IME system now deactivated.
[2017.05.25-03.16.36:336][  0]LogTcpMessaging: Initializing TcpMessaging bridge
[2017.05.25-03.16.36:375][  0]LogUdpMessaging: Initializing bridge on interface 0.0.0.0:0 to multicast group 230.0.0.1:6666.
[2017.05.25-03.16.36:660][  0]SourceControl: Info Source control is disabled
[2017.05.25-03.16.36:660][  0]SourceControl: Info Source control is disabled
[2017.05.25-03.16.36:707][  0]SourceControl: Info Source control is disabled
[2017.05.25-03.16.37:339][  0]LogUObjectArray: 34408 objects as part of root set at end of initial load.
[2017.05.25-03.16.37:339][  0]LogUObjectAllocator: 7639320 out of 0 bytes used by permanent object pool.
[2017.05.25-03.16.37:339][  0]LogUObjectArray: CloseDisregardForGC: 0/0 objects in disregard for GC pool
[2017.05.25-03.16.37:435][  0]LogEngine: Initializing Engine...
[2017.05.25-03.16.37:436][  0]LogHMD: Failed to initialize OpenVR with code 110
[2017.05.25-03.16.37:531][  0]LogInit: XAudio2 using 'Speakers / Headphones (Realtek Audio)' : 2 channels at 48 kHz using 32 bits per sample (channel mask 0x3)
[2017.05.25-03.16.37:545][  0]LogInit: FAudioDevice initialized.
[2017.05.25-03.16.37:563][  0]LogInit: Texture streaming: Enabled
[2017.05.25-03.16.37:574][  0]LogMaterial: Uniform references updated for custom material expression Custom.
[2017.05.25-03.16.37:879][  0]LogInit:Display: Game Engine Initialized.
[2017.05.25-03.16.38:058][  0]LogInit:Display: Starting Game.
[2017.05.25-03.16.38:058][  0]LogNet: Browse: /Temp/Autosaves/Game/FirstPersonBP/Maps/UEDPCFirstPersonExampleMap?Name=Player
[2017.05.25-03.16.38:058][  0]LogLoad: LoadMap: /Temp/Autosaves/Game/FirstPersonBP/Maps/UEDPCFirstPersonExampleMap?Name=Player
[2017.05.25-03.16.38:072][  0]LogMemory: Platform Memory Stats for Windows
[2017.05.25-03.16.38:072][  0]LogMemory: Process Physical Memory: 622.26 MB used, 647.72 MB peak
[2017.05.25-03.16.38:072][  0]LogMemory: Process Virtual Memory: 704.16 MB used, 704.17 MB peak
[2017.05.25-03.16.38:072][  0]LogMemory: Physical Memory: 6561.45 MB used,  9737.43 MB free, 16298.88 MB total
[2017.05.25-03.16.38:072][  0]LogMemory: Virtual Memory: 1287.50 MB used,  9737.43 MB free, 134217728.00 MB total
[2017.05.25-03.16.38:072][  0]LogMemory: 
[2017.05.25-03.16.38:072][  0]Allocator Stats for TBB: (not implemented)
[2017.05.25-03.16.38:479][  0]LogAIModule: Creating AISystem for world FirstPersonExampleMap
[2017.05.25-03.16.38:479][  0]LogLoad: Game class is 'FirstPersonGameMode_C'
[2017.05.25-03.16.38:485][  0]LogWorld: Bringing World /Temp/Autosaves/Game/FirstPersonBP/Maps/UEDPCFirstPersonExampleMap.FirstPersonExampleMap up for play (max tick rate 0) at 2017.05.25-13.16.38
[2017.05.25-03.16.38:485][  0]LogWorld: Bringing up level for play took: 0.004487
[2017.05.25-03.16.38:487][  0]LogLoad: Took 0.429412 seconds to LoadMap(/Temp/Autosaves/Game/FirstPersonBP/Maps/UEDPCFirstPersonExampleMap)
[2017.05.25-03.16.38:698][  0]LogRenderer: Reallocating scene render targets to support 1280x720 NumSamples 1 (Frame:2).
[2017.05.25-03.16.38:698][  0]LogLoad: (Engine Initialization) Total time: 8.56 seconds
[2017.05.25-03.16.38:698][  0]LogLoad: (Engine Initialization) Total Blueprint compile time: 0.14 seconds
[2017.05.25-03.16.38:698][  0]LogExternalProfiler: Found external profiler: VSPerf
[2017.05.25-03.16.38:698][  0]LogExternalProfiler: Using external profiler: VSPerf
[2017.05.25-03.16.38:714][  0]LogOcInput: OculusInput pre-init called
[2017.05.25-03.16.43:462][277]LogPackageName: SearchForPackageOnDisk took   0.079s to resolve Main.umap.
[2017.05.25-03.16.43:540][277]LogPackageName: SearchForPackageOnDisk took   0.077s to resolve Main.umap.
[2017.05.25-03.16.43:540][277]LogNet: Browse: /Game/FirstPersonBP/Maps/Main
[2017.05.25-03.16.43:540][277]LogLoad: LoadMap: /Game/FirstPersonBP/Maps/Main
[2017.05.25-03.16.43:567][277]LogMemory: Platform Memory Stats for Windows
[2017.05.25-03.16.43:567][277]LogMemory: Process Physical Memory: 761.07 MB used, 790.61 MB peak
[2017.05.25-03.16.43:567][277]LogMemory: Process Virtual Memory: 1113.77 MB used, 1123.98 MB peak
[2017.05.25-03.16.43:567][277]LogMemory: Physical Memory: 6680.25 MB used,  9618.63 MB free, 16298.88 MB total
[2017.05.25-03.16.43:567][277]LogMemory: Virtual Memory: 1728.72 MB used,  9618.63 MB free, 134217728.00 MB total
[2017.05.25-03.16.43:567][277]LogMemory: 
[2017.05.25-03.16.43:567][277]Allocator Stats for TBB: (not implemented)
[2017.05.25-03.16.43:609][277]LogAIModule: Creating AISystem for world Main
[2017.05.25-03.16.43:609][277]LogLoad: Game class is 'FirstPersonGameMode_C'
[2017.05.25-03.16.43:610][277]LogWorld: Bringing World /Game/FirstPersonBP/Maps/Main.Main up for play (max tick rate 0) at 2017.05.25-13.16.43
[2017.05.25-03.16.43:610][277]LogWorld: Bringing up level for play took: 0.000571
[2017.05.25-03.16.43:611][277]LogGameMode: FindPlayerStart: PATHS NOT DEFINED or NO PLAYERSTART with positive rating
[2017.05.25-03.16.43:613][277]LogLoad: Took 0.073056 seconds to LoadMap(/Game/FirstPersonBP/Maps/Main)
