Log file open, 06/08/17 09:49:26
LogInit:Display: Running engine for game: Assignment5
LogPlatformFile: Not using cached read wrapper
LogInit:Display: RandInit(-329944126) SRandInit(-329944126).
LogTaskGraph: Started task graph with 5 named threads and 8 total threads with 1 sets of task threads.
LogStats: Stats thread started at 0.147378
LogInit: Using libcurl 7.47.1
LogInit:  - built for x86_64-pc-win32
LogInit:  - supports SSL with OpenSSL/1.0.2g
LogInit:  - supports HTTP deflate (compression) using libz 1.2.8
LogInit:  - other features:
LogInit:      CURL_VERSION_SSL
LogInit:      CURL_VERSION_LIBZ
LogInit:      CURL_VERSION_IPV6
LogInit:      CURL_VERSION_ASYNCHDNS
LogInit:      CURL_VERSION_LARGEFILE
LogInit:      CURL_VERSION_IDN
LogInit:  CurlRequestOptions (configurable via config and command line):
LogInit:  - bVerifyPeer = false  - Libcurl will NOT verify peer certificate
LogInit:  - bUseHttpProxy = false  - Libcurl will NOT use HTTP proxy
LogInit:  - bDontReuseConnections = false  - Libcurl will reuse connections
LogInit:  - CertBundlePath = nullptr  - Libcurl will use whatever was configured at build time.
LogInit: Build: ++UE4+Release-4.15-CL-3348071
LogInit: Engine Version: 4.15.1-3348071+++UE4+Release-4.15
LogInit: Compatible Engine Version: 4.15.0-3299760+++UE4+Release-4.15
LogInit: Net CL: 3299760
LogDevObjectVersion: Number of dev versions registered: 14
LogDevObjectVersion:   Dev-Blueprints (B0D832E4-1F89-4F0D-ACCF-7EB736FD4AA2): 8
LogDevObjectVersion:   Dev-Build (E1C64328-A22C-4D53-A36C-8E866417BD8C): 0
LogDevObjectVersion:   Dev-Core (375EC13C-06E4-48FB-B500-84F0262A717E): 2
LogDevObjectVersion:   Dev-Editor (E4B068ED-F494-42E9-A231-DA0B2E46BB41): 14
LogDevObjectVersion:   Dev-Framework (CFFC743F-43B0-4480-9391-14DF171D2073): 22
LogDevObjectVersion:   Dev-Mobile (B02B49B5-BB20-44E9-A304-32B752E40360): 0
LogDevObjectVersion:   Dev-Networking (A4E4105C-59A1-49B5-A7C5-40C4547EDFEE): 0
LogDevObjectVersion:   Dev-Online (39C831C9-5AE6-47DC-9A44-9C173E1C8E7C): 0
LogDevObjectVersion:   Dev-Physics (78F01B33-EBEA-4F98-B9B4-84EACCB95AA2): 0
LogDevObjectVersion:   Dev-Platform (6631380F-2D4D-43E0-8009-CF276956A95A): 0
LogDevObjectVersion:   Dev-Rendering (12F88B9F-8875-4AFC-A67C-D90C383ABD29): 12
LogDevObjectVersion:   Dev-Sequencer (7B5AE74C-D270-4C10-A958-57980B212A5A): 3
LogDevObjectVersion:   Dev-VR (D7296918-1DD6-4BDD-9DE2-64A83CC13884): 0
LogDevObjectVersion:   Dev-LoadTimes (C2A15278-BFE7-4AFE-6C17-90FF531DF755): 1
LogInit: Compiled (64-bit): Mar 15 2017 16:52:47
LogInit: Compiled with Visual C++: 19.00.23026.00
LogInit: Build Configuration: Development
LogInit: Branch Name: ++UE4+Release-4.15
LogInit: Command line: 
LogInit: Base directory: C:/Program Files/Epic Games/UE_4.15/Engine/Binaries/Win64/
LogInit: Installed Engine Build: 1
LogInit: Presizing for max 8388607 objects, including 0 objects not considered by GC, pre-allocating 0 bytes for permanent pool.
LogInit: Object subsystem initialized
[2017.06.07-23.49.27:754][  0]LogInit: Selected Device Profile: [Windows]
[2017.06.07-23.49.27:754][  0]LogInit: Applying CVar settings loaded from the selected device profile: [Windows]
[2017.06.07-23.49.27:782][  0]LogInit: Computer: 8M9NF42
[2017.06.07-23.49.27:782][  0]LogInit: User: H201363176
[2017.06.07-23.49.27:782][  0]LogInit: CPU Page size=65536, Cores=4
[2017.06.07-23.49.27:782][  0]LogInit: High frequency timer resolution =3.515638 MHz
[2017.06.07-23.49.27:782][  0]LogMemory: Memory total: Physical=15.9GB (16GB approx)
[2017.06.07-23.49.27:782][  0]LogMemory: Platform Memory Stats for Windows
[2017.06.07-23.49.27:782][  0]LogMemory: Process Physical Memory: 264.15 MB used, 264.15 MB peak
[2017.06.07-23.49.27:782][  0]LogMemory: Process Virtual Memory: 262.53 MB used, 262.53 MB peak
[2017.06.07-23.49.27:782][  0]LogMemory: Physical Memory: 6636.18 MB used,  9662.70 MB free, 16298.88 MB total
[2017.06.07-23.49.27:782][  0]LogMemory: Virtual Memory: 644.90 MB used,  9662.70 MB free, 134217728.00 MB total
[2017.06.07-23.49.28:181][  0]LogTextLocalizationManager: No specific translations for ('en-AU') exist, so ('en') translations will be used.
[2017.06.07-23.49.29:948][  0]LogD3D11RHI: D3D11 adapters:
[2017.06.07-23.49.29:959][  0]LogD3D11RHI:    0. 'AMD Radeon(TM) R9 270' (Feature Level 11_0)
[2017.06.07-23.49.29:959][  0]LogD3D11RHI:       2030/0/8149 MB DedicatedVideo/DedicatedSystem/SharedSystem, Outputs:1, VendorId:0x1002
[2017.06.07-23.49.29:966][  0]LogD3D11RHI:    1. 'Intel(R) HD Graphics 4600' (Feature Level 11_0)
[2017.06.07-23.49.29:966][  0]LogD3D11RHI:       112/0/2048 MB DedicatedVideo/DedicatedSystem/SharedSystem, Outputs:0, VendorId:0x8086
[2017.06.07-23.49.29:968][  0]LogD3D11RHI:    2. 'Microsoft Basic Render Driver' (Feature Level 11_0)
[2017.06.07-23.49.29:968][  0]LogD3D11RHI:       0/0/8149 MB DedicatedVideo/DedicatedSystem/SharedSystem, Outputs:0, VendorId:0x1414
[2017.06.07-23.49.29:968][  0]LogD3D11RHI: Chosen D3D11 Adapter: 0
[2017.06.07-23.49.29:971][  0]LogD3D11RHI: Creating new Direct3DDevice
[2017.06.07-23.49.29:972][  0]LogD3D11RHI:     GPU DeviceId: 0x6811 (for the marketing name, search the web for "GPU Device Id")
[2017.06.07-23.49.29:972][  0]LogWindows: EnumDisplayDevices:
[2017.06.07-23.49.29:972][  0]LogWindows:    0. 'AMD Radeon(TM) R9 270' (P:1 D:1)
[2017.06.07-23.49.29:972][  0]LogWindows:    1. 'AMD Radeon(TM) R9 270' (P:0 D:0)
[2017.06.07-23.49.29:972][  0]LogWindows:    2. 'AMD Radeon(TM) R9 270' (P:0 D:0)
[2017.06.07-23.49.29:972][  0]LogWindows:    3. 'AMD Radeon(TM) R9 270' (P:0 D:0)
[2017.06.07-23.49.29:973][  0]LogWindows:    4. 'AMD Radeon(TM) R9 270' (P:0 D:0)
[2017.06.07-23.49.29:973][  0]LogWindows:    5. 'AMD Radeon(TM) R9 270' (P:0 D:0)
[2017.06.07-23.49.29:973][  0]LogWindows:    6. 'Intel(R) HD Graphics 4600' (P:0 D:0)
[2017.06.07-23.49.29:973][  0]LogWindows:    7. 'Intel(R) HD Graphics 4600' (P:0 D:0)
[2017.06.07-23.49.29:973][  0]LogWindows:    8. 'Intel(R) HD Graphics 4600' (P:0 D:0)
[2017.06.07-23.49.29:973][  0]LogWindows: DebugString: PrimaryIsNotTheChoosenAdapter PrimaryIsNotTheChoosenAdapter PrimaryIsNotTheChoosenAdapter FoundDriverCount:6 
[2017.06.07-23.49.29:973][  0]LogD3D11RHI:     Adapter Name: AMD Radeon(TM) R9 270
[2017.06.07-23.49.29:973][  0]LogD3D11RHI:   Driver Version: Crimson 15.11 (internal:15.301.1701.0, unified:15.301.1701.0)
[2017.06.07-23.49.29:973][  0]LogD3D11RHI:      Driver Date: 1-13-2016
[2017.06.07-23.49.29:973][  0]LogRHI: Texture pool is 1361 MB (70% of 1945 MB)
[2017.06.07-23.49.30:019][  0]LogD3D11RHI: Async texture creation enabled
[2017.06.07-23.49.30:031][  0]LogD3D11RHI: GPU Timing Frequency: 27.000000 (Debug: 2 1)
[2017.06.07-23.49.30:032][  0]LogShaderCompilers: Guid format shader working directory is -16 characters bigger than the processId version (D:/Course/Programming/Term 2/Git/AIProject/Assignment5/Assignment5/Intermediate/Shaders/WorkingDirectory/13196/).
[2017.06.07-23.49.30:032][  0]LogShaderCompilers: Cleaned the shader compiler working directory 'C:/Users/h201363176/AppData/Local/Temp/UnrealShaderWorkingDir/F13BB7724F2D34F11357C2B6E814D388/'.
[2017.06.07-23.49.30:032][  0]LogShaderCompilers:Display: Using Local Shader Compiler.
[2017.06.07-23.49.32:204][  0]LogTemp:Display: Loaded TP AllDesktopTargetPlatform
[2017.06.07-23.49.32:265][  0]LogTemp:Display: Loaded TP MacClientTargetPlatform
[2017.06.07-23.49.32:326][  0]LogTemp:Display: Loaded TP MacNoEditorTargetPlatform
[2017.06.07-23.49.32:388][  0]LogTemp:Display: Loaded TP MacServerTargetPlatform
[2017.06.07-23.49.32:449][  0]LogTemp:Display: Loaded TP MacTargetPlatform
[2017.06.07-23.49.32:510][  0]LogTemp:Display: Loaded TP WindowsClientTargetPlatform
[2017.06.07-23.49.32:569][  0]LogTemp:Display: Loaded TP WindowsNoEditorTargetPlatform
[2017.06.07-23.49.32:628][  0]LogTemp:Display: Loaded TP WindowsServerTargetPlatform
[2017.06.07-23.49.32:679][  0]LogTemp:Display: Loaded TP WindowsTargetPlatform
[2017.06.07-23.49.32:738][  0]LogTemp:Display: Loaded TP AndroidTargetPlatform
[2017.06.07-23.49.32:794][  0]LogTemp:Display: Loaded TP Android_ASTCTargetPlatform
[2017.06.07-23.49.32:852][  0]LogTemp:Display: Loaded TP Android_ATCTargetPlatform
[2017.06.07-23.49.32:910][  0]LogTemp:Display: Loaded TP Android_DXTTargetPlatform
[2017.06.07-23.49.32:970][  0]LogTemp:Display: Loaded TP Android_ETC1TargetPlatform
[2017.06.07-23.49.33:027][  0]LogTemp:Display: Loaded TP Android_ETC2TargetPlatform
[2017.06.07-23.49.33:141][  0]LogTemp:Display: Loaded TP Android_MultiTargetPlatform
[2017.06.07-23.49.33:141][  0]LogTemp:Display: Loaded TP Android_PVRTCTargetPlatform
[2017.06.07-23.49.33:184][  0]LogTemp:Display: Loaded TP HTML5TargetPlatform
[2017.06.07-23.49.33:326][  0]LogTemp:Display: Loaded TP IOSTargetPlatform
[2017.06.07-23.49.33:363][  0]LogTemp:Display: Loaded TP TVOSTargetPlatform
[2017.06.07-23.49.33:424][  0]LogTemp:Display: Loaded TP LinuxClientTargetPlatform
[2017.06.07-23.49.33:484][  0]LogTemp:Display: Loaded TP LinuxNoEditorTargetPlatform
[2017.06.07-23.49.33:544][  0]LogTemp:Display: Loaded TP LinuxServerTargetPlatform
[2017.06.07-23.49.33:609][  0]LogTemp:Display: Loaded TP LinuxTargetPlatform
[2017.06.07-23.49.33:609][  0]LogTargetPlatformManager:Display: Building Assets For Windows
[2017.06.07-23.49.34:649][  0]LogDerivedDataCache:Display: Max Cache Size: 512 MB
[2017.06.07-23.49.34:703][  0]LogDerivedDataCache: Loaded boot cache 0.05s 50MB C:/Users/h201363176/AppData/Local/UnrealEngine/4.15/DerivedDataCache/Boot.ddc.
[2017.06.07-23.49.34:703][  0]LogDerivedDataCache:Display: Loaded Boot cache: C:/Users/h201363176/AppData/Local/UnrealEngine/4.15/DerivedDataCache/Boot.ddc
[2017.06.07-23.49.34:703][  0]LogDerivedDataCache: FDerivedDataBackendGraph:  Pak pak cache file D:/Course/Programming/Term 2/Git/AIProject/Assignment5/Assignment5/DerivedDataCache/DDC.ddp not found, will not use a pak cache.
[2017.06.07-23.49.34:703][  0]LogDerivedDataCache: Unable to find inner node Pak for hierarchical cache Hierarchy.
[2017.06.07-23.49.34:703][  0]LogDerivedDataCache: FDerivedDataBackendGraph:  CompressedPak pak cache file D:/Course/Programming/Term 2/Git/AIProject/Assignment5/Assignment5/DerivedDataCache/Compressed.ddp not found, will not use a pak cache.
[2017.06.07-23.49.34:703][  0]LogDerivedDataCache: Unable to find inner node CompressedPak for hierarchical cache Hierarchy.
[2017.06.07-23.49.34:740][  0]LogDerivedDataCache:Display: Pak cache opened for reading ../../../Engine/DerivedDataCache/Compressed.ddp.
[2017.06.07-23.49.34:752][  0]LogDerivedDataCache: Using Local data cache path C:/Users/h201363176/AppData/Local/UnrealEngine/Common/DerivedDataCache: Writable
[2017.06.07-23.49.34:763][  0]LogSlate: Using Freetype 2.6.0
[2017.06.07-23.49.34:767][  0]LogSlate: SlateFontCache - WITH_FREETYPE: 1, WITH_HARFBUZZ: 1
[2017.06.07-23.49.34:767][  0]LogSlate: SlateFontCache - WITH_FREETYPE: 1, WITH_HARFBUZZ: 1
[2017.06.07-23.49.39:947][  0]LogInit: Selected Device Profile: [Windows]
[2017.06.07-23.49.39:949][  0]LogContentStreaming: Texture pool size is 0.00 MB
[2017.06.07-23.49.40:139][  0]LogMeshUtilities: Using QuadricMeshReduction for automatic static mesh reduction
[2017.06.07-23.49.40:182][  0]LogSimplygon: Simplygon DLL not present - disabling.
[2017.06.07-23.49.40:229][  0]LogMeshUtilities: Using SimplygonSwarm for distributed automatic mesh merging
[2017.06.07-23.49.40:229][  0]LogMeshUtilities: No automatic skeletal mesh reduction module available
[2017.06.07-23.49.40:229][  0]LogMeshUtilities: No automatic mesh merging module available
[2017.06.07-23.49.40:719][  0]LogNetVersion: GetLocalNetworkVersion: CL: 3299760, ProjectName: assignment5, ProjectVersion: , EngineNetworkVersion: 2, GameNetworkVersion: 0, NetworkChecksum: 31220980
[2017.06.07-23.49.40:765][  0]LogAssetRegistry: FAssetRegistry took 0.0219 seconds to start up
[2017.06.07-23.49.41:142][  0]LogPackageLocalizationCache: Processed 3 localized package path(s) for 2 prioritized culture(s) in 0.353934 seconds
[2017.06.07-23.49.41:151][  0]LogUObjectArray: 32493 objects as part of root set at end of initial load.
[2017.06.07-23.49.41:151][  0]LogUObjectAllocator: 7077032 out of 0 bytes used by permanent object pool.
[2017.06.07-23.49.41:151][  0]LogUObjectArray: CloseDisregardForGC: 0/0 objects in disregard for GC pool
[2017.06.07-23.49.41:227][  0]LogInit: WinSock: version 1.1 (2.2), MaxSocks=32767, MaxUdp=65467
[2017.06.07-23.49.46:423][  0]LogTcpMessaging: Initializing TcpMessaging bridge
[2017.06.07-23.49.46:465][  0]LogUdpMessaging: Initializing bridge on interface 0.0.0.0:0 to multicast group 230.0.0.1:6666.
[2017.06.07-23.49.47:231][  0]LogMaterial: Uniform references updated for custom material expression Custom.
[2017.06.07-23.49.47:697][  0]SourceControl: Info Source control is disabled
[2017.06.07-23.49.48:222][  0]SourceControl: Info Source control is disabled
[2017.06.07-23.49.48:275][  0]SourceControl: Info Source control is disabled
[2017.06.07-23.49.48:331][  0]SourceControl: Info Source control is disabled
[2017.06.07-23.49.49:910][  0]LogEngine: Initializing Engine...
[2017.06.07-23.49.49:910][  0]LogHMD: Failed to initialize OpenVR with code 110
[2017.06.07-23.49.50:152][  0]LogAIModule: Creating AISystem for world Untitled
[2017.06.07-23.49.50:160][  0]LogInit: XAudio2 using 'Realtek Digital Output (Realtek Audio)' : 2 channels at 48 kHz using 16 bits per sample (channel mask 0x3)
[2017.06.07-23.49.50:184][  0]LogInit: FAudioDevice initialized.
[2017.06.07-23.49.50:210][  0]LogDerivedDataCache: Saved boot cache 0.03s 50MB C:/Users/h201363176/AppData/Local/UnrealEngine/4.15/DerivedDataCache/Boot.ddc.
[2017.06.07-23.49.50:215][  0]LogInit: Texture streaming: Enabled
[2017.06.07-23.49.50:325][  0]LogEngineSessionManager: EngineSessionManager initialized
[2017.06.07-23.49.50:423][  0]LogInit: Transaction tracking system initialized
[2017.06.07-23.49.50:800][  0]BlueprintLog: New page: Editor Load
[2017.06.07-23.49.51:783][  0]LocalizationService: Info Localization service is disabled
[2017.06.07-23.49.52:871][  0]LogConsoleResponse:Display: 
[2017.06.07-23.49.53:011][  0]LogCook:Display: Max memory allowance for cook 16384mb min free memory 0mb
[2017.06.07-23.49.53:011][  0]LogCook:Display: Mobile HDR setting 1
[2017.06.07-23.49.54:215][  0]LogFileCache: Scanning file cache for directory 'D:/Course/Programming/Term 2/Git/AIProject/Assignment5/Assignment5/Content/' took 0.02s
[2017.06.07-23.49.54:263][  0]SourceControl: Info Source control is disabled
[2017.06.07-23.49.54:263][  0]Cmd: MAP LOAD FILE="D:/Course/Programming/Term 2/Git/AIProject/Assignment5/Assignment5/Content/FirstPersonBP/Maps/FirstPersonExampleMap.umap" TEMPLATE=0 SHOWPROGRESS=1 FEATURELEVEL=3
[2017.06.07-23.49.54:264][  0]LightingResults: New page: Lighting Build
[2017.06.07-23.49.54:307][  0]MapCheck: New page: Map Check
[2017.06.07-23.49.54:307][  0]LightingResults: New page: Lighting Build
[2017.06.07-23.49.56:774][  0]LogAIModule: Creating AISystem for world FirstPersonExampleMap
[2017.06.07-23.49.56:839][  0]LogEditorServer: Finished looking for orphan Actors (0.000 secs)
[2017.06.07-23.49.56:839][  0]Cmd: MAP CHECKDEP NOCLEARLOG
[2017.06.07-23.49.56:891][  0]MapCheck: Info Map check complete: 0 Error(s), 0 Warning(s), took 51.859ms to complete.
[2017.06.07-23.49.56:891][  0]LogFileHelpers: Loading map 'FirstPersonExampleMap' took 2.628
[2017.06.07-23.49.57:076][  0]LogCollectionManager: Loaded 0 collections in 0.001792 seconds
[2017.06.07-23.49.57:161][  0]LogFileCache: Scanning file cache for directory 'D:/Course/Programming/Term 2/Git/AIProject/Assignment5/Assignment5/Saved/Collections/' took 0.01s
[2017.06.07-23.49.57:162][  0]LogFileCache: Scanning file cache for directory 'D:/Course/Programming/Term 2/Git/AIProject/Assignment5/Assignment5/Content/Developers/H201363176/Collections/' took 0.01s
[2017.06.07-23.49.57:162][  0]LogFileCache: Scanning file cache for directory 'D:/Course/Programming/Term 2/Git/AIProject/Assignment5/Assignment5/Content/Collections/' took 0.01s
[2017.06.07-23.49.57:162][  0]LogCollectionManager: Rebuilt the GUID cache for 0 collections in 0.000002 seconds
[2017.06.07-23.49.57:170][  0]LogContentBrowser: Native class hierarchy populated in 0.0079 seconds. Added 2245 classes and 453 folders.
[2017.06.07-23.49.57:173][  0]LogStats: UGameplayTagsManager::ConstructGameplayTagTree: Construct from data asset -  0.000 s
[2017.06.07-23.49.57:173][  0]LogStats: UGameplayTagsManager::ConstructGameplayTagTree: GameplayTagTreeChangedEvent.Broadcast -  0.000 s
[2017.06.07-23.49.57:241][  0]LogContentBrowser: Native class hierarchy updated for 'WidgetCarousel' in 0.0004 seconds. Added 0 classes and 0 folders.
[2017.06.07-23.49.57:433][  0]LogContentBrowser: Native class hierarchy updated for 'AddContentDialog' in 0.0006 seconds. Added 0 classes and 0 folders.
[2017.06.07-23.49.57:481][  0]LogContentBrowser: Native class hierarchy updated for 'SceneOutliner' in 0.0005 seconds. Added 1 classes and 2 folders.
[2017.06.07-23.49.57:649][  0]LogCrashTracker: Crashtracker disabled due to settings.
[2017.06.07-23.49.57:655][  0]LogUObjectGlobals:Warning: Failed to find object 'Class None.'
[2017.06.07-23.49.57:724][  0]LogContentBrowser: Native class hierarchy updated for 'HierarchicalLODOutliner' in 0.0006 seconds. Added 1 classes and 2 folders.
[2017.06.07-23.49.57:725][  0]LogLoad: (Engine Initialization) Total time: 35.15 seconds
[2017.06.07-23.49.57:725][  0]LogLoad: (Engine Initialization) Total Blueprint compile time: 0.24 seconds
[2017.06.07-23.49.57:725][  0]LogExternalProfiler: Found external profiler: VSPerf
[2017.06.07-23.49.57:725][  0]LogExternalProfiler: Using external profiler: VSPerf
[2017.06.07-23.49.58:064][  0]LogOcInput: OculusInput pre-init called
[2017.06.07-23.49.58:086][  0]LogContentStreaming: Texture pool size now 800 MB
[2017.06.07-23.49.58:088][  0]LogSlate: Took 0.001300 seconds to synchronously load lazily loaded font '../../../Engine/Content/Slate/Fonts/Roboto-Regular.ttf' (155K)
[2017.06.07-23.49.58:094][  0]LogSlate: Took 0.001301 seconds to synchronously load lazily loaded font '../../../Engine/Content/Slate/Fonts/Roboto-Bold.ttf' (160K)
[2017.06.07-23.49.58:100][  0]LogSlate: Took 0.001809 seconds to synchronously load lazily loaded font '../../../Engine/Content/Editor/Slate/Fonts/FontAwesome.ttf' (139K)
[2017.06.07-23.49.58:222][  0]LogSlate: Took 0.001616 seconds to synchronously load lazily loaded font '../../../Engine/Content/Slate/Fonts/Roboto-Light.ttf' (159K)
[2017.06.07-23.49.58:266][  0]LogRenderer: Reallocating scene render targets to support 1044x588 NumSamples 1 (Frame:2).
[2017.06.07-23.49.58:889][  1]LogAssetRegistry: Asset discovery search completed in 18.1470 seconds
[2017.06.07-23.49.58:889][  1]LogCollectionManager: Rebuilt the object cache for 0 collections in 0.000006 seconds (found 0 objects)
[2017.06.07-23.49.58:889][  1]LogCollectionManager: Fixed up redirectors for 0 collections in 0.000026 seconds (updated 0 objects)
[2017.06.07-23.52.24:777][916]LogSlate: Took 0.000402 seconds to synchronously load lazily loaded font '../../../Engine/Content/Slate/Fonts/Roboto-Light.ttf' (159K)
[2017.06.07-23.52.24:980][918]LogSlate: Took 0.000117 seconds to synchronously load lazily loaded font '../../../Engine/Content/Slate/Fonts/Roboto-Light.ttf' (159K)
[2017.06.07-23.52.25:423][918]LogContentBrowser: Native class hierarchy updated for 'BlueprintGraph' in 0.0008 seconds. Added 112 classes and 0 folders.
[2017.06.07-23.52.25:991][918]LogSlate: Took 0.034093 seconds to synchronously load lazily loaded font '../../../Engine/Content/Editor/Slate/Fonts/Roboto-BoldCondensed.ttf' (158K)
[2017.06.07-23.52.33:728][598]LogSlate: Took 0.000144 seconds to synchronously load lazily loaded font '../../../Engine/Content/Editor/Slate/Fonts/Roboto-Italic.ttf' (157K)
[2017.06.07-23.56.25:587][905]LogD3D11RHI:Error: Result failed 
 at D:\Build\++UE4+Release-4.15+Compile\Sync\Engine\Source\Runtime\Windows\D3D11RHI\Private\D3D11Viewport.cpp:289 
 with error DXGI_ERROR_DEVICE_REMOVED DXGI_ERROR_DEVICE_HUNG
[2017.06.07-23.56.25:608][905]LogWindows: Windows GetLastError: The operation completed successfully. (0)
[2017.06.07-23.56.27:201][906]LogCrashTracker: 


[2017.06.07-23.56.27:211][906]LogWindows: Windows GetLastError: The operation completed successfully. (0)
[2017.06.07-23.56.27:211][906]LogCrashTracker: 


[2017.06.07-23.56.27:211][906]LogWindows:Error: === Critical error: ===
[2017.06.07-23.56.27:211][906]LogWindows:Error: 
[2017.06.07-23.56.27:211][906]LogWindows:Error: Fatal error: [File:D:\Build\++UE4+Release-4.15+Compile\Sync\Engine\Source\Runtime\RenderCore\Private\RenderingThread.cpp] [Line: 796] 
[2017.06.07-23.56.27:211][906]LogWindows:Error: Rendering thread exception:
[2017.06.07-23.56.27:211][906]LogWindows:Error: Fatal error: [File:D:\Build\++UE4+Release-4.15+Compile\Sync\Engine\Source\Runtime\Windows\D3D11RHI\Private\D3D11Util.cpp] [Line: 176] 
[2017.06.07-23.56.27:211][906]LogWindows:Error: Unreal Engine is exiting due to D3D device being lost. (Error: 0x887A0006 - 'HUNG')
[2017.06.07-23.56.27:211][906]LogWindows:Error: 
[2017.06.07-23.56.27:211][906]LogWindows:Error: 
[2017.06.07-23.56.27:211][906]LogWindows:Error: KERNELBASE.dll!0x000000002A297788
[2017.06.07-23.56.27:211][906]LogWindows:Error: UE4Editor-Core.dll!0x00000000022B64EE
[2017.06.07-23.56.27:211][906]LogWindows:Error: UE4Editor-Core.dll!0x00000000020DCEEE
[2017.06.07-23.56.27:211][906]LogWindows:Error: UE4Editor-Core.dll!0x0000000002062729
[2017.06.07-23.56.27:211][906]LogWindows:Error: UE4Editor-D3D11RHI.dll!0x00000000F3ED2816
[2017.06.07-23.56.27:211][906]LogWindows:Error: UE4Editor-D3D11RHI.dll!0x00000000F3ED6450
[2017.06.07-23.56.27:211][906]LogWindows:Error: UE4Editor-D3D11RHI.dll!0x00000000F3EB69E3
[2017.06.07-23.56.27:211][906]LogWindows:Error: UE4Editor-D3D11RHI.dll!0x00000000F3EB6931
[2017.06.07-23.56.27:211][906]LogWindows:Error: UE4Editor-D3D11RHI.dll!0x00000000F3EC393E
[2017.06.07-23.56.27:211][906]LogWindows:Error: UE4Editor-RHI.dll!0x00000000FDA135F6
[2017.06.07-23.56.27:211][906]LogWindows:Error: UE4Editor-SlateRHIRenderer.dll!0x00000000F3B1A667
[2017.06.07-23.56.27:211][906]LogWindows:Error: UE4Editor-SlateRHIRenderer.dll!0x00000000F3B22098
[2017.06.07-23.56.27:211][906]LogWindows:Error: UE4Editor-Core.dll!0x0000000001F3D84D
[2017.06.07-23.56.27:211][906]LogWindows:Error: UE4Editor-Core.dll!0x0000000001F3DC6D
[2017.06.07-23.56.27:211][906]LogWindows:Error: UE4Editor-RenderCore.dll!0x0000000002C10397
[2017.06.07-23.56.27:211][906]LogWindows:Error: UE4Editor-RenderCore.dll!0x0000000002C11486
[2017.06.07-23.56.27:211][906]LogWindows:Error: UE4Editor-Core.dll!0x00000000022CA3D8
[2017.06.07-23.56.27:211][906]LogWindows:Error: UE4Editor-Core.dll!0x00000000022C4C79
[2017.06.07-23.56.27:211][906]LogWindows:Error: KERNEL32.DLL!0x000000002BA88364
[2017.06.07-23.56.27:211][906]LogWindows:Error: ntdll.dll!0x000000002DC570D1
[2017.06.07-23.56.27:212][906]LogWindows:Error: ntdll.dll!0x000000002DC570D1
[2017.06.07-23.56.27:212][906]LogWindows:Error: 
[2017.06.07-23.56.27:212][906]LogWindows:Error: 
[2017.06.07-23.56.27:212][906]LogWindows:Error: 
[2017.06.07-23.56.27:212][906]LogWindows:Error: 
[2017.06.07-23.56.27:429][906]LogExit: Executing StaticShutdownAfterError
[2017.06.07-23.56.27:744][906]LogWindows: FPlatformMisc::RequestExit(1)
[2017.06.07-23.56.27:766][906]Log file closed, 06/08/17 09:56:27
