Log file open, 05/25/17 12:36:47
LogInit:Display: Running engine for game: Assignment5
LogPlatformFile: Not using cached read wrapper
LogInit:Display: RandInit(647367977) SRandInit(647367977).
LogTaskGraph: Started task graph with 5 named threads and 8 total threads with 1 sets of task threads.
LogStats: Stats thread started at 0.080511
LogInit: Using libcurl 7.47.1
LogInit:  - built for x86_64-pc-win32
LogInit:  - supports SSL with OpenSSL/1.0.2g
LogInit:  - supports HTTP deflate (compression) using libz 1.2.8
LogInit:  - other features:
LogInit:      CURL_VERSION_SSL
LogInit:      CURL_VERSION_LIBZ
LogInit:      CURL_VERSION_IPV6
LogInit:      CURL_VERSION_ASYNCHDNS
LogInit:      CURL_VERSION_LARGEFILE
LogInit:      CURL_VERSION_IDN
LogInit:  CurlRequestOptions (configurable via config and command line):
LogInit:  - bVerifyPeer = false  - Libcurl will NOT verify peer certificate
LogInit:  - bUseHttpProxy = false  - Libcurl will NOT use HTTP proxy
LogInit:  - bDontReuseConnections = false  - Libcurl will reuse connections
LogInit:  - CertBundlePath = nullptr  - Libcurl will use whatever was configured at build time.
LogInit: Build: ++UE4+Release-4.15-CL-3348071
LogInit: Engine Version: 4.15.1-3348071+++UE4+Release-4.15
LogInit: Compatible Engine Version: 4.15.0-3299760+++UE4+Release-4.15
LogInit: Net CL: 3299760
LogDevObjectVersion: Number of dev versions registered: 14
LogDevObjectVersion:   Dev-Blueprints (B0D832E4-1F89-4F0D-ACCF-7EB736FD4AA2): 8
LogDevObjectVersion:   Dev-Build (E1C64328-A22C-4D53-A36C-8E866417BD8C): 0
LogDevObjectVersion:   Dev-Core (375EC13C-06E4-48FB-B500-84F0262A717E): 2
LogDevObjectVersion:   Dev-Editor (E4B068ED-F494-42E9-A231-DA0B2E46BB41): 14
LogDevObjectVersion:   Dev-Framework (CFFC743F-43B0-4480-9391-14DF171D2073): 22
LogDevObjectVersion:   Dev-Mobile (B02B49B5-BB20-44E9-A304-32B752E40360): 0
LogDevObjectVersion:   Dev-Networking (A4E4105C-59A1-49B5-A7C5-40C4547EDFEE): 0
LogDevObjectVersion:   Dev-Online (39C831C9-5AE6-47DC-9A44-9C173E1C8E7C): 0
LogDevObjectVersion:   Dev-Physics (78F01B33-EBEA-4F98-B9B4-84EACCB95AA2): 0
LogDevObjectVersion:   Dev-Platform (6631380F-2D4D-43E0-8009-CF276956A95A): 0
LogDevObjectVersion:   Dev-Rendering (12F88B9F-8875-4AFC-A67C-D90C383ABD29): 12
LogDevObjectVersion:   Dev-Sequencer (7B5AE74C-D270-4C10-A958-57980B212A5A): 3
LogDevObjectVersion:   Dev-VR (D7296918-1DD6-4BDD-9DE2-64A83CC13884): 0
LogDevObjectVersion:   Dev-LoadTimes (C2A15278-BFE7-4AFE-6C17-90FF531DF755): 1
LogInit: Compiled (64-bit): Mar 15 2017 16:52:47
LogInit: Compiled with Visual C++: 19.00.23026.00
LogInit: Build Configuration: Development
LogInit: Branch Name: ++UE4+Release-4.15
LogInit: Command line:  /Temp/Autosaves/Game/FirstPersonBP/Maps/UEDPCFirstPersonExampleMap -game -PIEVIACONSOLE -ResX=1280 -ResY=720  -Multiprocess -messaging -SessionName="Play in Standalone Game" -windowed 
LogInit: Base directory: C:/Program Files/Epic Games/UE_4.15/Engine/Binaries/Win64/
LogInit: Installed Engine Build: 1
LogInit: Presizing for max 8388607 objects, including 0 objects not considered by GC, pre-allocating 0 bytes for permanent pool.
LogInit: Object subsystem initialized
[2017.05.25-02.36.48:215][  0]LogInit: Selected Device Profile: [Windows]
[2017.05.25-02.36.48:215][  0]LogInit: Applying CVar settings loaded from the selected device profile: [Windows]
[2017.05.25-02.36.48:220][  0]LogInit: Computer: 8M9NF42
[2017.05.25-02.36.48:220][  0]LogInit: User: H201363176
[2017.05.25-02.36.48:220][  0]LogInit: CPU Page size=65536, Cores=4
[2017.05.25-02.36.48:220][  0]LogInit: High frequency timer resolution =3.515639 MHz
[2017.05.25-02.36.48:220][  0]LogMemory: Memory total: Physical=15.9GB (16GB approx)
[2017.05.25-02.36.48:220][  0]LogMemory: Platform Memory Stats for Windows
[2017.05.25-02.36.48:220][  0]LogMemory: Process Physical Memory: 262.59 MB used, 262.59 MB peak
[2017.05.25-02.36.48:220][  0]LogMemory: Process Virtual Memory: 262.61 MB used, 262.61 MB peak
[2017.05.25-02.36.48:220][  0]LogMemory: Physical Memory: 5591.46 MB used,  10707.42 MB free, 16298.88 MB total
[2017.05.25-02.36.48:220][  0]LogMemory: Virtual Memory: 644.90 MB used,  10707.42 MB free, 134217728.00 MB total
[2017.05.25-02.36.48:323][  0]LogTextLocalizationManager: No specific translations for ('en-AU') exist, so ('en') translations will be used.
[2017.05.25-02.36.48:726][  0]LogD3D11RHI: D3D11 adapters:
[2017.05.25-02.36.48:738][  0]LogD3D11RHI:    0. 'AMD Radeon(TM) R9 270' (Feature Level 11_0)
[2017.05.25-02.36.48:738][  0]LogD3D11RHI:       2030/0/8149 MB DedicatedVideo/DedicatedSystem/SharedSystem, Outputs:1, VendorId:0x1002
[2017.05.25-02.36.48:745][  0]LogD3D11RHI:    1. 'Intel(R) HD Graphics 4600' (Feature Level 11_0)
[2017.05.25-02.36.48:745][  0]LogD3D11RHI:       112/0/2048 MB DedicatedVideo/DedicatedSystem/SharedSystem, Outputs:0, VendorId:0x8086
[2017.05.25-02.36.48:746][  0]LogD3D11RHI:    2. 'Microsoft Basic Render Driver' (Feature Level 11_0)
[2017.05.25-02.36.48:746][  0]LogD3D11RHI:       0/0/8149 MB DedicatedVideo/DedicatedSystem/SharedSystem, Outputs:0, VendorId:0x1414
[2017.05.25-02.36.48:746][  0]LogD3D11RHI: Chosen D3D11 Adapter: 0
[2017.05.25-02.36.48:750][  0]LogD3D11RHI: Creating new Direct3DDevice
[2017.05.25-02.36.48:750][  0]LogD3D11RHI:     GPU DeviceId: 0x6811 (for the marketing name, search the web for "GPU Device Id")
[2017.05.25-02.36.48:750][  0]LogWindows: EnumDisplayDevices:
[2017.05.25-02.36.48:750][  0]LogWindows:    0. 'AMD Radeon(TM) R9 270' (P:1 D:1)
[2017.05.25-02.36.48:750][  0]LogWindows:    1. 'AMD Radeon(TM) R9 270' (P:0 D:0)
[2017.05.25-02.36.48:751][  0]LogWindows:    2. 'AMD Radeon(TM) R9 270' (P:0 D:0)
[2017.05.25-02.36.48:751][  0]LogWindows:    3. 'AMD Radeon(TM) R9 270' (P:0 D:0)
[2017.05.25-02.36.48:751][  0]LogWindows:    4. 'AMD Radeon(TM) R9 270' (P:0 D:0)
[2017.05.25-02.36.48:751][  0]LogWindows:    5. 'AMD Radeon(TM) R9 270' (P:0 D:0)
[2017.05.25-02.36.48:751][  0]LogWindows:    6. 'Intel(R) HD Graphics 4600' (P:0 D:0)
[2017.05.25-02.36.48:752][  0]LogWindows:    7. 'Intel(R) HD Graphics 4600' (P:0 D:0)
[2017.05.25-02.36.48:752][  0]LogWindows:    8. 'Intel(R) HD Graphics 4600' (P:0 D:0)
[2017.05.25-02.36.48:752][  0]LogWindows: DebugString: PrimaryIsNotTheChoosenAdapter PrimaryIsNotTheChoosenAdapter PrimaryIsNotTheChoosenAdapter FoundDriverCount:6 
[2017.05.25-02.36.48:752][  0]LogD3D11RHI:     Adapter Name: AMD Radeon(TM) R9 270
[2017.05.25-02.36.48:752][  0]LogD3D11RHI:   Driver Version: Crimson 15.11 (internal:15.301.1701.0, unified:15.301.1701.0)
[2017.05.25-02.36.48:752][  0]LogD3D11RHI:      Driver Date: 1-13-2016
[2017.05.25-02.36.48:752][  0]LogRHI: Texture pool is 1361 MB (70% of 1945 MB)
[2017.05.25-02.36.48:804][  0]LogD3D11RHI: Async texture creation enabled
[2017.05.25-02.36.48:815][  0]LogD3D11RHI: GPU Timing Frequency: 27.000000 (Debug: 2 1)
[2017.05.25-02.36.48:816][  0]LogShaderCompilers: Guid format shader working directory is -21 characters bigger than the processId version (../../../../../../Users/h201363176/Documents/Unreal Projects/Assignment5/Intermediate/Shaders/WorkingDirectory/9764/).
[2017.05.25-02.36.48:816][  0]LogShaderCompilers: Cleaned the shader compiler working directory 'C:/Users/h201363176/AppData/Local/Temp/UnrealShaderWorkingDir/9FFA71B8462F6983C61D539316647E36/'.
[2017.05.25-02.36.48:816][  0]LogShaderCompilers:Display: Using Local Shader Compiler.
[2017.05.25-02.36.50:019][  0]LogTemp:Display: Loaded TP WindowsClientTargetPlatform
[2017.05.25-02.36.50:081][  0]LogTemp:Display: Loaded TP WindowsNoEditorTargetPlatform
[2017.05.25-02.36.50:145][  0]LogTemp:Display: Loaded TP WindowsServerTargetPlatform
[2017.05.25-02.36.50:199][  0]LogTemp:Display: Loaded TP WindowsTargetPlatform
[2017.05.25-02.36.50:199][  0]LogTargetPlatformManager:Display: Building Assets For Windows
[2017.05.25-02.36.50:746][  0]LogDerivedDataCache:Display: Max Cache Size: 512 MB
[2017.05.25-02.36.50:797][  0]LogDerivedDataCache: Loaded boot cache 0.05s 50MB C:/Users/h201363176/AppData/Local/UnrealEngine/4.15/DerivedDataCache/Boot.ddc.
[2017.05.25-02.36.50:797][  0]LogDerivedDataCache:Display: Loaded Boot cache: C:/Users/h201363176/AppData/Local/UnrealEngine/4.15/DerivedDataCache/Boot.ddc
[2017.05.25-02.36.50:797][  0]LogDerivedDataCache: FDerivedDataBackendGraph:  Pak pak cache file ../../../../../../Users/h201363176/Documents/Unreal Projects/Assignment5/DerivedDataCache/DDC.ddp not found, will not use a pak cache.
[2017.05.25-02.36.50:797][  0]LogDerivedDataCache: Unable to find inner node Pak for hierarchical cache Hierarchy.
[2017.05.25-02.36.50:797][  0]LogDerivedDataCache: FDerivedDataBackendGraph:  CompressedPak pak cache file ../../../../../../Users/h201363176/Documents/Unreal Projects/Assignment5/DerivedDataCache/Compressed.ddp not found, will not use a pak cache.
[2017.05.25-02.36.50:797][  0]LogDerivedDataCache: Unable to find inner node CompressedPak for hierarchical cache Hierarchy.
[2017.05.25-02.36.50:815][  0]LogDerivedDataCache:Display: Pak cache opened for reading ../../../Engine/DerivedDataCache/Compressed.ddp.
[2017.05.25-02.36.50:827][  0]LogDerivedDataCache: Using Local data cache path C:/Users/h201363176/AppData/Local/UnrealEngine/Common/DerivedDataCache: Writable
[2017.05.25-02.36.50:835][  0]LogSlate: Using Freetype 2.6.0
[2017.05.25-02.36.50:838][  0]LogSlate: SlateFontCache - WITH_FREETYPE: 1, WITH_HARFBUZZ: 1
[2017.05.25-02.36.50:838][  0]LogSlate: SlateFontCache - WITH_FREETYPE: 1, WITH_HARFBUZZ: 1
[2017.05.25-02.36.51:283][  0]LogAssetRegistry: FAssetRegistry took 0.0001 seconds to start up
[2017.05.25-02.36.51:289][  0]LogPackageLocalizationCache: Processed 3 localized package path(s) for 2 prioritized culture(s) in 0.006629 seconds
[2017.05.25-02.36.51:305][  0]LogInit: Selected Device Profile: [Windows]
[2017.05.25-02.36.51:307][  0]LogContentStreaming: Texture pool size is 1000.00 MB
[2017.05.25-02.36.51:521][  0]LogMeshUtilities: Using QuadricMeshReduction for automatic static mesh reduction
[2017.05.25-02.36.51:572][  0]LogSimplygon: Simplygon DLL not present - disabling.
[2017.05.25-02.36.51:628][  0]LogMeshUtilities: Using SimplygonSwarm for distributed automatic mesh merging
[2017.05.25-02.36.51:628][  0]LogMeshUtilities: No automatic skeletal mesh reduction module available
[2017.05.25-02.36.51:628][  0]LogMeshUtilities: No automatic mesh merging module available
[2017.05.25-02.36.52:121][  0]LogNetVersion: GetLocalNetworkVersion: CL: 3299760, ProjectName: assignment5, ProjectVersion: , EngineNetworkVersion: 2, GameNetworkVersion: 0, NetworkChecksum: 31220980
[2017.05.25-02.36.52:196][  0]LogInit: WinSock: version 1.1 (2.2), MaxSocks=32767, MaxUdp=65467
[2017.05.25-02.36.53:132][  0]LogMoviePlayer: Initializing movie player
[2017.05.25-02.36.53:530][  0]LogTcpMessaging: Initializing TcpMessaging bridge
[2017.05.25-02.36.53:577][  0]LogUdpMessaging: Initializing bridge on interface 0.0.0.0:0 to multicast group 230.0.0.1:6666.
