Log file open, 05/22/17 12:08:07
LogInit:Display: Running engine for game: doesnt_matter
LogPlatformFile: Not using cached read wrapper
LogInit:Display: RandInit(173506588) SRandInit(173506589).
LogTaskGraph: Started task graph with 5 named threads and 8 total threads with 1 sets of task threads.
LogStats: Stats thread started at 0.078788
LogInit: Using libcurl 7.47.1
LogInit:  - built for x86_64-pc-win32
LogInit:  - supports SSL with OpenSSL/1.0.2g
LogInit:  - supports HTTP deflate (compression) using libz 1.2.8
LogInit:  - other features:
LogInit:      CURL_VERSION_SSL
LogInit:      CURL_VERSION_LIBZ
LogInit:      CURL_VERSION_IPV6
LogInit:      CURL_VERSION_ASYNCHDNS
LogInit:      CURL_VERSION_LARGEFILE
LogInit:      CURL_VERSION_IDN
LogInit:  CurlRequestOptions (configurable via config and command line):
LogInit:  - bVerifyPeer = false  - Libcurl will NOT verify peer certificate
LogInit:  - bUseHttpProxy = false  - Libcurl will NOT use HTTP proxy
LogInit:  - bDontReuseConnections = false  - Libcurl will reuse connections
LogInit:  - CertBundlePath = nullptr  - Libcurl will use whatever was configured at build time.
LogInit: Build: ++UE4+Release-4.15-CL-3348071
LogInit: Engine Version: 4.15.1-3348071+++UE4+Release-4.15
LogInit: Compatible Engine Version: 4.15.0-3299760+++UE4+Release-4.15
LogInit: Net CL: 3299760
LogDevObjectVersion: Number of dev versions registered: 14
LogDevObjectVersion:   Dev-Blueprints (B0D832E4-1F89-4F0D-ACCF-7EB736FD4AA2): 8
LogDevObjectVersion:   Dev-Build (E1C64328-A22C-4D53-A36C-8E866417BD8C): 0
LogDevObjectVersion:   Dev-Core (375EC13C-06E4-48FB-B500-84F0262A717E): 2
LogDevObjectVersion:   Dev-Editor (E4B068ED-F494-42E9-A231-DA0B2E46BB41): 14
LogDevObjectVersion:   Dev-Framework (CFFC743F-43B0-4480-9391-14DF171D2073): 22
LogDevObjectVersion:   Dev-Mobile (B02B49B5-BB20-44E9-A304-32B752E40360): 0
LogDevObjectVersion:   Dev-Networking (A4E4105C-59A1-49B5-A7C5-40C4547EDFEE): 0
LogDevObjectVersion:   Dev-Online (39C831C9-5AE6-47DC-9A44-9C173E1C8E7C): 0
LogDevObjectVersion:   Dev-Physics (78F01B33-EBEA-4F98-B9B4-84EACCB95AA2): 0
LogDevObjectVersion:   Dev-Platform (6631380F-2D4D-43E0-8009-CF276956A95A): 0
LogDevObjectVersion:   Dev-Rendering (12F88B9F-8875-4AFC-A67C-D90C383ABD29): 12
LogDevObjectVersion:   Dev-Sequencer (7B5AE74C-D270-4C10-A958-57980B212A5A): 3
LogDevObjectVersion:   Dev-VR (D7296918-1DD6-4BDD-9DE2-64A83CC13884): 0
LogDevObjectVersion:   Dev-LoadTimes (C2A15278-BFE7-4AFE-6C17-90FF531DF755): 1
LogInit: Compiled (64-bit): Mar 15 2017 16:52:47
LogInit: Compiled with Visual C++: 19.00.23026.00
LogInit: Build Configuration: Development
LogInit: Branch Name: ++UE4+Release-4.15
LogInit: Command line:  
LogInit: Base directory: C:/Program Files/Epic Games/UE_4.15/Engine/Binaries/Win64/
LogInit: Installed Engine Build: 1
LogInit: Presizing for max 8388607 objects, including 0 objects not considered by GC, pre-allocating 0 bytes for permanent pool.
LogInit: Object subsystem initialized
[2017.05.22-02.08.08:590][  0]LogInit: Selected Device Profile: [Windows]
[2017.05.22-02.08.08:590][  0]LogInit: Applying CVar settings loaded from the selected device profile: [Windows]
[2017.05.22-02.08.08:606][  0]LogInit: Computer: DM2TF42
[2017.05.22-02.08.08:606][  0]LogInit: User: R201631433
[2017.05.22-02.08.08:606][  0]LogInit: CPU Page size=65536, Cores=4
[2017.05.22-02.08.08:606][  0]LogInit: High frequency timer resolution =3.515625 MHz
[2017.05.22-02.08.08:606][  0]LogMemory: Memory total: Physical=15.9GB (16GB approx)
[2017.05.22-02.08.08:606][  0]LogMemory: Platform Memory Stats for Windows
[2017.05.22-02.08.08:606][  0]LogMemory: Process Physical Memory: 264.00 MB used, 264.00 MB peak
[2017.05.22-02.08.08:606][  0]LogMemory: Process Virtual Memory: 262.69 MB used, 262.69 MB peak
[2017.05.22-02.08.08:606][  0]LogMemory: Physical Memory: 8502.42 MB used,  7796.46 MB free, 16298.88 MB total
[2017.05.22-02.08.08:606][  0]LogMemory: Virtual Memory: 644.90 MB used,  7796.46 MB free, 134217728.00 MB total
[2017.05.22-02.08.08:680][  0]LogTextLocalizationManager: No specific translations for ('en-AU') exist, so ('en') translations will be used.
[2017.05.22-02.08.09:218][  0]LogD3D11RHI: D3D11 adapters:
[2017.05.22-02.08.09:228][  0]LogD3D11RHI:    0. 'AMD Radeon(TM) R9 270' (Feature Level 11_0)
[2017.05.22-02.08.09:228][  0]LogD3D11RHI:       2030/0/8149 MB DedicatedVideo/DedicatedSystem/SharedSystem, Outputs:1, VendorId:0x1002
[2017.05.22-02.08.09:233][  0]LogD3D11RHI:    1. 'Intel(R) HD Graphics 4600' (Feature Level 11_0)
[2017.05.22-02.08.09:233][  0]LogD3D11RHI:       112/0/2048 MB DedicatedVideo/DedicatedSystem/SharedSystem, Outputs:0, VendorId:0x8086
[2017.05.22-02.08.09:234][  0]LogD3D11RHI:    2. 'Microsoft Basic Render Driver' (Feature Level 11_0)
[2017.05.22-02.08.09:234][  0]LogD3D11RHI:       0/0/8149 MB DedicatedVideo/DedicatedSystem/SharedSystem, Outputs:0, VendorId:0x1414
[2017.05.22-02.08.09:234][  0]LogD3D11RHI: Chosen D3D11 Adapter: 0
[2017.05.22-02.08.09:238][  0]LogD3D11RHI: Creating new Direct3DDevice
[2017.05.22-02.08.09:238][  0]LogD3D11RHI:     GPU DeviceId: 0x6811 (for the marketing name, search the web for "GPU Device Id")
[2017.05.22-02.08.09:238][  0]LogWindows: EnumDisplayDevices:
[2017.05.22-02.08.09:238][  0]LogWindows:    0. 'AMD Radeon(TM) R9 270' (P:1 D:1)
[2017.05.22-02.08.09:238][  0]LogWindows:    1. 'AMD Radeon(TM) R9 270' (P:0 D:0)
[2017.05.22-02.08.09:238][  0]LogWindows:    2. 'AMD Radeon(TM) R9 270' (P:0 D:0)
[2017.05.22-02.08.09:239][  0]LogWindows:    3. 'AMD Radeon(TM) R9 270' (P:0 D:0)
[2017.05.22-02.08.09:239][  0]LogWindows:    4. 'AMD Radeon(TM) R9 270' (P:0 D:0)
[2017.05.22-02.08.09:239][  0]LogWindows:    5. 'AMD Radeon(TM) R9 270' (P:0 D:0)
[2017.05.22-02.08.09:239][  0]LogWindows:    6. 'Intel(R) HD Graphics 4600' (P:0 D:0)
[2017.05.22-02.08.09:239][  0]LogWindows:    7. 'Intel(R) HD Graphics 4600' (P:0 D:0)
[2017.05.22-02.08.09:239][  0]LogWindows:    8. 'Intel(R) HD Graphics 4600' (P:0 D:0)
[2017.05.22-02.08.09:239][  0]LogWindows: DebugString: PrimaryIsNotTheChoosenAdapter PrimaryIsNotTheChoosenAdapter PrimaryIsNotTheChoosenAdapter FoundDriverCount:6 
[2017.05.22-02.08.09:239][  0]LogD3D11RHI:     Adapter Name: AMD Radeon(TM) R9 270
[2017.05.22-02.08.09:239][  0]LogD3D11RHI:   Driver Version: Crimson 15.11 (internal:15.301.1701.0, unified:15.301.1701.0)
[2017.05.22-02.08.09:240][  0]LogD3D11RHI:      Driver Date: 1-13-2016
[2017.05.22-02.08.09:240][  0]LogRHI: Texture pool is 1361 MB (70% of 1945 MB)
[2017.05.22-02.08.09:279][  0]LogD3D11RHI: Async texture creation enabled
[2017.05.22-02.08.09:292][  0]LogD3D11RHI: GPU Timing Frequency: 27.000000 (Debug: 2 1)
[2017.05.22-02.08.09:293][  0]LogShaderCompilers: Guid format shader working directory is -24 characters bigger than the processId version (../../../../../../Users/R201631433/Documents/Unreal Projects/doesnt_matter/Intermediate/Shaders/WorkingDirectory/11860/).
[2017.05.22-02.08.09:293][  0]LogShaderCompilers: Cleaned the shader compiler working directory 'C:/Users/R201631433/AppData/Local/Temp/UnrealShaderWorkingDir/9488F93341D88F3708F40EA0CBF3542C/'.
[2017.05.22-02.08.09:293][  0]LogShaderCompilers:Display: Using Local Shader Compiler.
[2017.05.22-02.08.10:284][  0]LogTemp:Display: Loaded TP AllDesktopTargetPlatform
[2017.05.22-02.08.10:337][  0]LogTemp:Display: Loaded TP MacClientTargetPlatform
[2017.05.22-02.08.10:390][  0]LogTemp:Display: Loaded TP MacNoEditorTargetPlatform
[2017.05.22-02.08.10:443][  0]LogTemp:Display: Loaded TP MacServerTargetPlatform
[2017.05.22-02.08.10:504][  0]LogTemp:Display: Loaded TP MacTargetPlatform
[2017.05.22-02.08.10:556][  0]LogTemp:Display: Loaded TP WindowsClientTargetPlatform
[2017.05.22-02.08.10:607][  0]LogTemp:Display: Loaded TP WindowsNoEditorTargetPlatform
[2017.05.22-02.08.10:659][  0]LogTemp:Display: Loaded TP WindowsServerTargetPlatform
[2017.05.22-02.08.10:703][  0]LogTemp:Display: Loaded TP WindowsTargetPlatform
[2017.05.22-02.08.10:753][  0]LogTemp:Display: Loaded TP AndroidTargetPlatform
[2017.05.22-02.08.10:805][  0]LogTemp:Display: Loaded TP Android_ASTCTargetPlatform
[2017.05.22-02.08.10:855][  0]LogTemp:Display: Loaded TP Android_ATCTargetPlatform
[2017.05.22-02.08.10:905][  0]LogTemp:Display: Loaded TP Android_DXTTargetPlatform
[2017.05.22-02.08.10:957][  0]LogTemp:Display: Loaded TP Android_ETC1TargetPlatform
[2017.05.22-02.08.11:008][  0]LogTemp:Display: Loaded TP Android_ETC2TargetPlatform
[2017.05.22-02.08.11:110][  0]LogTemp:Display: Loaded TP Android_MultiTargetPlatform
[2017.05.22-02.08.11:110][  0]LogTemp:Display: Loaded TP Android_PVRTCTargetPlatform
[2017.05.22-02.08.11:147][  0]LogTemp:Display: Loaded TP HTML5TargetPlatform
[2017.05.22-02.08.11:240][  0]LogTemp:Display: Loaded TP IOSTargetPlatform
[2017.05.22-02.08.11:273][  0]LogTemp:Display: Loaded TP TVOSTargetPlatform
[2017.05.22-02.08.11:323][  0]LogTemp:Display: Loaded TP LinuxClientTargetPlatform
[2017.05.22-02.08.11:373][  0]LogTemp:Display: Loaded TP LinuxNoEditorTargetPlatform
[2017.05.22-02.08.11:424][  0]LogTemp:Display: Loaded TP LinuxServerTargetPlatform
[2017.05.22-02.08.11:477][  0]LogTemp:Display: Loaded TP LinuxTargetPlatform
[2017.05.22-02.08.11:477][  0]LogTargetPlatformManager:Display: Building Assets For Windows
[2017.05.22-02.08.11:949][  0]LogDerivedDataCache:Display: Max Cache Size: 512 MB
[2017.05.22-02.08.11:998][  0]LogDerivedDataCache: Loaded boot cache 0.05s 50MB C:/Users/R201631433/AppData/Local/UnrealEngine/4.15/DerivedDataCache/Boot.ddc.
[2017.05.22-02.08.11:998][  0]LogDerivedDataCache:Display: Loaded Boot cache: C:/Users/R201631433/AppData/Local/UnrealEngine/4.15/DerivedDataCache/Boot.ddc
[2017.05.22-02.08.11:998][  0]LogDerivedDataCache: FDerivedDataBackendGraph:  Pak pak cache file ../../../../../../Users/R201631433/Documents/Unreal Projects/doesnt_matter/DerivedDataCache/DDC.ddp not found, will not use a pak cache.
[2017.05.22-02.08.11:998][  0]LogDerivedDataCache: Unable to find inner node Pak for hierarchical cache Hierarchy.
[2017.05.22-02.08.11:998][  0]LogDerivedDataCache: FDerivedDataBackendGraph:  CompressedPak pak cache file ../../../../../../Users/R201631433/Documents/Unreal Projects/doesnt_matter/DerivedDataCache/Compressed.ddp not found, will not use a pak cache.
[2017.05.22-02.08.11:998][  0]LogDerivedDataCache: Unable to find inner node CompressedPak for hierarchical cache Hierarchy.
[2017.05.22-02.08.12:015][  0]LogDerivedDataCache:Display: Pak cache opened for reading ../../../Engine/DerivedDataCache/Compressed.ddp.
[2017.05.22-02.08.12:027][  0]LogDerivedDataCache: Using Local data cache path C:/Users/R201631433/AppData/Local/UnrealEngine/Common/DerivedDataCache: Writable
[2017.05.22-02.08.12:035][  0]LogSlate: Using Freetype 2.6.0
[2017.05.22-02.08.12:036][  0]LogSlate: SlateFontCache - WITH_FREETYPE: 1, WITH_HARFBUZZ: 1
[2017.05.22-02.08.12:036][  0]LogSlate: SlateFontCache - WITH_FREETYPE: 1, WITH_HARFBUZZ: 1
[2017.05.22-02.08.12:329][  0]LogInit: Selected Device Profile: [Windows]
[2017.05.22-02.08.12:333][  0]LogContentStreaming: Texture pool size is 0.00 MB
[2017.05.22-02.08.12:546][  0]LogMeshUtilities: Using QuadricMeshReduction for automatic static mesh reduction
[2017.05.22-02.08.12:592][  0]LogSimplygon: Simplygon DLL not present - disabling.
[2017.05.22-02.08.12:641][  0]LogMeshUtilities: Using SimplygonSwarm for distributed automatic mesh merging
[2017.05.22-02.08.12:641][  0]LogMeshUtilities: No automatic skeletal mesh reduction module available
[2017.05.22-02.08.12:641][  0]LogMeshUtilities: No automatic mesh merging module available
[2017.05.22-02.08.13:181][  0]LogNetVersion: GetLocalNetworkVersion: CL: 3299760, ProjectName: doesnt_matter, ProjectVersion: , EngineNetworkVersion: 2, GameNetworkVersion: 0, NetworkChecksum: 93464806
[2017.05.22-02.08.13:228][  0]LogAssetRegistry: FAssetRegistry took 0.0224 seconds to start up
[2017.05.22-02.08.13:291][  0]LogPackageLocalizationCache: Processed 3 localized package path(s) for 2 prioritized culture(s) in 0.034912 seconds
[2017.05.22-02.08.13:296][  0]LogUObjectArray: 32493 objects as part of root set at end of initial load.
[2017.05.22-02.08.13:296][  0]LogUObjectAllocator: 7077032 out of 0 bytes used by permanent object pool.
[2017.05.22-02.08.13:296][  0]LogUObjectArray: CloseDisregardForGC: 0/0 objects in disregard for GC pool
[2017.05.22-02.08.13:366][  0]LogInit: WinSock: version 1.1 (2.2), MaxSocks=32767, MaxUdp=65467
[2017.05.22-02.08.15:006][  0]LogTcpMessaging: Initializing TcpMessaging bridge
[2017.05.22-02.08.15:048][  0]LogUdpMessaging: Initializing bridge on interface 0.0.0.0:0 to multicast group 230.0.0.1:6666.
[2017.05.22-02.08.15:572][  0]LogMaterial: Uniform references updated for custom material expression Custom.
[2017.05.22-02.08.15:989][  0]SourceControl: Info Source control is disabled
[2017.05.22-02.08.16:033][  0]SourceControl: Info Source control is disabled
[2017.05.22-02.08.16:087][  0]SourceControl: Info Source control is disabled
[2017.05.22-02.08.16:137][  0]SourceControl: Info Source control is disabled
[2017.05.22-02.08.17:544][  0]LogEngine: Initializing Engine...
[2017.05.22-02.08.17:545][  0]LogHMD: Failed to initialize OpenVR with code 110
[2017.05.22-02.08.17:772][  0]LogAIModule: Creating AISystem for world Untitled
[2017.05.22-02.08.17:778][  0]LogInit: No audio devices found!
[2017.05.22-02.08.17:800][  0]LogDerivedDataCache: Saved boot cache 0.02s 50MB C:/Users/R201631433/AppData/Local/UnrealEngine/4.15/DerivedDataCache/Boot.ddc.
[2017.05.22-02.08.17:806][  0]LogInit: Texture streaming: Enabled
[2017.05.22-02.08.17:912][  0]LogEngineSessionManager: EngineSessionManager initialized
[2017.05.22-02.08.18:009][  0]LogInit: Transaction tracking system initialized
[2017.05.22-02.08.18:392][  0]BlueprintLog: New page: Editor Load
[2017.05.22-02.08.19:472][  0]LocalizationService: Info Localization service is disabled
[2017.05.22-02.08.20:258][  0]LogConsoleResponse:Display: 
[2017.05.22-02.08.20:385][  0]LogCook:Display: Max memory allowance for cook 16384mb min free memory 0mb
[2017.05.22-02.08.20:385][  0]LogCook:Display: Mobile HDR setting 1
[2017.05.22-02.08.20:817][  0]LogFileCache: Scanning file cache for directory 'C:/Users/R201631433/Documents/Unreal Projects/doesnt_matter/Content/' took 0.02s
[2017.05.22-02.08.21:522][  0]SourceControl: Info Source control is disabled
[2017.05.22-02.08.21:522][  0]Cmd: MAP LOAD FILE="../../../../../../Users/R201631433/Documents/Unreal Projects/doesnt_matter/Content/ThirdPersonBP/Maps/ThirdPersonExampleMap.umap" TEMPLATE=0 SHOWPROGRESS=1 FEATURELEVEL=3
[2017.05.22-02.08.21:537][  0]LightingResults: New page: Lighting Build
[2017.05.22-02.08.21:581][  0]MapCheck: New page: Map Check
[2017.05.22-02.08.21:581][  0]LightingResults: New page: Lighting Build
[2017.05.22-02.08.23:184][  0]LogAIModule: Creating AISystem for world ThirdPersonExampleMap
[2017.05.22-02.08.23:234][  0]LogEditorServer: Finished looking for orphan Actors (0.000 secs)
[2017.05.22-02.08.23:234][  0]Cmd: MAP CHECKDEP NOCLEARLOG
[2017.05.22-02.08.23:285][  0]MapCheck: Info Map check complete: 0 Error(s), 0 Warning(s), took 51.02ms to complete.
[2017.05.22-02.08.23:285][  0]LogFileHelpers: Loading map 'ThirdPersonExampleMap' took 1.763
[2017.05.22-02.08.23:461][  0]LogCollectionManager: Loaded 0 collections in 0.001763 seconds
[2017.05.22-02.08.23:542][  0]LogFileCache: Scanning file cache for directory 'C:/Users/R201631433/Documents/Unreal Projects/doesnt_matter/Saved/Collections/' took 0.01s
[2017.05.22-02.08.23:542][  0]LogFileCache: Scanning file cache for directory 'C:/Users/R201631433/Documents/Unreal Projects/doesnt_matter/Content/Developers/R201631433/Collections/' took 0.01s
[2017.05.22-02.08.23:542][  0]LogFileCache: Scanning file cache for directory 'C:/Users/R201631433/Documents/Unreal Projects/doesnt_matter/Content/Collections/' took 0.01s
[2017.05.22-02.08.23:542][  0]LogCollectionManager: Rebuilt the GUID cache for 0 collections in 0.000001 seconds
[2017.05.22-02.08.23:551][  0]LogContentBrowser: Native class hierarchy populated in 0.0084 seconds. Added 2245 classes and 453 folders.
[2017.05.22-02.08.23:554][  0]LogStats: UGameplayTagsManager::ConstructGameplayTagTree: Construct from data asset -  0.000 s
[2017.05.22-02.08.23:554][  0]LogStats: UGameplayTagsManager::ConstructGameplayTagTree: GameplayTagTreeChangedEvent.Broadcast -  0.000 s
[2017.05.22-02.08.23:621][  0]LogContentBrowser: Native class hierarchy updated for 'WidgetCarousel' in 0.0005 seconds. Added 0 classes and 0 folders.
[2017.05.22-02.08.23:662][  0]LogContentBrowser: Native class hierarchy updated for 'AddContentDialog' in 0.0005 seconds. Added 0 classes and 0 folders.
[2017.05.22-02.08.23:710][  0]LogContentBrowser: Native class hierarchy updated for 'SceneOutliner' in 0.0007 seconds. Added 1 classes and 2 folders.
[2017.05.22-02.08.23:760][  0]LogCrashTracker: Crashtracker disabled due to settings.
[2017.05.22-02.08.23:765][  0]LogUObjectGlobals:Warning: Failed to find object 'Class None.'
[2017.05.22-02.08.23:832][  0]LogContentBrowser: Native class hierarchy updated for 'HierarchicalLODOutliner' in 0.0004 seconds. Added 1 classes and 2 folders.
[2017.05.22-02.08.23:832][  0]LogLoad: (Engine Initialization) Total time: 17.18 seconds
[2017.05.22-02.08.23:832][  0]LogLoad: (Engine Initialization) Total Blueprint compile time: 0.18 seconds
[2017.05.22-02.08.23:832][  0]LogExternalProfiler: Found external profiler: VSPerf
[2017.05.22-02.08.23:832][  0]LogExternalProfiler: Using external profiler: VSPerf
[2017.05.22-02.08.24:172][  0]LogOcInput: OculusInput pre-init called
[2017.05.22-02.08.24:193][  0]LogContentStreaming: Texture pool size now 1000 MB
[2017.05.22-02.08.24:193][  0]LogSlate: Took 0.000168 seconds to synchronously load lazily loaded font '../../../Engine/Content/Slate/Fonts/Roboto-Regular.ttf' (155K)
[2017.05.22-02.08.24:197][  0]LogSlate: Took 0.000182 seconds to synchronously load lazily loaded font '../../../Engine/Content/Slate/Fonts/Roboto-Bold.ttf' (160K)
[2017.05.22-02.08.24:202][  0]LogSlate: Took 0.000174 seconds to synchronously load lazily loaded font '../../../Engine/Content/Editor/Slate/Fonts/FontAwesome.ttf' (139K)
[2017.05.22-02.08.24:299][  0]LogSlate: Took 0.000219 seconds to synchronously load lazily loaded font '../../../Engine/Content/Slate/Fonts/Roboto-Light.ttf' (159K)
[2017.05.22-02.08.24:347][  0]LogRenderer: Reallocating scene render targets to support 876x452 NumSamples 1 (Frame:2).
[2017.05.22-02.08.24:601][  1]LogAssetRegistry: Asset discovery search completed in 11.3957 seconds
[2017.05.22-02.08.24:601][  1]LogCollectionManager: Rebuilt the object cache for 0 collections in 0.000004 seconds (found 0 objects)
[2017.05.22-02.08.24:601][  1]LogCollectionManager: Fixed up redirectors for 0 collections in 0.000016 seconds (updated 0 objects)
[2017.05.22-02.09.31:562][918]LogSlate: Took 0.000147 seconds to synchronously load lazily loaded font '../../../Engine/Content/Slate/Fonts/Roboto-Light.ttf' (159K)
[2017.05.22-02.09.31:964][918]LogContentBrowser: Native class hierarchy updated for 'BlueprintGraph' in 0.0008 seconds. Added 112 classes and 0 folders.
[2017.05.22-02.09.32:656][918]LogSlate: Took 0.000157 seconds to synchronously load lazily loaded font '../../../Engine/Content/Slate/Fonts/Roboto-Light.ttf' (159K)
[2017.05.22-02.09.32:657][918]LogSlate: Took 0.000152 seconds to synchronously load lazily loaded font '../../../Engine/Content/Editor/Slate/Fonts/Roboto-BoldCondensed.ttf' (158K)
