Log file open, 05/25/17 12:47:22
LogInit:Display: Running engine for game: BuildAHud
LogPlatformFile: Not using cached read wrapper
LogInit:Display: RandInit(1828960025) SRandInit(1828960025).
LogTaskGraph: Started task graph with 5 named threads and 8 total threads with 1 sets of task threads.
LogStats: Stats thread started at 0.078653
LogInit: Using libcurl 7.47.1
LogInit:  - built for x86_64-pc-win32
LogInit:  - supports SSL with OpenSSL/1.0.2g
LogInit:  - supports HTTP deflate (compression) using libz 1.2.8
LogInit:  - other features:
LogInit:      CURL_VERSION_SSL
LogInit:      CURL_VERSION_LIBZ
LogInit:      CURL_VERSION_IPV6
LogInit:      CURL_VERSION_ASYNCHDNS
LogInit:      CURL_VERSION_LARGEFILE
LogInit:      CURL_VERSION_IDN
LogInit:  CurlRequestOptions (configurable via config and command line):
LogInit:  - bVerifyPeer = false  - Libcurl will NOT verify peer certificate
LogInit:  - bUseHttpProxy = false  - Libcurl will NOT use HTTP proxy
LogInit:  - bDontReuseConnections = false  - Libcurl will reuse connections
LogInit:  - CertBundlePath = nullptr  - Libcurl will use whatever was configured at build time.
LogInit: Build: ++UE4+Release-4.15-CL-3348071
LogInit: Engine Version: 4.15.1-3348071+++UE4+Release-4.15
LogInit: Compatible Engine Version: 4.15.0-3299760+++UE4+Release-4.15
LogInit: Net CL: 3299760
LogDevObjectVersion: Number of dev versions registered: 14
LogDevObjectVersion:   Dev-Blueprints (B0D832E4-1F89-4F0D-ACCF-7EB736FD4AA2): 8
LogDevObjectVersion:   Dev-Build (E1C64328-A22C-4D53-A36C-8E866417BD8C): 0
LogDevObjectVersion:   Dev-Core (375EC13C-06E4-48FB-B500-84F0262A717E): 2
LogDevObjectVersion:   Dev-Editor (E4B068ED-F494-42E9-A231-DA0B2E46BB41): 14
LogDevObjectVersion:   Dev-Framework (CFFC743F-43B0-4480-9391-14DF171D2073): 22
LogDevObjectVersion:   Dev-Mobile (B02B49B5-BB20-44E9-A304-32B752E40360): 0
LogDevObjectVersion:   Dev-Networking (A4E4105C-59A1-49B5-A7C5-40C4547EDFEE): 0
LogDevObjectVersion:   Dev-Online (39C831C9-5AE6-47DC-9A44-9C173E1C8E7C): 0
LogDevObjectVersion:   Dev-Physics (78F01B33-EBEA-4F98-B9B4-84EACCB95AA2): 0
LogDevObjectVersion:   Dev-Platform (6631380F-2D4D-43E0-8009-CF276956A95A): 0
LogDevObjectVersion:   Dev-Rendering (12F88B9F-8875-4AFC-A67C-D90C383ABD29): 12
LogDevObjectVersion:   Dev-Sequencer (7B5AE74C-D270-4C10-A958-57980B212A5A): 3
LogDevObjectVersion:   Dev-VR (D7296918-1DD6-4BDD-9DE2-64A83CC13884): 0
LogDevObjectVersion:   Dev-LoadTimes (C2A15278-BFE7-4AFE-6C17-90FF531DF755): 1
LogInit: Compiled (64-bit): Mar 15 2017 16:52:47
LogInit: Compiled with Visual C++: 19.00.23026.00
LogInit: Build Configuration: Development
LogInit: Branch Name: ++UE4+Release-4.15
LogInit: Command line:  /Temp/Autosaves/Game/FirstPersonBP/Maps/UEDPCMain -game -PIEVIACONSOLE -ResX=1280 -ResY=720  -Multiprocess -messaging -SessionName="Play in Standalone Game" -windowed 
LogInit: Base directory: C:/Program Files/Epic Games/UE_4.15/Engine/Binaries/Win64/
LogInit: Installed Engine Build: 1
LogInit: Presizing for max 8388607 objects, including 0 objects not considered by GC, pre-allocating 0 bytes for permanent pool.
LogInit: Object subsystem initialized
[2017.05.25-02.47.23:196][  0]LogInit: Selected Device Profile: [Windows]
[2017.05.25-02.47.23:196][  0]LogInit: Applying CVar settings loaded from the selected device profile: [Windows]
[2017.05.25-02.47.23:201][  0]LogInit: Computer: 2M2TF42
[2017.05.25-02.47.23:201][  0]LogInit: User: L201701306
[2017.05.25-02.47.23:201][  0]LogInit: CPU Page size=65536, Cores=4
[2017.05.25-02.47.23:201][  0]LogInit: High frequency timer resolution =3.515638 MHz
[2017.05.25-02.47.23:201][  0]LogMemory: Memory total: Physical=15.9GB (16GB approx)
[2017.05.25-02.47.23:201][  0]LogMemory: Platform Memory Stats for Windows
[2017.05.25-02.47.23:201][  0]LogMemory: Process Physical Memory: 262.66 MB used, 262.66 MB peak
[2017.05.25-02.47.23:201][  0]LogMemory: Process Virtual Memory: 262.75 MB used, 262.75 MB peak
[2017.05.25-02.47.23:201][  0]LogMemory: Physical Memory: 6929.27 MB used,  9369.61 MB free, 16298.88 MB total
[2017.05.25-02.47.23:201][  0]LogMemory: Virtual Memory: 644.90 MB used,  9369.61 MB free, 134217728.00 MB total
[2017.05.25-02.47.23:306][  0]LogTextLocalizationManager: No specific translations for ('en-AU') exist, so ('en') translations will be used.
[2017.05.25-02.47.23:701][  0]LogD3D11RHI: D3D11 adapters:
[2017.05.25-02.47.23:711][  0]LogD3D11RHI:    0. 'AMD Radeon(TM) R9 270' (Feature Level 11_0)
[2017.05.25-02.47.23:711][  0]LogD3D11RHI:       2030/0/8149 MB DedicatedVideo/DedicatedSystem/SharedSystem, Outputs:1, VendorId:0x1002
[2017.05.25-02.47.23:717][  0]LogD3D11RHI:    1. 'Intel(R) HD Graphics 4600' (Feature Level 11_0)
[2017.05.25-02.47.23:717][  0]LogD3D11RHI:       112/0/2048 MB DedicatedVideo/DedicatedSystem/SharedSystem, Outputs:0, VendorId:0x8086
[2017.05.25-02.47.23:718][  0]LogD3D11RHI:    2. 'Microsoft Basic Render Driver' (Feature Level 11_0)
[2017.05.25-02.47.23:718][  0]LogD3D11RHI:       0/0/8149 MB DedicatedVideo/DedicatedSystem/SharedSystem, Outputs:0, VendorId:0x1414
[2017.05.25-02.47.23:718][  0]LogD3D11RHI: Chosen D3D11 Adapter: 0
[2017.05.25-02.47.23:722][  0]LogD3D11RHI: Creating new Direct3DDevice
[2017.05.25-02.47.23:722][  0]LogD3D11RHI:     GPU DeviceId: 0x6811 (for the marketing name, search the web for "GPU Device Id")
[2017.05.25-02.47.23:722][  0]LogWindows: EnumDisplayDevices:
[2017.05.25-02.47.23:722][  0]LogWindows:    0. 'AMD Radeon(TM) R9 270' (P:1 D:1)
[2017.05.25-02.47.23:722][  0]LogWindows:    1. 'AMD Radeon(TM) R9 270' (P:0 D:0)
[2017.05.25-02.47.23:723][  0]LogWindows:    2. 'AMD Radeon(TM) R9 270' (P:0 D:0)
[2017.05.25-02.47.23:723][  0]LogWindows:    3. 'AMD Radeon(TM) R9 270' (P:0 D:0)
[2017.05.25-02.47.23:723][  0]LogWindows:    4. 'AMD Radeon(TM) R9 270' (P:0 D:0)
[2017.05.25-02.47.23:723][  0]LogWindows:    5. 'AMD Radeon(TM) R9 270' (P:0 D:0)
[2017.05.25-02.47.23:723][  0]LogWindows:    6. 'Intel(R) HD Graphics 4600' (P:0 D:0)
[2017.05.25-02.47.23:724][  0]LogWindows:    7. 'Intel(R) HD Graphics 4600' (P:0 D:0)
[2017.05.25-02.47.23:724][  0]LogWindows:    8. 'Intel(R) HD Graphics 4600' (P:0 D:0)
[2017.05.25-02.47.23:724][  0]LogWindows: DebugString: PrimaryIsNotTheChoosenAdapter PrimaryIsNotTheChoosenAdapter PrimaryIsNotTheChoosenAdapter FoundDriverCount:6 
[2017.05.25-02.47.23:724][  0]LogD3D11RHI:     Adapter Name: AMD Radeon(TM) R9 270
[2017.05.25-02.47.23:724][  0]LogD3D11RHI:   Driver Version: Crimson 15.11 (internal:15.301.1701.0, unified:15.301.1701.0)
[2017.05.25-02.47.23:724][  0]LogD3D11RHI:      Driver Date: 1-13-2016
[2017.05.25-02.47.23:724][  0]LogRHI: Texture pool is 1361 MB (70% of 1945 MB)
[2017.05.25-02.47.23:767][  0]LogD3D11RHI: Async texture creation enabled
[2017.05.25-02.47.23:779][  0]LogD3D11RHI: GPU Timing Frequency: 27.000000 (Debug: 2 1)
[2017.05.25-02.47.23:780][  0]LogShaderCompilers: Guid format shader working directory is -2 characters bigger than the processId version (../../../../../../Users/L201701306/Desktop/BuildAHud/Intermediate/Shaders/WorkingDirectory/11208/).
[2017.05.25-02.47.23:780][  0]LogShaderCompilers: Cleaned the shader compiler working directory 'C:/Users/L201701306/AppData/Local/Temp/UnrealShaderWorkingDir/126F71AC4E6F2F8B5DC6E1AD309B61F5/'.
[2017.05.25-02.47.23:780][  0]LogShaderCompilers:Display: Using Local Shader Compiler.
[2017.05.25-02.47.24:865][  0]LogTemp:Display: Loaded TP WindowsClientTargetPlatform
[2017.05.25-02.47.24:918][  0]LogTemp:Display: Loaded TP WindowsNoEditorTargetPlatform
[2017.05.25-02.47.24:972][  0]LogTemp:Display: Loaded TP WindowsServerTargetPlatform
[2017.05.25-02.47.25:018][  0]LogTemp:Display: Loaded TP WindowsTargetPlatform
[2017.05.25-02.47.25:018][  0]LogTargetPlatformManager:Display: Building Assets For Windows
[2017.05.25-02.47.25:475][  0]LogDerivedDataCache:Display: Max Cache Size: 512 MB
[2017.05.25-02.47.25:521][  0]LogDerivedDataCache: Loaded boot cache 0.05s 50MB C:/Users/L201701306/AppData/Local/UnrealEngine/4.15/DerivedDataCache/Boot.ddc.
[2017.05.25-02.47.25:521][  0]LogDerivedDataCache:Display: Loaded Boot cache: C:/Users/L201701306/AppData/Local/UnrealEngine/4.15/DerivedDataCache/Boot.ddc
[2017.05.25-02.47.25:521][  0]LogDerivedDataCache: FDerivedDataBackendGraph:  Pak pak cache file ../../../../../../Users/L201701306/Desktop/BuildAHud/DerivedDataCache/DDC.ddp not found, will not use a pak cache.
[2017.05.25-02.47.25:521][  0]LogDerivedDataCache: Unable to find inner node Pak for hierarchical cache Hierarchy.
[2017.05.25-02.47.25:521][  0]LogDerivedDataCache: FDerivedDataBackendGraph:  CompressedPak pak cache file ../../../../../../Users/L201701306/Desktop/BuildAHud/DerivedDataCache/Compressed.ddp not found, will not use a pak cache.
[2017.05.25-02.47.25:521][  0]LogDerivedDataCache: Unable to find inner node CompressedPak for hierarchical cache Hierarchy.
[2017.05.25-02.47.25:537][  0]LogDerivedDataCache:Display: Pak cache opened for reading ../../../Engine/DerivedDataCache/Compressed.ddp.
[2017.05.25-02.47.25:549][  0]LogDerivedDataCache: Using Local data cache path C:/Users/L201701306/AppData/Local/UnrealEngine/Common/DerivedDataCache: Writable
[2017.05.25-02.47.25:557][  0]LogSlate: Using Freetype 2.6.0
[2017.05.25-02.47.25:559][  0]LogSlate: SlateFontCache - WITH_FREETYPE: 1, WITH_HARFBUZZ: 1
[2017.05.25-02.47.25:559][  0]LogSlate: SlateFontCache - WITH_FREETYPE: 1, WITH_HARFBUZZ: 1
[2017.05.25-02.47.25:969][  0]LogAssetRegistry: FAssetRegistry took 0.0001 seconds to start up
[2017.05.25-02.47.25:975][  0]LogPackageLocalizationCache: Processed 3 localized package path(s) for 2 prioritized culture(s) in 0.005319 seconds
[2017.05.25-02.47.25:989][  0]LogInit: Selected Device Profile: [Windows]
[2017.05.25-02.47.25:990][  0]LogContentStreaming: Texture pool size is 1000.00 MB
[2017.05.25-02.47.26:179][  0]LogMeshUtilities: Using QuadricMeshReduction for automatic static mesh reduction
[2017.05.25-02.47.26:223][  0]LogSimplygon: Simplygon DLL not present - disabling.
[2017.05.25-02.47.26:272][  0]LogMeshUtilities: Using SimplygonSwarm for distributed automatic mesh merging
[2017.05.25-02.47.26:272][  0]LogMeshUtilities: No automatic skeletal mesh reduction module available
[2017.05.25-02.47.26:272][  0]LogMeshUtilities: No automatic mesh merging module available
[2017.05.25-02.47.26:705][  0]LogNetVersion: GetLocalNetworkVersion: CL: 3299760, ProjectName: buildahud, ProjectVersion: , EngineNetworkVersion: 2, GameNetworkVersion: 0, NetworkChecksum: 966420805
[2017.05.25-02.47.26:770][  0]LogInit: WinSock: version 1.1 (2.2), MaxSocks=32767, MaxUdp=65467
[2017.05.25-02.47.27:572][  0]LogMoviePlayer: Initializing movie player
[2017.05.25-02.47.27:652][  0]LogWindowsTextInputMethodSystem:Display: IME system now deactivated.
[2017.05.25-02.47.27:925][  0]LogTcpMessaging: Initializing TcpMessaging bridge
[2017.05.25-02.47.27:965][  0]LogUdpMessaging: Initializing bridge on interface 0.0.0.0:0 to multicast group 230.0.0.1:6666.
[2017.05.25-02.47.28:256][  0]SourceControl: Info Source control is disabled
[2017.05.25-02.47.28:256][  0]SourceControl: Info Source control is disabled
[2017.05.25-02.47.28:303][  0]SourceControl: Info Source control is disabled
[2017.05.25-02.47.28:957][  0]LogUObjectArray: 34408 objects as part of root set at end of initial load.
[2017.05.25-02.47.28:957][  0]LogUObjectAllocator: 7639320 out of 0 bytes used by permanent object pool.
[2017.05.25-02.47.28:957][  0]LogUObjectArray: CloseDisregardForGC: 0/0 objects in disregard for GC pool
[2017.05.25-02.47.29:063][  0]LogEngine: Initializing Engine...
[2017.05.25-02.47.29:063][  0]LogHMD: Failed to initialize OpenVR with code 110
[2017.05.25-02.47.29:158][  0]LogInit: XAudio2 using 'Speakers / Headphones (Realtek Audio)' : 2 channels at 48 kHz using 32 bits per sample (channel mask 0x3)
[2017.05.25-02.47.29:172][  0]LogInit: FAudioDevice initialized.
[2017.05.25-02.47.29:197][  0]LogInit: Texture streaming: Enabled
[2017.05.25-02.47.29:219][  0]LogMaterial: Uniform references updated for custom material expression Custom.
[2017.05.25-02.47.29:600][  0]LogInit:Display: Game Engine Initialized.
[2017.05.25-02.47.29:817][  0]LogInit:Display: Starting Game.
[2017.05.25-02.47.29:817][  0]LogNet: Browse: /Temp/Autosaves/Game/FirstPersonBP/Maps/UEDPCMain?Name=Player
[2017.05.25-02.47.29:817][  0]LogLoad: LoadMap: /Temp/Autosaves/Game/FirstPersonBP/Maps/UEDPCMain?Name=Player
[2017.05.25-02.47.29:831][  0]LogMemory: Platform Memory Stats for Windows
[2017.05.25-02.47.29:831][  0]LogMemory: Process Physical Memory: 621.38 MB used, 647.00 MB peak
[2017.05.25-02.47.29:831][  0]LogMemory: Process Virtual Memory: 704.48 MB used, 704.49 MB peak
[2017.05.25-02.47.29:831][  0]LogMemory: Physical Memory: 7270.93 MB used,  9027.95 MB free, 16298.88 MB total
[2017.05.25-02.47.29:831][  0]LogMemory: Virtual Memory: 1288.44 MB used,  9027.95 MB free, 134217728.00 MB total
[2017.05.25-02.47.29:831][  0]LogMemory: 
[2017.05.25-02.47.29:831][  0]Allocator Stats for TBB: (not implemented)
[2017.05.25-02.47.30:020][  0]LogAIModule: Creating AISystem for world Main
[2017.05.25-02.47.30:021][  0]LogLoad: Game class is 'FirstPersonGameMode_C'
[2017.05.25-02.47.30:026][  0]LogWorld: Bringing World /Temp/Autosaves/Game/FirstPersonBP/Maps/UEDPCMain.Main up for play (max tick rate 0) at 2017.05.25-12.47.30
[2017.05.25-02.47.30:026][  0]LogWorld: Bringing up level for play took: 0.000515
[2017.05.25-02.47.30:030][  0]LogLoad: Took 0.212508 seconds to LoadMap(/Temp/Autosaves/Game/FirstPersonBP/Maps/UEDPCMain)
[2017.05.25-02.47.30:219][  0]LogRenderer: Reallocating scene render targets to support 1280x720 NumSamples 1 (Frame:2).
[2017.05.25-02.47.30:219][  0]LogLoad: (Engine Initialization) Total time: 8.95 seconds
[2017.05.25-02.47.30:219][  0]LogLoad: (Engine Initialization) Total Blueprint compile time: 0.06 seconds
[2017.05.25-02.47.30:219][  0]LogExternalProfiler: Found external profiler: VSPerf
[2017.05.25-02.47.30:219][  0]LogExternalProfiler: Using external profiler: VSPerf
[2017.05.25-02.47.30:236][  0]LogOcInput: OculusInput pre-init called
[2017.05.25-02.47.37:234][426]LogPackageName: SearchForPackageOnDisk took   0.080s to resolve FirstPersonExampleMap.umap.
[2017.05.25-02.47.37:313][426]LogPackageName: SearchForPackageOnDisk took   0.078s to resolve FirstPersonExampleMap.umap.
[2017.05.25-02.47.37:313][426]LogNet: Browse: /Game/FirstPersonBP/Maps/FirstPersonExampleMap
[2017.05.25-02.47.37:313][426]LogLoad: LoadMap: /Game/FirstPersonBP/Maps/FirstPersonExampleMap
[2017.05.25-02.47.37:329][426]LogMemory: Platform Memory Stats for Windows
[2017.05.25-02.47.37:329][426]LogMemory: Process Physical Memory: 682.91 MB used, 687.72 MB peak
[2017.05.25-02.47.37:329][426]LogMemory: Process Virtual Memory: 872.75 MB used, 872.75 MB peak
[2017.05.25-02.47.37:329][426]LogMemory: Physical Memory: 7322.54 MB used,  8976.34 MB free, 16298.88 MB total
[2017.05.25-02.47.37:329][426]LogMemory: Virtual Memory: 1493.23 MB used,  8976.34 MB free, 134217728.00 MB total
[2017.05.25-02.47.37:329][426]LogMemory: 
[2017.05.25-02.47.37:329][426]Allocator Stats for TBB: (not implemented)
[2017.05.25-02.47.37:618][426]LogAIModule: Creating AISystem for world FirstPersonExampleMap
[2017.05.25-02.47.37:618][426]LogLoad: Game class is 'FirstPersonGameMode_C'
[2017.05.25-02.47.37:625][426]LogWorld: Bringing World /Game/FirstPersonBP/Maps/FirstPersonExampleMap.FirstPersonExampleMap up for play (max tick rate 0) at 2017.05.25-12.47.37
[2017.05.25-02.47.37:626][426]LogWorld: Bringing up level for play took: 0.006771
[2017.05.25-02.47.37:628][426]LogLoad: Took 0.315596 seconds to LoadMap(/Game/FirstPersonBP/Maps/FirstPersonExampleMap)
[2017.05.25-02.48.33:079][851]LogPackageName: SearchForPackageOnDisk took   0.077s to resolve Main.umap.
[2017.05.25-02.48.33:156][851]LogPackageName: SearchForPackageOnDisk took   0.076s to resolve Main.umap.
[2017.05.25-02.48.33:156][851]LogNet: Browse: /Game/FirstPersonBP/Maps/Main
[2017.05.25-02.48.33:156][851]LogLoad: LoadMap: /Game/FirstPersonBP/Maps/Main
[2017.05.25-02.48.33:183][851]LogMemory: Platform Memory Stats for Windows
[2017.05.25-02.48.33:183][851]LogMemory: Process Physical Memory: 763.13 MB used, 812.97 MB peak
[2017.05.25-02.48.33:183][851]LogMemory: Process Virtual Memory: 1102.19 MB used, 1153.14 MB peak
[2017.05.25-02.48.33:183][851]LogMemory: Physical Memory: 7403.11 MB used,  8895.77 MB free, 16298.88 MB total
[2017.05.25-02.48.33:183][851]LogMemory: Virtual Memory: 1703.06 MB used,  8895.77 MB free, 134217728.00 MB total
[2017.05.25-02.48.33:183][851]LogMemory: 
[2017.05.25-02.48.33:183][851]Allocator Stats for TBB: (not implemented)
[2017.05.25-02.48.33:228][851]LogAIModule: Creating AISystem for world Main
[2017.05.25-02.48.33:228][851]LogLoad: Game class is 'FirstPersonGameMode_C'
[2017.05.25-02.48.33:230][851]LogWorld: Bringing World /Game/FirstPersonBP/Maps/Main.Main up for play (max tick rate 0) at 2017.05.25-12.48.33
[2017.05.25-02.48.33:230][851]LogWorld: Bringing up level for play took: 0.000816
[2017.05.25-02.48.33:230][851]LogGameMode: FindPlayerStart: PATHS NOT DEFINED or NO PLAYERSTART with positive rating
[2017.05.25-02.48.33:234][851]LogLoad: Took 0.077698 seconds to LoadMap(/Game/FirstPersonBP/Maps/Main)
[2017.05.25-02.48.34:571][930]LogPackageName: SearchForPackageOnDisk took   0.077s to resolve FirstPersonExampleMap.umap.
[2017.05.25-02.48.34:648][930]LogPackageName: SearchForPackageOnDisk took   0.076s to resolve FirstPersonExampleMap.umap.
[2017.05.25-02.48.34:648][930]LogNet: Browse: /Game/FirstPersonBP/Maps/FirstPersonExampleMap
[2017.05.25-02.48.34:648][930]LogLoad: LoadMap: /Game/FirstPersonBP/Maps/FirstPersonExampleMap
[2017.05.25-02.48.34:667][930]LogMemory: Platform Memory Stats for Windows
[2017.05.25-02.48.34:667][930]LogMemory: Process Physical Memory: 773.00 MB used, 812.97 MB peak
[2017.05.25-02.48.34:667][930]LogMemory: Process Virtual Memory: 1167.23 MB used, 1178.87 MB peak
[2017.05.25-02.48.34:667][930]LogMemory: Physical Memory: 7406.27 MB used,  8892.61 MB free, 16298.88 MB total
[2017.05.25-02.48.34:667][930]LogMemory: Virtual Memory: 1763.25 MB used,  8892.61 MB free, 134217728.00 MB total
[2017.05.25-02.48.34:667][930]LogMemory: 
[2017.05.25-02.48.34:667][930]Allocator Stats for TBB: (not implemented)
[2017.05.25-02.48.34:934][930]LogAIModule: Creating AISystem for world FirstPersonExampleMap
[2017.05.25-02.48.34:935][930]LogLoad: Game class is 'FirstPersonGameMode_C'
[2017.05.25-02.48.34:940][930]LogWorld: Bringing World /Game/FirstPersonBP/Maps/FirstPersonExampleMap.FirstPersonExampleMap up for play (max tick rate 0) at 2017.05.25-12.48.34
[2017.05.25-02.48.34:940][930]LogWorld: Bringing up level for play took: 0.004658
[2017.05.25-02.48.34:943][930]LogLoad: Took 0.294958 seconds to LoadMap(/Game/FirstPersonBP/Maps/FirstPersonExampleMap)
[2017.05.25-02.49.01:977][578]LogWindowsTextInputMethodSystem:Display: IME system now deactivated.
[2017.05.25-02.49.01:979][578]LogEngine: All Windows Closed
[2017.05.25-02.49.01:979][578]LogWindows: FPlatformMisc::RequestExit(0)
[2017.05.25-02.49.01:991][579]LogMoviePlayer: Shutting down movie player
[2017.05.25-02.49.02:099][579]LogExit: Preparing to exit.
[2017.05.25-02.49.03:133][579]LogExit: Game engine shut down
